[2024-01-30T17:05:22.825+0000] {processor.py:161} INFO - Started process (PID=256) to work on /opt/airflow/dags/dog_api_pipeline.py
[2024-01-30T17:05:22.828+0000] {processor.py:830} INFO - Processing file /opt/airflow/dags/dog_api_pipeline.py for tasks to queue
[2024-01-30T17:05:22.834+0000] {logging_mixin.py:188} INFO - [2024-01-30T17:05:22.832+0000] {dagbag.py:538} INFO - Filling up the DagBag from /opt/airflow/dags/dog_api_pipeline.py
[2024-01-30T17:05:22.901+0000] {processor.py:840} INFO - DAG(s) 'dog_api_pipeline' retrieved from /opt/airflow/dags/dog_api_pipeline.py
[2024-01-30T17:05:23.076+0000] {logging_mixin.py:188} INFO - [2024-01-30T17:05:23.075+0000] {dag.py:3033} INFO - Sync 1 DAGs
[2024-01-30T17:05:23.125+0000] {logging_mixin.py:188} INFO - [2024-01-30T17:05:23.124+0000] {dag.py:3820} INFO - Setting next_dagrun for dog_api_pipeline to None, run_after=None
[2024-01-30T17:05:23.189+0000] {processor.py:183} INFO - Processing /opt/airflow/dags/dog_api_pipeline.py took 0.371 seconds
[2024-01-30T17:05:53.454+0000] {processor.py:161} INFO - Started process (PID=293) to work on /opt/airflow/dags/dog_api_pipeline.py
[2024-01-30T17:05:53.463+0000] {processor.py:830} INFO - Processing file /opt/airflow/dags/dog_api_pipeline.py for tasks to queue
[2024-01-30T17:05:53.470+0000] {logging_mixin.py:188} INFO - [2024-01-30T17:05:53.468+0000] {dagbag.py:538} INFO - Filling up the DagBag from /opt/airflow/dags/dog_api_pipeline.py
[2024-01-30T17:05:53.545+0000] {processor.py:840} INFO - DAG(s) 'dog_api_pipeline' retrieved from /opt/airflow/dags/dog_api_pipeline.py
[2024-01-30T17:05:53.715+0000] {logging_mixin.py:188} INFO - [2024-01-30T17:05:53.714+0000] {dag.py:3033} INFO - Sync 1 DAGs
[2024-01-30T17:05:53.786+0000] {logging_mixin.py:188} INFO - [2024-01-30T17:05:53.784+0000] {dag.py:3820} INFO - Setting next_dagrun for dog_api_pipeline to None, run_after=None
[2024-01-30T17:05:54.213+0000] {processor.py:183} INFO - Processing /opt/airflow/dags/dog_api_pipeline.py took 0.772 seconds
[2024-01-30T17:08:34.484+0000] {processor.py:161} INFO - Started process (PID=253) to work on /opt/airflow/dags/dog_api_pipeline.py
[2024-01-30T17:08:34.493+0000] {processor.py:830} INFO - Processing file /opt/airflow/dags/dog_api_pipeline.py for tasks to queue
[2024-01-30T17:08:34.503+0000] {logging_mixin.py:188} INFO - [2024-01-30T17:08:34.501+0000] {dagbag.py:538} INFO - Filling up the DagBag from /opt/airflow/dags/dog_api_pipeline.py
[2024-01-30T17:08:34.550+0000] {processor.py:840} INFO - DAG(s) 'dog_api_pipeline' retrieved from /opt/airflow/dags/dog_api_pipeline.py
[2024-01-30T17:08:35.197+0000] {logging_mixin.py:188} INFO - [2024-01-30T17:08:35.195+0000] {dag.py:3033} INFO - Sync 1 DAGs
[2024-01-30T17:08:35.267+0000] {logging_mixin.py:188} INFO - [2024-01-30T17:08:35.266+0000] {dag.py:3820} INFO - Setting next_dagrun for dog_api_pipeline to None, run_after=None
[2024-01-30T17:08:35.339+0000] {processor.py:183} INFO - Processing /opt/airflow/dags/dog_api_pipeline.py took 0.871 seconds
[2024-01-30T17:09:05.831+0000] {processor.py:161} INFO - Started process (PID=291) to work on /opt/airflow/dags/dog_api_pipeline.py
[2024-01-30T17:09:05.834+0000] {processor.py:830} INFO - Processing file /opt/airflow/dags/dog_api_pipeline.py for tasks to queue
[2024-01-30T17:09:05.838+0000] {logging_mixin.py:188} INFO - [2024-01-30T17:09:05.837+0000] {dagbag.py:538} INFO - Filling up the DagBag from /opt/airflow/dags/dog_api_pipeline.py
[2024-01-30T17:09:05.889+0000] {processor.py:840} INFO - DAG(s) 'dog_api_pipeline' retrieved from /opt/airflow/dags/dog_api_pipeline.py
[2024-01-30T17:09:05.983+0000] {logging_mixin.py:188} INFO - [2024-01-30T17:09:05.982+0000] {dag.py:3033} INFO - Sync 1 DAGs
[2024-01-30T17:09:06.038+0000] {logging_mixin.py:188} INFO - [2024-01-30T17:09:06.037+0000] {dag.py:3820} INFO - Setting next_dagrun for dog_api_pipeline to None, run_after=None
[2024-01-30T17:09:06.112+0000] {processor.py:183} INFO - Processing /opt/airflow/dags/dog_api_pipeline.py took 0.290 seconds
[2024-01-30T17:09:36.880+0000] {processor.py:161} INFO - Started process (PID=316) to work on /opt/airflow/dags/dog_api_pipeline.py
[2024-01-30T17:09:36.882+0000] {processor.py:830} INFO - Processing file /opt/airflow/dags/dog_api_pipeline.py for tasks to queue
[2024-01-30T17:09:36.885+0000] {logging_mixin.py:188} INFO - [2024-01-30T17:09:36.884+0000] {dagbag.py:538} INFO - Filling up the DagBag from /opt/airflow/dags/dog_api_pipeline.py
[2024-01-30T17:09:36.917+0000] {processor.py:840} INFO - DAG(s) 'dog_api_pipeline' retrieved from /opt/airflow/dags/dog_api_pipeline.py
[2024-01-30T17:09:37.000+0000] {logging_mixin.py:188} INFO - [2024-01-30T17:09:36.999+0000] {dag.py:3033} INFO - Sync 1 DAGs
[2024-01-30T17:09:37.068+0000] {logging_mixin.py:188} INFO - [2024-01-30T17:09:37.067+0000] {dag.py:3820} INFO - Setting next_dagrun for dog_api_pipeline to None, run_after=None
[2024-01-30T17:09:37.133+0000] {processor.py:183} INFO - Processing /opt/airflow/dags/dog_api_pipeline.py took 0.261 seconds
[2024-01-30T17:10:07.637+0000] {processor.py:161} INFO - Started process (PID=353) to work on /opt/airflow/dags/dog_api_pipeline.py
[2024-01-30T17:10:07.639+0000] {processor.py:830} INFO - Processing file /opt/airflow/dags/dog_api_pipeline.py for tasks to queue
[2024-01-30T17:10:07.643+0000] {logging_mixin.py:188} INFO - [2024-01-30T17:10:07.642+0000] {dagbag.py:538} INFO - Filling up the DagBag from /opt/airflow/dags/dog_api_pipeline.py
[2024-01-30T17:10:07.680+0000] {processor.py:840} INFO - DAG(s) 'dog_api_pipeline' retrieved from /opt/airflow/dags/dog_api_pipeline.py
[2024-01-30T17:10:07.767+0000] {logging_mixin.py:188} INFO - [2024-01-30T17:10:07.766+0000] {dag.py:3033} INFO - Sync 1 DAGs
[2024-01-30T17:10:07.817+0000] {logging_mixin.py:188} INFO - [2024-01-30T17:10:07.816+0000] {dag.py:3820} INFO - Setting next_dagrun for dog_api_pipeline to None, run_after=None
[2024-01-30T17:10:07.878+0000] {processor.py:183} INFO - Processing /opt/airflow/dags/dog_api_pipeline.py took 0.250 seconds
[2024-01-30T17:10:38.512+0000] {processor.py:161} INFO - Started process (PID=379) to work on /opt/airflow/dags/dog_api_pipeline.py
[2024-01-30T17:10:38.514+0000] {processor.py:830} INFO - Processing file /opt/airflow/dags/dog_api_pipeline.py for tasks to queue
[2024-01-30T17:10:38.518+0000] {logging_mixin.py:188} INFO - [2024-01-30T17:10:38.517+0000] {dagbag.py:538} INFO - Filling up the DagBag from /opt/airflow/dags/dog_api_pipeline.py
[2024-01-30T17:10:38.556+0000] {processor.py:840} INFO - DAG(s) 'dog_api_pipeline' retrieved from /opt/airflow/dags/dog_api_pipeline.py
[2024-01-30T17:10:38.651+0000] {logging_mixin.py:188} INFO - [2024-01-30T17:10:38.650+0000] {dag.py:3033} INFO - Sync 1 DAGs
[2024-01-30T17:10:38.705+0000] {logging_mixin.py:188} INFO - [2024-01-30T17:10:38.704+0000] {dag.py:3820} INFO - Setting next_dagrun for dog_api_pipeline to None, run_after=None
[2024-01-30T17:10:38.772+0000] {processor.py:183} INFO - Processing /opt/airflow/dags/dog_api_pipeline.py took 0.268 seconds
[2024-01-30T17:11:09.382+0000] {processor.py:161} INFO - Started process (PID=417) to work on /opt/airflow/dags/dog_api_pipeline.py
[2024-01-30T17:11:09.386+0000] {processor.py:830} INFO - Processing file /opt/airflow/dags/dog_api_pipeline.py for tasks to queue
[2024-01-30T17:11:09.389+0000] {logging_mixin.py:188} INFO - [2024-01-30T17:11:09.388+0000] {dagbag.py:538} INFO - Filling up the DagBag from /opt/airflow/dags/dog_api_pipeline.py
[2024-01-30T17:11:09.452+0000] {processor.py:840} INFO - DAG(s) 'dog_api_pipeline' retrieved from /opt/airflow/dags/dog_api_pipeline.py
[2024-01-30T17:11:09.588+0000] {logging_mixin.py:188} INFO - [2024-01-30T17:11:09.586+0000] {dag.py:3033} INFO - Sync 1 DAGs
[2024-01-30T17:11:09.675+0000] {logging_mixin.py:188} INFO - [2024-01-30T17:11:09.673+0000] {dag.py:3820} INFO - Setting next_dagrun for dog_api_pipeline to None, run_after=None
[2024-01-30T17:11:09.749+0000] {processor.py:183} INFO - Processing /opt/airflow/dags/dog_api_pipeline.py took 0.376 seconds
[2024-01-30T17:11:40.327+0000] {processor.py:161} INFO - Started process (PID=444) to work on /opt/airflow/dags/dog_api_pipeline.py
[2024-01-30T17:11:40.330+0000] {processor.py:830} INFO - Processing file /opt/airflow/dags/dog_api_pipeline.py for tasks to queue
[2024-01-30T17:11:40.335+0000] {logging_mixin.py:188} INFO - [2024-01-30T17:11:40.333+0000] {dagbag.py:538} INFO - Filling up the DagBag from /opt/airflow/dags/dog_api_pipeline.py
[2024-01-30T17:11:40.382+0000] {processor.py:840} INFO - DAG(s) 'dog_api_pipeline' retrieved from /opt/airflow/dags/dog_api_pipeline.py
[2024-01-30T17:11:40.474+0000] {logging_mixin.py:188} INFO - [2024-01-30T17:11:40.473+0000] {dag.py:3033} INFO - Sync 1 DAGs
[2024-01-30T17:11:40.524+0000] {logging_mixin.py:188} INFO - [2024-01-30T17:11:40.523+0000] {dag.py:3820} INFO - Setting next_dagrun for dog_api_pipeline to None, run_after=None
[2024-01-30T17:11:40.584+0000] {processor.py:183} INFO - Processing /opt/airflow/dags/dog_api_pipeline.py took 0.266 seconds
[2024-01-30T17:12:11.099+0000] {processor.py:161} INFO - Started process (PID=488) to work on /opt/airflow/dags/dog_api_pipeline.py
[2024-01-30T17:12:11.102+0000] {processor.py:830} INFO - Processing file /opt/airflow/dags/dog_api_pipeline.py for tasks to queue
[2024-01-30T17:12:11.105+0000] {logging_mixin.py:188} INFO - [2024-01-30T17:12:11.104+0000] {dagbag.py:538} INFO - Filling up the DagBag from /opt/airflow/dags/dog_api_pipeline.py
[2024-01-30T17:12:11.139+0000] {processor.py:840} INFO - DAG(s) 'dog_api_pipeline' retrieved from /opt/airflow/dags/dog_api_pipeline.py
[2024-01-30T17:12:11.220+0000] {logging_mixin.py:188} INFO - [2024-01-30T17:12:11.219+0000] {dag.py:3033} INFO - Sync 1 DAGs
[2024-01-30T17:12:11.270+0000] {logging_mixin.py:188} INFO - [2024-01-30T17:12:11.269+0000] {dag.py:3820} INFO - Setting next_dagrun for dog_api_pipeline to None, run_after=None
[2024-01-30T17:12:11.329+0000] {processor.py:183} INFO - Processing /opt/airflow/dags/dog_api_pipeline.py took 0.237 seconds
[2024-01-30T17:12:42.050+0000] {processor.py:161} INFO - Started process (PID=513) to work on /opt/airflow/dags/dog_api_pipeline.py
[2024-01-30T17:12:42.053+0000] {processor.py:830} INFO - Processing file /opt/airflow/dags/dog_api_pipeline.py for tasks to queue
[2024-01-30T17:12:42.056+0000] {logging_mixin.py:188} INFO - [2024-01-30T17:12:42.055+0000] {dagbag.py:538} INFO - Filling up the DagBag from /opt/airflow/dags/dog_api_pipeline.py
[2024-01-30T17:12:42.093+0000] {processor.py:840} INFO - DAG(s) 'dog_api_pipeline' retrieved from /opt/airflow/dags/dog_api_pipeline.py
[2024-01-30T17:12:42.176+0000] {logging_mixin.py:188} INFO - [2024-01-30T17:12:42.175+0000] {dag.py:3033} INFO - Sync 1 DAGs
[2024-01-30T17:12:42.227+0000] {logging_mixin.py:188} INFO - [2024-01-30T17:12:42.226+0000] {dag.py:3820} INFO - Setting next_dagrun for dog_api_pipeline to None, run_after=None
[2024-01-30T17:12:42.290+0000] {processor.py:183} INFO - Processing /opt/airflow/dags/dog_api_pipeline.py took 0.249 seconds
[2024-01-30T17:13:12.663+0000] {processor.py:161} INFO - Started process (PID=551) to work on /opt/airflow/dags/dog_api_pipeline.py
[2024-01-30T17:13:12.668+0000] {processor.py:830} INFO - Processing file /opt/airflow/dags/dog_api_pipeline.py for tasks to queue
[2024-01-30T17:13:12.672+0000] {logging_mixin.py:188} INFO - [2024-01-30T17:13:12.671+0000] {dagbag.py:538} INFO - Filling up the DagBag from /opt/airflow/dags/dog_api_pipeline.py
[2024-01-30T17:13:12.714+0000] {processor.py:840} INFO - DAG(s) 'dog_api_pipeline' retrieved from /opt/airflow/dags/dog_api_pipeline.py
[2024-01-30T17:13:12.811+0000] {logging_mixin.py:188} INFO - [2024-01-30T17:13:12.809+0000] {dag.py:3033} INFO - Sync 1 DAGs
[2024-01-30T17:13:12.874+0000] {logging_mixin.py:188} INFO - [2024-01-30T17:13:12.873+0000] {dag.py:3820} INFO - Setting next_dagrun for dog_api_pipeline to None, run_after=None
[2024-01-30T17:13:12.938+0000] {processor.py:183} INFO - Processing /opt/airflow/dags/dog_api_pipeline.py took 0.282 seconds
[2024-01-30T17:13:43.773+0000] {processor.py:161} INFO - Started process (PID=586) to work on /opt/airflow/dags/dog_api_pipeline.py
[2024-01-30T17:13:43.776+0000] {processor.py:830} INFO - Processing file /opt/airflow/dags/dog_api_pipeline.py for tasks to queue
[2024-01-30T17:13:43.780+0000] {logging_mixin.py:188} INFO - [2024-01-30T17:13:43.779+0000] {dagbag.py:538} INFO - Filling up the DagBag from /opt/airflow/dags/dog_api_pipeline.py
[2024-01-30T17:13:43.813+0000] {processor.py:840} INFO - DAG(s) 'dog_api_pipeline' retrieved from /opt/airflow/dags/dog_api_pipeline.py
[2024-01-30T17:13:43.891+0000] {logging_mixin.py:188} INFO - [2024-01-30T17:13:43.890+0000] {dag.py:3033} INFO - Sync 1 DAGs
[2024-01-30T17:13:43.942+0000] {logging_mixin.py:188} INFO - [2024-01-30T17:13:43.941+0000] {dag.py:3820} INFO - Setting next_dagrun for dog_api_pipeline to None, run_after=None
[2024-01-30T17:13:44.002+0000] {processor.py:183} INFO - Processing /opt/airflow/dags/dog_api_pipeline.py took 0.236 seconds
[2024-01-30T17:14:14.470+0000] {processor.py:161} INFO - Started process (PID=614) to work on /opt/airflow/dags/dog_api_pipeline.py
[2024-01-30T17:14:14.473+0000] {processor.py:830} INFO - Processing file /opt/airflow/dags/dog_api_pipeline.py for tasks to queue
[2024-01-30T17:14:14.477+0000] {logging_mixin.py:188} INFO - [2024-01-30T17:14:14.476+0000] {dagbag.py:538} INFO - Filling up the DagBag from /opt/airflow/dags/dog_api_pipeline.py
[2024-01-30T17:14:14.507+0000] {processor.py:840} INFO - DAG(s) 'dog_api_pipeline' retrieved from /opt/airflow/dags/dog_api_pipeline.py
[2024-01-30T17:14:14.591+0000] {logging_mixin.py:188} INFO - [2024-01-30T17:14:14.590+0000] {dag.py:3033} INFO - Sync 1 DAGs
[2024-01-30T17:14:14.640+0000] {logging_mixin.py:188} INFO - [2024-01-30T17:14:14.639+0000] {dag.py:3820} INFO - Setting next_dagrun for dog_api_pipeline to None, run_after=None
[2024-01-30T17:14:14.701+0000] {processor.py:183} INFO - Processing /opt/airflow/dags/dog_api_pipeline.py took 0.238 seconds
[2024-01-30T17:14:45.398+0000] {processor.py:161} INFO - Started process (PID=652) to work on /opt/airflow/dags/dog_api_pipeline.py
[2024-01-30T17:14:45.401+0000] {processor.py:830} INFO - Processing file /opt/airflow/dags/dog_api_pipeline.py for tasks to queue
[2024-01-30T17:14:45.405+0000] {logging_mixin.py:188} INFO - [2024-01-30T17:14:45.404+0000] {dagbag.py:538} INFO - Filling up the DagBag from /opt/airflow/dags/dog_api_pipeline.py
[2024-01-30T17:14:45.437+0000] {processor.py:840} INFO - DAG(s) 'dog_api_pipeline' retrieved from /opt/airflow/dags/dog_api_pipeline.py
[2024-01-30T17:14:45.513+0000] {logging_mixin.py:188} INFO - [2024-01-30T17:14:45.512+0000] {dag.py:3033} INFO - Sync 1 DAGs
[2024-01-30T17:14:45.562+0000] {logging_mixin.py:188} INFO - [2024-01-30T17:14:45.561+0000] {dag.py:3820} INFO - Setting next_dagrun for dog_api_pipeline to None, run_after=None
[2024-01-30T17:14:45.622+0000] {processor.py:183} INFO - Processing /opt/airflow/dags/dog_api_pipeline.py took 0.231 seconds
[2024-01-30T17:15:16.090+0000] {processor.py:161} INFO - Started process (PID=677) to work on /opt/airflow/dags/dog_api_pipeline.py
[2024-01-30T17:15:16.093+0000] {processor.py:830} INFO - Processing file /opt/airflow/dags/dog_api_pipeline.py for tasks to queue
[2024-01-30T17:15:16.096+0000] {logging_mixin.py:188} INFO - [2024-01-30T17:15:16.095+0000] {dagbag.py:538} INFO - Filling up the DagBag from /opt/airflow/dags/dog_api_pipeline.py
[2024-01-30T17:15:16.127+0000] {processor.py:840} INFO - DAG(s) 'dog_api_pipeline' retrieved from /opt/airflow/dags/dog_api_pipeline.py
[2024-01-30T17:15:16.202+0000] {logging_mixin.py:188} INFO - [2024-01-30T17:15:16.201+0000] {dag.py:3033} INFO - Sync 1 DAGs
[2024-01-30T17:15:16.248+0000] {logging_mixin.py:188} INFO - [2024-01-30T17:15:16.247+0000] {dag.py:3820} INFO - Setting next_dagrun for dog_api_pipeline to None, run_after=None
[2024-01-30T17:15:16.306+0000] {processor.py:183} INFO - Processing /opt/airflow/dags/dog_api_pipeline.py took 0.226 seconds
[2024-01-30T17:15:46.823+0000] {processor.py:161} INFO - Started process (PID=715) to work on /opt/airflow/dags/dog_api_pipeline.py
[2024-01-30T17:15:46.826+0000] {processor.py:830} INFO - Processing file /opt/airflow/dags/dog_api_pipeline.py for tasks to queue
[2024-01-30T17:15:46.830+0000] {logging_mixin.py:188} INFO - [2024-01-30T17:15:46.829+0000] {dagbag.py:538} INFO - Filling up the DagBag from /opt/airflow/dags/dog_api_pipeline.py
[2024-01-30T17:15:46.863+0000] {processor.py:840} INFO - DAG(s) 'dog_api_pipeline' retrieved from /opt/airflow/dags/dog_api_pipeline.py
[2024-01-30T17:15:46.940+0000] {logging_mixin.py:188} INFO - [2024-01-30T17:15:46.939+0000] {dag.py:3033} INFO - Sync 1 DAGs
[2024-01-30T17:15:46.990+0000] {logging_mixin.py:188} INFO - [2024-01-30T17:15:46.989+0000] {dag.py:3820} INFO - Setting next_dagrun for dog_api_pipeline to None, run_after=None
[2024-01-30T17:15:47.050+0000] {processor.py:183} INFO - Processing /opt/airflow/dags/dog_api_pipeline.py took 0.234 seconds
[2024-01-30T17:16:17.614+0000] {processor.py:161} INFO - Started process (PID=740) to work on /opt/airflow/dags/dog_api_pipeline.py
[2024-01-30T17:16:17.622+0000] {processor.py:830} INFO - Processing file /opt/airflow/dags/dog_api_pipeline.py for tasks to queue
[2024-01-30T17:16:17.626+0000] {logging_mixin.py:188} INFO - [2024-01-30T17:16:17.625+0000] {dagbag.py:538} INFO - Filling up the DagBag from /opt/airflow/dags/dog_api_pipeline.py
[2024-01-30T17:16:17.672+0000] {processor.py:840} INFO - DAG(s) 'dog_api_pipeline' retrieved from /opt/airflow/dags/dog_api_pipeline.py
[2024-01-30T17:16:17.778+0000] {logging_mixin.py:188} INFO - [2024-01-30T17:16:17.777+0000] {dag.py:3033} INFO - Sync 1 DAGs
[2024-01-30T17:16:17.850+0000] {logging_mixin.py:188} INFO - [2024-01-30T17:16:17.849+0000] {dag.py:3820} INFO - Setting next_dagrun for dog_api_pipeline to None, run_after=None
[2024-01-30T17:16:17.927+0000] {processor.py:183} INFO - Processing /opt/airflow/dags/dog_api_pipeline.py took 0.328 seconds
[2024-01-30T17:16:48.620+0000] {processor.py:161} INFO - Started process (PID=778) to work on /opt/airflow/dags/dog_api_pipeline.py
[2024-01-30T17:16:48.623+0000] {processor.py:830} INFO - Processing file /opt/airflow/dags/dog_api_pipeline.py for tasks to queue
[2024-01-30T17:16:48.627+0000] {logging_mixin.py:188} INFO - [2024-01-30T17:16:48.625+0000] {dagbag.py:538} INFO - Filling up the DagBag from /opt/airflow/dags/dog_api_pipeline.py
[2024-01-30T17:16:48.663+0000] {processor.py:840} INFO - DAG(s) 'dog_api_pipeline' retrieved from /opt/airflow/dags/dog_api_pipeline.py
[2024-01-30T17:16:48.758+0000] {logging_mixin.py:188} INFO - [2024-01-30T17:16:48.757+0000] {dag.py:3033} INFO - Sync 1 DAGs
[2024-01-30T17:16:48.815+0000] {logging_mixin.py:188} INFO - [2024-01-30T17:16:48.814+0000] {dag.py:3820} INFO - Setting next_dagrun for dog_api_pipeline to None, run_after=None
[2024-01-30T17:16:48.875+0000] {processor.py:183} INFO - Processing /opt/airflow/dags/dog_api_pipeline.py took 0.263 seconds
[2024-01-30T17:17:19.602+0000] {processor.py:161} INFO - Started process (PID=803) to work on /opt/airflow/dags/dog_api_pipeline.py
[2024-01-30T17:17:19.605+0000] {processor.py:830} INFO - Processing file /opt/airflow/dags/dog_api_pipeline.py for tasks to queue
[2024-01-30T17:17:19.610+0000] {logging_mixin.py:188} INFO - [2024-01-30T17:17:19.609+0000] {dagbag.py:538} INFO - Filling up the DagBag from /opt/airflow/dags/dog_api_pipeline.py
[2024-01-30T17:17:19.646+0000] {processor.py:840} INFO - DAG(s) 'dog_api_pipeline' retrieved from /opt/airflow/dags/dog_api_pipeline.py
[2024-01-30T17:17:19.745+0000] {logging_mixin.py:188} INFO - [2024-01-30T17:17:19.743+0000] {dag.py:3033} INFO - Sync 1 DAGs
[2024-01-30T17:17:19.809+0000] {logging_mixin.py:188} INFO - [2024-01-30T17:17:19.808+0000] {dag.py:3820} INFO - Setting next_dagrun for dog_api_pipeline to None, run_after=None
[2024-01-30T17:17:19.875+0000] {processor.py:183} INFO - Processing /opt/airflow/dags/dog_api_pipeline.py took 0.282 seconds
[2024-01-30T17:17:50.453+0000] {processor.py:161} INFO - Started process (PID=841) to work on /opt/airflow/dags/dog_api_pipeline.py
[2024-01-30T17:17:50.456+0000] {processor.py:830} INFO - Processing file /opt/airflow/dags/dog_api_pipeline.py for tasks to queue
[2024-01-30T17:17:50.459+0000] {logging_mixin.py:188} INFO - [2024-01-30T17:17:50.458+0000] {dagbag.py:538} INFO - Filling up the DagBag from /opt/airflow/dags/dog_api_pipeline.py
[2024-01-30T17:17:50.493+0000] {processor.py:840} INFO - DAG(s) 'dog_api_pipeline' retrieved from /opt/airflow/dags/dog_api_pipeline.py
[2024-01-30T17:17:50.573+0000] {logging_mixin.py:188} INFO - [2024-01-30T17:17:50.572+0000] {dag.py:3033} INFO - Sync 1 DAGs
[2024-01-30T17:17:50.624+0000] {logging_mixin.py:188} INFO - [2024-01-30T17:17:50.623+0000] {dag.py:3820} INFO - Setting next_dagrun for dog_api_pipeline to None, run_after=None
[2024-01-30T17:17:50.685+0000] {processor.py:183} INFO - Processing /opt/airflow/dags/dog_api_pipeline.py took 0.240 seconds
[2024-01-30T17:18:21.281+0000] {processor.py:161} INFO - Started process (PID=866) to work on /opt/airflow/dags/dog_api_pipeline.py
[2024-01-30T17:18:21.284+0000] {processor.py:830} INFO - Processing file /opt/airflow/dags/dog_api_pipeline.py for tasks to queue
[2024-01-30T17:18:21.287+0000] {logging_mixin.py:188} INFO - [2024-01-30T17:18:21.286+0000] {dagbag.py:538} INFO - Filling up the DagBag from /opt/airflow/dags/dog_api_pipeline.py
[2024-01-30T17:18:21.320+0000] {processor.py:840} INFO - DAG(s) 'dog_api_pipeline' retrieved from /opt/airflow/dags/dog_api_pipeline.py
[2024-01-30T17:18:21.401+0000] {logging_mixin.py:188} INFO - [2024-01-30T17:18:21.400+0000] {dag.py:3033} INFO - Sync 1 DAGs
[2024-01-30T17:18:21.450+0000] {logging_mixin.py:188} INFO - [2024-01-30T17:18:21.449+0000] {dag.py:3820} INFO - Setting next_dagrun for dog_api_pipeline to None, run_after=None
[2024-01-30T17:18:21.516+0000] {processor.py:183} INFO - Processing /opt/airflow/dags/dog_api_pipeline.py took 0.244 seconds
[2024-01-30T17:18:51.970+0000] {processor.py:161} INFO - Started process (PID=904) to work on /opt/airflow/dags/dog_api_pipeline.py
[2024-01-30T17:18:51.974+0000] {processor.py:830} INFO - Processing file /opt/airflow/dags/dog_api_pipeline.py for tasks to queue
[2024-01-30T17:18:51.978+0000] {logging_mixin.py:188} INFO - [2024-01-30T17:18:51.976+0000] {dagbag.py:538} INFO - Filling up the DagBag from /opt/airflow/dags/dog_api_pipeline.py
[2024-01-30T17:18:52.017+0000] {processor.py:840} INFO - DAG(s) 'dog_api_pipeline' retrieved from /opt/airflow/dags/dog_api_pipeline.py
[2024-01-30T17:18:52.119+0000] {logging_mixin.py:188} INFO - [2024-01-30T17:18:52.118+0000] {dag.py:3033} INFO - Sync 1 DAGs
[2024-01-30T17:18:52.172+0000] {logging_mixin.py:188} INFO - [2024-01-30T17:18:52.172+0000] {dag.py:3820} INFO - Setting next_dagrun for dog_api_pipeline to None, run_after=None
[2024-01-30T17:18:52.234+0000] {processor.py:183} INFO - Processing /opt/airflow/dags/dog_api_pipeline.py took 0.275 seconds
[2024-01-30T17:19:22.899+0000] {processor.py:161} INFO - Started process (PID=935) to work on /opt/airflow/dags/dog_api_pipeline.py
[2024-01-30T17:19:22.901+0000] {processor.py:830} INFO - Processing file /opt/airflow/dags/dog_api_pipeline.py for tasks to queue
[2024-01-30T17:19:22.904+0000] {logging_mixin.py:188} INFO - [2024-01-30T17:19:22.903+0000] {dagbag.py:538} INFO - Filling up the DagBag from /opt/airflow/dags/dog_api_pipeline.py
[2024-01-30T17:19:22.938+0000] {processor.py:840} INFO - DAG(s) 'dog_api_pipeline' retrieved from /opt/airflow/dags/dog_api_pipeline.py
[2024-01-30T17:19:23.017+0000] {logging_mixin.py:188} INFO - [2024-01-30T17:19:23.016+0000] {dag.py:3033} INFO - Sync 1 DAGs
[2024-01-30T17:19:23.063+0000] {logging_mixin.py:188} INFO - [2024-01-30T17:19:23.062+0000] {dag.py:3820} INFO - Setting next_dagrun for dog_api_pipeline to None, run_after=None
[2024-01-30T17:19:23.120+0000] {processor.py:183} INFO - Processing /opt/airflow/dags/dog_api_pipeline.py took 0.229 seconds
[2024-01-30T17:19:53.719+0000] {processor.py:161} INFO - Started process (PID=1009) to work on /opt/airflow/dags/dog_api_pipeline.py
[2024-01-30T17:19:53.721+0000] {processor.py:830} INFO - Processing file /opt/airflow/dags/dog_api_pipeline.py for tasks to queue
[2024-01-30T17:19:53.724+0000] {logging_mixin.py:188} INFO - [2024-01-30T17:19:53.723+0000] {dagbag.py:538} INFO - Filling up the DagBag from /opt/airflow/dags/dog_api_pipeline.py
[2024-01-30T17:19:53.754+0000] {processor.py:840} INFO - DAG(s) 'dog_api_pipeline' retrieved from /opt/airflow/dags/dog_api_pipeline.py
[2024-01-30T17:19:53.840+0000] {logging_mixin.py:188} INFO - [2024-01-30T17:19:53.839+0000] {dag.py:3033} INFO - Sync 1 DAGs
[2024-01-30T17:19:53.889+0000] {logging_mixin.py:188} INFO - [2024-01-30T17:19:53.888+0000] {dag.py:3820} INFO - Setting next_dagrun for dog_api_pipeline to None, run_after=None
[2024-01-30T17:19:53.953+0000] {processor.py:183} INFO - Processing /opt/airflow/dags/dog_api_pipeline.py took 0.242 seconds
[2024-01-30T17:20:24.110+0000] {processor.py:161} INFO - Started process (PID=1046) to work on /opt/airflow/dags/dog_api_pipeline.py
[2024-01-30T17:20:24.113+0000] {processor.py:830} INFO - Processing file /opt/airflow/dags/dog_api_pipeline.py for tasks to queue
[2024-01-30T17:20:24.115+0000] {logging_mixin.py:188} INFO - [2024-01-30T17:20:24.114+0000] {dagbag.py:538} INFO - Filling up the DagBag from /opt/airflow/dags/dog_api_pipeline.py
[2024-01-30T17:20:24.146+0000] {processor.py:840} INFO - DAG(s) 'dog_api_pipeline' retrieved from /opt/airflow/dags/dog_api_pipeline.py
[2024-01-30T17:20:24.221+0000] {logging_mixin.py:188} INFO - [2024-01-30T17:20:24.220+0000] {dag.py:3033} INFO - Sync 1 DAGs
[2024-01-30T17:20:24.270+0000] {logging_mixin.py:188} INFO - [2024-01-30T17:20:24.269+0000] {dag.py:3820} INFO - Setting next_dagrun for dog_api_pipeline to None, run_after=None
[2024-01-30T17:20:24.324+0000] {processor.py:183} INFO - Processing /opt/airflow/dags/dog_api_pipeline.py took 0.221 seconds
[2024-01-30T17:20:54.680+0000] {processor.py:161} INFO - Started process (PID=1102) to work on /opt/airflow/dags/dog_api_pipeline.py
[2024-01-30T17:20:54.683+0000] {processor.py:830} INFO - Processing file /opt/airflow/dags/dog_api_pipeline.py for tasks to queue
[2024-01-30T17:20:54.686+0000] {logging_mixin.py:188} INFO - [2024-01-30T17:20:54.685+0000] {dagbag.py:538} INFO - Filling up the DagBag from /opt/airflow/dags/dog_api_pipeline.py
[2024-01-30T17:20:54.718+0000] {processor.py:840} INFO - DAG(s) 'dog_api_pipeline' retrieved from /opt/airflow/dags/dog_api_pipeline.py
[2024-01-30T17:20:54.801+0000] {logging_mixin.py:188} INFO - [2024-01-30T17:20:54.800+0000] {dag.py:3033} INFO - Sync 1 DAGs
[2024-01-30T17:20:54.850+0000] {logging_mixin.py:188} INFO - [2024-01-30T17:20:54.849+0000] {dag.py:3820} INFO - Setting next_dagrun for dog_api_pipeline to None, run_after=None
[2024-01-30T17:20:54.909+0000] {processor.py:183} INFO - Processing /opt/airflow/dags/dog_api_pipeline.py took 0.236 seconds
[2024-01-30T17:21:25.217+0000] {processor.py:161} INFO - Started process (PID=1144) to work on /opt/airflow/dags/dog_api_pipeline.py
[2024-01-30T17:21:25.220+0000] {processor.py:830} INFO - Processing file /opt/airflow/dags/dog_api_pipeline.py for tasks to queue
[2024-01-30T17:21:25.224+0000] {logging_mixin.py:188} INFO - [2024-01-30T17:21:25.223+0000] {dagbag.py:538} INFO - Filling up the DagBag from /opt/airflow/dags/dog_api_pipeline.py
[2024-01-30T17:21:25.256+0000] {processor.py:840} INFO - DAG(s) 'dog_api_pipeline' retrieved from /opt/airflow/dags/dog_api_pipeline.py
[2024-01-30T17:21:25.330+0000] {logging_mixin.py:188} INFO - [2024-01-30T17:21:25.330+0000] {dag.py:3033} INFO - Sync 1 DAGs
[2024-01-30T17:21:25.376+0000] {logging_mixin.py:188} INFO - [2024-01-30T17:21:25.375+0000] {dag.py:3820} INFO - Setting next_dagrun for dog_api_pipeline to None, run_after=None
[2024-01-30T17:21:25.430+0000] {processor.py:183} INFO - Processing /opt/airflow/dags/dog_api_pipeline.py took 0.224 seconds
[2024-01-30T17:21:56.060+0000] {processor.py:161} INFO - Started process (PID=1188) to work on /opt/airflow/dags/dog_api_pipeline.py
[2024-01-30T17:21:56.064+0000] {processor.py:830} INFO - Processing file /opt/airflow/dags/dog_api_pipeline.py for tasks to queue
[2024-01-30T17:21:56.067+0000] {logging_mixin.py:188} INFO - [2024-01-30T17:21:56.066+0000] {dagbag.py:538} INFO - Filling up the DagBag from /opt/airflow/dags/dog_api_pipeline.py
[2024-01-30T17:21:56.102+0000] {processor.py:840} INFO - DAG(s) 'dog_api_pipeline' retrieved from /opt/airflow/dags/dog_api_pipeline.py
[2024-01-30T17:21:56.186+0000] {logging_mixin.py:188} INFO - [2024-01-30T17:21:56.185+0000] {dag.py:3033} INFO - Sync 1 DAGs
[2024-01-30T17:21:56.239+0000] {logging_mixin.py:188} INFO - [2024-01-30T17:21:56.238+0000] {dag.py:3820} INFO - Setting next_dagrun for dog_api_pipeline to None, run_after=None
[2024-01-30T17:21:56.301+0000] {processor.py:183} INFO - Processing /opt/airflow/dags/dog_api_pipeline.py took 0.249 seconds
[2024-01-30T17:22:27.072+0000] {processor.py:161} INFO - Started process (PID=1229) to work on /opt/airflow/dags/dog_api_pipeline.py
[2024-01-30T17:22:27.077+0000] {processor.py:830} INFO - Processing file /opt/airflow/dags/dog_api_pipeline.py for tasks to queue
[2024-01-30T17:22:27.080+0000] {logging_mixin.py:188} INFO - [2024-01-30T17:22:27.079+0000] {dagbag.py:538} INFO - Filling up the DagBag from /opt/airflow/dags/dog_api_pipeline.py
[2024-01-30T17:22:27.114+0000] {processor.py:840} INFO - DAG(s) 'dog_api_pipeline' retrieved from /opt/airflow/dags/dog_api_pipeline.py
[2024-01-30T17:22:27.193+0000] {logging_mixin.py:188} INFO - [2024-01-30T17:22:27.192+0000] {dag.py:3033} INFO - Sync 1 DAGs
[2024-01-30T17:22:27.244+0000] {logging_mixin.py:188} INFO - [2024-01-30T17:22:27.244+0000] {dag.py:3820} INFO - Setting next_dagrun for dog_api_pipeline to None, run_after=None
[2024-01-30T17:22:27.306+0000] {processor.py:183} INFO - Processing /opt/airflow/dags/dog_api_pipeline.py took 0.243 seconds
[2024-01-30T17:22:57.958+0000] {processor.py:161} INFO - Started process (PID=1263) to work on /opt/airflow/dags/dog_api_pipeline.py
[2024-01-30T17:22:57.961+0000] {processor.py:830} INFO - Processing file /opt/airflow/dags/dog_api_pipeline.py for tasks to queue
[2024-01-30T17:22:57.965+0000] {logging_mixin.py:188} INFO - [2024-01-30T17:22:57.963+0000] {dagbag.py:538} INFO - Filling up the DagBag from /opt/airflow/dags/dog_api_pipeline.py
[2024-01-30T17:22:58.009+0000] {processor.py:840} INFO - DAG(s) 'dog_api_pipeline' retrieved from /opt/airflow/dags/dog_api_pipeline.py
[2024-01-30T17:22:58.106+0000] {logging_mixin.py:188} INFO - [2024-01-30T17:22:58.105+0000] {dag.py:3033} INFO - Sync 1 DAGs
[2024-01-30T17:22:58.158+0000] {logging_mixin.py:188} INFO - [2024-01-30T17:22:58.157+0000] {dag.py:3820} INFO - Setting next_dagrun for dog_api_pipeline to None, run_after=None
[2024-01-30T17:22:58.222+0000] {processor.py:183} INFO - Processing /opt/airflow/dags/dog_api_pipeline.py took 0.273 seconds
[2024-01-30T17:23:29.127+0000] {processor.py:161} INFO - Started process (PID=1307) to work on /opt/airflow/dags/dog_api_pipeline.py
[2024-01-30T17:23:29.130+0000] {processor.py:830} INFO - Processing file /opt/airflow/dags/dog_api_pipeline.py for tasks to queue
[2024-01-30T17:23:29.132+0000] {logging_mixin.py:188} INFO - [2024-01-30T17:23:29.132+0000] {dagbag.py:538} INFO - Filling up the DagBag from /opt/airflow/dags/dog_api_pipeline.py
[2024-01-30T17:23:29.163+0000] {processor.py:840} INFO - DAG(s) 'dog_api_pipeline' retrieved from /opt/airflow/dags/dog_api_pipeline.py
[2024-01-30T17:23:29.239+0000] {logging_mixin.py:188} INFO - [2024-01-30T17:23:29.238+0000] {dag.py:3033} INFO - Sync 1 DAGs
[2024-01-30T17:23:29.285+0000] {logging_mixin.py:188} INFO - [2024-01-30T17:23:29.285+0000] {dag.py:3820} INFO - Setting next_dagrun for dog_api_pipeline to None, run_after=None
[2024-01-30T17:23:29.356+0000] {processor.py:183} INFO - Processing /opt/airflow/dags/dog_api_pipeline.py took 0.237 seconds
[2024-01-30T17:24:00.044+0000] {processor.py:161} INFO - Started process (PID=1338) to work on /opt/airflow/dags/dog_api_pipeline.py
[2024-01-30T17:24:00.047+0000] {processor.py:830} INFO - Processing file /opt/airflow/dags/dog_api_pipeline.py for tasks to queue
[2024-01-30T17:24:00.050+0000] {logging_mixin.py:188} INFO - [2024-01-30T17:24:00.049+0000] {dagbag.py:538} INFO - Filling up the DagBag from /opt/airflow/dags/dog_api_pipeline.py
[2024-01-30T17:24:00.082+0000] {processor.py:840} INFO - DAG(s) 'dog_api_pipeline' retrieved from /opt/airflow/dags/dog_api_pipeline.py
[2024-01-30T17:24:00.157+0000] {logging_mixin.py:188} INFO - [2024-01-30T17:24:00.156+0000] {dag.py:3033} INFO - Sync 1 DAGs
[2024-01-30T17:24:00.204+0000] {logging_mixin.py:188} INFO - [2024-01-30T17:24:00.204+0000] {dag.py:3820} INFO - Setting next_dagrun for dog_api_pipeline to None, run_after=None
[2024-01-30T17:24:00.260+0000] {processor.py:183} INFO - Processing /opt/airflow/dags/dog_api_pipeline.py took 0.224 seconds
[2024-01-30T17:24:31.141+0000] {processor.py:161} INFO - Started process (PID=1382) to work on /opt/airflow/dags/dog_api_pipeline.py
[2024-01-30T17:24:31.144+0000] {processor.py:830} INFO - Processing file /opt/airflow/dags/dog_api_pipeline.py for tasks to queue
[2024-01-30T17:24:31.150+0000] {logging_mixin.py:188} INFO - [2024-01-30T17:24:31.148+0000] {dagbag.py:538} INFO - Filling up the DagBag from /opt/airflow/dags/dog_api_pipeline.py
[2024-01-30T17:24:31.183+0000] {processor.py:840} INFO - DAG(s) 'dog_api_pipeline' retrieved from /opt/airflow/dags/dog_api_pipeline.py
[2024-01-30T17:24:31.264+0000] {logging_mixin.py:188} INFO - [2024-01-30T17:24:31.263+0000] {dag.py:3033} INFO - Sync 1 DAGs
[2024-01-30T17:24:31.314+0000] {logging_mixin.py:188} INFO - [2024-01-30T17:24:31.313+0000] {dag.py:3820} INFO - Setting next_dagrun for dog_api_pipeline to None, run_after=None
[2024-01-30T17:24:31.375+0000] {processor.py:183} INFO - Processing /opt/airflow/dags/dog_api_pipeline.py took 0.242 seconds
[2024-01-30T17:25:02.169+0000] {processor.py:161} INFO - Started process (PID=1413) to work on /opt/airflow/dags/dog_api_pipeline.py
[2024-01-30T17:25:02.171+0000] {processor.py:830} INFO - Processing file /opt/airflow/dags/dog_api_pipeline.py for tasks to queue
[2024-01-30T17:25:02.174+0000] {logging_mixin.py:188} INFO - [2024-01-30T17:25:02.173+0000] {dagbag.py:538} INFO - Filling up the DagBag from /opt/airflow/dags/dog_api_pipeline.py
[2024-01-30T17:25:02.207+0000] {processor.py:840} INFO - DAG(s) 'dog_api_pipeline' retrieved from /opt/airflow/dags/dog_api_pipeline.py
[2024-01-30T17:25:02.285+0000] {logging_mixin.py:188} INFO - [2024-01-30T17:25:02.284+0000] {dag.py:3033} INFO - Sync 1 DAGs
[2024-01-30T17:25:02.333+0000] {logging_mixin.py:188} INFO - [2024-01-30T17:25:02.332+0000] {dag.py:3820} INFO - Setting next_dagrun for dog_api_pipeline to None, run_after=None
[2024-01-30T17:25:02.389+0000] {processor.py:183} INFO - Processing /opt/airflow/dags/dog_api_pipeline.py took 0.227 seconds
[2024-01-30T17:25:33.178+0000] {processor.py:161} INFO - Started process (PID=1457) to work on /opt/airflow/dags/dog_api_pipeline.py
[2024-01-30T17:25:33.181+0000] {processor.py:830} INFO - Processing file /opt/airflow/dags/dog_api_pipeline.py for tasks to queue
[2024-01-30T17:25:33.184+0000] {logging_mixin.py:188} INFO - [2024-01-30T17:25:33.183+0000] {dagbag.py:538} INFO - Filling up the DagBag from /opt/airflow/dags/dog_api_pipeline.py
[2024-01-30T17:25:33.218+0000] {processor.py:840} INFO - DAG(s) 'dog_api_pipeline' retrieved from /opt/airflow/dags/dog_api_pipeline.py
[2024-01-30T17:25:33.301+0000] {logging_mixin.py:188} INFO - [2024-01-30T17:25:33.300+0000] {dag.py:3033} INFO - Sync 1 DAGs
[2024-01-30T17:25:33.351+0000] {logging_mixin.py:188} INFO - [2024-01-30T17:25:33.350+0000] {dag.py:3820} INFO - Setting next_dagrun for dog_api_pipeline to None, run_after=None
[2024-01-30T17:25:33.415+0000] {processor.py:183} INFO - Processing /opt/airflow/dags/dog_api_pipeline.py took 0.245 seconds
[2024-01-30T17:26:04.316+0000] {processor.py:161} INFO - Started process (PID=1488) to work on /opt/airflow/dags/dog_api_pipeline.py
[2024-01-30T17:26:04.319+0000] {processor.py:830} INFO - Processing file /opt/airflow/dags/dog_api_pipeline.py for tasks to queue
[2024-01-30T17:26:04.322+0000] {logging_mixin.py:188} INFO - [2024-01-30T17:26:04.321+0000] {dagbag.py:538} INFO - Filling up the DagBag from /opt/airflow/dags/dog_api_pipeline.py
[2024-01-30T17:26:04.352+0000] {processor.py:840} INFO - DAG(s) 'dog_api_pipeline' retrieved from /opt/airflow/dags/dog_api_pipeline.py
[2024-01-30T17:26:04.425+0000] {logging_mixin.py:188} INFO - [2024-01-30T17:26:04.424+0000] {dag.py:3033} INFO - Sync 1 DAGs
[2024-01-30T17:26:04.473+0000] {logging_mixin.py:188} INFO - [2024-01-30T17:26:04.472+0000] {dag.py:3820} INFO - Setting next_dagrun for dog_api_pipeline to None, run_after=None
[2024-01-30T17:26:04.532+0000] {processor.py:183} INFO - Processing /opt/airflow/dags/dog_api_pipeline.py took 0.222 seconds
[2024-01-30T17:26:35.233+0000] {processor.py:161} INFO - Started process (PID=1532) to work on /opt/airflow/dags/dog_api_pipeline.py
[2024-01-30T17:26:35.237+0000] {processor.py:830} INFO - Processing file /opt/airflow/dags/dog_api_pipeline.py for tasks to queue
[2024-01-30T17:26:35.241+0000] {logging_mixin.py:188} INFO - [2024-01-30T17:26:35.240+0000] {dagbag.py:538} INFO - Filling up the DagBag from /opt/airflow/dags/dog_api_pipeline.py
[2024-01-30T17:26:35.274+0000] {processor.py:840} INFO - DAG(s) 'dog_api_pipeline' retrieved from /opt/airflow/dags/dog_api_pipeline.py
[2024-01-30T17:26:35.354+0000] {logging_mixin.py:188} INFO - [2024-01-30T17:26:35.353+0000] {dag.py:3033} INFO - Sync 1 DAGs
[2024-01-30T17:26:35.402+0000] {logging_mixin.py:188} INFO - [2024-01-30T17:26:35.401+0000] {dag.py:3820} INFO - Setting next_dagrun for dog_api_pipeline to None, run_after=None
[2024-01-30T17:26:35.463+0000] {processor.py:183} INFO - Processing /opt/airflow/dags/dog_api_pipeline.py took 0.238 seconds
[2024-01-30T17:27:06.157+0000] {processor.py:161} INFO - Started process (PID=1563) to work on /opt/airflow/dags/dog_api_pipeline.py
[2024-01-30T17:27:06.159+0000] {processor.py:830} INFO - Processing file /opt/airflow/dags/dog_api_pipeline.py for tasks to queue
[2024-01-30T17:27:06.162+0000] {logging_mixin.py:188} INFO - [2024-01-30T17:27:06.161+0000] {dagbag.py:538} INFO - Filling up the DagBag from /opt/airflow/dags/dog_api_pipeline.py
[2024-01-30T17:27:06.192+0000] {processor.py:840} INFO - DAG(s) 'dog_api_pipeline' retrieved from /opt/airflow/dags/dog_api_pipeline.py
[2024-01-30T17:27:06.269+0000] {logging_mixin.py:188} INFO - [2024-01-30T17:27:06.268+0000] {dag.py:3033} INFO - Sync 1 DAGs
[2024-01-30T17:27:06.329+0000] {logging_mixin.py:188} INFO - [2024-01-30T17:27:06.328+0000] {dag.py:3820} INFO - Setting next_dagrun for dog_api_pipeline to None, run_after=None
[2024-01-30T17:27:06.388+0000] {processor.py:183} INFO - Processing /opt/airflow/dags/dog_api_pipeline.py took 0.238 seconds
[2024-01-30T17:27:37.151+0000] {processor.py:161} INFO - Started process (PID=1607) to work on /opt/airflow/dags/dog_api_pipeline.py
[2024-01-30T17:27:37.153+0000] {processor.py:830} INFO - Processing file /opt/airflow/dags/dog_api_pipeline.py for tasks to queue
[2024-01-30T17:27:37.158+0000] {logging_mixin.py:188} INFO - [2024-01-30T17:27:37.157+0000] {dagbag.py:538} INFO - Filling up the DagBag from /opt/airflow/dags/dog_api_pipeline.py
[2024-01-30T17:27:37.192+0000] {processor.py:840} INFO - DAG(s) 'dog_api_pipeline' retrieved from /opt/airflow/dags/dog_api_pipeline.py
[2024-01-30T17:27:37.314+0000] {logging_mixin.py:188} INFO - [2024-01-30T17:27:37.313+0000] {dag.py:3033} INFO - Sync 1 DAGs
[2024-01-30T17:27:37.371+0000] {logging_mixin.py:188} INFO - [2024-01-30T17:27:37.370+0000] {dag.py:3820} INFO - Setting next_dagrun for dog_api_pipeline to None, run_after=None
[2024-01-30T17:27:37.432+0000] {processor.py:183} INFO - Processing /opt/airflow/dags/dog_api_pipeline.py took 0.290 seconds
[2024-01-30T17:28:08.179+0000] {processor.py:161} INFO - Started process (PID=1648) to work on /opt/airflow/dags/dog_api_pipeline.py
[2024-01-30T17:28:08.182+0000] {processor.py:830} INFO - Processing file /opt/airflow/dags/dog_api_pipeline.py for tasks to queue
[2024-01-30T17:28:08.186+0000] {logging_mixin.py:188} INFO - [2024-01-30T17:28:08.185+0000] {dagbag.py:538} INFO - Filling up the DagBag from /opt/airflow/dags/dog_api_pipeline.py
[2024-01-30T17:28:08.220+0000] {processor.py:840} INFO - DAG(s) 'dog_api_pipeline' retrieved from /opt/airflow/dags/dog_api_pipeline.py
[2024-01-30T17:28:08.301+0000] {logging_mixin.py:188} INFO - [2024-01-30T17:28:08.300+0000] {dag.py:3033} INFO - Sync 1 DAGs
[2024-01-30T17:28:08.353+0000] {logging_mixin.py:188} INFO - [2024-01-30T17:28:08.352+0000] {dag.py:3820} INFO - Setting next_dagrun for dog_api_pipeline to None, run_after=None
[2024-01-30T17:28:08.413+0000] {processor.py:183} INFO - Processing /opt/airflow/dags/dog_api_pipeline.py took 0.242 seconds
[2024-01-30T17:28:39.364+0000] {processor.py:161} INFO - Started process (PID=1682) to work on /opt/airflow/dags/dog_api_pipeline.py
[2024-01-30T17:28:39.368+0000] {processor.py:830} INFO - Processing file /opt/airflow/dags/dog_api_pipeline.py for tasks to queue
[2024-01-30T17:28:39.371+0000] {logging_mixin.py:188} INFO - [2024-01-30T17:28:39.370+0000] {dagbag.py:538} INFO - Filling up the DagBag from /opt/airflow/dags/dog_api_pipeline.py
[2024-01-30T17:28:39.411+0000] {processor.py:840} INFO - DAG(s) 'dog_api_pipeline' retrieved from /opt/airflow/dags/dog_api_pipeline.py
[2024-01-30T17:28:39.501+0000] {logging_mixin.py:188} INFO - [2024-01-30T17:28:39.500+0000] {dag.py:3033} INFO - Sync 1 DAGs
[2024-01-30T17:28:39.553+0000] {logging_mixin.py:188} INFO - [2024-01-30T17:28:39.552+0000] {dag.py:3820} INFO - Setting next_dagrun for dog_api_pipeline to None, run_after=None
[2024-01-30T17:28:39.619+0000] {processor.py:183} INFO - Processing /opt/airflow/dags/dog_api_pipeline.py took 0.263 seconds
[2024-01-30T17:29:10.308+0000] {processor.py:161} INFO - Started process (PID=1738) to work on /opt/airflow/dags/dog_api_pipeline.py
[2024-01-30T17:29:10.312+0000] {processor.py:830} INFO - Processing file /opt/airflow/dags/dog_api_pipeline.py for tasks to queue
[2024-01-30T17:29:10.315+0000] {logging_mixin.py:188} INFO - [2024-01-30T17:29:10.314+0000] {dagbag.py:538} INFO - Filling up the DagBag from /opt/airflow/dags/dog_api_pipeline.py
[2024-01-30T17:29:10.353+0000] {processor.py:840} INFO - DAG(s) 'dog_api_pipeline' retrieved from /opt/airflow/dags/dog_api_pipeline.py
[2024-01-30T17:29:10.479+0000] {logging_mixin.py:188} INFO - [2024-01-30T17:29:10.478+0000] {dag.py:3033} INFO - Sync 1 DAGs
[2024-01-30T17:29:10.541+0000] {logging_mixin.py:188} INFO - [2024-01-30T17:29:10.540+0000] {dag.py:3820} INFO - Setting next_dagrun for dog_api_pipeline to None, run_after=None
[2024-01-30T17:29:10.611+0000] {processor.py:183} INFO - Processing /opt/airflow/dags/dog_api_pipeline.py took 0.310 seconds
[2024-01-30T17:29:40.987+0000] {processor.py:161} INFO - Started process (PID=1823) to work on /opt/airflow/dags/dog_api_pipeline.py
[2024-01-30T17:29:40.990+0000] {processor.py:830} INFO - Processing file /opt/airflow/dags/dog_api_pipeline.py for tasks to queue
[2024-01-30T17:29:40.994+0000] {logging_mixin.py:188} INFO - [2024-01-30T17:29:40.993+0000] {dagbag.py:538} INFO - Filling up the DagBag from /opt/airflow/dags/dog_api_pipeline.py
[2024-01-30T17:29:41.032+0000] {processor.py:840} INFO - DAG(s) 'dog_api_pipeline' retrieved from /opt/airflow/dags/dog_api_pipeline.py
[2024-01-30T17:29:41.114+0000] {logging_mixin.py:188} INFO - [2024-01-30T17:29:41.113+0000] {dag.py:3033} INFO - Sync 1 DAGs
[2024-01-30T17:29:41.165+0000] {logging_mixin.py:188} INFO - [2024-01-30T17:29:41.165+0000] {dag.py:3820} INFO - Setting next_dagrun for dog_api_pipeline to None, run_after=None
[2024-01-30T17:29:41.228+0000] {processor.py:183} INFO - Processing /opt/airflow/dags/dog_api_pipeline.py took 0.248 seconds
[2024-01-30T17:30:11.993+0000] {processor.py:161} INFO - Started process (PID=1891) to work on /opt/airflow/dags/dog_api_pipeline.py
[2024-01-30T17:30:11.997+0000] {processor.py:830} INFO - Processing file /opt/airflow/dags/dog_api_pipeline.py for tasks to queue
[2024-01-30T17:30:12.000+0000] {logging_mixin.py:188} INFO - [2024-01-30T17:30:12.000+0000] {dagbag.py:538} INFO - Filling up the DagBag from /opt/airflow/dags/dog_api_pipeline.py
[2024-01-30T17:30:12.033+0000] {processor.py:840} INFO - DAG(s) 'dog_api_pipeline' retrieved from /opt/airflow/dags/dog_api_pipeline.py
[2024-01-30T17:30:12.123+0000] {logging_mixin.py:188} INFO - [2024-01-30T17:30:12.121+0000] {dag.py:3033} INFO - Sync 1 DAGs
[2024-01-30T17:30:12.184+0000] {logging_mixin.py:188} INFO - [2024-01-30T17:30:12.183+0000] {dag.py:3820} INFO - Setting next_dagrun for dog_api_pipeline to None, run_after=None
[2024-01-30T17:30:12.244+0000] {processor.py:183} INFO - Processing /opt/airflow/dags/dog_api_pipeline.py took 0.259 seconds
[2024-01-30T17:30:42.426+0000] {processor.py:161} INFO - Started process (PID=1928) to work on /opt/airflow/dags/dog_api_pipeline.py
[2024-01-30T17:30:42.429+0000] {processor.py:830} INFO - Processing file /opt/airflow/dags/dog_api_pipeline.py for tasks to queue
[2024-01-30T17:30:42.432+0000] {logging_mixin.py:188} INFO - [2024-01-30T17:30:42.431+0000] {dagbag.py:538} INFO - Filling up the DagBag from /opt/airflow/dags/dog_api_pipeline.py
[2024-01-30T17:30:42.467+0000] {processor.py:840} INFO - DAG(s) 'dog_api_pipeline' retrieved from /opt/airflow/dags/dog_api_pipeline.py
[2024-01-30T17:30:42.560+0000] {logging_mixin.py:188} INFO - [2024-01-30T17:30:42.558+0000] {dag.py:3033} INFO - Sync 1 DAGs
[2024-01-30T17:30:42.611+0000] {logging_mixin.py:188} INFO - [2024-01-30T17:30:42.610+0000] {dag.py:3820} INFO - Setting next_dagrun for dog_api_pipeline to None, run_after=None
[2024-01-30T17:30:42.671+0000] {processor.py:183} INFO - Processing /opt/airflow/dags/dog_api_pipeline.py took 0.253 seconds
[2024-01-30T17:31:12.796+0000] {processor.py:161} INFO - Started process (PID=2002) to work on /opt/airflow/dags/dog_api_pipeline.py
[2024-01-30T17:31:12.800+0000] {processor.py:830} INFO - Processing file /opt/airflow/dags/dog_api_pipeline.py for tasks to queue
[2024-01-30T17:31:12.804+0000] {logging_mixin.py:188} INFO - [2024-01-30T17:31:12.802+0000] {dagbag.py:538} INFO - Filling up the DagBag from /opt/airflow/dags/dog_api_pipeline.py
[2024-01-30T17:31:12.843+0000] {processor.py:840} INFO - DAG(s) 'dog_api_pipeline' retrieved from /opt/airflow/dags/dog_api_pipeline.py
[2024-01-30T17:31:12.943+0000] {logging_mixin.py:188} INFO - [2024-01-30T17:31:12.942+0000] {dag.py:3033} INFO - Sync 1 DAGs
[2024-01-30T17:31:13.008+0000] {logging_mixin.py:188} INFO - [2024-01-30T17:31:13.007+0000] {dag.py:3820} INFO - Setting next_dagrun for dog_api_pipeline to None, run_after=None
[2024-01-30T17:31:13.098+0000] {processor.py:183} INFO - Processing /opt/airflow/dags/dog_api_pipeline.py took 0.313 seconds
[2024-01-30T17:31:43.257+0000] {processor.py:161} INFO - Started process (PID=2051) to work on /opt/airflow/dags/dog_api_pipeline.py
[2024-01-30T17:31:43.261+0000] {processor.py:830} INFO - Processing file /opt/airflow/dags/dog_api_pipeline.py for tasks to queue
[2024-01-30T17:31:43.264+0000] {logging_mixin.py:188} INFO - [2024-01-30T17:31:43.263+0000] {dagbag.py:538} INFO - Filling up the DagBag from /opt/airflow/dags/dog_api_pipeline.py
[2024-01-30T17:31:43.301+0000] {processor.py:840} INFO - DAG(s) 'dog_api_pipeline' retrieved from /opt/airflow/dags/dog_api_pipeline.py
[2024-01-30T17:31:43.389+0000] {logging_mixin.py:188} INFO - [2024-01-30T17:31:43.388+0000] {dag.py:3033} INFO - Sync 1 DAGs
[2024-01-30T17:31:43.441+0000] {logging_mixin.py:188} INFO - [2024-01-30T17:31:43.441+0000] {dag.py:3820} INFO - Setting next_dagrun for dog_api_pipeline to None, run_after=None
[2024-01-30T17:31:43.515+0000] {processor.py:183} INFO - Processing /opt/airflow/dags/dog_api_pipeline.py took 0.267 seconds
[2024-01-30T17:32:14.501+0000] {processor.py:161} INFO - Started process (PID=2101) to work on /opt/airflow/dags/dog_api_pipeline.py
[2024-01-30T17:32:14.505+0000] {processor.py:830} INFO - Processing file /opt/airflow/dags/dog_api_pipeline.py for tasks to queue
[2024-01-30T17:32:14.511+0000] {logging_mixin.py:188} INFO - [2024-01-30T17:32:14.509+0000] {dagbag.py:538} INFO - Filling up the DagBag from /opt/airflow/dags/dog_api_pipeline.py
[2024-01-30T17:32:14.548+0000] {processor.py:840} INFO - DAG(s) 'dog_api_pipeline' retrieved from /opt/airflow/dags/dog_api_pipeline.py
[2024-01-30T17:32:14.647+0000] {logging_mixin.py:188} INFO - [2024-01-30T17:32:14.646+0000] {dag.py:3033} INFO - Sync 1 DAGs
[2024-01-30T17:32:14.707+0000] {logging_mixin.py:188} INFO - [2024-01-30T17:32:14.706+0000] {dag.py:3820} INFO - Setting next_dagrun for dog_api_pipeline to None, run_after=None
[2024-01-30T17:32:14.780+0000] {processor.py:183} INFO - Processing /opt/airflow/dags/dog_api_pipeline.py took 0.287 seconds
[2024-01-30T17:32:45.128+0000] {processor.py:161} INFO - Started process (PID=2138) to work on /opt/airflow/dags/dog_api_pipeline.py
[2024-01-30T17:32:45.130+0000] {processor.py:830} INFO - Processing file /opt/airflow/dags/dog_api_pipeline.py for tasks to queue
[2024-01-30T17:32:45.134+0000] {logging_mixin.py:188} INFO - [2024-01-30T17:32:45.133+0000] {dagbag.py:538} INFO - Filling up the DagBag from /opt/airflow/dags/dog_api_pipeline.py
[2024-01-30T17:32:45.169+0000] {processor.py:840} INFO - DAG(s) 'dog_api_pipeline' retrieved from /opt/airflow/dags/dog_api_pipeline.py
[2024-01-30T17:32:45.247+0000] {logging_mixin.py:188} INFO - [2024-01-30T17:32:45.246+0000] {dag.py:3033} INFO - Sync 1 DAGs
[2024-01-30T17:32:45.295+0000] {logging_mixin.py:188} INFO - [2024-01-30T17:32:45.294+0000] {dag.py:3820} INFO - Setting next_dagrun for dog_api_pipeline to None, run_after=None
[2024-01-30T17:32:45.357+0000] {processor.py:183} INFO - Processing /opt/airflow/dags/dog_api_pipeline.py took 0.239 seconds
[2024-01-30T17:33:15.498+0000] {processor.py:161} INFO - Started process (PID=2188) to work on /opt/airflow/dags/dog_api_pipeline.py
[2024-01-30T17:33:15.501+0000] {processor.py:830} INFO - Processing file /opt/airflow/dags/dog_api_pipeline.py for tasks to queue
[2024-01-30T17:33:15.503+0000] {logging_mixin.py:188} INFO - [2024-01-30T17:33:15.503+0000] {dagbag.py:538} INFO - Filling up the DagBag from /opt/airflow/dags/dog_api_pipeline.py
[2024-01-30T17:33:15.536+0000] {processor.py:840} INFO - DAG(s) 'dog_api_pipeline' retrieved from /opt/airflow/dags/dog_api_pipeline.py
[2024-01-30T17:33:15.616+0000] {logging_mixin.py:188} INFO - [2024-01-30T17:33:15.615+0000] {dag.py:3033} INFO - Sync 1 DAGs
[2024-01-30T17:33:15.666+0000] {logging_mixin.py:188} INFO - [2024-01-30T17:33:15.665+0000] {dag.py:3820} INFO - Setting next_dagrun for dog_api_pipeline to None, run_after=None
[2024-01-30T17:33:15.726+0000] {processor.py:183} INFO - Processing /opt/airflow/dags/dog_api_pipeline.py took 0.235 seconds
[2024-01-30T17:33:46.035+0000] {processor.py:161} INFO - Started process (PID=2225) to work on /opt/airflow/dags/dog_api_pipeline.py
[2024-01-30T17:33:46.038+0000] {processor.py:830} INFO - Processing file /opt/airflow/dags/dog_api_pipeline.py for tasks to queue
[2024-01-30T17:33:46.041+0000] {logging_mixin.py:188} INFO - [2024-01-30T17:33:46.040+0000] {dagbag.py:538} INFO - Filling up the DagBag from /opt/airflow/dags/dog_api_pipeline.py
[2024-01-30T17:33:46.071+0000] {processor.py:840} INFO - DAG(s) 'dog_api_pipeline' retrieved from /opt/airflow/dags/dog_api_pipeline.py
[2024-01-30T17:33:46.146+0000] {logging_mixin.py:188} INFO - [2024-01-30T17:33:46.145+0000] {dag.py:3033} INFO - Sync 1 DAGs
[2024-01-30T17:33:46.194+0000] {logging_mixin.py:188} INFO - [2024-01-30T17:33:46.193+0000] {dag.py:3820} INFO - Setting next_dagrun for dog_api_pipeline to None, run_after=None
[2024-01-30T17:33:46.250+0000] {processor.py:183} INFO - Processing /opt/airflow/dags/dog_api_pipeline.py took 0.223 seconds
[2024-01-30T17:34:16.549+0000] {processor.py:161} INFO - Started process (PID=2275) to work on /opt/airflow/dags/dog_api_pipeline.py
[2024-01-30T17:34:16.552+0000] {processor.py:830} INFO - Processing file /opt/airflow/dags/dog_api_pipeline.py for tasks to queue
[2024-01-30T17:34:16.555+0000] {logging_mixin.py:188} INFO - [2024-01-30T17:34:16.554+0000] {dagbag.py:538} INFO - Filling up the DagBag from /opt/airflow/dags/dog_api_pipeline.py
[2024-01-30T17:34:16.587+0000] {processor.py:840} INFO - DAG(s) 'dog_api_pipeline' retrieved from /opt/airflow/dags/dog_api_pipeline.py
[2024-01-30T17:34:16.666+0000] {logging_mixin.py:188} INFO - [2024-01-30T17:34:16.665+0000] {dag.py:3033} INFO - Sync 1 DAGs
[2024-01-30T17:34:16.715+0000] {logging_mixin.py:188} INFO - [2024-01-30T17:34:16.714+0000] {dag.py:3820} INFO - Setting next_dagrun for dog_api_pipeline to None, run_after=None
[2024-01-30T17:34:16.773+0000] {processor.py:183} INFO - Processing /opt/airflow/dags/dog_api_pipeline.py took 0.231 seconds
[2024-01-30T17:34:47.198+0000] {processor.py:161} INFO - Started process (PID=2312) to work on /opt/airflow/dags/dog_api_pipeline.py
[2024-01-30T17:34:47.201+0000] {processor.py:830} INFO - Processing file /opt/airflow/dags/dog_api_pipeline.py for tasks to queue
[2024-01-30T17:34:47.204+0000] {logging_mixin.py:188} INFO - [2024-01-30T17:34:47.204+0000] {dagbag.py:538} INFO - Filling up the DagBag from /opt/airflow/dags/dog_api_pipeline.py
[2024-01-30T17:34:47.236+0000] {processor.py:840} INFO - DAG(s) 'dog_api_pipeline' retrieved from /opt/airflow/dags/dog_api_pipeline.py
[2024-01-30T17:34:47.314+0000] {logging_mixin.py:188} INFO - [2024-01-30T17:34:47.313+0000] {dag.py:3033} INFO - Sync 1 DAGs
[2024-01-30T17:34:47.360+0000] {logging_mixin.py:188} INFO - [2024-01-30T17:34:47.359+0000] {dag.py:3820} INFO - Setting next_dagrun for dog_api_pipeline to None, run_after=None
[2024-01-30T17:34:47.418+0000] {processor.py:183} INFO - Processing /opt/airflow/dags/dog_api_pipeline.py took 0.229 seconds
[2024-01-30T17:35:17.655+0000] {processor.py:161} INFO - Started process (PID=2362) to work on /opt/airflow/dags/dog_api_pipeline.py
[2024-01-30T17:35:17.658+0000] {processor.py:830} INFO - Processing file /opt/airflow/dags/dog_api_pipeline.py for tasks to queue
[2024-01-30T17:35:17.662+0000] {logging_mixin.py:188} INFO - [2024-01-30T17:35:17.661+0000] {dagbag.py:538} INFO - Filling up the DagBag from /opt/airflow/dags/dog_api_pipeline.py
[2024-01-30T17:35:17.694+0000] {processor.py:840} INFO - DAG(s) 'dog_api_pipeline' retrieved from /opt/airflow/dags/dog_api_pipeline.py
[2024-01-30T17:35:17.775+0000] {logging_mixin.py:188} INFO - [2024-01-30T17:35:17.774+0000] {dag.py:3033} INFO - Sync 1 DAGs
[2024-01-30T17:35:17.821+0000] {logging_mixin.py:188} INFO - [2024-01-30T17:35:17.820+0000] {dag.py:3820} INFO - Setting next_dagrun for dog_api_pipeline to None, run_after=None
[2024-01-30T17:35:17.880+0000] {processor.py:183} INFO - Processing /opt/airflow/dags/dog_api_pipeline.py took 0.232 seconds
[2024-01-30T17:35:48.148+0000] {processor.py:161} INFO - Started process (PID=2399) to work on /opt/airflow/dags/dog_api_pipeline.py
[2024-01-30T17:35:48.150+0000] {processor.py:830} INFO - Processing file /opt/airflow/dags/dog_api_pipeline.py for tasks to queue
[2024-01-30T17:35:48.154+0000] {logging_mixin.py:188} INFO - [2024-01-30T17:35:48.153+0000] {dagbag.py:538} INFO - Filling up the DagBag from /opt/airflow/dags/dog_api_pipeline.py
[2024-01-30T17:35:48.184+0000] {processor.py:840} INFO - DAG(s) 'dog_api_pipeline' retrieved from /opt/airflow/dags/dog_api_pipeline.py
[2024-01-30T17:35:48.259+0000] {logging_mixin.py:188} INFO - [2024-01-30T17:35:48.259+0000] {dag.py:3033} INFO - Sync 1 DAGs
[2024-01-30T17:35:48.308+0000] {logging_mixin.py:188} INFO - [2024-01-30T17:35:48.307+0000] {dag.py:3820} INFO - Setting next_dagrun for dog_api_pipeline to None, run_after=None
[2024-01-30T17:35:48.364+0000] {processor.py:183} INFO - Processing /opt/airflow/dags/dog_api_pipeline.py took 0.224 seconds
[2024-01-30T17:36:18.542+0000] {processor.py:161} INFO - Started process (PID=2449) to work on /opt/airflow/dags/dog_api_pipeline.py
[2024-01-30T17:36:18.544+0000] {processor.py:830} INFO - Processing file /opt/airflow/dags/dog_api_pipeline.py for tasks to queue
[2024-01-30T17:36:18.547+0000] {logging_mixin.py:188} INFO - [2024-01-30T17:36:18.546+0000] {dagbag.py:538} INFO - Filling up the DagBag from /opt/airflow/dags/dog_api_pipeline.py
[2024-01-30T17:36:18.578+0000] {processor.py:840} INFO - DAG(s) 'dog_api_pipeline' retrieved from /opt/airflow/dags/dog_api_pipeline.py
[2024-01-30T17:36:18.656+0000] {logging_mixin.py:188} INFO - [2024-01-30T17:36:18.655+0000] {dag.py:3033} INFO - Sync 1 DAGs
[2024-01-30T17:36:18.704+0000] {logging_mixin.py:188} INFO - [2024-01-30T17:36:18.703+0000] {dag.py:3820} INFO - Setting next_dagrun for dog_api_pipeline to None, run_after=None
[2024-01-30T17:36:18.759+0000] {processor.py:183} INFO - Processing /opt/airflow/dags/dog_api_pipeline.py took 0.225 seconds
[2024-01-30T17:36:49.182+0000] {processor.py:161} INFO - Started process (PID=2496) to work on /opt/airflow/dags/dog_api_pipeline.py
[2024-01-30T17:36:49.185+0000] {processor.py:830} INFO - Processing file /opt/airflow/dags/dog_api_pipeline.py for tasks to queue
[2024-01-30T17:36:49.188+0000] {logging_mixin.py:188} INFO - [2024-01-30T17:36:49.187+0000] {dagbag.py:538} INFO - Filling up the DagBag from /opt/airflow/dags/dog_api_pipeline.py
[2024-01-30T17:36:49.221+0000] {processor.py:840} INFO - DAG(s) 'dog_api_pipeline' retrieved from /opt/airflow/dags/dog_api_pipeline.py
[2024-01-30T17:36:49.308+0000] {logging_mixin.py:188} INFO - [2024-01-30T17:36:49.307+0000] {dag.py:3033} INFO - Sync 1 DAGs
[2024-01-30T17:36:49.359+0000] {logging_mixin.py:188} INFO - [2024-01-30T17:36:49.358+0000] {dag.py:3820} INFO - Setting next_dagrun for dog_api_pipeline to None, run_after=None
[2024-01-30T17:36:49.418+0000] {processor.py:183} INFO - Processing /opt/airflow/dags/dog_api_pipeline.py took 0.245 seconds
[2024-01-30T17:37:20.119+0000] {processor.py:161} INFO - Started process (PID=2628) to work on /opt/airflow/dags/dog_api_pipeline.py
[2024-01-30T17:37:20.121+0000] {processor.py:830} INFO - Processing file /opt/airflow/dags/dog_api_pipeline.py for tasks to queue
[2024-01-30T17:37:20.125+0000] {logging_mixin.py:188} INFO - [2024-01-30T17:37:20.124+0000] {dagbag.py:538} INFO - Filling up the DagBag from /opt/airflow/dags/dog_api_pipeline.py
[2024-01-30T17:37:20.163+0000] {processor.py:840} INFO - DAG(s) 'dog_api_pipeline' retrieved from /opt/airflow/dags/dog_api_pipeline.py
[2024-01-30T17:37:20.257+0000] {logging_mixin.py:188} INFO - [2024-01-30T17:37:20.256+0000] {dag.py:3033} INFO - Sync 1 DAGs
[2024-01-30T17:37:20.316+0000] {logging_mixin.py:188} INFO - [2024-01-30T17:37:20.315+0000] {dag.py:3820} INFO - Setting next_dagrun for dog_api_pipeline to None, run_after=None
[2024-01-30T17:37:20.401+0000] {processor.py:183} INFO - Processing /opt/airflow/dags/dog_api_pipeline.py took 0.290 seconds
[2024-01-30T17:37:50.805+0000] {processor.py:161} INFO - Started process (PID=2746) to work on /opt/airflow/dags/dog_api_pipeline.py
[2024-01-30T17:37:50.813+0000] {processor.py:830} INFO - Processing file /opt/airflow/dags/dog_api_pipeline.py for tasks to queue
[2024-01-30T17:37:50.825+0000] {logging_mixin.py:188} INFO - [2024-01-30T17:37:50.819+0000] {dagbag.py:538} INFO - Filling up the DagBag from /opt/airflow/dags/dog_api_pipeline.py
[2024-01-30T17:37:50.953+0000] {processor.py:840} INFO - DAG(s) 'dog_api_pipeline' retrieved from /opt/airflow/dags/dog_api_pipeline.py
[2024-01-30T17:37:51.481+0000] {logging_mixin.py:188} INFO - [2024-01-30T17:37:51.480+0000] {dag.py:3033} INFO - Sync 1 DAGs
[2024-01-30T17:37:51.643+0000] {logging_mixin.py:188} INFO - [2024-01-30T17:37:51.642+0000] {dag.py:3820} INFO - Setting next_dagrun for dog_api_pipeline to None, run_after=None
[2024-01-30T17:37:51.845+0000] {processor.py:183} INFO - Processing /opt/airflow/dags/dog_api_pipeline.py took 1.082 seconds
[2024-01-30T17:38:22.501+0000] {processor.py:161} INFO - Started process (PID=2856) to work on /opt/airflow/dags/dog_api_pipeline.py
[2024-01-30T17:38:22.514+0000] {processor.py:830} INFO - Processing file /opt/airflow/dags/dog_api_pipeline.py for tasks to queue
[2024-01-30T17:38:22.531+0000] {logging_mixin.py:188} INFO - [2024-01-30T17:38:22.523+0000] {dagbag.py:538} INFO - Filling up the DagBag from /opt/airflow/dags/dog_api_pipeline.py
[2024-01-30T17:38:22.735+0000] {processor.py:840} INFO - DAG(s) 'dog_api_pipeline' retrieved from /opt/airflow/dags/dog_api_pipeline.py
[2024-01-30T17:38:23.042+0000] {logging_mixin.py:188} INFO - [2024-01-30T17:38:23.041+0000] {dag.py:3033} INFO - Sync 1 DAGs
[2024-01-30T17:38:23.141+0000] {logging_mixin.py:188} INFO - [2024-01-30T17:38:23.140+0000] {dag.py:3820} INFO - Setting next_dagrun for dog_api_pipeline to None, run_after=None
[2024-01-30T17:38:23.357+0000] {processor.py:183} INFO - Processing /opt/airflow/dags/dog_api_pipeline.py took 0.877 seconds
[2024-01-30T17:38:53.554+0000] {processor.py:161} INFO - Started process (PID=2982) to work on /opt/airflow/dags/dog_api_pipeline.py
[2024-01-30T17:38:53.558+0000] {processor.py:830} INFO - Processing file /opt/airflow/dags/dog_api_pipeline.py for tasks to queue
[2024-01-30T17:38:53.570+0000] {logging_mixin.py:188} INFO - [2024-01-30T17:38:53.561+0000] {dagbag.py:538} INFO - Filling up the DagBag from /opt/airflow/dags/dog_api_pipeline.py
[2024-01-30T17:38:53.721+0000] {processor.py:840} INFO - DAG(s) 'dog_api_pipeline' retrieved from /opt/airflow/dags/dog_api_pipeline.py
[2024-01-30T17:38:53.962+0000] {logging_mixin.py:188} INFO - [2024-01-30T17:38:53.961+0000] {dag.py:3033} INFO - Sync 1 DAGs
[2024-01-30T17:38:54.095+0000] {logging_mixin.py:188} INFO - [2024-01-30T17:38:54.094+0000] {dag.py:3820} INFO - Setting next_dagrun for dog_api_pipeline to None, run_after=None
[2024-01-30T17:38:54.178+0000] {processor.py:183} INFO - Processing /opt/airflow/dags/dog_api_pipeline.py took 0.636 seconds
[2024-01-30T17:39:24.686+0000] {processor.py:161} INFO - Started process (PID=3064) to work on /opt/airflow/dags/dog_api_pipeline.py
[2024-01-30T17:39:24.689+0000] {processor.py:830} INFO - Processing file /opt/airflow/dags/dog_api_pipeline.py for tasks to queue
[2024-01-30T17:39:24.692+0000] {logging_mixin.py:188} INFO - [2024-01-30T17:39:24.692+0000] {dagbag.py:538} INFO - Filling up the DagBag from /opt/airflow/dags/dog_api_pipeline.py
[2024-01-30T17:39:24.731+0000] {processor.py:840} INFO - DAG(s) 'dog_api_pipeline' retrieved from /opt/airflow/dags/dog_api_pipeline.py
[2024-01-30T17:39:24.811+0000] {logging_mixin.py:188} INFO - [2024-01-30T17:39:24.810+0000] {dag.py:3033} INFO - Sync 1 DAGs
[2024-01-30T17:39:24.860+0000] {logging_mixin.py:188} INFO - [2024-01-30T17:39:24.859+0000] {dag.py:3820} INFO - Setting next_dagrun for dog_api_pipeline to None, run_after=None
[2024-01-30T17:39:24.920+0000] {processor.py:183} INFO - Processing /opt/airflow/dags/dog_api_pipeline.py took 0.245 seconds
[2024-01-30T17:39:55.035+0000] {processor.py:161} INFO - Started process (PID=3114) to work on /opt/airflow/dags/dog_api_pipeline.py
[2024-01-30T17:39:55.039+0000] {processor.py:830} INFO - Processing file /opt/airflow/dags/dog_api_pipeline.py for tasks to queue
[2024-01-30T17:39:55.043+0000] {logging_mixin.py:188} INFO - [2024-01-30T17:39:55.041+0000] {dagbag.py:538} INFO - Filling up the DagBag from /opt/airflow/dags/dog_api_pipeline.py
[2024-01-30T17:39:55.076+0000] {processor.py:840} INFO - DAG(s) 'dog_api_pipeline' retrieved from /opt/airflow/dags/dog_api_pipeline.py
[2024-01-30T17:39:55.155+0000] {logging_mixin.py:188} INFO - [2024-01-30T17:39:55.154+0000] {dag.py:3033} INFO - Sync 1 DAGs
[2024-01-30T17:39:55.205+0000] {logging_mixin.py:188} INFO - [2024-01-30T17:39:55.204+0000] {dag.py:3820} INFO - Setting next_dagrun for dog_api_pipeline to None, run_after=None
[2024-01-30T17:39:55.261+0000] {processor.py:183} INFO - Processing /opt/airflow/dags/dog_api_pipeline.py took 0.233 seconds
[2024-01-30T17:40:25.642+0000] {processor.py:161} INFO - Started process (PID=3151) to work on /opt/airflow/dags/dog_api_pipeline.py
[2024-01-30T17:40:25.645+0000] {processor.py:830} INFO - Processing file /opt/airflow/dags/dog_api_pipeline.py for tasks to queue
[2024-01-30T17:40:25.649+0000] {logging_mixin.py:188} INFO - [2024-01-30T17:40:25.648+0000] {dagbag.py:538} INFO - Filling up the DagBag from /opt/airflow/dags/dog_api_pipeline.py
[2024-01-30T17:40:25.684+0000] {processor.py:840} INFO - DAG(s) 'dog_api_pipeline' retrieved from /opt/airflow/dags/dog_api_pipeline.py
[2024-01-30T17:40:25.760+0000] {logging_mixin.py:188} INFO - [2024-01-30T17:40:25.759+0000] {dag.py:3033} INFO - Sync 1 DAGs
[2024-01-30T17:40:25.808+0000] {logging_mixin.py:188} INFO - [2024-01-30T17:40:25.807+0000] {dag.py:3820} INFO - Setting next_dagrun for dog_api_pipeline to None, run_after=None
[2024-01-30T17:40:25.864+0000] {processor.py:183} INFO - Processing /opt/airflow/dags/dog_api_pipeline.py took 0.230 seconds
[2024-01-30T17:40:56.625+0000] {processor.py:161} INFO - Started process (PID=3201) to work on /opt/airflow/dags/dog_api_pipeline.py
[2024-01-30T17:40:56.629+0000] {processor.py:830} INFO - Processing file /opt/airflow/dags/dog_api_pipeline.py for tasks to queue
[2024-01-30T17:40:56.632+0000] {logging_mixin.py:188} INFO - [2024-01-30T17:40:56.631+0000] {dagbag.py:538} INFO - Filling up the DagBag from /opt/airflow/dags/dog_api_pipeline.py
[2024-01-30T17:40:56.664+0000] {processor.py:840} INFO - DAG(s) 'dog_api_pipeline' retrieved from /opt/airflow/dags/dog_api_pipeline.py
[2024-01-30T17:40:56.741+0000] {logging_mixin.py:188} INFO - [2024-01-30T17:40:56.740+0000] {dag.py:3033} INFO - Sync 1 DAGs
[2024-01-30T17:40:56.790+0000] {logging_mixin.py:188} INFO - [2024-01-30T17:40:56.789+0000] {dag.py:3820} INFO - Setting next_dagrun for dog_api_pipeline to None, run_after=None
[2024-01-30T17:40:56.848+0000] {processor.py:183} INFO - Processing /opt/airflow/dags/dog_api_pipeline.py took 0.230 seconds
[2024-01-30T17:41:27.793+0000] {processor.py:161} INFO - Started process (PID=3238) to work on /opt/airflow/dags/dog_api_pipeline.py
[2024-01-30T17:41:27.795+0000] {processor.py:830} INFO - Processing file /opt/airflow/dags/dog_api_pipeline.py for tasks to queue
[2024-01-30T17:41:27.799+0000] {logging_mixin.py:188} INFO - [2024-01-30T17:41:27.798+0000] {dagbag.py:538} INFO - Filling up the DagBag from /opt/airflow/dags/dog_api_pipeline.py
[2024-01-30T17:41:27.831+0000] {processor.py:840} INFO - DAG(s) 'dog_api_pipeline' retrieved from /opt/airflow/dags/dog_api_pipeline.py
[2024-01-30T17:41:27.906+0000] {logging_mixin.py:188} INFO - [2024-01-30T17:41:27.905+0000] {dag.py:3033} INFO - Sync 1 DAGs
[2024-01-30T17:41:27.953+0000] {logging_mixin.py:188} INFO - [2024-01-30T17:41:27.952+0000] {dag.py:3820} INFO - Setting next_dagrun for dog_api_pipeline to None, run_after=None
[2024-01-30T17:41:28.011+0000] {processor.py:183} INFO - Processing /opt/airflow/dags/dog_api_pipeline.py took 0.227 seconds
[2024-01-30T17:41:58.177+0000] {processor.py:161} INFO - Started process (PID=3288) to work on /opt/airflow/dags/dog_api_pipeline.py
[2024-01-30T17:41:58.179+0000] {processor.py:830} INFO - Processing file /opt/airflow/dags/dog_api_pipeline.py for tasks to queue
[2024-01-30T17:41:58.182+0000] {logging_mixin.py:188} INFO - [2024-01-30T17:41:58.181+0000] {dagbag.py:538} INFO - Filling up the DagBag from /opt/airflow/dags/dog_api_pipeline.py
[2024-01-30T17:41:58.213+0000] {processor.py:840} INFO - DAG(s) 'dog_api_pipeline' retrieved from /opt/airflow/dags/dog_api_pipeline.py
[2024-01-30T17:41:58.290+0000] {logging_mixin.py:188} INFO - [2024-01-30T17:41:58.289+0000] {dag.py:3033} INFO - Sync 1 DAGs
[2024-01-30T17:41:58.338+0000] {logging_mixin.py:188} INFO - [2024-01-30T17:41:58.337+0000] {dag.py:3820} INFO - Setting next_dagrun for dog_api_pipeline to None, run_after=None
[2024-01-30T17:41:58.395+0000] {processor.py:183} INFO - Processing /opt/airflow/dags/dog_api_pipeline.py took 0.226 seconds
[2024-01-30T17:42:28.693+0000] {processor.py:161} INFO - Started process (PID=3325) to work on /opt/airflow/dags/dog_api_pipeline.py
[2024-01-30T17:42:28.697+0000] {processor.py:830} INFO - Processing file /opt/airflow/dags/dog_api_pipeline.py for tasks to queue
[2024-01-30T17:42:28.700+0000] {logging_mixin.py:188} INFO - [2024-01-30T17:42:28.699+0000] {dagbag.py:538} INFO - Filling up the DagBag from /opt/airflow/dags/dog_api_pipeline.py
[2024-01-30T17:42:28.730+0000] {processor.py:840} INFO - DAG(s) 'dog_api_pipeline' retrieved from /opt/airflow/dags/dog_api_pipeline.py
[2024-01-30T17:42:28.805+0000] {logging_mixin.py:188} INFO - [2024-01-30T17:42:28.804+0000] {dag.py:3033} INFO - Sync 1 DAGs
[2024-01-30T17:42:28.851+0000] {logging_mixin.py:188} INFO - [2024-01-30T17:42:28.850+0000] {dag.py:3820} INFO - Setting next_dagrun for dog_api_pipeline to None, run_after=None
[2024-01-30T17:42:28.927+0000] {processor.py:183} INFO - Processing /opt/airflow/dags/dog_api_pipeline.py took 0.245 seconds
[2024-01-30T17:42:59.580+0000] {processor.py:161} INFO - Started process (PID=3417) to work on /opt/airflow/dags/dog_api_pipeline.py
[2024-01-30T17:42:59.582+0000] {processor.py:830} INFO - Processing file /opt/airflow/dags/dog_api_pipeline.py for tasks to queue
[2024-01-30T17:42:59.586+0000] {logging_mixin.py:188} INFO - [2024-01-30T17:42:59.585+0000] {dagbag.py:538} INFO - Filling up the DagBag from /opt/airflow/dags/dog_api_pipeline.py
[2024-01-30T17:42:59.617+0000] {processor.py:840} INFO - DAG(s) 'dog_api_pipeline' retrieved from /opt/airflow/dags/dog_api_pipeline.py
[2024-01-30T17:42:59.695+0000] {logging_mixin.py:188} INFO - [2024-01-30T17:42:59.694+0000] {dag.py:3033} INFO - Sync 1 DAGs
[2024-01-30T17:42:59.748+0000] {logging_mixin.py:188} INFO - [2024-01-30T17:42:59.747+0000] {dag.py:3820} INFO - Setting next_dagrun for dog_api_pipeline to None, run_after=None
[2024-01-30T17:42:59.808+0000] {processor.py:183} INFO - Processing /opt/airflow/dags/dog_api_pipeline.py took 0.237 seconds
[2024-01-30T17:43:29.923+0000] {processor.py:161} INFO - Started process (PID=3487) to work on /opt/airflow/dags/dog_api_pipeline.py
[2024-01-30T17:43:29.925+0000] {processor.py:830} INFO - Processing file /opt/airflow/dags/dog_api_pipeline.py for tasks to queue
[2024-01-30T17:43:29.929+0000] {logging_mixin.py:188} INFO - [2024-01-30T17:43:29.928+0000] {dagbag.py:538} INFO - Filling up the DagBag from /opt/airflow/dags/dog_api_pipeline.py
[2024-01-30T17:43:29.964+0000] {processor.py:840} INFO - DAG(s) 'dog_api_pipeline' retrieved from /opt/airflow/dags/dog_api_pipeline.py
[2024-01-30T17:43:30.042+0000] {logging_mixin.py:188} INFO - [2024-01-30T17:43:30.041+0000] {dag.py:3033} INFO - Sync 1 DAGs
[2024-01-30T17:43:30.093+0000] {logging_mixin.py:188} INFO - [2024-01-30T17:43:30.092+0000] {dag.py:3820} INFO - Setting next_dagrun for dog_api_pipeline to None, run_after=None
[2024-01-30T17:43:30.151+0000] {processor.py:183} INFO - Processing /opt/airflow/dags/dog_api_pipeline.py took 0.235 seconds
[2024-01-30T17:44:00.378+0000] {processor.py:161} INFO - Started process (PID=3551) to work on /opt/airflow/dags/dog_api_pipeline.py
[2024-01-30T17:44:00.380+0000] {processor.py:830} INFO - Processing file /opt/airflow/dags/dog_api_pipeline.py for tasks to queue
[2024-01-30T17:44:00.383+0000] {logging_mixin.py:188} INFO - [2024-01-30T17:44:00.382+0000] {dagbag.py:538} INFO - Filling up the DagBag from /opt/airflow/dags/dog_api_pipeline.py
[2024-01-30T17:44:00.419+0000] {processor.py:840} INFO - DAG(s) 'dog_api_pipeline' retrieved from /opt/airflow/dags/dog_api_pipeline.py
[2024-01-30T17:44:00.514+0000] {logging_mixin.py:188} INFO - [2024-01-30T17:44:00.512+0000] {dag.py:3033} INFO - Sync 1 DAGs
[2024-01-30T17:44:00.569+0000] {logging_mixin.py:188} INFO - [2024-01-30T17:44:00.568+0000] {dag.py:3820} INFO - Setting next_dagrun for dog_api_pipeline to None, run_after=None
[2024-01-30T17:44:00.638+0000] {processor.py:183} INFO - Processing /opt/airflow/dags/dog_api_pipeline.py took 0.268 seconds
[2024-01-30T17:44:30.792+0000] {processor.py:161} INFO - Started process (PID=3622) to work on /opt/airflow/dags/dog_api_pipeline.py
[2024-01-30T17:44:30.795+0000] {processor.py:830} INFO - Processing file /opt/airflow/dags/dog_api_pipeline.py for tasks to queue
[2024-01-30T17:44:30.799+0000] {logging_mixin.py:188} INFO - [2024-01-30T17:44:30.798+0000] {dagbag.py:538} INFO - Filling up the DagBag from /opt/airflow/dags/dog_api_pipeline.py
[2024-01-30T17:44:30.848+0000] {processor.py:840} INFO - DAG(s) 'dog_api_pipeline' retrieved from /opt/airflow/dags/dog_api_pipeline.py
[2024-01-30T17:44:30.935+0000] {logging_mixin.py:188} INFO - [2024-01-30T17:44:30.934+0000] {dag.py:3033} INFO - Sync 1 DAGs
[2024-01-30T17:44:30.990+0000] {logging_mixin.py:188} INFO - [2024-01-30T17:44:30.989+0000] {dag.py:3820} INFO - Setting next_dagrun for dog_api_pipeline to None, run_after=None
[2024-01-30T17:44:31.060+0000] {processor.py:183} INFO - Processing /opt/airflow/dags/dog_api_pipeline.py took 0.274 seconds
[2024-01-30T17:45:01.279+0000] {processor.py:161} INFO - Started process (PID=3680) to work on /opt/airflow/dags/dog_api_pipeline.py
[2024-01-30T17:45:01.283+0000] {processor.py:830} INFO - Processing file /opt/airflow/dags/dog_api_pipeline.py for tasks to queue
[2024-01-30T17:45:01.286+0000] {logging_mixin.py:188} INFO - [2024-01-30T17:45:01.285+0000] {dagbag.py:538} INFO - Filling up the DagBag from /opt/airflow/dags/dog_api_pipeline.py
[2024-01-30T17:45:01.321+0000] {processor.py:840} INFO - DAG(s) 'dog_api_pipeline' retrieved from /opt/airflow/dags/dog_api_pipeline.py
[2024-01-30T17:45:01.418+0000] {logging_mixin.py:188} INFO - [2024-01-30T17:45:01.417+0000] {dag.py:3033} INFO - Sync 1 DAGs
[2024-01-30T17:45:01.469+0000] {logging_mixin.py:188} INFO - [2024-01-30T17:45:01.468+0000] {dag.py:3820} INFO - Setting next_dagrun for dog_api_pipeline to None, run_after=None
[2024-01-30T17:45:01.536+0000] {processor.py:183} INFO - Processing /opt/airflow/dags/dog_api_pipeline.py took 0.264 seconds
[2024-01-30T17:45:32.025+0000] {processor.py:161} INFO - Started process (PID=3745) to work on /opt/airflow/dags/dog_api_pipeline.py
[2024-01-30T17:45:32.028+0000] {processor.py:830} INFO - Processing file /opt/airflow/dags/dog_api_pipeline.py for tasks to queue
[2024-01-30T17:45:32.032+0000] {logging_mixin.py:188} INFO - [2024-01-30T17:45:32.031+0000] {dagbag.py:538} INFO - Filling up the DagBag from /opt/airflow/dags/dog_api_pipeline.py
[2024-01-30T17:45:32.066+0000] {processor.py:840} INFO - DAG(s) 'dog_api_pipeline' retrieved from /opt/airflow/dags/dog_api_pipeline.py
[2024-01-30T17:45:32.145+0000] {logging_mixin.py:188} INFO - [2024-01-30T17:45:32.144+0000] {dag.py:3033} INFO - Sync 1 DAGs
[2024-01-30T17:45:32.197+0000] {logging_mixin.py:188} INFO - [2024-01-30T17:45:32.196+0000] {dag.py:3820} INFO - Setting next_dagrun for dog_api_pipeline to None, run_after=None
[2024-01-30T17:45:32.258+0000] {processor.py:183} INFO - Processing /opt/airflow/dags/dog_api_pipeline.py took 0.242 seconds
[2024-01-30T17:46:02.367+0000] {processor.py:161} INFO - Started process (PID=3785) to work on /opt/airflow/dags/dog_api_pipeline.py
[2024-01-30T17:46:02.370+0000] {processor.py:830} INFO - Processing file /opt/airflow/dags/dog_api_pipeline.py for tasks to queue
[2024-01-30T17:46:02.373+0000] {logging_mixin.py:188} INFO - [2024-01-30T17:46:02.372+0000] {dagbag.py:538} INFO - Filling up the DagBag from /opt/airflow/dags/dog_api_pipeline.py
[2024-01-30T17:46:02.406+0000] {processor.py:840} INFO - DAG(s) 'dog_api_pipeline' retrieved from /opt/airflow/dags/dog_api_pipeline.py
[2024-01-30T17:46:02.488+0000] {logging_mixin.py:188} INFO - [2024-01-30T17:46:02.487+0000] {dag.py:3033} INFO - Sync 1 DAGs
[2024-01-30T17:46:02.537+0000] {logging_mixin.py:188} INFO - [2024-01-30T17:46:02.536+0000] {dag.py:3820} INFO - Setting next_dagrun for dog_api_pipeline to None, run_after=None
[2024-01-30T17:46:02.595+0000] {processor.py:183} INFO - Processing /opt/airflow/dags/dog_api_pipeline.py took 0.236 seconds
[2024-01-30T17:46:32.839+0000] {processor.py:161} INFO - Started process (PID=3835) to work on /opt/airflow/dags/dog_api_pipeline.py
[2024-01-30T17:46:32.842+0000] {processor.py:830} INFO - Processing file /opt/airflow/dags/dog_api_pipeline.py for tasks to queue
[2024-01-30T17:46:32.845+0000] {logging_mixin.py:188} INFO - [2024-01-30T17:46:32.844+0000] {dagbag.py:538} INFO - Filling up the DagBag from /opt/airflow/dags/dog_api_pipeline.py
[2024-01-30T17:46:32.879+0000] {processor.py:840} INFO - DAG(s) 'dog_api_pipeline' retrieved from /opt/airflow/dags/dog_api_pipeline.py
[2024-01-30T17:46:32.959+0000] {logging_mixin.py:188} INFO - [2024-01-30T17:46:32.958+0000] {dag.py:3033} INFO - Sync 1 DAGs
[2024-01-30T17:46:33.008+0000] {logging_mixin.py:188} INFO - [2024-01-30T17:46:33.007+0000] {dag.py:3820} INFO - Setting next_dagrun for dog_api_pipeline to None, run_after=None
[2024-01-30T17:46:33.072+0000] {processor.py:183} INFO - Processing /opt/airflow/dags/dog_api_pipeline.py took 0.240 seconds
[2024-01-30T17:47:03.265+0000] {processor.py:161} INFO - Started process (PID=3872) to work on /opt/airflow/dags/dog_api_pipeline.py
[2024-01-30T17:47:03.268+0000] {processor.py:830} INFO - Processing file /opt/airflow/dags/dog_api_pipeline.py for tasks to queue
[2024-01-30T17:47:03.271+0000] {logging_mixin.py:188} INFO - [2024-01-30T17:47:03.270+0000] {dagbag.py:538} INFO - Filling up the DagBag from /opt/airflow/dags/dog_api_pipeline.py
[2024-01-30T17:47:03.304+0000] {processor.py:840} INFO - DAG(s) 'dog_api_pipeline' retrieved from /opt/airflow/dags/dog_api_pipeline.py
[2024-01-30T17:47:03.381+0000] {logging_mixin.py:188} INFO - [2024-01-30T17:47:03.380+0000] {dag.py:3033} INFO - Sync 1 DAGs
[2024-01-30T17:47:03.432+0000] {logging_mixin.py:188} INFO - [2024-01-30T17:47:03.430+0000] {dag.py:3820} INFO - Setting next_dagrun for dog_api_pipeline to None, run_after=None
[2024-01-30T17:47:03.503+0000] {processor.py:183} INFO - Processing /opt/airflow/dags/dog_api_pipeline.py took 0.246 seconds
[2024-01-30T17:47:33.834+0000] {processor.py:161} INFO - Started process (PID=3922) to work on /opt/airflow/dags/dog_api_pipeline.py
[2024-01-30T17:47:33.836+0000] {processor.py:830} INFO - Processing file /opt/airflow/dags/dog_api_pipeline.py for tasks to queue
[2024-01-30T17:47:33.839+0000] {logging_mixin.py:188} INFO - [2024-01-30T17:47:33.838+0000] {dagbag.py:538} INFO - Filling up the DagBag from /opt/airflow/dags/dog_api_pipeline.py
[2024-01-30T17:47:33.870+0000] {processor.py:840} INFO - DAG(s) 'dog_api_pipeline' retrieved from /opt/airflow/dags/dog_api_pipeline.py
[2024-01-30T17:47:33.948+0000] {logging_mixin.py:188} INFO - [2024-01-30T17:47:33.947+0000] {dag.py:3033} INFO - Sync 1 DAGs
[2024-01-30T17:47:33.997+0000] {logging_mixin.py:188} INFO - [2024-01-30T17:47:33.996+0000] {dag.py:3820} INFO - Setting next_dagrun for dog_api_pipeline to None, run_after=None
[2024-01-30T17:47:34.053+0000] {processor.py:183} INFO - Processing /opt/airflow/dags/dog_api_pipeline.py took 0.227 seconds
[2024-01-30T18:05:24.137+0000] {processor.py:161} INFO - Started process (PID=3948) to work on /opt/airflow/dags/dog_api_pipeline.py
[2024-01-30T18:05:24.144+0000] {processor.py:830} INFO - Processing file /opt/airflow/dags/dog_api_pipeline.py for tasks to queue
[2024-01-30T18:05:24.151+0000] {logging_mixin.py:188} INFO - [2024-01-30T18:05:24.149+0000] {dagbag.py:538} INFO - Filling up the DagBag from /opt/airflow/dags/dog_api_pipeline.py
[2024-01-30T18:05:24.236+0000] {processor.py:840} INFO - DAG(s) 'dog_api_pipeline' retrieved from /opt/airflow/dags/dog_api_pipeline.py
[2024-01-30T18:05:24.338+0000] {logging_mixin.py:188} INFO - [2024-01-30T18:05:24.337+0000] {dag.py:3033} INFO - Sync 1 DAGs
[2024-01-30T18:05:24.388+0000] {logging_mixin.py:188} INFO - [2024-01-30T18:05:24.388+0000] {dag.py:3820} INFO - Setting next_dagrun for dog_api_pipeline to None, run_after=None
[2024-01-30T18:05:24.449+0000] {processor.py:183} INFO - Processing /opt/airflow/dags/dog_api_pipeline.py took 0.327 seconds
[2024-01-30T18:19:14.418+0000] {processor.py:161} INFO - Started process (PID=4000) to work on /opt/airflow/dags/dog_api_pipeline.py
[2024-01-30T18:19:14.420+0000] {processor.py:830} INFO - Processing file /opt/airflow/dags/dog_api_pipeline.py for tasks to queue
[2024-01-30T18:19:14.423+0000] {logging_mixin.py:188} INFO - [2024-01-30T18:19:14.423+0000] {dagbag.py:538} INFO - Filling up the DagBag from /opt/airflow/dags/dog_api_pipeline.py
[2024-01-30T18:19:14.456+0000] {processor.py:840} INFO - DAG(s) 'dog_api_pipeline' retrieved from /opt/airflow/dags/dog_api_pipeline.py
[2024-01-30T18:19:14.538+0000] {logging_mixin.py:188} INFO - [2024-01-30T18:19:14.537+0000] {dag.py:3033} INFO - Sync 1 DAGs
[2024-01-30T18:19:14.590+0000] {logging_mixin.py:188} INFO - [2024-01-30T18:19:14.589+0000] {dag.py:3820} INFO - Setting next_dagrun for dog_api_pipeline to None, run_after=None
[2024-01-30T18:19:14.653+0000] {processor.py:183} INFO - Processing /opt/airflow/dags/dog_api_pipeline.py took 0.242 seconds
[2024-01-30T19:09:28.046+0000] {processor.py:161} INFO - Started process (PID=4046) to work on /opt/airflow/dags/dog_api_pipeline.py
[2024-01-30T19:09:28.050+0000] {processor.py:830} INFO - Processing file /opt/airflow/dags/dog_api_pipeline.py for tasks to queue
[2024-01-30T19:09:28.058+0000] {logging_mixin.py:188} INFO - [2024-01-30T19:09:28.056+0000] {dagbag.py:538} INFO - Filling up the DagBag from /opt/airflow/dags/dog_api_pipeline.py
[2024-01-30T19:09:28.129+0000] {processor.py:840} INFO - DAG(s) 'dog_api_pipeline' retrieved from /opt/airflow/dags/dog_api_pipeline.py
[2024-01-30T19:09:28.298+0000] {logging_mixin.py:188} INFO - [2024-01-30T19:09:28.297+0000] {dag.py:3033} INFO - Sync 1 DAGs
[2024-01-30T19:09:28.406+0000] {logging_mixin.py:188} INFO - [2024-01-30T19:09:28.405+0000] {dag.py:3820} INFO - Setting next_dagrun for dog_api_pipeline to None, run_after=None
[2024-01-30T19:09:28.536+0000] {processor.py:183} INFO - Processing /opt/airflow/dags/dog_api_pipeline.py took 0.507 seconds
[2024-01-30T20:46:48.366+0000] {processor.py:161} INFO - Started process (PID=4095) to work on /opt/airflow/dags/dog_api_pipeline.py
[2024-01-30T20:46:48.371+0000] {processor.py:830} INFO - Processing file /opt/airflow/dags/dog_api_pipeline.py for tasks to queue
[2024-01-30T20:46:48.384+0000] {logging_mixin.py:188} INFO - [2024-01-30T20:46:48.377+0000] {dagbag.py:538} INFO - Filling up the DagBag from /opt/airflow/dags/dog_api_pipeline.py
[2024-01-30T20:46:48.498+0000] {processor.py:840} INFO - DAG(s) 'dog_api_pipeline' retrieved from /opt/airflow/dags/dog_api_pipeline.py
[2024-01-30T20:46:48.668+0000] {logging_mixin.py:188} INFO - [2024-01-30T20:46:48.667+0000] {dag.py:3033} INFO - Sync 1 DAGs
[2024-01-30T20:46:48.762+0000] {logging_mixin.py:188} INFO - [2024-01-30T20:46:48.761+0000] {dag.py:3820} INFO - Setting next_dagrun for dog_api_pipeline to None, run_after=None
[2024-01-30T20:46:48.886+0000] {processor.py:183} INFO - Processing /opt/airflow/dags/dog_api_pipeline.py took 0.550 seconds
[2024-01-30T22:08:13.082+0000] {processor.py:161} INFO - Started process (PID=4137) to work on /opt/airflow/dags/dog_api_pipeline.py
[2024-01-30T22:08:13.087+0000] {processor.py:830} INFO - Processing file /opt/airflow/dags/dog_api_pipeline.py for tasks to queue
[2024-01-30T22:08:13.093+0000] {logging_mixin.py:188} INFO - [2024-01-30T22:08:13.091+0000] {dagbag.py:538} INFO - Filling up the DagBag from /opt/airflow/dags/dog_api_pipeline.py
[2024-01-30T22:08:13.176+0000] {processor.py:840} INFO - DAG(s) 'dog_api_pipeline' retrieved from /opt/airflow/dags/dog_api_pipeline.py
[2024-01-30T22:08:13.349+0000] {logging_mixin.py:188} INFO - [2024-01-30T22:08:13.347+0000] {dag.py:3033} INFO - Sync 1 DAGs
[2024-01-30T22:08:13.496+0000] {logging_mixin.py:188} INFO - [2024-01-30T22:08:13.494+0000] {dag.py:3820} INFO - Setting next_dagrun for dog_api_pipeline to None, run_after=None
[2024-01-30T22:08:13.748+0000] {processor.py:183} INFO - Processing /opt/airflow/dags/dog_api_pipeline.py took 0.684 seconds
[2024-01-30T23:45:53.586+0000] {processor.py:161} INFO - Started process (PID=4182) to work on /opt/airflow/dags/dog_api_pipeline.py
[2024-01-30T23:45:53.607+0000] {processor.py:830} INFO - Processing file /opt/airflow/dags/dog_api_pipeline.py for tasks to queue
[2024-01-30T23:45:53.623+0000] {logging_mixin.py:188} INFO - [2024-01-30T23:45:53.621+0000] {dagbag.py:538} INFO - Filling up the DagBag from /opt/airflow/dags/dog_api_pipeline.py
[2024-01-30T23:45:53.764+0000] {processor.py:840} INFO - DAG(s) 'dog_api_pipeline' retrieved from /opt/airflow/dags/dog_api_pipeline.py
[2024-01-30T23:45:54.036+0000] {logging_mixin.py:188} INFO - [2024-01-30T23:45:54.035+0000] {dag.py:3033} INFO - Sync 1 DAGs
[2024-01-30T23:45:54.132+0000] {logging_mixin.py:188} INFO - [2024-01-30T23:45:54.130+0000] {dag.py:3820} INFO - Setting next_dagrun for dog_api_pipeline to None, run_after=None
[2024-01-30T23:45:54.273+0000] {processor.py:183} INFO - Processing /opt/airflow/dags/dog_api_pipeline.py took 0.745 seconds
