[2024-01-30T17:28:55.019+0000] {processor.py:161} INFO - Started process (PID=1707) to work on /opt/airflow/dags/weather_api_dag.py
[2024-01-30T17:28:55.022+0000] {processor.py:830} INFO - Processing file /opt/airflow/dags/weather_api_dag.py for tasks to queue
[2024-01-30T17:28:55.026+0000] {logging_mixin.py:188} INFO - [2024-01-30T17:28:55.025+0000] {dagbag.py:538} INFO - Filling up the DagBag from /opt/airflow/dags/weather_api_dag.py
[2024-01-30T17:28:55.084+0000] {processor.py:840} INFO - DAG(s) 'day_3_dag' retrieved from /opt/airflow/dags/weather_api_dag.py
[2024-01-30T17:28:55.606+0000] {logging_mixin.py:188} INFO - [2024-01-30T17:28:55.605+0000] {dag.py:3033} INFO - Sync 1 DAGs
[2024-01-30T17:28:55.701+0000] {logging_mixin.py:188} INFO - [2024-01-30T17:28:55.700+0000] {dag.py:3820} INFO - Setting next_dagrun for day_3_dag to 2024-01-03T18:00:00+00:00, run_after=2024-02-03T18:00:00+00:00
[2024-01-30T17:28:55.777+0000] {processor.py:183} INFO - Processing /opt/airflow/dags/weather_api_dag.py took 0.765 seconds
[2024-01-30T17:29:01.905+0000] {processor.py:161} INFO - Started process (PID=1713) to work on /opt/airflow/dags/weather_api_dag.py
[2024-01-30T17:29:01.908+0000] {processor.py:830} INFO - Processing file /opt/airflow/dags/weather_api_dag.py for tasks to queue
[2024-01-30T17:29:01.911+0000] {logging_mixin.py:188} INFO - [2024-01-30T17:29:01.910+0000] {dagbag.py:538} INFO - Filling up the DagBag from /opt/airflow/dags/weather_api_dag.py
[2024-01-30T17:29:01.969+0000] {processor.py:840} INFO - DAG(s) 'weather_api_dag' retrieved from /opt/airflow/dags/weather_api_dag.py
[2024-01-30T17:29:02.470+0000] {logging_mixin.py:188} INFO - [2024-01-30T17:29:02.467+0000] {override.py:1769} INFO - Created Permission View: can edit on DAG:weather_api_dag
[2024-01-30T17:29:02.515+0000] {logging_mixin.py:188} INFO - [2024-01-30T17:29:02.514+0000] {override.py:1769} INFO - Created Permission View: can read on DAG:weather_api_dag
[2024-01-30T17:29:02.542+0000] {logging_mixin.py:188} INFO - [2024-01-30T17:29:02.540+0000] {override.py:1769} INFO - Created Permission View: can delete on DAG:weather_api_dag
[2024-01-30T17:29:02.545+0000] {logging_mixin.py:188} INFO - [2024-01-30T17:29:02.544+0000] {dag.py:3033} INFO - Sync 1 DAGs
[2024-01-30T17:29:02.604+0000] {logging_mixin.py:188} INFO - [2024-01-30T17:29:02.602+0000] {dag.py:3055} INFO - Creating ORM DAG for weather_api_dag
[2024-01-30T17:29:02.653+0000] {logging_mixin.py:188} INFO - [2024-01-30T17:29:02.652+0000] {dag.py:3820} INFO - Setting next_dagrun for weather_api_dag to 2024-01-03T18:00:00+00:00, run_after=2024-02-03T18:00:00+00:00
[2024-01-30T17:29:02.716+0000] {processor.py:183} INFO - Processing /opt/airflow/dags/weather_api_dag.py took 0.820 seconds
[2024-01-30T17:29:10.686+0000] {processor.py:161} INFO - Started process (PID=1744) to work on /opt/airflow/dags/weather_api_dag.py
[2024-01-30T17:29:10.689+0000] {processor.py:830} INFO - Processing file /opt/airflow/dags/weather_api_dag.py for tasks to queue
[2024-01-30T17:29:10.693+0000] {logging_mixin.py:188} INFO - [2024-01-30T17:29:10.692+0000] {dagbag.py:538} INFO - Filling up the DagBag from /opt/airflow/dags/weather_api_dag.py
[2024-01-30T17:29:10.724+0000] {logging_mixin.py:188} INFO - [2024-01-30T17:29:10.718+0000] {dagbag.py:348} ERROR - Failed to import: /opt/airflow/dags/weather_api_dag.py
Traceback (most recent call last):
  File "/home/airflow/.local/lib/python3.8/site-packages/airflow/models/dagbag.py", line 344, in parse
    loader.exec_module(new_module)
  File "<frozen importlib._bootstrap_external>", line 843, in exec_module
  File "<frozen importlib._bootstrap>", line 219, in _call_with_frames_removed
  File "/opt/airflow/dags/weather_api_dag.py", line 5, in <module>
    with DAG(
TypeError: __init__() got an unexpected keyword argument 'schedulel'
[2024-01-30T17:29:10.726+0000] {processor.py:842} WARNING - No viable dags retrieved from /opt/airflow/dags/weather_api_dag.py
[2024-01-30T17:29:10.773+0000] {processor.py:183} INFO - Processing /opt/airflow/dags/weather_api_dag.py took 0.094 seconds
[2024-01-30T17:29:12.728+0000] {processor.py:161} INFO - Started process (PID=1750) to work on /opt/airflow/dags/weather_api_dag.py
[2024-01-30T17:29:12.731+0000] {processor.py:830} INFO - Processing file /opt/airflow/dags/weather_api_dag.py for tasks to queue
[2024-01-30T17:29:12.735+0000] {logging_mixin.py:188} INFO - [2024-01-30T17:29:12.734+0000] {dagbag.py:538} INFO - Filling up the DagBag from /opt/airflow/dags/weather_api_dag.py
[2024-01-30T17:29:12.793+0000] {processor.py:840} INFO - DAG(s) 'weather_api_dag' retrieved from /opt/airflow/dags/weather_api_dag.py
[2024-01-30T17:29:12.823+0000] {logging_mixin.py:188} INFO - [2024-01-30T17:29:12.822+0000] {dag.py:3033} INFO - Sync 1 DAGs
[2024-01-30T17:29:12.930+0000] {logging_mixin.py:188} INFO - [2024-01-30T17:29:12.929+0000] {dag.py:3820} INFO - Setting next_dagrun for weather_api_dag to 2024-01-03T18:00:00+00:00, run_after=2024-02-03T18:00:00+00:00
[2024-01-30T17:29:13.015+0000] {processor.py:183} INFO - Processing /opt/airflow/dags/weather_api_dag.py took 0.298 seconds
[2024-01-30T17:29:16.892+0000] {processor.py:161} INFO - Started process (PID=1756) to work on /opt/airflow/dags/weather_api_dag.py
[2024-01-30T17:29:16.895+0000] {processor.py:830} INFO - Processing file /opt/airflow/dags/weather_api_dag.py for tasks to queue
[2024-01-30T17:29:16.899+0000] {logging_mixin.py:188} INFO - [2024-01-30T17:29:16.898+0000] {dagbag.py:538} INFO - Filling up the DagBag from /opt/airflow/dags/weather_api_dag.py
[2024-01-30T17:29:16.953+0000] {processor.py:840} INFO - DAG(s) 'weather_api_dag' retrieved from /opt/airflow/dags/weather_api_dag.py
[2024-01-30T17:29:16.980+0000] {logging_mixin.py:188} INFO - [2024-01-30T17:29:16.979+0000] {dag.py:3033} INFO - Sync 1 DAGs
[2024-01-30T17:29:17.079+0000] {logging_mixin.py:188} INFO - [2024-01-30T17:29:17.078+0000] {dag.py:3820} INFO - Setting next_dagrun for weather_api_dag to 2024-01-03T00:00:00+00:00, run_after=2024-01-03T01:00:00+00:00
[2024-01-30T17:29:17.152+0000] {processor.py:183} INFO - Processing /opt/airflow/dags/weather_api_dag.py took 0.267 seconds
[2024-01-30T17:29:21.153+0000] {processor.py:161} INFO - Started process (PID=1762) to work on /opt/airflow/dags/weather_api_dag.py
[2024-01-30T17:29:21.155+0000] {processor.py:830} INFO - Processing file /opt/airflow/dags/weather_api_dag.py for tasks to queue
[2024-01-30T17:29:21.160+0000] {logging_mixin.py:188} INFO - [2024-01-30T17:29:21.158+0000] {dagbag.py:538} INFO - Filling up the DagBag from /opt/airflow/dags/weather_api_dag.py
[2024-01-30T17:29:21.221+0000] {processor.py:840} INFO - DAG(s) 'weather_api_dag' retrieved from /opt/airflow/dags/weather_api_dag.py
[2024-01-30T17:29:21.252+0000] {logging_mixin.py:188} INFO - [2024-01-30T17:29:21.251+0000] {dag.py:3033} INFO - Sync 1 DAGs
[2024-01-30T17:29:21.354+0000] {logging_mixin.py:188} INFO - [2024-01-30T17:29:21.353+0000] {dag.py:3820} INFO - Setting next_dagrun for weather_api_dag to 2024-01-03T00:00:00+00:00, run_after=2024-01-03T01:00:00+00:00
[2024-01-30T17:29:21.437+0000] {processor.py:183} INFO - Processing /opt/airflow/dags/weather_api_dag.py took 0.293 seconds
[2024-01-30T17:29:26.622+0000] {processor.py:161} INFO - Started process (PID=1774) to work on /opt/airflow/dags/weather_api_dag.py
[2024-01-30T17:29:26.625+0000] {processor.py:830} INFO - Processing file /opt/airflow/dags/weather_api_dag.py for tasks to queue
[2024-01-30T17:29:26.629+0000] {logging_mixin.py:188} INFO - [2024-01-30T17:29:26.628+0000] {dagbag.py:538} INFO - Filling up the DagBag from /opt/airflow/dags/weather_api_dag.py
[2024-01-30T17:29:26.721+0000] {processor.py:840} INFO - DAG(s) 'weather_api_dag' retrieved from /opt/airflow/dags/weather_api_dag.py
[2024-01-30T17:29:26.753+0000] {logging_mixin.py:188} INFO - [2024-01-30T17:29:26.751+0000] {dag.py:3033} INFO - Sync 1 DAGs
[2024-01-30T17:29:26.894+0000] {logging_mixin.py:188} INFO - [2024-01-30T17:29:26.893+0000] {dag.py:3820} INFO - Setting next_dagrun for weather_api_dag to 2024-01-27T00:00:00+00:00, run_after=2024-01-27T01:00:00+00:00
[2024-01-30T17:29:26.968+0000] {processor.py:183} INFO - Processing /opt/airflow/dags/weather_api_dag.py took 0.354 seconds
[2024-01-30T17:29:31.107+0000] {processor.py:161} INFO - Started process (PID=1793) to work on /opt/airflow/dags/weather_api_dag.py
[2024-01-30T17:29:31.112+0000] {processor.py:830} INFO - Processing file /opt/airflow/dags/weather_api_dag.py for tasks to queue
[2024-01-30T17:29:31.117+0000] {logging_mixin.py:188} INFO - [2024-01-30T17:29:31.116+0000] {dagbag.py:538} INFO - Filling up the DagBag from /opt/airflow/dags/weather_api_dag.py
[2024-01-30T17:29:31.183+0000] {processor.py:840} INFO - DAG(s) 'weather_api_dag' retrieved from /opt/airflow/dags/weather_api_dag.py
[2024-01-30T17:29:31.213+0000] {logging_mixin.py:188} INFO - [2024-01-30T17:29:31.212+0000] {dag.py:3033} INFO - Sync 1 DAGs
[2024-01-30T17:29:31.335+0000] {logging_mixin.py:188} INFO - [2024-01-30T17:29:31.333+0000] {dag.py:3820} INFO - Setting next_dagrun for weather_api_dag to 2024-01-27T00:00:00+00:00, run_after=2024-01-27T01:00:00+00:00
[2024-01-30T17:29:31.415+0000] {processor.py:183} INFO - Processing /opt/airflow/dags/weather_api_dag.py took 0.322 seconds
[2024-01-30T17:29:35.564+0000] {processor.py:161} INFO - Started process (PID=1799) to work on /opt/airflow/dags/weather_api_dag.py
[2024-01-30T17:29:35.566+0000] {processor.py:830} INFO - Processing file /opt/airflow/dags/weather_api_dag.py for tasks to queue
[2024-01-30T17:29:35.570+0000] {logging_mixin.py:188} INFO - [2024-01-30T17:29:35.569+0000] {dagbag.py:538} INFO - Filling up the DagBag from /opt/airflow/dags/weather_api_dag.py
[2024-01-30T17:29:35.610+0000] {logging_mixin.py:188} INFO - [2024-01-30T17:29:35.605+0000] {dagbag.py:348} ERROR - Failed to import: /opt/airflow/dags/weather_api_dag.py
Traceback (most recent call last):
  File "/home/airflow/.local/lib/python3.8/site-packages/airflow/models/dagbag.py", line 344, in parse
    loader.exec_module(new_module)
  File "<frozen importlib._bootstrap_external>", line 843, in exec_module
  File "<frozen importlib._bootstrap>", line 219, in _call_with_frames_removed
  File "/opt/airflow/dags/weather_api_dag.py", line 15, in <module>
    get_weather_
NameError: name 'get_weather_' is not defined
[2024-01-30T17:29:35.613+0000] {processor.py:842} WARNING - No viable dags retrieved from /opt/airflow/dags/weather_api_dag.py
[2024-01-30T17:29:35.665+0000] {processor.py:183} INFO - Processing /opt/airflow/dags/weather_api_dag.py took 0.111 seconds
[2024-01-30T17:29:38.764+0000] {processor.py:161} INFO - Started process (PID=1811) to work on /opt/airflow/dags/weather_api_dag.py
[2024-01-30T17:29:38.768+0000] {processor.py:830} INFO - Processing file /opt/airflow/dags/weather_api_dag.py for tasks to queue
[2024-01-30T17:29:38.773+0000] {logging_mixin.py:188} INFO - [2024-01-30T17:29:38.772+0000] {dagbag.py:538} INFO - Filling up the DagBag from /opt/airflow/dags/weather_api_dag.py
[2024-01-30T17:29:38.793+0000] {logging_mixin.py:188} INFO - [2024-01-30T17:29:38.789+0000] {dagbag.py:348} ERROR - Failed to import: /opt/airflow/dags/weather_api_dag.py
Traceback (most recent call last):
  File "/home/airflow/.local/lib/python3.8/site-packages/airflow/models/dagbag.py", line 344, in parse
    loader.exec_module(new_module)
  File "<frozen importlib._bootstrap_external>", line 839, in exec_module
  File "<frozen importlib._bootstrap_external>", line 976, in get_code
  File "<frozen importlib._bootstrap_external>", line 906, in source_to_code
  File "<frozen importlib._bootstrap>", line 219, in _call_with_frames_removed
  File "/opt/airflow/dags/weather_api_dag.py", line 22
    task_1 >> task_2
    ^
SyntaxError: invalid syntax
[2024-01-30T17:29:38.795+0000] {processor.py:842} WARNING - No viable dags retrieved from /opt/airflow/dags/weather_api_dag.py
[2024-01-30T17:29:38.857+0000] {processor.py:183} INFO - Processing /opt/airflow/dags/weather_api_dag.py took 0.101 seconds
[2024-01-30T17:29:39.818+0000] {processor.py:161} INFO - Started process (PID=1817) to work on /opt/airflow/dags/weather_api_dag.py
[2024-01-30T17:29:39.821+0000] {processor.py:830} INFO - Processing file /opt/airflow/dags/weather_api_dag.py for tasks to queue
[2024-01-30T17:29:39.824+0000] {logging_mixin.py:188} INFO - [2024-01-30T17:29:39.823+0000] {dagbag.py:538} INFO - Filling up the DagBag from /opt/airflow/dags/weather_api_dag.py
[2024-01-30T17:29:39.862+0000] {logging_mixin.py:188} INFO - [2024-01-30T17:29:39.856+0000] {dagbag.py:348} ERROR - Failed to import: /opt/airflow/dags/weather_api_dag.py
Traceback (most recent call last):
  File "/home/airflow/.local/lib/python3.8/site-packages/airflow/models/dagbag.py", line 344, in parse
    loader.exec_module(new_module)
  File "<frozen importlib._bootstrap_external>", line 843, in exec_module
  File "<frozen importlib._bootstrap>", line 219, in _call_with_frames_removed
  File "/opt/airflow/dags/weather_api_dag.py", line 15, in <module>
    get_weather_data = PythonOperator(
NameError: name 'PythonOperator' is not defined
[2024-01-30T17:29:39.864+0000] {processor.py:842} WARNING - No viable dags retrieved from /opt/airflow/dags/weather_api_dag.py
[2024-01-30T17:29:39.912+0000] {processor.py:183} INFO - Processing /opt/airflow/dags/weather_api_dag.py took 0.102 seconds
[2024-01-30T17:29:50.492+0000] {processor.py:161} INFO - Started process (PID=1842) to work on /opt/airflow/dags/weather_api_dag.py
[2024-01-30T17:29:50.496+0000] {processor.py:830} INFO - Processing file /opt/airflow/dags/weather_api_dag.py for tasks to queue
[2024-01-30T17:29:50.503+0000] {logging_mixin.py:188} INFO - [2024-01-30T17:29:50.501+0000] {dagbag.py:538} INFO - Filling up the DagBag from /opt/airflow/dags/weather_api_dag.py
[2024-01-30T17:29:50.523+0000] {logging_mixin.py:188} INFO - [2024-01-30T17:29:50.517+0000] {dagbag.py:348} ERROR - Failed to import: /opt/airflow/dags/weather_api_dag.py
Traceback (most recent call last):
  File "/home/airflow/.local/lib/python3.8/site-packages/airflow/models/dagbag.py", line 344, in parse
    loader.exec_module(new_module)
  File "<frozen importlib._bootstrap_external>", line 839, in exec_module
  File "<frozen importlib._bootstrap_external>", line 976, in get_code
  File "<frozen importlib._bootstrap_external>", line 906, in source_to_code
  File "<frozen importlib._bootstrap>", line 219, in _call_with_frames_removed
  File "/opt/airflow/dags/weather_api_dag.py", line 5
    def _
        ^
SyntaxError: invalid syntax
[2024-01-30T17:29:50.525+0000] {processor.py:842} WARNING - No viable dags retrieved from /opt/airflow/dags/weather_api_dag.py
[2024-01-30T17:29:50.571+0000] {processor.py:183} INFO - Processing /opt/airflow/dags/weather_api_dag.py took 0.091 seconds
[2024-01-30T17:29:51.694+0000] {processor.py:161} INFO - Started process (PID=1852) to work on /opt/airflow/dags/weather_api_dag.py
[2024-01-30T17:29:51.697+0000] {processor.py:830} INFO - Processing file /opt/airflow/dags/weather_api_dag.py for tasks to queue
[2024-01-30T17:29:51.702+0000] {logging_mixin.py:188} INFO - [2024-01-30T17:29:51.701+0000] {dagbag.py:538} INFO - Filling up the DagBag from /opt/airflow/dags/weather_api_dag.py
[2024-01-30T17:29:51.720+0000] {logging_mixin.py:188} INFO - [2024-01-30T17:29:51.716+0000] {dagbag.py:348} ERROR - Failed to import: /opt/airflow/dags/weather_api_dag.py
Traceback (most recent call last):
  File "/home/airflow/.local/lib/python3.8/site-packages/airflow/models/dagbag.py", line 344, in parse
    loader.exec_module(new_module)
  File "<frozen importlib._bootstrap_external>", line 839, in exec_module
  File "<frozen importlib._bootstrap_external>", line 976, in get_code
  File "<frozen importlib._bootstrap_external>", line 906, in source_to_code
  File "<frozen importlib._bootstrap>", line 219, in _call_with_frames_removed
  File "/opt/airflow/dags/weather_api_dag.py", line 7
    with DAG(
    ^
IndentationError: expected an indented block
[2024-01-30T17:29:51.722+0000] {processor.py:842} WARNING - No viable dags retrieved from /opt/airflow/dags/weather_api_dag.py
[2024-01-30T17:29:51.781+0000] {processor.py:183} INFO - Processing /opt/airflow/dags/weather_api_dag.py took 0.097 seconds
[2024-01-30T17:29:53.457+0000] {processor.py:161} INFO - Started process (PID=1860) to work on /opt/airflow/dags/weather_api_dag.py
[2024-01-30T17:29:53.460+0000] {processor.py:830} INFO - Processing file /opt/airflow/dags/weather_api_dag.py for tasks to queue
[2024-01-30T17:29:53.463+0000] {logging_mixin.py:188} INFO - [2024-01-30T17:29:53.462+0000] {dagbag.py:538} INFO - Filling up the DagBag from /opt/airflow/dags/weather_api_dag.py
[2024-01-30T17:29:53.485+0000] {logging_mixin.py:188} INFO - [2024-01-30T17:29:53.479+0000] {dagbag.py:348} ERROR - Failed to import: /opt/airflow/dags/weather_api_dag.py
Traceback (most recent call last):
  File "/home/airflow/.local/lib/python3.8/site-packages/airflow/models/dagbag.py", line 344, in parse
    loader.exec_module(new_module)
  File "<frozen importlib._bootstrap_external>", line 839, in exec_module
  File "<frozen importlib._bootstrap_external>", line 976, in get_code
  File "<frozen importlib._bootstrap_external>", line 906, in source_to_code
  File "<frozen importlib._bootstrap>", line 219, in _call_with_frames_removed
  File "/opt/airflow/dags/weather_api_dag.py", line 8
    with DAG(
    ^
IndentationError: expected an indented block
[2024-01-30T17:29:53.488+0000] {processor.py:842} WARNING - No viable dags retrieved from /opt/airflow/dags/weather_api_dag.py
[2024-01-30T17:29:53.544+0000] {processor.py:183} INFO - Processing /opt/airflow/dags/weather_api_dag.py took 0.097 seconds
[2024-01-30T17:30:05.751+0000] {processor.py:161} INFO - Started process (PID=1866) to work on /opt/airflow/dags/weather_api_dag.py
[2024-01-30T17:30:05.754+0000] {processor.py:830} INFO - Processing file /opt/airflow/dags/weather_api_dag.py for tasks to queue
[2024-01-30T17:30:05.758+0000] {logging_mixin.py:188} INFO - [2024-01-30T17:30:05.757+0000] {dagbag.py:538} INFO - Filling up the DagBag from /opt/airflow/dags/weather_api_dag.py
[2024-01-30T17:30:05.797+0000] {logging_mixin.py:188} INFO - [2024-01-30T17:30:05.792+0000] {dagbag.py:348} ERROR - Failed to import: /opt/airflow/dags/weather_api_dag.py
Traceback (most recent call last):
  File "/home/airflow/.local/lib/python3.8/site-packages/airflow/models/dagbag.py", line 344, in parse
    loader.exec_module(new_module)
  File "<frozen importlib._bootstrap_external>", line 843, in exec_module
  File "<frozen importlib._bootstrap>", line 219, in _call_with_frames_removed
  File "/opt/airflow/dags/weather_api_dag.py", line 47, in <module>
    get_weather_data = PythonOperator(
NameError: name 'PythonOperator' is not defined
[2024-01-30T17:30:05.799+0000] {processor.py:842} WARNING - No viable dags retrieved from /opt/airflow/dags/weather_api_dag.py
[2024-01-30T17:30:05.843+0000] {processor.py:183} INFO - Processing /opt/airflow/dags/weather_api_dag.py took 0.101 seconds
[2024-01-30T17:30:35.907+0000] {processor.py:161} INFO - Started process (PID=1916) to work on /opt/airflow/dags/weather_api_dag.py
[2024-01-30T17:30:35.910+0000] {processor.py:830} INFO - Processing file /opt/airflow/dags/weather_api_dag.py for tasks to queue
[2024-01-30T17:30:35.914+0000] {logging_mixin.py:188} INFO - [2024-01-30T17:30:35.913+0000] {dagbag.py:538} INFO - Filling up the DagBag from /opt/airflow/dags/weather_api_dag.py
[2024-01-30T17:30:35.945+0000] {logging_mixin.py:188} INFO - [2024-01-30T17:30:35.940+0000] {dagbag.py:348} ERROR - Failed to import: /opt/airflow/dags/weather_api_dag.py
Traceback (most recent call last):
  File "/home/airflow/.local/lib/python3.8/site-packages/airflow/models/dagbag.py", line 344, in parse
    loader.exec_module(new_module)
  File "<frozen importlib._bootstrap_external>", line 843, in exec_module
  File "<frozen importlib._bootstrap>", line 219, in _call_with_frames_removed
  File "/opt/airflow/dags/weather_api_dag.py", line 47, in <module>
    get_weather_data = PythonOperator(
NameError: name 'PythonOperator' is not defined
[2024-01-30T17:30:35.947+0000] {processor.py:842} WARNING - No viable dags retrieved from /opt/airflow/dags/weather_api_dag.py
[2024-01-30T17:30:35.997+0000] {processor.py:183} INFO - Processing /opt/airflow/dags/weather_api_dag.py took 0.100 seconds
[2024-01-30T17:30:58.073+0000] {processor.py:161} INFO - Started process (PID=1953) to work on /opt/airflow/dags/weather_api_dag.py
[2024-01-30T17:30:58.076+0000] {processor.py:830} INFO - Processing file /opt/airflow/dags/weather_api_dag.py for tasks to queue
[2024-01-30T17:30:58.080+0000] {logging_mixin.py:188} INFO - [2024-01-30T17:30:58.079+0000] {dagbag.py:538} INFO - Filling up the DagBag from /opt/airflow/dags/weather_api_dag.py
[2024-01-30T17:30:58.121+0000] {logging_mixin.py:188} INFO - [2024-01-30T17:30:58.115+0000] {dagbag.py:348} ERROR - Failed to import: /opt/airflow/dags/weather_api_dag.py
Traceback (most recent call last):
  File "/home/airflow/.local/lib/python3.8/site-packages/airflow/models/dagbag.py", line 344, in parse
    loader.exec_module(new_module)
  File "<frozen importlib._bootstrap_external>", line 843, in exec_module
  File "<frozen importlib._bootstrap>", line 219, in _call_with_frames_removed
  File "/opt/airflow/dags/weather_api_dag.py", line 47, in <module>
    get_weather_data = PythonOperator(
NameError: name 'PythonOperator' is not defined
[2024-01-30T17:30:58.123+0000] {processor.py:842} WARNING - No viable dags retrieved from /opt/airflow/dags/weather_api_dag.py
[2024-01-30T17:30:58.169+0000] {processor.py:183} INFO - Processing /opt/airflow/dags/weather_api_dag.py took 0.108 seconds
[2024-01-30T17:31:03.147+0000] {processor.py:161} INFO - Started process (PID=1959) to work on /opt/airflow/dags/weather_api_dag.py
[2024-01-30T17:31:03.150+0000] {processor.py:830} INFO - Processing file /opt/airflow/dags/weather_api_dag.py for tasks to queue
[2024-01-30T17:31:03.154+0000] {logging_mixin.py:188} INFO - [2024-01-30T17:31:03.153+0000] {dagbag.py:538} INFO - Filling up the DagBag from /opt/airflow/dags/weather_api_dag.py
[2024-01-30T17:31:03.205+0000] {logging_mixin.py:188} INFO - [2024-01-30T17:31:03.199+0000] {dagbag.py:348} ERROR - Failed to import: /opt/airflow/dags/weather_api_dag.py
Traceback (most recent call last):
  File "/home/airflow/.local/lib/python3.8/site-packages/airflow/models/dagbag.py", line 344, in parse
    loader.exec_module(new_module)
  File "<frozen importlib._bootstrap_external>", line 843, in exec_module
  File "<frozen importlib._bootstrap>", line 219, in _call_with_frames_removed
  File "/opt/airflow/dags/weather_api_dag.py", line 47, in <module>
    get_weather_data = PythonOperator(
NameError: name 'PythonOperator' is not defined
[2024-01-30T17:31:03.208+0000] {processor.py:842} WARNING - No viable dags retrieved from /opt/airflow/dags/weather_api_dag.py
[2024-01-30T17:31:03.255+0000] {processor.py:183} INFO - Processing /opt/airflow/dags/weather_api_dag.py took 0.117 seconds
[2024-01-30T17:31:04.305+0000] {processor.py:161} INFO - Started process (PID=1965) to work on /opt/airflow/dags/weather_api_dag.py
[2024-01-30T17:31:04.307+0000] {processor.py:830} INFO - Processing file /opt/airflow/dags/weather_api_dag.py for tasks to queue
[2024-01-30T17:31:04.310+0000] {logging_mixin.py:188} INFO - [2024-01-30T17:31:04.309+0000] {dagbag.py:538} INFO - Filling up the DagBag from /opt/airflow/dags/weather_api_dag.py
[2024-01-30T17:31:04.356+0000] {logging_mixin.py:188} INFO - [2024-01-30T17:31:04.350+0000] {dagbag.py:348} ERROR - Failed to import: /opt/airflow/dags/weather_api_dag.py
Traceback (most recent call last):
  File "/home/airflow/.local/lib/python3.8/site-packages/airflow/models/dagbag.py", line 344, in parse
    loader.exec_module(new_module)
  File "<frozen importlib._bootstrap_external>", line 843, in exec_module
  File "<frozen importlib._bootstrap>", line 219, in _call_with_frames_removed
  File "/opt/airflow/dags/weather_api_dag.py", line 47, in <module>
    get_weather_data = PythonOperator(
NameError: name 'PythonOperator' is not defined
[2024-01-30T17:31:04.358+0000] {processor.py:842} WARNING - No viable dags retrieved from /opt/airflow/dags/weather_api_dag.py
[2024-01-30T17:31:04.403+0000] {processor.py:183} INFO - Processing /opt/airflow/dags/weather_api_dag.py took 0.106 seconds
[2024-01-30T17:31:06.389+0000] {processor.py:161} INFO - Started process (PID=1971) to work on /opt/airflow/dags/weather_api_dag.py
[2024-01-30T17:31:06.394+0000] {processor.py:830} INFO - Processing file /opt/airflow/dags/weather_api_dag.py for tasks to queue
[2024-01-30T17:31:06.398+0000] {logging_mixin.py:188} INFO - [2024-01-30T17:31:06.396+0000] {dagbag.py:538} INFO - Filling up the DagBag from /opt/airflow/dags/weather_api_dag.py
[2024-01-30T17:31:06.436+0000] {logging_mixin.py:188} INFO - [2024-01-30T17:31:06.430+0000] {dagbag.py:348} ERROR - Failed to import: /opt/airflow/dags/weather_api_dag.py
Traceback (most recent call last):
  File "/home/airflow/.local/lib/python3.8/site-packages/airflow/models/dagbag.py", line 344, in parse
    loader.exec_module(new_module)
  File "<frozen importlib._bootstrap_external>", line 843, in exec_module
  File "<frozen importlib._bootstrap>", line 219, in _call_with_frames_removed
  File "/opt/airflow/dags/weather_api_dag.py", line 47, in <module>
    get_weather_data = PythonOperator(
NameError: name 'PythonOperator' is not defined
[2024-01-30T17:31:06.438+0000] {processor.py:842} WARNING - No viable dags retrieved from /opt/airflow/dags/weather_api_dag.py
[2024-01-30T17:31:06.479+0000] {processor.py:183} INFO - Processing /opt/airflow/dags/weather_api_dag.py took 0.104 seconds
[2024-01-30T17:31:08.575+0000] {processor.py:161} INFO - Started process (PID=1987) to work on /opt/airflow/dags/weather_api_dag.py
[2024-01-30T17:31:08.580+0000] {processor.py:830} INFO - Processing file /opt/airflow/dags/weather_api_dag.py for tasks to queue
[2024-01-30T17:31:08.586+0000] {logging_mixin.py:188} INFO - [2024-01-30T17:31:08.585+0000] {dagbag.py:538} INFO - Filling up the DagBag from /opt/airflow/dags/weather_api_dag.py
[2024-01-30T17:31:08.633+0000] {logging_mixin.py:188} INFO - [2024-01-30T17:31:08.626+0000] {dagbag.py:348} ERROR - Failed to import: /opt/airflow/dags/weather_api_dag.py
Traceback (most recent call last):
  File "/home/airflow/.local/lib/python3.8/site-packages/airflow/models/dagbag.py", line 344, in parse
    loader.exec_module(new_module)
  File "<frozen importlib._bootstrap_external>", line 843, in exec_module
  File "<frozen importlib._bootstrap>", line 219, in _call_with_frames_removed
  File "/opt/airflow/dags/weather_api_dag.py", line 47, in <module>
    get_weather_data = PythonOperator(
NameError: name 'PythonOperator' is not defined
[2024-01-30T17:31:08.636+0000] {processor.py:842} WARNING - No viable dags retrieved from /opt/airflow/dags/weather_api_dag.py
[2024-01-30T17:31:08.686+0000] {processor.py:183} INFO - Processing /opt/airflow/dags/weather_api_dag.py took 0.122 seconds
[2024-01-30T17:31:16.155+0000] {processor.py:161} INFO - Started process (PID=2008) to work on /opt/airflow/dags/weather_api_dag.py
[2024-01-30T17:31:16.157+0000] {processor.py:830} INFO - Processing file /opt/airflow/dags/weather_api_dag.py for tasks to queue
[2024-01-30T17:31:16.161+0000] {logging_mixin.py:188} INFO - [2024-01-30T17:31:16.159+0000] {dagbag.py:538} INFO - Filling up the DagBag from /opt/airflow/dags/weather_api_dag.py
[2024-01-30T17:31:16.200+0000] {logging_mixin.py:188} INFO - [2024-01-30T17:31:16.195+0000] {dagbag.py:348} ERROR - Failed to import: /opt/airflow/dags/weather_api_dag.py
Traceback (most recent call last):
  File "/home/airflow/.local/lib/python3.8/site-packages/airflow/models/dagbag.py", line 344, in parse
    loader.exec_module(new_module)
  File "<frozen importlib._bootstrap_external>", line 843, in exec_module
  File "<frozen importlib._bootstrap>", line 219, in _call_with_frames_removed
  File "/opt/airflow/dags/weather_api_dag.py", line 48, in <module>
    get_weather_data = PythonOperator(
NameError: name 'PythonOperator' is not defined
[2024-01-30T17:31:16.202+0000] {processor.py:842} WARNING - No viable dags retrieved from /opt/airflow/dags/weather_api_dag.py
[2024-01-30T17:31:16.246+0000] {processor.py:183} INFO - Processing /opt/airflow/dags/weather_api_dag.py took 0.100 seconds
[2024-01-30T17:31:19.247+0000] {processor.py:161} INFO - Started process (PID=2014) to work on /opt/airflow/dags/weather_api_dag.py
[2024-01-30T17:31:19.249+0000] {processor.py:830} INFO - Processing file /opt/airflow/dags/weather_api_dag.py for tasks to queue
[2024-01-30T17:31:19.254+0000] {logging_mixin.py:188} INFO - [2024-01-30T17:31:19.253+0000] {dagbag.py:538} INFO - Filling up the DagBag from /opt/airflow/dags/weather_api_dag.py
[2024-01-30T17:31:19.275+0000] {logging_mixin.py:188} INFO - [2024-01-30T17:31:19.270+0000] {dagbag.py:348} ERROR - Failed to import: /opt/airflow/dags/weather_api_dag.py
Traceback (most recent call last):
  File "/home/airflow/.local/lib/python3.8/site-packages/airflow/models/dagbag.py", line 344, in parse
    loader.exec_module(new_module)
  File "<frozen importlib._bootstrap_external>", line 839, in exec_module
  File "<frozen importlib._bootstrap_external>", line 976, in get_code
  File "<frozen importlib._bootstrap_external>", line 906, in source_to_code
  File "<frozen importlib._bootstrap>", line 219, in _call_with_frames_removed
  File "/opt/airflow/dags/weather_api_dag.py", line 4
    from
       ^
SyntaxError: invalid syntax
[2024-01-30T17:31:19.278+0000] {processor.py:842} WARNING - No viable dags retrieved from /opt/airflow/dags/weather_api_dag.py
[2024-01-30T17:31:19.329+0000] {processor.py:183} INFO - Processing /opt/airflow/dags/weather_api_dag.py took 0.090 seconds
[2024-01-30T17:31:20.346+0000] {processor.py:161} INFO - Started process (PID=2020) to work on /opt/airflow/dags/weather_api_dag.py
[2024-01-30T17:31:20.349+0000] {processor.py:830} INFO - Processing file /opt/airflow/dags/weather_api_dag.py for tasks to queue
[2024-01-30T17:31:20.353+0000] {logging_mixin.py:188} INFO - [2024-01-30T17:31:20.352+0000] {dagbag.py:538} INFO - Filling up the DagBag from /opt/airflow/dags/weather_api_dag.py
[2024-01-30T17:31:20.421+0000] {processor.py:840} INFO - DAG(s) 'weather_api_dag' retrieved from /opt/airflow/dags/weather_api_dag.py
[2024-01-30T17:31:20.965+0000] {logging_mixin.py:188} INFO - [2024-01-30T17:31:20.964+0000] {dag.py:3033} INFO - Sync 1 DAGs
[2024-01-30T17:31:21.064+0000] {logging_mixin.py:188} INFO - [2024-01-30T17:31:21.063+0000] {dag.py:3820} INFO - Setting next_dagrun for weather_api_dag to 2024-01-27T00:00:00+00:00, run_after=2024-01-27T01:00:00+00:00
[2024-01-30T17:31:21.144+0000] {processor.py:183} INFO - Processing /opt/airflow/dags/weather_api_dag.py took 0.806 seconds
[2024-01-30T17:31:51.452+0000] {processor.py:161} INFO - Started process (PID=2070) to work on /opt/airflow/dags/weather_api_dag.py
[2024-01-30T17:31:51.456+0000] {processor.py:830} INFO - Processing file /opt/airflow/dags/weather_api_dag.py for tasks to queue
[2024-01-30T17:31:51.459+0000] {logging_mixin.py:188} INFO - [2024-01-30T17:31:51.458+0000] {dagbag.py:538} INFO - Filling up the DagBag from /opt/airflow/dags/weather_api_dag.py
[2024-01-30T17:31:51.515+0000] {processor.py:840} INFO - DAG(s) 'weather_api_dag' retrieved from /opt/airflow/dags/weather_api_dag.py
[2024-01-30T17:31:51.608+0000] {logging_mixin.py:188} INFO - [2024-01-30T17:31:51.607+0000] {dag.py:3033} INFO - Sync 1 DAGs
[2024-01-30T17:31:51.707+0000] {logging_mixin.py:188} INFO - [2024-01-30T17:31:51.706+0000] {dag.py:3820} INFO - Setting next_dagrun for weather_api_dag to 2024-01-27T00:00:00+00:00, run_after=2024-01-27T01:00:00+00:00
[2024-01-30T17:31:51.772+0000] {processor.py:183} INFO - Processing /opt/airflow/dags/weather_api_dag.py took 0.330 seconds
[2024-01-30T17:32:21.945+0000] {processor.py:161} INFO - Started process (PID=2107) to work on /opt/airflow/dags/weather_api_dag.py
[2024-01-30T17:32:21.949+0000] {processor.py:830} INFO - Processing file /opt/airflow/dags/weather_api_dag.py for tasks to queue
[2024-01-30T17:32:21.954+0000] {logging_mixin.py:188} INFO - [2024-01-30T17:32:21.952+0000] {dagbag.py:538} INFO - Filling up the DagBag from /opt/airflow/dags/weather_api_dag.py
[2024-01-30T17:32:22.010+0000] {processor.py:840} INFO - DAG(s) 'weather_api_dag' retrieved from /opt/airflow/dags/weather_api_dag.py
[2024-01-30T17:32:22.106+0000] {logging_mixin.py:188} INFO - [2024-01-30T17:32:22.105+0000] {dag.py:3033} INFO - Sync 1 DAGs
[2024-01-30T17:32:22.205+0000] {logging_mixin.py:188} INFO - [2024-01-30T17:32:22.204+0000] {dag.py:3820} INFO - Setting next_dagrun for weather_api_dag to 2024-01-27T00:00:00+00:00, run_after=2024-01-27T01:00:00+00:00
[2024-01-30T17:32:22.266+0000] {processor.py:183} INFO - Processing /opt/airflow/dags/weather_api_dag.py took 0.331 seconds
[2024-01-30T17:32:52.349+0000] {processor.py:161} INFO - Started process (PID=2157) to work on /opt/airflow/dags/weather_api_dag.py
[2024-01-30T17:32:52.353+0000] {processor.py:830} INFO - Processing file /opt/airflow/dags/weather_api_dag.py for tasks to queue
[2024-01-30T17:32:52.357+0000] {logging_mixin.py:188} INFO - [2024-01-30T17:32:52.356+0000] {dagbag.py:538} INFO - Filling up the DagBag from /opt/airflow/dags/weather_api_dag.py
[2024-01-30T17:32:52.412+0000] {processor.py:840} INFO - DAG(s) 'weather_api_dag' retrieved from /opt/airflow/dags/weather_api_dag.py
[2024-01-30T17:32:52.504+0000] {logging_mixin.py:188} INFO - [2024-01-30T17:32:52.503+0000] {dag.py:3033} INFO - Sync 1 DAGs
[2024-01-30T17:32:52.604+0000] {logging_mixin.py:188} INFO - [2024-01-30T17:32:52.603+0000] {dag.py:3820} INFO - Setting next_dagrun for weather_api_dag to 2024-01-27T00:00:00+00:00, run_after=2024-01-27T01:00:00+00:00
[2024-01-30T17:32:52.669+0000] {processor.py:183} INFO - Processing /opt/airflow/dags/weather_api_dag.py took 0.328 seconds
[2024-01-30T17:33:22.908+0000] {processor.py:161} INFO - Started process (PID=2194) to work on /opt/airflow/dags/weather_api_dag.py
[2024-01-30T17:33:22.911+0000] {processor.py:830} INFO - Processing file /opt/airflow/dags/weather_api_dag.py for tasks to queue
[2024-01-30T17:33:22.915+0000] {logging_mixin.py:188} INFO - [2024-01-30T17:33:22.914+0000] {dagbag.py:538} INFO - Filling up the DagBag from /opt/airflow/dags/weather_api_dag.py
[2024-01-30T17:33:22.965+0000] {processor.py:840} INFO - DAG(s) 'weather_api_dag' retrieved from /opt/airflow/dags/weather_api_dag.py
[2024-01-30T17:33:23.053+0000] {logging_mixin.py:188} INFO - [2024-01-30T17:33:23.052+0000] {dag.py:3033} INFO - Sync 1 DAGs
[2024-01-30T17:33:23.143+0000] {logging_mixin.py:188} INFO - [2024-01-30T17:33:23.142+0000] {dag.py:3820} INFO - Setting next_dagrun for weather_api_dag to 2024-01-27T00:00:00+00:00, run_after=2024-01-27T01:00:00+00:00
[2024-01-30T17:33:23.208+0000] {processor.py:183} INFO - Processing /opt/airflow/dags/weather_api_dag.py took 0.308 seconds
[2024-01-30T17:33:53.438+0000] {processor.py:161} INFO - Started process (PID=2244) to work on /opt/airflow/dags/weather_api_dag.py
[2024-01-30T17:33:53.441+0000] {processor.py:830} INFO - Processing file /opt/airflow/dags/weather_api_dag.py for tasks to queue
[2024-01-30T17:33:53.444+0000] {logging_mixin.py:188} INFO - [2024-01-30T17:33:53.443+0000] {dagbag.py:538} INFO - Filling up the DagBag from /opt/airflow/dags/weather_api_dag.py
[2024-01-30T17:33:53.493+0000] {processor.py:840} INFO - DAG(s) 'weather_api_dag' retrieved from /opt/airflow/dags/weather_api_dag.py
[2024-01-30T17:33:53.578+0000] {logging_mixin.py:188} INFO - [2024-01-30T17:33:53.577+0000] {dag.py:3033} INFO - Sync 1 DAGs
[2024-01-30T17:33:53.669+0000] {logging_mixin.py:188} INFO - [2024-01-30T17:33:53.668+0000] {dag.py:3820} INFO - Setting next_dagrun for weather_api_dag to 2024-01-27T00:00:00+00:00, run_after=2024-01-27T01:00:00+00:00
[2024-01-30T17:33:53.728+0000] {processor.py:183} INFO - Processing /opt/airflow/dags/weather_api_dag.py took 0.297 seconds
[2024-01-30T17:34:24.036+0000] {processor.py:161} INFO - Started process (PID=2281) to work on /opt/airflow/dags/weather_api_dag.py
[2024-01-30T17:34:24.039+0000] {processor.py:830} INFO - Processing file /opt/airflow/dags/weather_api_dag.py for tasks to queue
[2024-01-30T17:34:24.042+0000] {logging_mixin.py:188} INFO - [2024-01-30T17:34:24.041+0000] {dagbag.py:538} INFO - Filling up the DagBag from /opt/airflow/dags/weather_api_dag.py
[2024-01-30T17:34:24.087+0000] {processor.py:840} INFO - DAG(s) 'weather_api_dag' retrieved from /opt/airflow/dags/weather_api_dag.py
[2024-01-30T17:34:24.168+0000] {logging_mixin.py:188} INFO - [2024-01-30T17:34:24.168+0000] {dag.py:3033} INFO - Sync 1 DAGs
[2024-01-30T17:34:24.255+0000] {logging_mixin.py:188} INFO - [2024-01-30T17:34:24.254+0000] {dag.py:3820} INFO - Setting next_dagrun for weather_api_dag to 2024-01-27T00:00:00+00:00, run_after=2024-01-27T01:00:00+00:00
[2024-01-30T17:34:24.314+0000] {processor.py:183} INFO - Processing /opt/airflow/dags/weather_api_dag.py took 0.288 seconds
[2024-01-30T17:34:54.526+0000] {processor.py:161} INFO - Started process (PID=2331) to work on /opt/airflow/dags/weather_api_dag.py
[2024-01-30T17:34:54.529+0000] {processor.py:830} INFO - Processing file /opt/airflow/dags/weather_api_dag.py for tasks to queue
[2024-01-30T17:34:54.532+0000] {logging_mixin.py:188} INFO - [2024-01-30T17:34:54.531+0000] {dagbag.py:538} INFO - Filling up the DagBag from /opt/airflow/dags/weather_api_dag.py
[2024-01-30T17:34:54.584+0000] {processor.py:840} INFO - DAG(s) 'weather_api_dag' retrieved from /opt/airflow/dags/weather_api_dag.py
[2024-01-30T17:34:54.678+0000] {logging_mixin.py:188} INFO - [2024-01-30T17:34:54.677+0000] {dag.py:3033} INFO - Sync 1 DAGs
[2024-01-30T17:34:54.779+0000] {logging_mixin.py:188} INFO - [2024-01-30T17:34:54.778+0000] {dag.py:3820} INFO - Setting next_dagrun for weather_api_dag to 2024-01-27T00:00:00+00:00, run_after=2024-01-27T01:00:00+00:00
[2024-01-30T17:34:54.840+0000] {processor.py:183} INFO - Processing /opt/airflow/dags/weather_api_dag.py took 0.322 seconds
[2024-01-30T17:35:25.156+0000] {processor.py:161} INFO - Started process (PID=2368) to work on /opt/airflow/dags/weather_api_dag.py
[2024-01-30T17:35:25.159+0000] {processor.py:830} INFO - Processing file /opt/airflow/dags/weather_api_dag.py for tasks to queue
[2024-01-30T17:35:25.163+0000] {logging_mixin.py:188} INFO - [2024-01-30T17:35:25.162+0000] {dagbag.py:538} INFO - Filling up the DagBag from /opt/airflow/dags/weather_api_dag.py
[2024-01-30T17:35:25.210+0000] {processor.py:840} INFO - DAG(s) 'weather_api_dag' retrieved from /opt/airflow/dags/weather_api_dag.py
[2024-01-30T17:35:25.289+0000] {logging_mixin.py:188} INFO - [2024-01-30T17:35:25.288+0000] {dag.py:3033} INFO - Sync 1 DAGs
[2024-01-30T17:35:25.380+0000] {logging_mixin.py:188} INFO - [2024-01-30T17:35:25.378+0000] {dag.py:3820} INFO - Setting next_dagrun for weather_api_dag to 2024-01-27T00:00:00+00:00, run_after=2024-01-27T01:00:00+00:00
[2024-01-30T17:35:25.434+0000] {processor.py:183} INFO - Processing /opt/airflow/dags/weather_api_dag.py took 0.287 seconds
[2024-01-30T17:35:55.538+0000] {processor.py:161} INFO - Started process (PID=2418) to work on /opt/airflow/dags/weather_api_dag.py
[2024-01-30T17:35:55.542+0000] {processor.py:830} INFO - Processing file /opt/airflow/dags/weather_api_dag.py for tasks to queue
[2024-01-30T17:35:55.547+0000] {logging_mixin.py:188} INFO - [2024-01-30T17:35:55.546+0000] {dagbag.py:538} INFO - Filling up the DagBag from /opt/airflow/dags/weather_api_dag.py
[2024-01-30T17:35:55.600+0000] {processor.py:840} INFO - DAG(s) 'weather_api_dag' retrieved from /opt/airflow/dags/weather_api_dag.py
[2024-01-30T17:35:55.691+0000] {logging_mixin.py:188} INFO - [2024-01-30T17:35:55.690+0000] {dag.py:3033} INFO - Sync 1 DAGs
[2024-01-30T17:35:55.785+0000] {logging_mixin.py:188} INFO - [2024-01-30T17:35:55.784+0000] {dag.py:3820} INFO - Setting next_dagrun for weather_api_dag to 2024-01-27T00:00:00+00:00, run_after=2024-01-27T01:00:00+00:00
[2024-01-30T17:35:55.843+0000] {processor.py:183} INFO - Processing /opt/airflow/dags/weather_api_dag.py took 0.314 seconds
[2024-01-30T17:36:26.035+0000] {processor.py:161} INFO - Started process (PID=2455) to work on /opt/airflow/dags/weather_api_dag.py
[2024-01-30T17:36:26.037+0000] {processor.py:830} INFO - Processing file /opt/airflow/dags/weather_api_dag.py for tasks to queue
[2024-01-30T17:36:26.041+0000] {logging_mixin.py:188} INFO - [2024-01-30T17:36:26.040+0000] {dagbag.py:538} INFO - Filling up the DagBag from /opt/airflow/dags/weather_api_dag.py
[2024-01-30T17:36:26.088+0000] {processor.py:840} INFO - DAG(s) 'weather_api_dag' retrieved from /opt/airflow/dags/weather_api_dag.py
[2024-01-30T17:36:26.167+0000] {logging_mixin.py:188} INFO - [2024-01-30T17:36:26.166+0000] {dag.py:3033} INFO - Sync 1 DAGs
[2024-01-30T17:36:26.253+0000] {logging_mixin.py:188} INFO - [2024-01-30T17:36:26.252+0000] {dag.py:3820} INFO - Setting next_dagrun for weather_api_dag to 2024-01-27T00:00:00+00:00, run_after=2024-01-27T01:00:00+00:00
[2024-01-30T17:36:26.308+0000] {processor.py:183} INFO - Processing /opt/airflow/dags/weather_api_dag.py took 0.281 seconds
[2024-01-30T17:36:56.804+0000] {processor.py:161} INFO - Started process (PID=2537) to work on /opt/airflow/dags/weather_api_dag.py
[2024-01-30T17:36:56.812+0000] {processor.py:830} INFO - Processing file /opt/airflow/dags/weather_api_dag.py for tasks to queue
[2024-01-30T17:36:56.821+0000] {logging_mixin.py:188} INFO - [2024-01-30T17:36:56.819+0000] {dagbag.py:538} INFO - Filling up the DagBag from /opt/airflow/dags/weather_api_dag.py
[2024-01-30T17:36:56.964+0000] {processor.py:840} INFO - DAG(s) 'weather_api_dag' retrieved from /opt/airflow/dags/weather_api_dag.py
[2024-01-30T17:36:57.282+0000] {logging_mixin.py:188} INFO - [2024-01-30T17:36:57.281+0000] {dag.py:3033} INFO - Sync 1 DAGs
[2024-01-30T17:36:58.033+0000] {logging_mixin.py:188} INFO - [2024-01-30T17:36:58.029+0000] {dag.py:3820} INFO - Setting next_dagrun for weather_api_dag to 2024-01-27T12:00:00+00:00, run_after=2024-01-27T13:00:00+00:00
[2024-01-30T17:36:58.384+0000] {processor.py:183} INFO - Processing /opt/airflow/dags/weather_api_dag.py took 1.603 seconds
[2024-01-30T17:37:28.549+0000] {processor.py:161} INFO - Started process (PID=2638) to work on /opt/airflow/dags/weather_api_dag.py
[2024-01-30T17:37:28.552+0000] {processor.py:830} INFO - Processing file /opt/airflow/dags/weather_api_dag.py for tasks to queue
[2024-01-30T17:37:28.557+0000] {logging_mixin.py:188} INFO - [2024-01-30T17:37:28.555+0000] {dagbag.py:538} INFO - Filling up the DagBag from /opt/airflow/dags/weather_api_dag.py
[2024-01-30T17:37:28.633+0000] {processor.py:840} INFO - DAG(s) 'weather_api_dag' retrieved from /opt/airflow/dags/weather_api_dag.py
[2024-01-30T17:37:28.738+0000] {logging_mixin.py:188} INFO - [2024-01-30T17:37:28.737+0000] {dag.py:3033} INFO - Sync 1 DAGs
[2024-01-30T17:37:28.914+0000] {logging_mixin.py:188} INFO - [2024-01-30T17:37:28.913+0000] {dag.py:3820} INFO - Setting next_dagrun for weather_api_dag to 2024-01-28T03:00:00+00:00, run_after=2024-01-28T04:00:00+00:00
[2024-01-30T17:37:29.064+0000] {processor.py:183} INFO - Processing /opt/airflow/dags/weather_api_dag.py took 0.524 seconds
[2024-01-30T17:37:59.879+0000] {processor.py:161} INFO - Started process (PID=2763) to work on /opt/airflow/dags/weather_api_dag.py
[2024-01-30T17:37:59.882+0000] {processor.py:830} INFO - Processing file /opt/airflow/dags/weather_api_dag.py for tasks to queue
[2024-01-30T17:37:59.885+0000] {logging_mixin.py:188} INFO - [2024-01-30T17:37:59.884+0000] {dagbag.py:538} INFO - Filling up the DagBag from /opt/airflow/dags/weather_api_dag.py
[2024-01-30T17:37:59.935+0000] {processor.py:840} INFO - DAG(s) 'weather_api_dag' retrieved from /opt/airflow/dags/weather_api_dag.py
[2024-01-30T17:38:00.039+0000] {logging_mixin.py:188} INFO - [2024-01-30T17:38:00.037+0000] {dag.py:3033} INFO - Sync 1 DAGs
[2024-01-30T17:38:00.138+0000] {logging_mixin.py:188} INFO - [2024-01-30T17:38:00.137+0000] {dag.py:3820} INFO - Setting next_dagrun for weather_api_dag to 2024-01-28T19:00:00+00:00, run_after=2024-01-28T20:00:00+00:00
[2024-01-30T17:38:00.196+0000] {processor.py:183} INFO - Processing /opt/airflow/dags/weather_api_dag.py took 0.325 seconds
[2024-01-30T17:38:30.589+0000] {processor.py:161} INFO - Started process (PID=2898) to work on /opt/airflow/dags/weather_api_dag.py
[2024-01-30T17:38:30.593+0000] {processor.py:830} INFO - Processing file /opt/airflow/dags/weather_api_dag.py for tasks to queue
[2024-01-30T17:38:30.597+0000] {logging_mixin.py:188} INFO - [2024-01-30T17:38:30.596+0000] {dagbag.py:538} INFO - Filling up the DagBag from /opt/airflow/dags/weather_api_dag.py
[2024-01-30T17:38:30.658+0000] {processor.py:840} INFO - DAG(s) 'weather_api_dag' retrieved from /opt/airflow/dags/weather_api_dag.py
[2024-01-30T17:38:30.758+0000] {logging_mixin.py:188} INFO - [2024-01-30T17:38:30.757+0000] {dag.py:3033} INFO - Sync 1 DAGs
[2024-01-30T17:38:30.858+0000] {logging_mixin.py:188} INFO - [2024-01-30T17:38:30.857+0000] {dag.py:3820} INFO - Setting next_dagrun for weather_api_dag to 2024-01-29T17:00:00+00:00, run_after=2024-01-29T18:00:00+00:00
[2024-01-30T17:38:30.923+0000] {processor.py:183} INFO - Processing /opt/airflow/dags/weather_api_dag.py took 0.342 seconds
[2024-01-30T17:39:01.420+0000] {processor.py:161} INFO - Started process (PID=3005) to work on /opt/airflow/dags/weather_api_dag.py
[2024-01-30T17:39:01.426+0000] {processor.py:830} INFO - Processing file /opt/airflow/dags/weather_api_dag.py for tasks to queue
[2024-01-30T17:39:01.429+0000] {logging_mixin.py:188} INFO - [2024-01-30T17:39:01.428+0000] {dagbag.py:538} INFO - Filling up the DagBag from /opt/airflow/dags/weather_api_dag.py
[2024-01-30T17:39:01.476+0000] {processor.py:840} INFO - DAG(s) 'weather_api_dag' retrieved from /opt/airflow/dags/weather_api_dag.py
[2024-01-30T17:39:01.563+0000] {logging_mixin.py:188} INFO - [2024-01-30T17:39:01.562+0000] {dag.py:3033} INFO - Sync 1 DAGs
[2024-01-30T17:39:01.660+0000] {logging_mixin.py:188} INFO - [2024-01-30T17:39:01.659+0000] {dag.py:3820} INFO - Setting next_dagrun for weather_api_dag to 2024-01-30T10:00:00+00:00, run_after=2024-01-30T11:00:00+00:00
[2024-01-30T17:39:01.722+0000] {processor.py:183} INFO - Processing /opt/airflow/dags/weather_api_dag.py took 0.309 seconds
[2024-01-30T17:39:31.853+0000] {processor.py:161} INFO - Started process (PID=3083) to work on /opt/airflow/dags/weather_api_dag.py
[2024-01-30T17:39:31.856+0000] {processor.py:830} INFO - Processing file /opt/airflow/dags/weather_api_dag.py for tasks to queue
[2024-01-30T17:39:31.859+0000] {logging_mixin.py:188} INFO - [2024-01-30T17:39:31.858+0000] {dagbag.py:538} INFO - Filling up the DagBag from /opt/airflow/dags/weather_api_dag.py
[2024-01-30T17:39:31.907+0000] {processor.py:840} INFO - DAG(s) 'weather_api_dag' retrieved from /opt/airflow/dags/weather_api_dag.py
[2024-01-30T17:39:31.991+0000] {logging_mixin.py:188} INFO - [2024-01-30T17:39:31.990+0000] {dag.py:3033} INFO - Sync 1 DAGs
[2024-01-30T17:39:32.088+0000] {logging_mixin.py:188} INFO - [2024-01-30T17:39:32.087+0000] {dag.py:3820} INFO - Setting next_dagrun for weather_api_dag to 2024-01-30T17:00:00+00:00, run_after=2024-01-30T18:00:00+00:00
[2024-01-30T17:39:32.147+0000] {processor.py:183} INFO - Processing /opt/airflow/dags/weather_api_dag.py took 0.308 seconds
[2024-01-30T17:40:02.480+0000] {processor.py:161} INFO - Started process (PID=3120) to work on /opt/airflow/dags/weather_api_dag.py
[2024-01-30T17:40:02.482+0000] {processor.py:830} INFO - Processing file /opt/airflow/dags/weather_api_dag.py for tasks to queue
[2024-01-30T17:40:02.486+0000] {logging_mixin.py:188} INFO - [2024-01-30T17:40:02.485+0000] {dagbag.py:538} INFO - Filling up the DagBag from /opt/airflow/dags/weather_api_dag.py
[2024-01-30T17:40:02.532+0000] {processor.py:840} INFO - DAG(s) 'weather_api_dag' retrieved from /opt/airflow/dags/weather_api_dag.py
[2024-01-30T17:40:02.621+0000] {logging_mixin.py:188} INFO - [2024-01-30T17:40:02.620+0000] {dag.py:3033} INFO - Sync 1 DAGs
[2024-01-30T17:40:02.716+0000] {logging_mixin.py:188} INFO - [2024-01-30T17:40:02.715+0000] {dag.py:3820} INFO - Setting next_dagrun for weather_api_dag to 2024-01-30T17:00:00+00:00, run_after=2024-01-30T18:00:00+00:00
[2024-01-30T17:40:02.770+0000] {processor.py:183} INFO - Processing /opt/airflow/dags/weather_api_dag.py took 0.299 seconds
[2024-01-30T17:40:32.868+0000] {processor.py:161} INFO - Started process (PID=3170) to work on /opt/airflow/dags/weather_api_dag.py
[2024-01-30T17:40:32.872+0000] {processor.py:830} INFO - Processing file /opt/airflow/dags/weather_api_dag.py for tasks to queue
[2024-01-30T17:40:32.875+0000] {logging_mixin.py:188} INFO - [2024-01-30T17:40:32.874+0000] {dagbag.py:538} INFO - Filling up the DagBag from /opt/airflow/dags/weather_api_dag.py
[2024-01-30T17:40:32.924+0000] {processor.py:840} INFO - DAG(s) 'weather_api_dag' retrieved from /opt/airflow/dags/weather_api_dag.py
[2024-01-30T17:40:33.008+0000] {logging_mixin.py:188} INFO - [2024-01-30T17:40:33.007+0000] {dag.py:3033} INFO - Sync 1 DAGs
[2024-01-30T17:40:33.104+0000] {logging_mixin.py:188} INFO - [2024-01-30T17:40:33.103+0000] {dag.py:3820} INFO - Setting next_dagrun for weather_api_dag to 2024-01-30T17:00:00+00:00, run_after=2024-01-30T18:00:00+00:00
[2024-01-30T17:40:33.164+0000] {processor.py:183} INFO - Processing /opt/airflow/dags/weather_api_dag.py took 0.303 seconds
[2024-01-30T17:41:03.774+0000] {processor.py:161} INFO - Started process (PID=3207) to work on /opt/airflow/dags/weather_api_dag.py
[2024-01-30T17:41:03.777+0000] {processor.py:830} INFO - Processing file /opt/airflow/dags/weather_api_dag.py for tasks to queue
[2024-01-30T17:41:03.780+0000] {logging_mixin.py:188} INFO - [2024-01-30T17:41:03.779+0000] {dagbag.py:538} INFO - Filling up the DagBag from /opt/airflow/dags/weather_api_dag.py
[2024-01-30T17:41:03.825+0000] {processor.py:840} INFO - DAG(s) 'weather_api_dag' retrieved from /opt/airflow/dags/weather_api_dag.py
[2024-01-30T17:41:03.907+0000] {logging_mixin.py:188} INFO - [2024-01-30T17:41:03.906+0000] {dag.py:3033} INFO - Sync 1 DAGs
[2024-01-30T17:41:03.998+0000] {logging_mixin.py:188} INFO - [2024-01-30T17:41:03.997+0000] {dag.py:3820} INFO - Setting next_dagrun for weather_api_dag to 2024-01-30T17:00:00+00:00, run_after=2024-01-30T18:00:00+00:00
[2024-01-30T17:41:04.059+0000] {processor.py:183} INFO - Processing /opt/airflow/dags/weather_api_dag.py took 0.291 seconds
[2024-01-30T17:41:34.119+0000] {processor.py:161} INFO - Started process (PID=3257) to work on /opt/airflow/dags/weather_api_dag.py
[2024-01-30T17:41:34.121+0000] {processor.py:830} INFO - Processing file /opt/airflow/dags/weather_api_dag.py for tasks to queue
[2024-01-30T17:41:34.124+0000] {logging_mixin.py:188} INFO - [2024-01-30T17:41:34.123+0000] {dagbag.py:538} INFO - Filling up the DagBag from /opt/airflow/dags/weather_api_dag.py
[2024-01-30T17:41:34.170+0000] {processor.py:840} INFO - DAG(s) 'weather_api_dag' retrieved from /opt/airflow/dags/weather_api_dag.py
[2024-01-30T17:41:34.254+0000] {logging_mixin.py:188} INFO - [2024-01-30T17:41:34.253+0000] {dag.py:3033} INFO - Sync 1 DAGs
[2024-01-30T17:41:34.351+0000] {logging_mixin.py:188} INFO - [2024-01-30T17:41:34.350+0000] {dag.py:3820} INFO - Setting next_dagrun for weather_api_dag to 2024-01-30T17:00:00+00:00, run_after=2024-01-30T18:00:00+00:00
[2024-01-30T17:41:34.409+0000] {processor.py:183} INFO - Processing /opt/airflow/dags/weather_api_dag.py took 0.298 seconds
[2024-01-30T17:42:04.561+0000] {processor.py:161} INFO - Started process (PID=3294) to work on /opt/airflow/dags/weather_api_dag.py
[2024-01-30T17:42:04.565+0000] {processor.py:830} INFO - Processing file /opt/airflow/dags/weather_api_dag.py for tasks to queue
[2024-01-30T17:42:04.568+0000] {logging_mixin.py:188} INFO - [2024-01-30T17:42:04.567+0000] {dagbag.py:538} INFO - Filling up the DagBag from /opt/airflow/dags/weather_api_dag.py
[2024-01-30T17:42:04.613+0000] {processor.py:840} INFO - DAG(s) 'weather_api_dag' retrieved from /opt/airflow/dags/weather_api_dag.py
[2024-01-30T17:42:04.694+0000] {logging_mixin.py:188} INFO - [2024-01-30T17:42:04.693+0000] {dag.py:3033} INFO - Sync 1 DAGs
[2024-01-30T17:42:04.786+0000] {logging_mixin.py:188} INFO - [2024-01-30T17:42:04.785+0000] {dag.py:3820} INFO - Setting next_dagrun for weather_api_dag to 2024-01-30T17:00:00+00:00, run_after=2024-01-30T18:00:00+00:00
[2024-01-30T17:42:04.844+0000] {processor.py:183} INFO - Processing /opt/airflow/dags/weather_api_dag.py took 0.290 seconds
[2024-01-30T17:42:32.782+0000] {processor.py:161} INFO - Started process (PID=3344) to work on /opt/airflow/dags/weather_api_dag.py
[2024-01-30T17:42:32.785+0000] {processor.py:830} INFO - Processing file /opt/airflow/dags/weather_api_dag.py for tasks to queue
[2024-01-30T17:42:32.790+0000] {logging_mixin.py:188} INFO - [2024-01-30T17:42:32.789+0000] {dagbag.py:538} INFO - Filling up the DagBag from /opt/airflow/dags/weather_api_dag.py
[2024-01-30T17:42:32.866+0000] {processor.py:840} INFO - DAG(s) 'weather_api_dag' retrieved from /opt/airflow/dags/weather_api_dag.py
[2024-01-30T17:42:32.962+0000] {logging_mixin.py:188} INFO - [2024-01-30T17:42:32.961+0000] {dag.py:3033} INFO - Sync 1 DAGs
[2024-01-30T17:42:33.076+0000] {logging_mixin.py:188} INFO - [2024-01-30T17:42:33.075+0000] {dag.py:3820} INFO - Setting next_dagrun for weather_api_dag to 2024-01-30T17:00:00+00:00, run_after=2024-01-30T18:00:00+00:00
[2024-01-30T17:42:33.170+0000] {processor.py:183} INFO - Processing /opt/airflow/dags/weather_api_dag.py took 0.398 seconds
[2024-01-30T17:42:35.054+0000] {processor.py:161} INFO - Started process (PID=3350) to work on /opt/airflow/dags/weather_api_dag.py
[2024-01-30T17:42:35.056+0000] {processor.py:830} INFO - Processing file /opt/airflow/dags/weather_api_dag.py for tasks to queue
[2024-01-30T17:42:35.059+0000] {logging_mixin.py:188} INFO - [2024-01-30T17:42:35.058+0000] {dagbag.py:538} INFO - Filling up the DagBag from /opt/airflow/dags/weather_api_dag.py
[2024-01-30T17:42:35.117+0000] {processor.py:840} INFO - DAG(s) 'weather_api_dag' retrieved from /opt/airflow/dags/weather_api_dag.py
[2024-01-30T17:42:35.211+0000] {logging_mixin.py:188} INFO - [2024-01-30T17:42:35.210+0000] {dag.py:3033} INFO - Sync 1 DAGs
[2024-01-30T17:42:35.325+0000] {logging_mixin.py:188} INFO - [2024-01-30T17:42:35.324+0000] {dag.py:3820} INFO - Setting next_dagrun for weather_api_dag to 2024-01-30T17:00:00+00:00, run_after=2024-01-30T18:00:00+00:00
[2024-01-30T17:42:35.395+0000] {processor.py:183} INFO - Processing /opt/airflow/dags/weather_api_dag.py took 0.348 seconds
[2024-01-30T17:42:41.922+0000] {processor.py:161} INFO - Started process (PID=3362) to work on /opt/airflow/dags/weather_api_dag.py
[2024-01-30T17:42:41.925+0000] {processor.py:830} INFO - Processing file /opt/airflow/dags/weather_api_dag.py for tasks to queue
[2024-01-30T17:42:41.928+0000] {logging_mixin.py:188} INFO - [2024-01-30T17:42:41.927+0000] {dagbag.py:538} INFO - Filling up the DagBag from /opt/airflow/dags/weather_api_dag.py
[2024-01-30T17:42:41.992+0000] {processor.py:840} INFO - DAG(s) 'weather_api_dag' retrieved from /opt/airflow/dags/weather_api_dag.py
[2024-01-30T17:42:42.083+0000] {logging_mixin.py:188} INFO - [2024-01-30T17:42:42.083+0000] {dag.py:3033} INFO - Sync 1 DAGs
[2024-01-30T17:42:42.184+0000] {logging_mixin.py:188} INFO - [2024-01-30T17:42:42.183+0000] {dag.py:3820} INFO - Setting next_dagrun for weather_api_dag to 2024-01-30T17:00:00+00:00, run_after=2024-01-30T18:00:00+00:00
[2024-01-30T17:42:42.249+0000] {processor.py:183} INFO - Processing /opt/airflow/dags/weather_api_dag.py took 0.335 seconds
[2024-01-30T17:42:45.394+0000] {processor.py:161} INFO - Started process (PID=3368) to work on /opt/airflow/dags/weather_api_dag.py
[2024-01-30T17:42:45.396+0000] {processor.py:830} INFO - Processing file /opt/airflow/dags/weather_api_dag.py for tasks to queue
[2024-01-30T17:42:45.400+0000] {logging_mixin.py:188} INFO - [2024-01-30T17:42:45.399+0000] {dagbag.py:538} INFO - Filling up the DagBag from /opt/airflow/dags/weather_api_dag.py
[2024-01-30T17:42:45.460+0000] {processor.py:840} INFO - DAG(s) 'weather_api_dag' retrieved from /opt/airflow/dags/weather_api_dag.py
[2024-01-30T17:42:45.553+0000] {logging_mixin.py:188} INFO - [2024-01-30T17:42:45.552+0000] {dag.py:3033} INFO - Sync 1 DAGs
[2024-01-30T17:42:45.654+0000] {logging_mixin.py:188} INFO - [2024-01-30T17:42:45.653+0000] {dag.py:3820} INFO - Setting next_dagrun for weather_api_dag to 2024-01-30T17:00:00+00:00, run_after=2024-01-30T18:00:00+00:00
[2024-01-30T17:42:45.720+0000] {processor.py:183} INFO - Processing /opt/airflow/dags/weather_api_dag.py took 0.336 seconds
[2024-01-30T17:42:46.794+0000] {processor.py:161} INFO - Started process (PID=3374) to work on /opt/airflow/dags/weather_api_dag.py
[2024-01-30T17:42:46.796+0000] {processor.py:830} INFO - Processing file /opt/airflow/dags/weather_api_dag.py for tasks to queue
[2024-01-30T17:42:46.800+0000] {logging_mixin.py:188} INFO - [2024-01-30T17:42:46.798+0000] {dagbag.py:538} INFO - Filling up the DagBag from /opt/airflow/dags/weather_api_dag.py
[2024-01-30T17:42:46.861+0000] {processor.py:840} INFO - DAG(s) 'weather_api_dag' retrieved from /opt/airflow/dags/weather_api_dag.py
[2024-01-30T17:42:46.950+0000] {logging_mixin.py:188} INFO - [2024-01-30T17:42:46.949+0000] {dag.py:3033} INFO - Sync 1 DAGs
[2024-01-30T17:42:47.063+0000] {logging_mixin.py:188} INFO - [2024-01-30T17:42:47.062+0000] {dag.py:3820} INFO - Setting next_dagrun for weather_api_dag to 2024-01-30T17:00:00+00:00, run_after=2024-01-30T18:00:00+00:00
[2024-01-30T17:42:47.137+0000] {processor.py:183} INFO - Processing /opt/airflow/dags/weather_api_dag.py took 0.352 seconds
[2024-01-30T17:42:49.874+0000] {processor.py:161} INFO - Started process (PID=3390) to work on /opt/airflow/dags/weather_api_dag.py
[2024-01-30T17:42:49.877+0000] {processor.py:830} INFO - Processing file /opt/airflow/dags/weather_api_dag.py for tasks to queue
[2024-01-30T17:42:49.881+0000] {logging_mixin.py:188} INFO - [2024-01-30T17:42:49.880+0000] {dagbag.py:538} INFO - Filling up the DagBag from /opt/airflow/dags/weather_api_dag.py
[2024-01-30T17:42:49.904+0000] {logging_mixin.py:188} INFO - [2024-01-30T17:42:49.896+0000] {dagbag.py:348} ERROR - Failed to import: /opt/airflow/dags/weather_api_dag.py
Traceback (most recent call last):
  File "/home/airflow/.local/lib/python3.8/site-packages/airflow/models/dagbag.py", line 344, in parse
    loader.exec_module(new_module)
  File "<frozen importlib._bootstrap_external>", line 839, in exec_module
  File "<frozen importlib._bootstrap_external>", line 976, in get_code
  File "<frozen importlib._bootstrap_external>", line 906, in source_to_code
  File "<frozen importlib._bootstrap>", line 219, in _call_with_frames_removed
  File "/opt/airflow/dags/weather_api_dag.py", line 12
    api_key =
             ^
SyntaxError: invalid syntax
[2024-01-30T17:42:49.907+0000] {processor.py:842} WARNING - No viable dags retrieved from /opt/airflow/dags/weather_api_dag.py
[2024-01-30T17:42:49.960+0000] {processor.py:183} INFO - Processing /opt/airflow/dags/weather_api_dag.py took 0.097 seconds
[2024-01-30T17:42:52.927+0000] {processor.py:161} INFO - Started process (PID=3399) to work on /opt/airflow/dags/weather_api_dag.py
[2024-01-30T17:42:52.948+0000] {processor.py:830} INFO - Processing file /opt/airflow/dags/weather_api_dag.py for tasks to queue
[2024-01-30T17:42:52.959+0000] {logging_mixin.py:188} INFO - [2024-01-30T17:42:52.955+0000] {dagbag.py:538} INFO - Filling up the DagBag from /opt/airflow/dags/weather_api_dag.py
[2024-01-30T17:42:53.032+0000] {processor.py:840} INFO - DAG(s) 'weather_api_dag' retrieved from /opt/airflow/dags/weather_api_dag.py
[2024-01-30T17:42:53.132+0000] {logging_mixin.py:188} INFO - [2024-01-30T17:42:53.131+0000] {dag.py:3033} INFO - Sync 1 DAGs
[2024-01-30T17:42:53.235+0000] {logging_mixin.py:188} INFO - [2024-01-30T17:42:53.234+0000] {dag.py:3820} INFO - Setting next_dagrun for weather_api_dag to 2024-01-30T17:00:00+00:00, run_after=2024-01-30T18:00:00+00:00
[2024-01-30T17:42:53.307+0000] {processor.py:183} INFO - Processing /opt/airflow/dags/weather_api_dag.py took 0.395 seconds
[2024-01-30T17:42:54.063+0000] {processor.py:161} INFO - Started process (PID=3405) to work on /opt/airflow/dags/weather_api_dag.py
[2024-01-30T17:42:54.067+0000] {processor.py:830} INFO - Processing file /opt/airflow/dags/weather_api_dag.py for tasks to queue
[2024-01-30T17:42:54.072+0000] {logging_mixin.py:188} INFO - [2024-01-30T17:42:54.071+0000] {dagbag.py:538} INFO - Filling up the DagBag from /opt/airflow/dags/weather_api_dag.py
[2024-01-30T17:42:54.201+0000] {processor.py:840} INFO - DAG(s) 'weather_api_dag' retrieved from /opt/airflow/dags/weather_api_dag.py
[2024-01-30T17:42:54.302+0000] {logging_mixin.py:188} INFO - [2024-01-30T17:42:54.301+0000] {dag.py:3033} INFO - Sync 1 DAGs
[2024-01-30T17:42:54.410+0000] {logging_mixin.py:188} INFO - [2024-01-30T17:42:54.408+0000] {dag.py:3820} INFO - Setting next_dagrun for weather_api_dag to 2024-01-30T17:00:00+00:00, run_after=2024-01-30T18:00:00+00:00
[2024-01-30T17:42:54.480+0000] {processor.py:183} INFO - Processing /opt/airflow/dags/weather_api_dag.py took 0.426 seconds
[2024-01-30T17:43:00.831+0000] {processor.py:161} INFO - Started process (PID=3423) to work on /opt/airflow/dags/weather_api_dag.py
[2024-01-30T17:43:00.835+0000] {processor.py:830} INFO - Processing file /opt/airflow/dags/weather_api_dag.py for tasks to queue
[2024-01-30T17:43:00.838+0000] {logging_mixin.py:188} INFO - [2024-01-30T17:43:00.837+0000] {dagbag.py:538} INFO - Filling up the DagBag from /opt/airflow/dags/weather_api_dag.py
[2024-01-30T17:43:00.898+0000] {processor.py:840} INFO - DAG(s) 'weather_api_dag' retrieved from /opt/airflow/dags/weather_api_dag.py
[2024-01-30T17:43:00.986+0000] {logging_mixin.py:188} INFO - [2024-01-30T17:43:00.985+0000] {dag.py:3033} INFO - Sync 1 DAGs
[2024-01-30T17:43:01.093+0000] {logging_mixin.py:188} INFO - [2024-01-30T17:43:01.092+0000] {dag.py:3820} INFO - Setting next_dagrun for weather_api_dag to 2024-01-30T17:00:00+00:00, run_after=2024-01-30T18:00:00+00:00
[2024-01-30T17:43:01.164+0000] {processor.py:183} INFO - Processing /opt/airflow/dags/weather_api_dag.py took 0.342 seconds
[2024-01-30T17:43:05.993+0000] {processor.py:161} INFO - Started process (PID=3429) to work on /opt/airflow/dags/weather_api_dag.py
[2024-01-30T17:43:05.996+0000] {processor.py:830} INFO - Processing file /opt/airflow/dags/weather_api_dag.py for tasks to queue
[2024-01-30T17:43:06.000+0000] {logging_mixin.py:188} INFO - [2024-01-30T17:43:05.999+0000] {dagbag.py:538} INFO - Filling up the DagBag from /opt/airflow/dags/weather_api_dag.py
[2024-01-30T17:43:06.060+0000] {processor.py:840} INFO - DAG(s) 'weather_api_dag' retrieved from /opt/airflow/dags/weather_api_dag.py
[2024-01-30T17:43:06.152+0000] {logging_mixin.py:188} INFO - [2024-01-30T17:43:06.151+0000] {dag.py:3033} INFO - Sync 1 DAGs
[2024-01-30T17:43:06.249+0000] {logging_mixin.py:188} INFO - [2024-01-30T17:43:06.248+0000] {dag.py:3820} INFO - Setting next_dagrun for weather_api_dag to 2024-01-30T17:00:00+00:00, run_after=2024-01-30T18:00:00+00:00
[2024-01-30T17:43:06.316+0000] {processor.py:183} INFO - Processing /opt/airflow/dags/weather_api_dag.py took 0.335 seconds
[2024-01-30T17:43:10.422+0000] {processor.py:161} INFO - Started process (PID=3445) to work on /opt/airflow/dags/weather_api_dag.py
[2024-01-30T17:43:10.425+0000] {processor.py:830} INFO - Processing file /opt/airflow/dags/weather_api_dag.py for tasks to queue
[2024-01-30T17:43:10.429+0000] {logging_mixin.py:188} INFO - [2024-01-30T17:43:10.428+0000] {dagbag.py:538} INFO - Filling up the DagBag from /opt/airflow/dags/weather_api_dag.py
[2024-01-30T17:43:10.533+0000] {processor.py:840} INFO - DAG(s) 'weather_api_dag' retrieved from /opt/airflow/dags/weather_api_dag.py
[2024-01-30T17:43:10.637+0000] {logging_mixin.py:188} INFO - [2024-01-30T17:43:10.636+0000] {dag.py:3033} INFO - Sync 1 DAGs
[2024-01-30T17:43:10.757+0000] {logging_mixin.py:188} INFO - [2024-01-30T17:43:10.756+0000] {dag.py:3820} INFO - Setting next_dagrun for weather_api_dag to 2024-01-30T17:00:00+00:00, run_after=2024-01-30T18:00:00+00:00
[2024-01-30T17:43:10.840+0000] {processor.py:183} INFO - Processing /opt/airflow/dags/weather_api_dag.py took 0.427 seconds
[2024-01-30T17:43:12.909+0000] {processor.py:161} INFO - Started process (PID=3460) to work on /opt/airflow/dags/weather_api_dag.py
[2024-01-30T17:43:12.912+0000] {processor.py:830} INFO - Processing file /opt/airflow/dags/weather_api_dag.py for tasks to queue
[2024-01-30T17:43:12.915+0000] {logging_mixin.py:188} INFO - [2024-01-30T17:43:12.914+0000] {dagbag.py:538} INFO - Filling up the DagBag from /opt/airflow/dags/weather_api_dag.py
[2024-01-30T17:43:12.976+0000] {processor.py:840} INFO - DAG(s) 'weather_api_dag' retrieved from /opt/airflow/dags/weather_api_dag.py
[2024-01-30T17:43:13.064+0000] {logging_mixin.py:188} INFO - [2024-01-30T17:43:13.063+0000] {dag.py:3033} INFO - Sync 1 DAGs
[2024-01-30T17:43:13.163+0000] {logging_mixin.py:188} INFO - [2024-01-30T17:43:13.162+0000] {dag.py:3820} INFO - Setting next_dagrun for weather_api_dag to 2024-01-30T17:00:00+00:00, run_after=2024-01-30T18:00:00+00:00
[2024-01-30T17:43:13.234+0000] {processor.py:183} INFO - Processing /opt/airflow/dags/weather_api_dag.py took 0.333 seconds
[2024-01-30T17:43:29.551+0000] {processor.py:161} INFO - Started process (PID=3472) to work on /opt/airflow/dags/weather_api_dag.py
[2024-01-30T17:43:29.555+0000] {processor.py:830} INFO - Processing file /opt/airflow/dags/weather_api_dag.py for tasks to queue
[2024-01-30T17:43:29.559+0000] {logging_mixin.py:188} INFO - [2024-01-30T17:43:29.558+0000] {dagbag.py:538} INFO - Filling up the DagBag from /opt/airflow/dags/weather_api_dag.py
[2024-01-30T17:43:29.613+0000] {processor.py:840} INFO - DAG(s) 'weather_api_dag' retrieved from /opt/airflow/dags/weather_api_dag.py
[2024-01-30T17:43:29.702+0000] {logging_mixin.py:188} INFO - [2024-01-30T17:43:29.701+0000] {dag.py:3033} INFO - Sync 1 DAGs
[2024-01-30T17:43:29.804+0000] {logging_mixin.py:188} INFO - [2024-01-30T17:43:29.803+0000] {dag.py:3820} INFO - Setting next_dagrun for weather_api_dag to 2024-01-30T17:00:00+00:00, run_after=2024-01-30T18:00:00+00:00
[2024-01-30T17:43:29.871+0000] {processor.py:183} INFO - Processing /opt/airflow/dags/weather_api_dag.py took 0.333 seconds
[2024-01-30T17:43:37.349+0000] {processor.py:161} INFO - Started process (PID=3496) to work on /opt/airflow/dags/weather_api_dag.py
[2024-01-30T17:43:37.353+0000] {processor.py:830} INFO - Processing file /opt/airflow/dags/weather_api_dag.py for tasks to queue
[2024-01-30T17:43:37.357+0000] {logging_mixin.py:188} INFO - [2024-01-30T17:43:37.356+0000] {dagbag.py:538} INFO - Filling up the DagBag from /opt/airflow/dags/weather_api_dag.py
[2024-01-30T17:43:37.420+0000] {processor.py:840} INFO - DAG(s) 'weather_api_dag' retrieved from /opt/airflow/dags/weather_api_dag.py
[2024-01-30T17:43:37.515+0000] {logging_mixin.py:188} INFO - [2024-01-30T17:43:37.514+0000] {dag.py:3033} INFO - Sync 1 DAGs
[2024-01-30T17:43:37.620+0000] {logging_mixin.py:188} INFO - [2024-01-30T17:43:37.619+0000] {dag.py:3820} INFO - Setting next_dagrun for weather_api_dag to 2024-01-30T17:00:00+00:00, run_after=2024-01-30T18:00:00+00:00
[2024-01-30T17:43:37.690+0000] {processor.py:183} INFO - Processing /opt/airflow/dags/weather_api_dag.py took 0.350 seconds
[2024-01-30T17:43:41.791+0000] {processor.py:161} INFO - Started process (PID=3508) to work on /opt/airflow/dags/weather_api_dag.py
[2024-01-30T17:43:41.793+0000] {processor.py:830} INFO - Processing file /opt/airflow/dags/weather_api_dag.py for tasks to queue
[2024-01-30T17:43:41.796+0000] {logging_mixin.py:188} INFO - [2024-01-30T17:43:41.795+0000] {dagbag.py:538} INFO - Filling up the DagBag from /opt/airflow/dags/weather_api_dag.py
[2024-01-30T17:43:41.861+0000] {processor.py:840} INFO - DAG(s) 'weather_api_dag' retrieved from /opt/airflow/dags/weather_api_dag.py
[2024-01-30T17:43:41.951+0000] {logging_mixin.py:188} INFO - [2024-01-30T17:43:41.950+0000] {dag.py:3033} INFO - Sync 1 DAGs
[2024-01-30T17:43:42.050+0000] {logging_mixin.py:188} INFO - [2024-01-30T17:43:42.049+0000] {dag.py:3820} INFO - Setting next_dagrun for weather_api_dag to 2024-01-30T17:00:00+00:00, run_after=2024-01-30T18:00:00+00:00
[2024-01-30T17:43:42.114+0000] {processor.py:183} INFO - Processing /opt/airflow/dags/weather_api_dag.py took 0.331 seconds
[2024-01-30T17:43:48.381+0000] {processor.py:161} INFO - Started process (PID=3514) to work on /opt/airflow/dags/weather_api_dag.py
[2024-01-30T17:43:48.385+0000] {processor.py:830} INFO - Processing file /opt/airflow/dags/weather_api_dag.py for tasks to queue
[2024-01-30T17:43:48.389+0000] {logging_mixin.py:188} INFO - [2024-01-30T17:43:48.387+0000] {dagbag.py:538} INFO - Filling up the DagBag from /opt/airflow/dags/weather_api_dag.py
[2024-01-30T17:43:48.462+0000] {processor.py:840} INFO - DAG(s) 'weather_api_dag' retrieved from /opt/airflow/dags/weather_api_dag.py
[2024-01-30T17:43:48.560+0000] {logging_mixin.py:188} INFO - [2024-01-30T17:43:48.559+0000] {dag.py:3033} INFO - Sync 1 DAGs
[2024-01-30T17:43:48.683+0000] {logging_mixin.py:188} INFO - [2024-01-30T17:43:48.682+0000] {dag.py:3820} INFO - Setting next_dagrun for weather_api_dag to 2024-01-30T17:00:00+00:00, run_after=2024-01-30T18:00:00+00:00
[2024-01-30T17:43:48.759+0000] {processor.py:183} INFO - Processing /opt/airflow/dags/weather_api_dag.py took 0.387 seconds
[2024-01-30T17:43:53.505+0000] {processor.py:161} INFO - Started process (PID=3533) to work on /opt/airflow/dags/weather_api_dag.py
[2024-01-30T17:43:53.508+0000] {processor.py:830} INFO - Processing file /opt/airflow/dags/weather_api_dag.py for tasks to queue
[2024-01-30T17:43:53.513+0000] {logging_mixin.py:188} INFO - [2024-01-30T17:43:53.512+0000] {dagbag.py:538} INFO - Filling up the DagBag from /opt/airflow/dags/weather_api_dag.py
[2024-01-30T17:43:53.587+0000] {processor.py:840} INFO - DAG(s) 'weather_api_dag' retrieved from /opt/airflow/dags/weather_api_dag.py
[2024-01-30T17:43:53.688+0000] {logging_mixin.py:188} INFO - [2024-01-30T17:43:53.686+0000] {dag.py:3033} INFO - Sync 1 DAGs
[2024-01-30T17:43:53.791+0000] {logging_mixin.py:188} INFO - [2024-01-30T17:43:53.790+0000] {dag.py:3820} INFO - Setting next_dagrun for weather_api_dag to 2024-01-30T17:00:00+00:00, run_after=2024-01-30T18:00:00+00:00
[2024-01-30T17:43:53.858+0000] {processor.py:183} INFO - Processing /opt/airflow/dags/weather_api_dag.py took 0.363 seconds
[2024-01-30T17:43:58.977+0000] {processor.py:161} INFO - Started process (PID=3539) to work on /opt/airflow/dags/weather_api_dag.py
[2024-01-30T17:43:58.980+0000] {processor.py:830} INFO - Processing file /opt/airflow/dags/weather_api_dag.py for tasks to queue
[2024-01-30T17:43:58.984+0000] {logging_mixin.py:188} INFO - [2024-01-30T17:43:58.983+0000] {dagbag.py:538} INFO - Filling up the DagBag from /opt/airflow/dags/weather_api_dag.py
[2024-01-30T17:43:59.051+0000] {processor.py:840} INFO - DAG(s) 'weather_api_dag' retrieved from /opt/airflow/dags/weather_api_dag.py
[2024-01-30T17:43:59.154+0000] {logging_mixin.py:188} INFO - [2024-01-30T17:43:59.152+0000] {dag.py:3033} INFO - Sync 1 DAGs
[2024-01-30T17:43:59.256+0000] {logging_mixin.py:188} INFO - [2024-01-30T17:43:59.255+0000] {dag.py:3820} INFO - Setting next_dagrun for weather_api_dag to 2024-01-30T17:00:00+00:00, run_after=2024-01-30T18:00:00+00:00
[2024-01-30T17:43:59.331+0000] {processor.py:183} INFO - Processing /opt/airflow/dags/weather_api_dag.py took 0.364 seconds
[2024-01-30T17:44:03.481+0000] {processor.py:161} INFO - Started process (PID=3557) to work on /opt/airflow/dags/weather_api_dag.py
[2024-01-30T17:44:03.484+0000] {processor.py:830} INFO - Processing file /opt/airflow/dags/weather_api_dag.py for tasks to queue
[2024-01-30T17:44:03.488+0000] {logging_mixin.py:188} INFO - [2024-01-30T17:44:03.486+0000] {dagbag.py:538} INFO - Filling up the DagBag from /opt/airflow/dags/weather_api_dag.py
[2024-01-30T17:44:03.549+0000] {processor.py:840} INFO - DAG(s) 'weather_api_dag' retrieved from /opt/airflow/dags/weather_api_dag.py
[2024-01-30T17:44:03.643+0000] {logging_mixin.py:188} INFO - [2024-01-30T17:44:03.642+0000] {dag.py:3033} INFO - Sync 1 DAGs
[2024-01-30T17:44:03.750+0000] {logging_mixin.py:188} INFO - [2024-01-30T17:44:03.749+0000] {dag.py:3820} INFO - Setting next_dagrun for weather_api_dag to 2024-01-30T17:00:00+00:00, run_after=2024-01-30T18:00:00+00:00
[2024-01-30T17:44:03.857+0000] {processor.py:183} INFO - Processing /opt/airflow/dags/weather_api_dag.py took 0.384 seconds
[2024-01-30T17:44:07.887+0000] {processor.py:161} INFO - Started process (PID=3563) to work on /opt/airflow/dags/weather_api_dag.py
[2024-01-30T17:44:07.890+0000] {processor.py:830} INFO - Processing file /opt/airflow/dags/weather_api_dag.py for tasks to queue
[2024-01-30T17:44:07.894+0000] {logging_mixin.py:188} INFO - [2024-01-30T17:44:07.893+0000] {dagbag.py:538} INFO - Filling up the DagBag from /opt/airflow/dags/weather_api_dag.py
[2024-01-30T17:44:07.952+0000] {processor.py:840} INFO - DAG(s) 'weather_api_dag' retrieved from /opt/airflow/dags/weather_api_dag.py
[2024-01-30T17:44:08.035+0000] {logging_mixin.py:188} INFO - [2024-01-30T17:44:08.034+0000] {dag.py:3033} INFO - Sync 1 DAGs
[2024-01-30T17:44:08.132+0000] {logging_mixin.py:188} INFO - [2024-01-30T17:44:08.131+0000] {dag.py:3820} INFO - Setting next_dagrun for weather_api_dag to 2024-01-30T17:00:00+00:00, run_after=2024-01-30T18:00:00+00:00
[2024-01-30T17:44:08.197+0000] {processor.py:183} INFO - Processing /opt/airflow/dags/weather_api_dag.py took 0.319 seconds
[2024-01-30T17:44:24.540+0000] {processor.py:161} INFO - Started process (PID=3588) to work on /opt/airflow/dags/weather_api_dag.py
[2024-01-30T17:44:24.543+0000] {processor.py:830} INFO - Processing file /opt/airflow/dags/weather_api_dag.py for tasks to queue
[2024-01-30T17:44:24.547+0000] {logging_mixin.py:188} INFO - [2024-01-30T17:44:24.546+0000] {dagbag.py:538} INFO - Filling up the DagBag from /opt/airflow/dags/weather_api_dag.py
[2024-01-30T17:44:24.612+0000] {processor.py:840} INFO - DAG(s) 'weather_api_dag' retrieved from /opt/airflow/dags/weather_api_dag.py
[2024-01-30T17:44:24.708+0000] {logging_mixin.py:188} INFO - [2024-01-30T17:44:24.707+0000] {dag.py:3033} INFO - Sync 1 DAGs
[2024-01-30T17:44:24.818+0000] {logging_mixin.py:188} INFO - [2024-01-30T17:44:24.817+0000] {dag.py:3820} INFO - Setting next_dagrun for weather_api_dag to 2024-01-30T17:00:00+00:00, run_after=2024-01-30T18:00:00+00:00
[2024-01-30T17:44:24.900+0000] {processor.py:183} INFO - Processing /opt/airflow/dags/weather_api_dag.py took 0.371 seconds
[2024-01-30T17:44:25.988+0000] {processor.py:161} INFO - Started process (PID=3594) to work on /opt/airflow/dags/weather_api_dag.py
[2024-01-30T17:44:25.990+0000] {processor.py:830} INFO - Processing file /opt/airflow/dags/weather_api_dag.py for tasks to queue
[2024-01-30T17:44:25.993+0000] {logging_mixin.py:188} INFO - [2024-01-30T17:44:25.992+0000] {dagbag.py:538} INFO - Filling up the DagBag from /opt/airflow/dags/weather_api_dag.py
[2024-01-30T17:44:26.057+0000] {processor.py:840} INFO - DAG(s) 'weather_api_dag' retrieved from /opt/airflow/dags/weather_api_dag.py
[2024-01-30T17:44:26.144+0000] {logging_mixin.py:188} INFO - [2024-01-30T17:44:26.143+0000] {dag.py:3033} INFO - Sync 1 DAGs
[2024-01-30T17:44:26.251+0000] {logging_mixin.py:188} INFO - [2024-01-30T17:44:26.250+0000] {dag.py:3820} INFO - Setting next_dagrun for weather_api_dag to 2024-01-30T17:00:00+00:00, run_after=2024-01-30T18:00:00+00:00
[2024-01-30T17:44:26.320+0000] {processor.py:183} INFO - Processing /opt/airflow/dags/weather_api_dag.py took 0.341 seconds
[2024-01-30T17:44:27.020+0000] {processor.py:161} INFO - Started process (PID=3600) to work on /opt/airflow/dags/weather_api_dag.py
[2024-01-30T17:44:27.023+0000] {processor.py:830} INFO - Processing file /opt/airflow/dags/weather_api_dag.py for tasks to queue
[2024-01-30T17:44:27.028+0000] {logging_mixin.py:188} INFO - [2024-01-30T17:44:27.027+0000] {dagbag.py:538} INFO - Filling up the DagBag from /opt/airflow/dags/weather_api_dag.py
[2024-01-30T17:44:27.100+0000] {processor.py:840} INFO - DAG(s) 'weather_api_dag' retrieved from /opt/airflow/dags/weather_api_dag.py
[2024-01-30T17:44:27.198+0000] {logging_mixin.py:188} INFO - [2024-01-30T17:44:27.196+0000] {dag.py:3033} INFO - Sync 1 DAGs
[2024-01-30T17:44:27.303+0000] {logging_mixin.py:188} INFO - [2024-01-30T17:44:27.302+0000] {dag.py:3820} INFO - Setting next_dagrun for weather_api_dag to 2024-01-30T17:00:00+00:00, run_after=2024-01-30T18:00:00+00:00
[2024-01-30T17:44:27.370+0000] {processor.py:183} INFO - Processing /opt/airflow/dags/weather_api_dag.py took 0.359 seconds
[2024-01-30T17:44:33.925+0000] {processor.py:161} INFO - Started process (PID=3631) to work on /opt/airflow/dags/weather_api_dag.py
[2024-01-30T17:44:33.928+0000] {processor.py:830} INFO - Processing file /opt/airflow/dags/weather_api_dag.py for tasks to queue
[2024-01-30T17:44:33.933+0000] {logging_mixin.py:188} INFO - [2024-01-30T17:44:33.931+0000] {dagbag.py:538} INFO - Filling up the DagBag from /opt/airflow/dags/weather_api_dag.py
[2024-01-30T17:44:34.009+0000] {processor.py:840} INFO - DAG(s) 'weather_api_dag' retrieved from /opt/airflow/dags/weather_api_dag.py
[2024-01-30T17:44:34.120+0000] {logging_mixin.py:188} INFO - [2024-01-30T17:44:34.119+0000] {dag.py:3033} INFO - Sync 1 DAGs
[2024-01-30T17:44:34.226+0000] {logging_mixin.py:188} INFO - [2024-01-30T17:44:34.225+0000] {dag.py:3820} INFO - Setting next_dagrun for weather_api_dag to 2024-01-30T17:00:00+00:00, run_after=2024-01-30T18:00:00+00:00
[2024-01-30T17:44:34.295+0000] {processor.py:183} INFO - Processing /opt/airflow/dags/weather_api_dag.py took 0.379 seconds
[2024-01-30T17:44:45.514+0000] {processor.py:161} INFO - Started process (PID=3643) to work on /opt/airflow/dags/weather_api_dag.py
[2024-01-30T17:44:45.518+0000] {processor.py:830} INFO - Processing file /opt/airflow/dags/weather_api_dag.py for tasks to queue
[2024-01-30T17:44:45.523+0000] {logging_mixin.py:188} INFO - [2024-01-30T17:44:45.521+0000] {dagbag.py:538} INFO - Filling up the DagBag from /opt/airflow/dags/weather_api_dag.py
[2024-01-30T17:44:45.590+0000] {processor.py:840} INFO - DAG(s) 'weather_api_dag' retrieved from /opt/airflow/dags/weather_api_dag.py
[2024-01-30T17:44:45.694+0000] {logging_mixin.py:188} INFO - [2024-01-30T17:44:45.693+0000] {dag.py:3033} INFO - Sync 1 DAGs
[2024-01-30T17:44:45.798+0000] {logging_mixin.py:188} INFO - [2024-01-30T17:44:45.796+0000] {dag.py:3820} INFO - Setting next_dagrun for weather_api_dag to 2024-01-30T17:00:00+00:00, run_after=2024-01-30T18:00:00+00:00
[2024-01-30T17:44:45.879+0000] {processor.py:183} INFO - Processing /opt/airflow/dags/weather_api_dag.py took 0.377 seconds
[2024-01-30T17:44:53.063+0000] {processor.py:161} INFO - Started process (PID=3662) to work on /opt/airflow/dags/weather_api_dag.py
[2024-01-30T17:44:53.066+0000] {processor.py:830} INFO - Processing file /opt/airflow/dags/weather_api_dag.py for tasks to queue
[2024-01-30T17:44:53.070+0000] {logging_mixin.py:188} INFO - [2024-01-30T17:44:53.069+0000] {dagbag.py:538} INFO - Filling up the DagBag from /opt/airflow/dags/weather_api_dag.py
[2024-01-30T17:44:53.133+0000] {processor.py:840} INFO - DAG(s) 'weather_api_dag' retrieved from /opt/airflow/dags/weather_api_dag.py
[2024-01-30T17:44:53.228+0000] {logging_mixin.py:188} INFO - [2024-01-30T17:44:53.227+0000] {dag.py:3033} INFO - Sync 1 DAGs
[2024-01-30T17:44:53.327+0000] {logging_mixin.py:188} INFO - [2024-01-30T17:44:53.325+0000] {dag.py:3820} INFO - Setting next_dagrun for weather_api_dag to 2024-01-30T17:00:00+00:00, run_after=2024-01-30T18:00:00+00:00
[2024-01-30T17:44:53.408+0000] {processor.py:183} INFO - Processing /opt/airflow/dags/weather_api_dag.py took 0.352 seconds
[2024-01-30T17:44:59.520+0000] {processor.py:161} INFO - Started process (PID=3668) to work on /opt/airflow/dags/weather_api_dag.py
[2024-01-30T17:44:59.523+0000] {processor.py:830} INFO - Processing file /opt/airflow/dags/weather_api_dag.py for tasks to queue
[2024-01-30T17:44:59.526+0000] {logging_mixin.py:188} INFO - [2024-01-30T17:44:59.525+0000] {dagbag.py:538} INFO - Filling up the DagBag from /opt/airflow/dags/weather_api_dag.py
[2024-01-30T17:44:59.589+0000] {processor.py:840} INFO - DAG(s) 'weather_api_dag' retrieved from /opt/airflow/dags/weather_api_dag.py
[2024-01-30T17:44:59.675+0000] {logging_mixin.py:188} INFO - [2024-01-30T17:44:59.674+0000] {dag.py:3033} INFO - Sync 1 DAGs
[2024-01-30T17:44:59.774+0000] {logging_mixin.py:188} INFO - [2024-01-30T17:44:59.773+0000] {dag.py:3820} INFO - Setting next_dagrun for weather_api_dag to 2024-01-30T17:00:00+00:00, run_after=2024-01-30T18:00:00+00:00
[2024-01-30T17:44:59.844+0000] {processor.py:183} INFO - Processing /opt/airflow/dags/weather_api_dag.py took 0.332 seconds
[2024-01-30T17:45:05.428+0000] {processor.py:161} INFO - Started process (PID=3686) to work on /opt/airflow/dags/weather_api_dag.py
[2024-01-30T17:45:05.431+0000] {processor.py:830} INFO - Processing file /opt/airflow/dags/weather_api_dag.py for tasks to queue
[2024-01-30T17:45:05.435+0000] {logging_mixin.py:188} INFO - [2024-01-30T17:45:05.434+0000] {dagbag.py:538} INFO - Filling up the DagBag from /opt/airflow/dags/weather_api_dag.py
[2024-01-30T17:45:05.498+0000] {processor.py:840} INFO - DAG(s) 'weather_api_dag' retrieved from /opt/airflow/dags/weather_api_dag.py
[2024-01-30T17:45:05.597+0000] {logging_mixin.py:188} INFO - [2024-01-30T17:45:05.596+0000] {dag.py:3033} INFO - Sync 1 DAGs
[2024-01-30T17:45:05.695+0000] {logging_mixin.py:188} INFO - [2024-01-30T17:45:05.694+0000] {dag.py:3820} INFO - Setting next_dagrun for weather_api_dag to 2024-01-30T17:00:00+00:00, run_after=2024-01-30T18:00:00+00:00
[2024-01-30T17:45:05.765+0000] {processor.py:183} INFO - Processing /opt/airflow/dags/weather_api_dag.py took 0.346 seconds
[2024-01-30T17:45:14.981+0000] {processor.py:161} INFO - Started process (PID=3711) to work on /opt/airflow/dags/weather_api_dag.py
[2024-01-30T17:45:14.984+0000] {processor.py:830} INFO - Processing file /opt/airflow/dags/weather_api_dag.py for tasks to queue
[2024-01-30T17:45:14.987+0000] {logging_mixin.py:188} INFO - [2024-01-30T17:45:14.986+0000] {dagbag.py:538} INFO - Filling up the DagBag from /opt/airflow/dags/weather_api_dag.py
[2024-01-30T17:45:15.042+0000] {processor.py:840} INFO - DAG(s) 'weather_api_dag' retrieved from /opt/airflow/dags/weather_api_dag.py
[2024-01-30T17:45:15.125+0000] {logging_mixin.py:188} INFO - [2024-01-30T17:45:15.124+0000] {dag.py:3033} INFO - Sync 1 DAGs
[2024-01-30T17:45:15.221+0000] {logging_mixin.py:188} INFO - [2024-01-30T17:45:15.220+0000] {dag.py:3820} INFO - Setting next_dagrun for weather_api_dag to 2024-01-30T17:00:00+00:00, run_after=2024-01-30T18:00:00+00:00
[2024-01-30T17:45:15.285+0000] {processor.py:183} INFO - Processing /opt/airflow/dags/weather_api_dag.py took 0.311 seconds
[2024-01-30T17:45:17.174+0000] {processor.py:161} INFO - Started process (PID=3717) to work on /opt/airflow/dags/weather_api_dag.py
[2024-01-30T17:45:17.176+0000] {processor.py:830} INFO - Processing file /opt/airflow/dags/weather_api_dag.py for tasks to queue
[2024-01-30T17:45:17.180+0000] {logging_mixin.py:188} INFO - [2024-01-30T17:45:17.179+0000] {dagbag.py:538} INFO - Filling up the DagBag from /opt/airflow/dags/weather_api_dag.py
[2024-01-30T17:45:17.236+0000] {processor.py:840} INFO - DAG(s) 'weather_api_dag' retrieved from /opt/airflow/dags/weather_api_dag.py
[2024-01-30T17:45:17.322+0000] {logging_mixin.py:188} INFO - [2024-01-30T17:45:17.321+0000] {dag.py:3033} INFO - Sync 1 DAGs
[2024-01-30T17:45:17.421+0000] {logging_mixin.py:188} INFO - [2024-01-30T17:45:17.420+0000] {dag.py:3820} INFO - Setting next_dagrun for weather_api_dag to 2024-01-30T17:00:00+00:00, run_after=2024-01-30T18:00:00+00:00
[2024-01-30T17:45:17.487+0000] {processor.py:183} INFO - Processing /opt/airflow/dags/weather_api_dag.py took 0.321 seconds
[2024-01-30T17:45:20.452+0000] {processor.py:161} INFO - Started process (PID=3723) to work on /opt/airflow/dags/weather_api_dag.py
[2024-01-30T17:45:20.455+0000] {processor.py:830} INFO - Processing file /opt/airflow/dags/weather_api_dag.py for tasks to queue
[2024-01-30T17:45:20.459+0000] {logging_mixin.py:188} INFO - [2024-01-30T17:45:20.458+0000] {dagbag.py:538} INFO - Filling up the DagBag from /opt/airflow/dags/weather_api_dag.py
[2024-01-30T17:45:20.521+0000] {processor.py:840} INFO - DAG(s) 'weather_api_dag' retrieved from /opt/airflow/dags/weather_api_dag.py
[2024-01-30T17:45:20.613+0000] {logging_mixin.py:188} INFO - [2024-01-30T17:45:20.612+0000] {dag.py:3033} INFO - Sync 1 DAGs
[2024-01-30T17:45:20.714+0000] {logging_mixin.py:188} INFO - [2024-01-30T17:45:20.713+0000] {dag.py:3820} INFO - Setting next_dagrun for weather_api_dag to 2024-01-30T17:00:00+00:00, run_after=2024-01-30T18:00:00+00:00
[2024-01-30T17:45:20.783+0000] {processor.py:183} INFO - Processing /opt/airflow/dags/weather_api_dag.py took 0.341 seconds
[2024-01-30T17:45:50.901+0000] {processor.py:161} INFO - Started process (PID=3770) to work on /opt/airflow/dags/weather_api_dag.py
[2024-01-30T17:45:50.904+0000] {processor.py:830} INFO - Processing file /opt/airflow/dags/weather_api_dag.py for tasks to queue
[2024-01-30T17:45:50.907+0000] {logging_mixin.py:188} INFO - [2024-01-30T17:45:50.906+0000] {dagbag.py:538} INFO - Filling up the DagBag from /opt/airflow/dags/weather_api_dag.py
[2024-01-30T17:45:50.956+0000] {processor.py:840} INFO - DAG(s) 'weather_api_dag' retrieved from /opt/airflow/dags/weather_api_dag.py
[2024-01-30T17:45:51.050+0000] {logging_mixin.py:188} INFO - [2024-01-30T17:45:51.049+0000] {dag.py:3033} INFO - Sync 1 DAGs
[2024-01-30T17:45:51.152+0000] {logging_mixin.py:188} INFO - [2024-01-30T17:45:51.151+0000] {dag.py:3820} INFO - Setting next_dagrun for weather_api_dag to 2024-01-30T17:00:00+00:00, run_after=2024-01-30T18:00:00+00:00
[2024-01-30T17:45:51.213+0000] {processor.py:183} INFO - Processing /opt/airflow/dags/weather_api_dag.py took 0.320 seconds
[2024-01-30T17:46:21.997+0000] {processor.py:161} INFO - Started process (PID=3810) to work on /opt/airflow/dags/weather_api_dag.py
[2024-01-30T17:46:22.000+0000] {processor.py:830} INFO - Processing file /opt/airflow/dags/weather_api_dag.py for tasks to queue
[2024-01-30T17:46:22.004+0000] {logging_mixin.py:188} INFO - [2024-01-30T17:46:22.002+0000] {dagbag.py:538} INFO - Filling up the DagBag from /opt/airflow/dags/weather_api_dag.py
[2024-01-30T17:46:22.057+0000] {processor.py:840} INFO - DAG(s) 'weather_api_dag' retrieved from /opt/airflow/dags/weather_api_dag.py
[2024-01-30T17:46:22.149+0000] {logging_mixin.py:188} INFO - [2024-01-30T17:46:22.148+0000] {dag.py:3033} INFO - Sync 1 DAGs
[2024-01-30T17:46:22.254+0000] {logging_mixin.py:188} INFO - [2024-01-30T17:46:22.253+0000] {dag.py:3820} INFO - Setting next_dagrun for weather_api_dag to 2024-01-30T17:00:00+00:00, run_after=2024-01-30T18:00:00+00:00
[2024-01-30T17:46:22.311+0000] {processor.py:183} INFO - Processing /opt/airflow/dags/weather_api_dag.py took 0.324 seconds
[2024-01-30T17:46:52.569+0000] {processor.py:161} INFO - Started process (PID=3857) to work on /opt/airflow/dags/weather_api_dag.py
[2024-01-30T17:46:52.572+0000] {processor.py:830} INFO - Processing file /opt/airflow/dags/weather_api_dag.py for tasks to queue
[2024-01-30T17:46:52.576+0000] {logging_mixin.py:188} INFO - [2024-01-30T17:46:52.575+0000] {dagbag.py:538} INFO - Filling up the DagBag from /opt/airflow/dags/weather_api_dag.py
[2024-01-30T17:46:52.625+0000] {processor.py:840} INFO - DAG(s) 'weather_api_dag' retrieved from /opt/airflow/dags/weather_api_dag.py
[2024-01-30T17:46:52.711+0000] {logging_mixin.py:188} INFO - [2024-01-30T17:46:52.710+0000] {dag.py:3033} INFO - Sync 1 DAGs
[2024-01-30T17:46:52.806+0000] {logging_mixin.py:188} INFO - [2024-01-30T17:46:52.805+0000] {dag.py:3820} INFO - Setting next_dagrun for weather_api_dag to 2024-01-30T17:00:00+00:00, run_after=2024-01-30T18:00:00+00:00
[2024-01-30T17:46:52.878+0000] {processor.py:183} INFO - Processing /opt/airflow/dags/weather_api_dag.py took 0.317 seconds
[2024-01-30T17:47:23.289+0000] {processor.py:161} INFO - Started process (PID=3897) to work on /opt/airflow/dags/weather_api_dag.py
[2024-01-30T17:47:23.292+0000] {processor.py:830} INFO - Processing file /opt/airflow/dags/weather_api_dag.py for tasks to queue
[2024-01-30T17:47:23.296+0000] {logging_mixin.py:188} INFO - [2024-01-30T17:47:23.295+0000] {dagbag.py:538} INFO - Filling up the DagBag from /opt/airflow/dags/weather_api_dag.py
[2024-01-30T17:47:23.348+0000] {processor.py:840} INFO - DAG(s) 'weather_api_dag' retrieved from /opt/airflow/dags/weather_api_dag.py
[2024-01-30T17:47:23.441+0000] {logging_mixin.py:188} INFO - [2024-01-30T17:47:23.440+0000] {dag.py:3033} INFO - Sync 1 DAGs
[2024-01-30T17:47:23.617+0000] {logging_mixin.py:188} INFO - [2024-01-30T17:47:23.616+0000] {dag.py:3820} INFO - Setting next_dagrun for weather_api_dag to 2024-01-30T17:00:00+00:00, run_after=2024-01-30T18:00:00+00:00
[2024-01-30T17:47:23.685+0000] {processor.py:183} INFO - Processing /opt/airflow/dags/weather_api_dag.py took 0.404 seconds
[2024-01-30T18:05:23.489+0000] {processor.py:161} INFO - Started process (PID=3928) to work on /opt/airflow/dags/weather_api_dag.py
[2024-01-30T18:05:23.499+0000] {processor.py:830} INFO - Processing file /opt/airflow/dags/weather_api_dag.py for tasks to queue
[2024-01-30T18:05:23.513+0000] {logging_mixin.py:188} INFO - [2024-01-30T18:05:23.505+0000] {dagbag.py:538} INFO - Filling up the DagBag from /opt/airflow/dags/weather_api_dag.py
[2024-01-30T18:05:23.729+0000] {processor.py:840} INFO - DAG(s) 'weather_api_dag' retrieved from /opt/airflow/dags/weather_api_dag.py
[2024-01-30T18:05:23.846+0000] {logging_mixin.py:188} INFO - [2024-01-30T18:05:23.845+0000] {dag.py:3033} INFO - Sync 1 DAGs
[2024-01-30T18:05:23.946+0000] {logging_mixin.py:188} INFO - [2024-01-30T18:05:23.945+0000] {dag.py:3820} INFO - Setting next_dagrun for weather_api_dag to 2024-01-30T18:00:00+00:00, run_after=2024-01-30T19:00:00+00:00
[2024-01-30T18:05:24.025+0000] {processor.py:183} INFO - Processing /opt/airflow/dags/weather_api_dag.py took 0.604 seconds
[2024-01-30T18:19:13.405+0000] {processor.py:161} INFO - Started process (PID=3973) to work on /opt/airflow/dags/weather_api_dag.py
[2024-01-30T18:19:13.412+0000] {processor.py:830} INFO - Processing file /opt/airflow/dags/weather_api_dag.py for tasks to queue
[2024-01-30T18:19:13.420+0000] {logging_mixin.py:188} INFO - [2024-01-30T18:19:13.419+0000] {dagbag.py:538} INFO - Filling up the DagBag from /opt/airflow/dags/weather_api_dag.py
[2024-01-30T18:19:13.523+0000] {processor.py:840} INFO - DAG(s) 'weather_api_dag' retrieved from /opt/airflow/dags/weather_api_dag.py
[2024-01-30T18:19:13.710+0000] {logging_mixin.py:188} INFO - [2024-01-30T18:19:13.709+0000] {dag.py:3033} INFO - Sync 1 DAGs
[2024-01-30T18:19:13.886+0000] {logging_mixin.py:188} INFO - [2024-01-30T18:19:13.885+0000] {dag.py:3820} INFO - Setting next_dagrun for weather_api_dag to 2024-01-30T18:00:00+00:00, run_after=2024-01-30T19:00:00+00:00
[2024-01-30T18:19:13.992+0000] {processor.py:183} INFO - Processing /opt/airflow/dags/weather_api_dag.py took 0.616 seconds
[2024-01-30T19:09:25.547+0000] {processor.py:161} INFO - Started process (PID=4026) to work on /opt/airflow/dags/weather_api_dag.py
[2024-01-30T19:09:25.568+0000] {processor.py:830} INFO - Processing file /opt/airflow/dags/weather_api_dag.py for tasks to queue
[2024-01-30T19:09:25.578+0000] {logging_mixin.py:188} INFO - [2024-01-30T19:09:25.575+0000] {dagbag.py:538} INFO - Filling up the DagBag from /opt/airflow/dags/weather_api_dag.py
[2024-01-30T19:09:25.784+0000] {processor.py:840} INFO - DAG(s) 'weather_api_dag' retrieved from /opt/airflow/dags/weather_api_dag.py
[2024-01-30T19:09:26.187+0000] {logging_mixin.py:188} INFO - [2024-01-30T19:09:26.185+0000] {dag.py:3033} INFO - Sync 1 DAGs
[2024-01-30T19:09:26.583+0000] {logging_mixin.py:188} INFO - [2024-01-30T19:09:26.581+0000] {dag.py:3820} INFO - Setting next_dagrun for weather_api_dag to 2024-01-30T19:00:00+00:00, run_after=2024-01-30T20:00:00+00:00
[2024-01-30T19:09:27.046+0000] {processor.py:183} INFO - Processing /opt/airflow/dags/weather_api_dag.py took 1.528 seconds
[2024-01-30T20:46:47.074+0000] {processor.py:161} INFO - Started process (PID=4067) to work on /opt/airflow/dags/weather_api_dag.py
[2024-01-30T20:46:47.078+0000] {processor.py:830} INFO - Processing file /opt/airflow/dags/weather_api_dag.py for tasks to queue
[2024-01-30T20:46:47.082+0000] {logging_mixin.py:188} INFO - [2024-01-30T20:46:47.081+0000] {dagbag.py:538} INFO - Filling up the DagBag from /opt/airflow/dags/weather_api_dag.py
[2024-01-30T20:46:47.175+0000] {processor.py:840} INFO - DAG(s) 'weather_api_dag' retrieved from /opt/airflow/dags/weather_api_dag.py
[2024-01-30T20:46:47.333+0000] {logging_mixin.py:188} INFO - [2024-01-30T20:46:47.331+0000] {dag.py:3033} INFO - Sync 1 DAGs
[2024-01-30T20:46:47.567+0000] {logging_mixin.py:188} INFO - [2024-01-30T20:46:47.566+0000] {dag.py:3820} INFO - Setting next_dagrun for weather_api_dag to 2024-01-30T20:00:00+00:00, run_after=2024-01-30T21:00:00+00:00
[2024-01-30T20:46:47.727+0000] {processor.py:183} INFO - Processing /opt/airflow/dags/weather_api_dag.py took 0.661 seconds
[2024-01-30T22:08:11.163+0000] {processor.py:161} INFO - Started process (PID=4121) to work on /opt/airflow/dags/weather_api_dag.py
[2024-01-30T22:08:11.173+0000] {processor.py:830} INFO - Processing file /opt/airflow/dags/weather_api_dag.py for tasks to queue
[2024-01-30T22:08:11.184+0000] {logging_mixin.py:188} INFO - [2024-01-30T22:08:11.178+0000] {dagbag.py:538} INFO - Filling up the DagBag from /opt/airflow/dags/weather_api_dag.py
[2024-01-30T22:08:11.402+0000] {processor.py:840} INFO - DAG(s) 'weather_api_dag' retrieved from /opt/airflow/dags/weather_api_dag.py
[2024-01-30T22:08:12.157+0000] {logging_mixin.py:188} INFO - [2024-01-30T22:08:12.154+0000] {dag.py:3033} INFO - Sync 1 DAGs
[2024-01-30T22:08:12.671+0000] {logging_mixin.py:188} INFO - [2024-01-30T22:08:12.669+0000] {dag.py:3820} INFO - Setting next_dagrun for weather_api_dag to 2024-01-30T21:00:00+00:00, run_after=2024-01-30T22:00:00+00:00
[2024-01-30T22:08:12.876+0000] {processor.py:183} INFO - Processing /opt/airflow/dags/weather_api_dag.py took 1.740 seconds
[2024-01-30T23:45:52.802+0000] {processor.py:161} INFO - Started process (PID=4166) to work on /opt/airflow/dags/weather_api_dag.py
[2024-01-30T23:45:52.804+0000] {processor.py:830} INFO - Processing file /opt/airflow/dags/weather_api_dag.py for tasks to queue
[2024-01-30T23:45:52.807+0000] {logging_mixin.py:188} INFO - [2024-01-30T23:45:52.806+0000] {dagbag.py:538} INFO - Filling up the DagBag from /opt/airflow/dags/weather_api_dag.py
[2024-01-30T23:45:52.855+0000] {processor.py:840} INFO - DAG(s) 'weather_api_dag' retrieved from /opt/airflow/dags/weather_api_dag.py
[2024-01-30T23:45:53.025+0000] {logging_mixin.py:188} INFO - [2024-01-30T23:45:53.024+0000] {dag.py:3033} INFO - Sync 1 DAGs
[2024-01-30T23:45:53.225+0000] {logging_mixin.py:188} INFO - [2024-01-30T23:45:53.224+0000] {dag.py:3820} INFO - Setting next_dagrun for weather_api_dag to 2024-01-30T23:00:00+00:00, run_after=2024-01-31T00:00:00+00:00
[2024-01-30T23:45:53.379+0000] {processor.py:183} INFO - Processing /opt/airflow/dags/weather_api_dag.py took 0.584 seconds
