[2024-01-30T17:19:21.868+0000] {processor.py:161} INFO - Started process (PID=929) to work on /opt/airflow/dags/day_3_dag.py
[2024-01-30T17:19:21.870+0000] {processor.py:830} INFO - Processing file /opt/airflow/dags/day_3_dag.py for tasks to queue
[2024-01-30T17:19:21.873+0000] {logging_mixin.py:188} INFO - [2024-01-30T17:19:21.872+0000] {dagbag.py:538} INFO - Filling up the DagBag from /opt/airflow/dags/day_3_dag.py
[2024-01-30T17:19:21.897+0000] {logging_mixin.py:188} INFO - [2024-01-30T17:19:21.889+0000] {dagbag.py:348} ERROR - Failed to import: /opt/airflow/dags/day_3_dag.py
Traceback (most recent call last):
  File "/home/airflow/.local/lib/python3.8/site-packages/airflow/models/dagbag.py", line 344, in parse
    loader.exec_module(new_module)
  File "<frozen importlib._bootstrap_external>", line 839, in exec_module
  File "<frozen importlib._bootstrap_external>", line 976, in get_code
  File "<frozen importlib._bootstrap_external>", line 906, in source_to_code
  File "<frozen importlib._bootstrap>", line 219, in _call_with_frames_removed
  File "/opt/airflow/dags/day_3_dag.py", line 6
    
    ^
SyntaxError: unexpected EOF while parsing
[2024-01-30T17:19:21.901+0000] {processor.py:842} WARNING - No viable dags retrieved from /opt/airflow/dags/day_3_dag.py
[2024-01-30T17:19:21.953+0000] {processor.py:183} INFO - Processing /opt/airflow/dags/day_3_dag.py took 0.093 seconds
[2024-01-30T17:19:27.060+0000] {processor.py:161} INFO - Started process (PID=954) to work on /opt/airflow/dags/day_3_dag.py
[2024-01-30T17:19:27.062+0000] {processor.py:830} INFO - Processing file /opt/airflow/dags/day_3_dag.py for tasks to queue
[2024-01-30T17:19:27.065+0000] {logging_mixin.py:188} INFO - [2024-01-30T17:19:27.064+0000] {dagbag.py:538} INFO - Filling up the DagBag from /opt/airflow/dags/day_3_dag.py
[2024-01-30T17:19:27.116+0000] {processor.py:840} INFO - DAG(s) 'everyday_dag' retrieved from /opt/airflow/dags/day_3_dag.py
[2024-01-30T17:19:27.602+0000] {logging_mixin.py:188} INFO - [2024-01-30T17:19:27.601+0000] {dag.py:3033} INFO - Sync 1 DAGs
[2024-01-30T17:19:27.690+0000] {logging_mixin.py:188} INFO - [2024-01-30T17:19:27.689+0000] {dag.py:3820} INFO - Setting next_dagrun for everyday_dag to 2024-01-30T00:00:00+00:00, run_after=2024-01-31T00:00:00+00:00
[2024-01-30T17:19:27.769+0000] {processor.py:183} INFO - Processing /opt/airflow/dags/day_3_dag.py took 0.718 seconds
[2024-01-30T17:19:32.877+0000] {processor.py:161} INFO - Started process (PID=960) to work on /opt/airflow/dags/day_3_dag.py
[2024-01-30T17:19:32.880+0000] {processor.py:830} INFO - Processing file /opt/airflow/dags/day_3_dag.py for tasks to queue
[2024-01-30T17:19:32.883+0000] {logging_mixin.py:188} INFO - [2024-01-30T17:19:32.882+0000] {dagbag.py:538} INFO - Filling up the DagBag from /opt/airflow/dags/day_3_dag.py
[2024-01-30T17:19:32.937+0000] {processor.py:840} INFO - DAG(s) 'day_3_dag' retrieved from /opt/airflow/dags/day_3_dag.py
[2024-01-30T17:19:33.412+0000] {logging_mixin.py:188} INFO - [2024-01-30T17:19:33.410+0000] {override.py:1769} INFO - Created Permission View: can edit on DAG:day_3_dag
[2024-01-30T17:19:33.447+0000] {logging_mixin.py:188} INFO - [2024-01-30T17:19:33.445+0000] {override.py:1769} INFO - Created Permission View: can read on DAG:day_3_dag
[2024-01-30T17:19:33.469+0000] {logging_mixin.py:188} INFO - [2024-01-30T17:19:33.468+0000] {override.py:1769} INFO - Created Permission View: can delete on DAG:day_3_dag
[2024-01-30T17:19:33.472+0000] {logging_mixin.py:188} INFO - [2024-01-30T17:19:33.471+0000] {dag.py:3033} INFO - Sync 1 DAGs
[2024-01-30T17:19:33.521+0000] {logging_mixin.py:188} INFO - [2024-01-30T17:19:33.520+0000] {dag.py:3055} INFO - Creating ORM DAG for day_3_dag
[2024-01-30T17:19:33.573+0000] {logging_mixin.py:188} INFO - [2024-01-30T17:19:33.572+0000] {dag.py:3820} INFO - Setting next_dagrun for day_3_dag to 2024-01-30T00:00:00+00:00, run_after=2024-01-31T00:00:00+00:00
[2024-01-30T17:19:33.634+0000] {processor.py:183} INFO - Processing /opt/airflow/dags/day_3_dag.py took 0.765 seconds
[2024-01-30T17:19:37.735+0000] {processor.py:161} INFO - Started process (PID=966) to work on /opt/airflow/dags/day_3_dag.py
[2024-01-30T17:19:37.738+0000] {processor.py:830} INFO - Processing file /opt/airflow/dags/day_3_dag.py for tasks to queue
[2024-01-30T17:19:37.741+0000] {logging_mixin.py:188} INFO - [2024-01-30T17:19:37.740+0000] {dagbag.py:538} INFO - Filling up the DagBag from /opt/airflow/dags/day_3_dag.py
[2024-01-30T17:19:37.797+0000] {processor.py:840} INFO - DAG(s) 'day_3_dag' retrieved from /opt/airflow/dags/day_3_dag.py
[2024-01-30T17:19:37.828+0000] {logging_mixin.py:188} INFO - [2024-01-30T17:19:37.826+0000] {dag.py:3033} INFO - Sync 1 DAGs
[2024-01-30T17:19:37.951+0000] {logging_mixin.py:188} INFO - [2024-01-30T17:19:37.950+0000] {dag.py:3820} INFO - Setting next_dagrun for day_3_dag to 2024-01-30T00:00:00+00:00, run_after=2024-01-31T00:00:00+00:00
[2024-01-30T17:19:38.022+0000] {processor.py:183} INFO - Processing /opt/airflow/dags/day_3_dag.py took 0.296 seconds
[2024-01-30T17:19:44.285+0000] {processor.py:161} INFO - Started process (PID=982) to work on /opt/airflow/dags/day_3_dag.py
[2024-01-30T17:19:44.290+0000] {processor.py:830} INFO - Processing file /opt/airflow/dags/day_3_dag.py for tasks to queue
[2024-01-30T17:19:44.305+0000] {logging_mixin.py:188} INFO - [2024-01-30T17:19:44.300+0000] {dagbag.py:538} INFO - Filling up the DagBag from /opt/airflow/dags/day_3_dag.py
[2024-01-30T17:19:44.383+0000] {processor.py:840} INFO - DAG(s) 'day_3_dag' retrieved from /opt/airflow/dags/day_3_dag.py
[2024-01-30T17:19:44.416+0000] {logging_mixin.py:188} INFO - [2024-01-30T17:19:44.415+0000] {dag.py:3033} INFO - Sync 1 DAGs
[2024-01-30T17:19:44.517+0000] {logging_mixin.py:188} INFO - [2024-01-30T17:19:44.516+0000] {dag.py:3820} INFO - Setting next_dagrun for day_3_dag to 2024-01-30T00:00:00+00:00, run_after=2024-01-31T00:00:00+00:00
[2024-01-30T17:19:44.599+0000] {processor.py:183} INFO - Processing /opt/airflow/dags/day_3_dag.py took 0.328 seconds
[2024-01-30T17:19:50.315+0000] {processor.py:161} INFO - Started process (PID=997) to work on /opt/airflow/dags/day_3_dag.py
[2024-01-30T17:19:50.318+0000] {processor.py:830} INFO - Processing file /opt/airflow/dags/day_3_dag.py for tasks to queue
[2024-01-30T17:19:50.322+0000] {logging_mixin.py:188} INFO - [2024-01-30T17:19:50.320+0000] {dagbag.py:538} INFO - Filling up the DagBag from /opt/airflow/dags/day_3_dag.py
[2024-01-30T17:19:50.387+0000] {processor.py:840} INFO - DAG(s) 'day_3_dag' retrieved from /opt/airflow/dags/day_3_dag.py
[2024-01-30T17:19:50.433+0000] {logging_mixin.py:188} INFO - [2024-01-30T17:19:50.432+0000] {dag.py:3033} INFO - Sync 1 DAGs
[2024-01-30T17:19:50.538+0000] {logging_mixin.py:188} INFO - [2024-01-30T17:19:50.537+0000] {dag.py:3820} INFO - Setting next_dagrun for day_3_dag to 2024-01-30T00:00:00+00:00, run_after=2024-01-31T00:00:00+00:00
[2024-01-30T17:19:50.623+0000] {processor.py:183} INFO - Processing /opt/airflow/dags/day_3_dag.py took 0.316 seconds
[2024-01-30T17:19:52.699+0000] {processor.py:161} INFO - Started process (PID=1003) to work on /opt/airflow/dags/day_3_dag.py
[2024-01-30T17:19:52.702+0000] {processor.py:830} INFO - Processing file /opt/airflow/dags/day_3_dag.py for tasks to queue
[2024-01-30T17:19:52.707+0000] {logging_mixin.py:188} INFO - [2024-01-30T17:19:52.706+0000] {dagbag.py:538} INFO - Filling up the DagBag from /opt/airflow/dags/day_3_dag.py
[2024-01-30T17:19:52.773+0000] {processor.py:840} INFO - DAG(s) 'day_3_dag' retrieved from /opt/airflow/dags/day_3_dag.py
[2024-01-30T17:19:52.813+0000] {logging_mixin.py:188} INFO - [2024-01-30T17:19:52.812+0000] {dag.py:3033} INFO - Sync 1 DAGs
[2024-01-30T17:19:52.928+0000] {logging_mixin.py:188} INFO - [2024-01-30T17:19:52.927+0000] {dag.py:3820} INFO - Setting next_dagrun for day_3_dag to 2024-01-30T00:00:00+00:00, run_after=2024-01-31T00:00:00+00:00
[2024-01-30T17:19:53.011+0000] {processor.py:183} INFO - Processing /opt/airflow/dags/day_3_dag.py took 0.320 seconds
[2024-01-30T17:19:59.813+0000] {processor.py:161} INFO - Started process (PID=1015) to work on /opt/airflow/dags/day_3_dag.py
[2024-01-30T17:19:59.815+0000] {processor.py:830} INFO - Processing file /opt/airflow/dags/day_3_dag.py for tasks to queue
[2024-01-30T17:19:59.820+0000] {logging_mixin.py:188} INFO - [2024-01-30T17:19:59.819+0000] {dagbag.py:538} INFO - Filling up the DagBag from /opt/airflow/dags/day_3_dag.py
[2024-01-30T17:19:59.840+0000] {logging_mixin.py:188} INFO - [2024-01-30T17:19:59.835+0000] {dagbag.py:348} ERROR - Failed to import: /opt/airflow/dags/day_3_dag.py
Traceback (most recent call last):
  File "/home/airflow/.local/lib/python3.8/site-packages/airflow/models/dagbag.py", line 344, in parse
    loader.exec_module(new_module)
  File "<frozen importlib._bootstrap_external>", line 839, in exec_module
  File "<frozen importlib._bootstrap_external>", line 976, in get_code
  File "<frozen importlib._bootstrap_external>", line 906, in source_to_code
  File "<frozen importlib._bootstrap>", line 219, in _call_with_frames_removed
  File "/opt/airflow/dags/day_3_dag.py", line 9
    tags = ["day3-1800-everymonth"],
         ^
SyntaxError: invalid syntax
[2024-01-30T17:19:59.842+0000] {processor.py:842} WARNING - No viable dags retrieved from /opt/airflow/dags/day_3_dag.py
[2024-01-30T17:19:59.883+0000] {processor.py:183} INFO - Processing /opt/airflow/dags/day_3_dag.py took 0.079 seconds
[2024-01-30T17:20:01.875+0000] {processor.py:161} INFO - Started process (PID=1021) to work on /opt/airflow/dags/day_3_dag.py
[2024-01-30T17:20:01.877+0000] {processor.py:830} INFO - Processing file /opt/airflow/dags/day_3_dag.py for tasks to queue
[2024-01-30T17:20:01.880+0000] {logging_mixin.py:188} INFO - [2024-01-30T17:20:01.879+0000] {dagbag.py:538} INFO - Filling up the DagBag from /opt/airflow/dags/day_3_dag.py
[2024-01-30T17:20:01.933+0000] {processor.py:840} INFO - DAG(s) 'day_3_dag' retrieved from /opt/airflow/dags/day_3_dag.py
[2024-01-30T17:20:01.956+0000] {logging_mixin.py:188} INFO - [2024-01-30T17:20:01.955+0000] {dag.py:3033} INFO - Sync 1 DAGs
[2024-01-30T17:20:02.045+0000] {logging_mixin.py:188} INFO - [2024-01-30T17:20:02.044+0000] {dag.py:3820} INFO - Setting next_dagrun for day_3_dag to 2024-02-01T18:00:00+00:00, run_after=2024-03-01T18:00:00+00:00
[2024-01-30T17:20:02.113+0000] {processor.py:183} INFO - Processing /opt/airflow/dags/day_3_dag.py took 0.246 seconds
[2024-01-30T17:20:32.202+0000] {processor.py:161} INFO - Started process (PID=1065) to work on /opt/airflow/dags/day_3_dag.py
[2024-01-30T17:20:32.205+0000] {processor.py:830} INFO - Processing file /opt/airflow/dags/day_3_dag.py for tasks to queue
[2024-01-30T17:20:32.208+0000] {logging_mixin.py:188} INFO - [2024-01-30T17:20:32.207+0000] {dagbag.py:538} INFO - Filling up the DagBag from /opt/airflow/dags/day_3_dag.py
[2024-01-30T17:20:32.255+0000] {processor.py:840} INFO - DAG(s) 'day_3_dag' retrieved from /opt/airflow/dags/day_3_dag.py
[2024-01-30T17:20:32.733+0000] {logging_mixin.py:188} INFO - [2024-01-30T17:20:32.732+0000] {dag.py:3033} INFO - Sync 1 DAGs
[2024-01-30T17:20:32.821+0000] {logging_mixin.py:188} INFO - [2024-01-30T17:20:32.820+0000] {dag.py:3820} INFO - Setting next_dagrun for day_3_dag to 2024-02-01T18:00:00+00:00, run_after=2024-03-01T18:00:00+00:00
[2024-01-30T17:20:32.890+0000] {processor.py:183} INFO - Processing /opt/airflow/dags/day_3_dag.py took 0.695 seconds
[2024-01-30T17:20:50.278+0000] {processor.py:161} INFO - Started process (PID=1090) to work on /opt/airflow/dags/day_3_dag.py
[2024-01-30T17:20:50.281+0000] {processor.py:830} INFO - Processing file /opt/airflow/dags/day_3_dag.py for tasks to queue
[2024-01-30T17:20:50.285+0000] {logging_mixin.py:188} INFO - [2024-01-30T17:20:50.284+0000] {dagbag.py:538} INFO - Filling up the DagBag from /opt/airflow/dags/day_3_dag.py
[2024-01-30T17:20:50.346+0000] {processor.py:840} INFO - DAG(s) 'day_3_dag' retrieved from /opt/airflow/dags/day_3_dag.py
[2024-01-30T17:20:50.373+0000] {logging_mixin.py:188} INFO - [2024-01-30T17:20:50.372+0000] {dag.py:3033} INFO - Sync 1 DAGs
[2024-01-30T17:20:50.472+0000] {logging_mixin.py:188} INFO - [2024-01-30T17:20:50.471+0000] {dag.py:3820} INFO - Setting next_dagrun for day_3_dag to 2024-02-03T18:00:00+00:00, run_after=2024-03-03T18:00:00+00:00
[2024-01-30T17:20:50.542+0000] {processor.py:183} INFO - Processing /opt/airflow/dags/day_3_dag.py took 0.274 seconds
[2024-01-30T17:20:53.312+0000] {processor.py:161} INFO - Started process (PID=1096) to work on /opt/airflow/dags/day_3_dag.py
[2024-01-30T17:20:53.314+0000] {processor.py:830} INFO - Processing file /opt/airflow/dags/day_3_dag.py for tasks to queue
[2024-01-30T17:20:53.318+0000] {logging_mixin.py:188} INFO - [2024-01-30T17:20:53.317+0000] {dagbag.py:538} INFO - Filling up the DagBag from /opt/airflow/dags/day_3_dag.py
[2024-01-30T17:20:53.380+0000] {processor.py:840} INFO - DAG(s) 'day_3_dag' retrieved from /opt/airflow/dags/day_3_dag.py
[2024-01-30T17:20:53.412+0000] {logging_mixin.py:188} INFO - [2024-01-30T17:20:53.411+0000] {dag.py:3033} INFO - Sync 1 DAGs
[2024-01-30T17:20:53.517+0000] {logging_mixin.py:188} INFO - [2024-01-30T17:20:53.516+0000] {dag.py:3820} INFO - Setting next_dagrun for day_3_dag to 2024-04-03T18:00:00+00:00, run_after=2024-05-03T18:00:00+00:00
[2024-01-30T17:20:53.584+0000] {processor.py:183} INFO - Processing /opt/airflow/dags/day_3_dag.py took 0.281 seconds
[2024-01-30T17:20:56.991+0000] {processor.py:161} INFO - Started process (PID=1108) to work on /opt/airflow/dags/day_3_dag.py
[2024-01-30T17:20:56.994+0000] {processor.py:830} INFO - Processing file /opt/airflow/dags/day_3_dag.py for tasks to queue
[2024-01-30T17:20:56.997+0000] {logging_mixin.py:188} INFO - [2024-01-30T17:20:56.996+0000] {dagbag.py:538} INFO - Filling up the DagBag from /opt/airflow/dags/day_3_dag.py
[2024-01-30T17:20:57.052+0000] {processor.py:840} INFO - DAG(s) 'day_3_dag' retrieved from /opt/airflow/dags/day_3_dag.py
[2024-01-30T17:20:57.078+0000] {logging_mixin.py:188} INFO - [2024-01-30T17:20:57.077+0000] {dag.py:3033} INFO - Sync 1 DAGs
[2024-01-30T17:20:57.187+0000] {logging_mixin.py:188} INFO - [2024-01-30T17:20:57.185+0000] {dag.py:3820} INFO - Setting next_dagrun for day_3_dag to 2024-02-03T18:00:00+00:00, run_after=2024-03-03T18:00:00+00:00
[2024-01-30T17:20:57.267+0000] {processor.py:183} INFO - Processing /opt/airflow/dags/day_3_dag.py took 0.285 seconds
[2024-01-30T17:20:58.045+0000] {processor.py:161} INFO - Started process (PID=1114) to work on /opt/airflow/dags/day_3_dag.py
[2024-01-30T17:20:58.048+0000] {processor.py:830} INFO - Processing file /opt/airflow/dags/day_3_dag.py for tasks to queue
[2024-01-30T17:20:58.051+0000] {logging_mixin.py:188} INFO - [2024-01-30T17:20:58.050+0000] {dagbag.py:538} INFO - Filling up the DagBag from /opt/airflow/dags/day_3_dag.py
[2024-01-30T17:20:58.105+0000] {processor.py:840} INFO - DAG(s) 'day_3_dag' retrieved from /opt/airflow/dags/day_3_dag.py
[2024-01-30T17:20:58.130+0000] {logging_mixin.py:188} INFO - [2024-01-30T17:20:58.129+0000] {dag.py:3033} INFO - Sync 1 DAGs
[2024-01-30T17:20:58.233+0000] {logging_mixin.py:188} INFO - [2024-01-30T17:20:58.232+0000] {dag.py:3820} INFO - Setting next_dagrun for day_3_dag to 2024-01-03T18:00:00+00:00, run_after=2024-02-03T18:00:00+00:00
[2024-01-30T17:20:58.306+0000] {processor.py:183} INFO - Processing /opt/airflow/dags/day_3_dag.py took 0.272 seconds
[2024-01-30T17:21:05.514+0000] {processor.py:161} INFO - Started process (PID=1120) to work on /opt/airflow/dags/day_3_dag.py
[2024-01-30T17:21:05.516+0000] {processor.py:830} INFO - Processing file /opt/airflow/dags/day_3_dag.py for tasks to queue
[2024-01-30T17:21:05.519+0000] {logging_mixin.py:188} INFO - [2024-01-30T17:21:05.518+0000] {dagbag.py:538} INFO - Filling up the DagBag from /opt/airflow/dags/day_3_dag.py
[2024-01-30T17:21:05.573+0000] {processor.py:840} INFO - DAG(s) 'day_3_dag' retrieved from /opt/airflow/dags/day_3_dag.py
[2024-01-30T17:21:06.053+0000] {logging_mixin.py:188} INFO - [2024-01-30T17:21:06.052+0000] {dag.py:3033} INFO - Sync 1 DAGs
[2024-01-30T17:21:06.148+0000] {logging_mixin.py:188} INFO - [2024-01-30T17:21:06.147+0000] {dag.py:3820} INFO - Setting next_dagrun for day_3_dag to 2024-01-03T18:00:00+00:00, run_after=2024-02-03T18:00:00+00:00
[2024-01-30T17:21:06.217+0000] {processor.py:183} INFO - Processing /opt/airflow/dags/day_3_dag.py took 0.712 seconds
[2024-01-30T17:21:36.342+0000] {processor.py:161} INFO - Started process (PID=1163) to work on /opt/airflow/dags/day_3_dag.py
[2024-01-30T17:21:36.345+0000] {processor.py:830} INFO - Processing file /opt/airflow/dags/day_3_dag.py for tasks to queue
[2024-01-30T17:21:36.348+0000] {logging_mixin.py:188} INFO - [2024-01-30T17:21:36.347+0000] {dagbag.py:538} INFO - Filling up the DagBag from /opt/airflow/dags/day_3_dag.py
[2024-01-30T17:21:36.408+0000] {processor.py:840} INFO - DAG(s) 'day_3_dag' retrieved from /opt/airflow/dags/day_3_dag.py
[2024-01-30T17:21:36.496+0000] {logging_mixin.py:188} INFO - [2024-01-30T17:21:36.495+0000] {dag.py:3033} INFO - Sync 1 DAGs
[2024-01-30T17:21:36.589+0000] {logging_mixin.py:188} INFO - [2024-01-30T17:21:36.588+0000] {dag.py:3820} INFO - Setting next_dagrun for day_3_dag to 2024-01-03T18:00:00+00:00, run_after=2024-02-03T18:00:00+00:00
[2024-01-30T17:21:36.651+0000] {processor.py:183} INFO - Processing /opt/airflow/dags/day_3_dag.py took 0.318 seconds
[2024-01-30T17:22:07.327+0000] {processor.py:161} INFO - Started process (PID=1204) to work on /opt/airflow/dags/day_3_dag.py
[2024-01-30T17:22:07.331+0000] {processor.py:830} INFO - Processing file /opt/airflow/dags/day_3_dag.py for tasks to queue
[2024-01-30T17:22:07.335+0000] {logging_mixin.py:188} INFO - [2024-01-30T17:22:07.334+0000] {dagbag.py:538} INFO - Filling up the DagBag from /opt/airflow/dags/day_3_dag.py
[2024-01-30T17:22:07.392+0000] {processor.py:840} INFO - DAG(s) 'day_3_dag' retrieved from /opt/airflow/dags/day_3_dag.py
[2024-01-30T17:22:07.500+0000] {logging_mixin.py:188} INFO - [2024-01-30T17:22:07.499+0000] {dag.py:3033} INFO - Sync 1 DAGs
[2024-01-30T17:22:07.636+0000] {logging_mixin.py:188} INFO - [2024-01-30T17:22:07.634+0000] {dag.py:3820} INFO - Setting next_dagrun for day_3_dag to 2024-01-03T18:00:00+00:00, run_after=2024-02-03T18:00:00+00:00
[2024-01-30T17:22:07.715+0000] {processor.py:183} INFO - Processing /opt/airflow/dags/day_3_dag.py took 0.402 seconds
[2024-01-30T17:22:38.277+0000] {processor.py:161} INFO - Started process (PID=1238) to work on /opt/airflow/dags/day_3_dag.py
[2024-01-30T17:22:38.280+0000] {processor.py:830} INFO - Processing file /opt/airflow/dags/day_3_dag.py for tasks to queue
[2024-01-30T17:22:38.284+0000] {logging_mixin.py:188} INFO - [2024-01-30T17:22:38.283+0000] {dagbag.py:538} INFO - Filling up the DagBag from /opt/airflow/dags/day_3_dag.py
[2024-01-30T17:22:38.332+0000] {processor.py:840} INFO - DAG(s) 'day_3_dag' retrieved from /opt/airflow/dags/day_3_dag.py
[2024-01-30T17:22:38.414+0000] {logging_mixin.py:188} INFO - [2024-01-30T17:22:38.413+0000] {dag.py:3033} INFO - Sync 1 DAGs
[2024-01-30T17:22:38.507+0000] {logging_mixin.py:188} INFO - [2024-01-30T17:22:38.506+0000] {dag.py:3820} INFO - Setting next_dagrun for day_3_dag to 2024-01-03T18:00:00+00:00, run_after=2024-02-03T18:00:00+00:00
[2024-01-30T17:22:38.565+0000] {processor.py:183} INFO - Processing /opt/airflow/dags/day_3_dag.py took 0.296 seconds
[2024-01-30T17:23:09.454+0000] {processor.py:161} INFO - Started process (PID=1282) to work on /opt/airflow/dags/day_3_dag.py
[2024-01-30T17:23:09.457+0000] {processor.py:830} INFO - Processing file /opt/airflow/dags/day_3_dag.py for tasks to queue
[2024-01-30T17:23:09.460+0000] {logging_mixin.py:188} INFO - [2024-01-30T17:23:09.459+0000] {dagbag.py:538} INFO - Filling up the DagBag from /opt/airflow/dags/day_3_dag.py
[2024-01-30T17:23:09.506+0000] {processor.py:840} INFO - DAG(s) 'day_3_dag' retrieved from /opt/airflow/dags/day_3_dag.py
[2024-01-30T17:23:09.584+0000] {logging_mixin.py:188} INFO - [2024-01-30T17:23:09.583+0000] {dag.py:3033} INFO - Sync 1 DAGs
[2024-01-30T17:23:09.679+0000] {logging_mixin.py:188} INFO - [2024-01-30T17:23:09.678+0000] {dag.py:3820} INFO - Setting next_dagrun for day_3_dag to 2024-01-03T18:00:00+00:00, run_after=2024-02-03T18:00:00+00:00
[2024-01-30T17:23:09.740+0000] {processor.py:183} INFO - Processing /opt/airflow/dags/day_3_dag.py took 0.293 seconds
[2024-01-30T17:23:40.379+0000] {processor.py:161} INFO - Started process (PID=1313) to work on /opt/airflow/dags/day_3_dag.py
[2024-01-30T17:23:40.382+0000] {processor.py:830} INFO - Processing file /opt/airflow/dags/day_3_dag.py for tasks to queue
[2024-01-30T17:23:40.387+0000] {logging_mixin.py:188} INFO - [2024-01-30T17:23:40.385+0000] {dagbag.py:538} INFO - Filling up the DagBag from /opt/airflow/dags/day_3_dag.py
[2024-01-30T17:23:40.434+0000] {processor.py:840} INFO - DAG(s) 'day_3_dag' retrieved from /opt/airflow/dags/day_3_dag.py
[2024-01-30T17:23:40.511+0000] {logging_mixin.py:188} INFO - [2024-01-30T17:23:40.510+0000] {dag.py:3033} INFO - Sync 1 DAGs
[2024-01-30T17:23:40.600+0000] {logging_mixin.py:188} INFO - [2024-01-30T17:23:40.599+0000] {dag.py:3820} INFO - Setting next_dagrun for day_3_dag to 2024-01-03T18:00:00+00:00, run_after=2024-02-03T18:00:00+00:00
[2024-01-30T17:23:40.658+0000] {processor.py:183} INFO - Processing /opt/airflow/dags/day_3_dag.py took 0.289 seconds
[2024-01-30T17:24:11.474+0000] {processor.py:161} INFO - Started process (PID=1357) to work on /opt/airflow/dags/day_3_dag.py
[2024-01-30T17:24:11.477+0000] {processor.py:830} INFO - Processing file /opt/airflow/dags/day_3_dag.py for tasks to queue
[2024-01-30T17:24:11.480+0000] {logging_mixin.py:188} INFO - [2024-01-30T17:24:11.479+0000] {dagbag.py:538} INFO - Filling up the DagBag from /opt/airflow/dags/day_3_dag.py
[2024-01-30T17:24:11.528+0000] {processor.py:840} INFO - DAG(s) 'day_3_dag' retrieved from /opt/airflow/dags/day_3_dag.py
[2024-01-30T17:24:11.607+0000] {logging_mixin.py:188} INFO - [2024-01-30T17:24:11.606+0000] {dag.py:3033} INFO - Sync 1 DAGs
[2024-01-30T17:24:11.696+0000] {logging_mixin.py:188} INFO - [2024-01-30T17:24:11.695+0000] {dag.py:3820} INFO - Setting next_dagrun for day_3_dag to 2024-01-03T18:00:00+00:00, run_after=2024-02-03T18:00:00+00:00
[2024-01-30T17:24:11.759+0000] {processor.py:183} INFO - Processing /opt/airflow/dags/day_3_dag.py took 0.293 seconds
[2024-01-30T17:24:42.424+0000] {processor.py:161} INFO - Started process (PID=1388) to work on /opt/airflow/dags/day_3_dag.py
[2024-01-30T17:24:42.427+0000] {processor.py:830} INFO - Processing file /opt/airflow/dags/day_3_dag.py for tasks to queue
[2024-01-30T17:24:42.430+0000] {logging_mixin.py:188} INFO - [2024-01-30T17:24:42.429+0000] {dagbag.py:538} INFO - Filling up the DagBag from /opt/airflow/dags/day_3_dag.py
[2024-01-30T17:24:42.477+0000] {processor.py:840} INFO - DAG(s) 'day_3_dag' retrieved from /opt/airflow/dags/day_3_dag.py
[2024-01-30T17:24:42.557+0000] {logging_mixin.py:188} INFO - [2024-01-30T17:24:42.556+0000] {dag.py:3033} INFO - Sync 1 DAGs
[2024-01-30T17:24:42.648+0000] {logging_mixin.py:188} INFO - [2024-01-30T17:24:42.647+0000] {dag.py:3820} INFO - Setting next_dagrun for day_3_dag to 2024-01-03T18:00:00+00:00, run_after=2024-02-03T18:00:00+00:00
[2024-01-30T17:24:42.706+0000] {processor.py:183} INFO - Processing /opt/airflow/dags/day_3_dag.py took 0.292 seconds
[2024-01-30T17:25:13.509+0000] {processor.py:161} INFO - Started process (PID=1432) to work on /opt/airflow/dags/day_3_dag.py
[2024-01-30T17:25:13.512+0000] {processor.py:830} INFO - Processing file /opt/airflow/dags/day_3_dag.py for tasks to queue
[2024-01-30T17:25:13.516+0000] {logging_mixin.py:188} INFO - [2024-01-30T17:25:13.515+0000] {dagbag.py:538} INFO - Filling up the DagBag from /opt/airflow/dags/day_3_dag.py
[2024-01-30T17:25:13.560+0000] {processor.py:840} INFO - DAG(s) 'day_3_dag' retrieved from /opt/airflow/dags/day_3_dag.py
[2024-01-30T17:25:13.639+0000] {logging_mixin.py:188} INFO - [2024-01-30T17:25:13.638+0000] {dag.py:3033} INFO - Sync 1 DAGs
[2024-01-30T17:25:13.727+0000] {logging_mixin.py:188} INFO - [2024-01-30T17:25:13.726+0000] {dag.py:3820} INFO - Setting next_dagrun for day_3_dag to 2024-01-03T18:00:00+00:00, run_after=2024-02-03T18:00:00+00:00
[2024-01-30T17:25:13.788+0000] {processor.py:183} INFO - Processing /opt/airflow/dags/day_3_dag.py took 0.287 seconds
[2024-01-30T17:25:44.616+0000] {processor.py:161} INFO - Started process (PID=1463) to work on /opt/airflow/dags/day_3_dag.py
[2024-01-30T17:25:44.619+0000] {processor.py:830} INFO - Processing file /opt/airflow/dags/day_3_dag.py for tasks to queue
[2024-01-30T17:25:44.622+0000] {logging_mixin.py:188} INFO - [2024-01-30T17:25:44.621+0000] {dagbag.py:538} INFO - Filling up the DagBag from /opt/airflow/dags/day_3_dag.py
[2024-01-30T17:25:44.667+0000] {processor.py:840} INFO - DAG(s) 'day_3_dag' retrieved from /opt/airflow/dags/day_3_dag.py
[2024-01-30T17:25:44.740+0000] {logging_mixin.py:188} INFO - [2024-01-30T17:25:44.739+0000] {dag.py:3033} INFO - Sync 1 DAGs
[2024-01-30T17:25:44.828+0000] {logging_mixin.py:188} INFO - [2024-01-30T17:25:44.827+0000] {dag.py:3820} INFO - Setting next_dagrun for day_3_dag to 2024-01-03T18:00:00+00:00, run_after=2024-02-03T18:00:00+00:00
[2024-01-30T17:25:44.886+0000] {processor.py:183} INFO - Processing /opt/airflow/dags/day_3_dag.py took 0.278 seconds
[2024-01-30T17:26:15.492+0000] {processor.py:161} INFO - Started process (PID=1507) to work on /opt/airflow/dags/day_3_dag.py
[2024-01-30T17:26:15.495+0000] {processor.py:830} INFO - Processing file /opt/airflow/dags/day_3_dag.py for tasks to queue
[2024-01-30T17:26:15.499+0000] {logging_mixin.py:188} INFO - [2024-01-30T17:26:15.498+0000] {dagbag.py:538} INFO - Filling up the DagBag from /opt/airflow/dags/day_3_dag.py
[2024-01-30T17:26:15.542+0000] {processor.py:840} INFO - DAG(s) 'day_3_dag' retrieved from /opt/airflow/dags/day_3_dag.py
[2024-01-30T17:26:15.622+0000] {logging_mixin.py:188} INFO - [2024-01-30T17:26:15.621+0000] {dag.py:3033} INFO - Sync 1 DAGs
[2024-01-30T17:26:15.716+0000] {logging_mixin.py:188} INFO - [2024-01-30T17:26:15.715+0000] {dag.py:3820} INFO - Setting next_dagrun for day_3_dag to 2024-01-03T18:00:00+00:00, run_after=2024-02-03T18:00:00+00:00
[2024-01-30T17:26:15.780+0000] {processor.py:183} INFO - Processing /opt/airflow/dags/day_3_dag.py took 0.295 seconds
[2024-01-30T17:26:46.512+0000] {processor.py:161} INFO - Started process (PID=1538) to work on /opt/airflow/dags/day_3_dag.py
[2024-01-30T17:26:46.514+0000] {processor.py:830} INFO - Processing file /opt/airflow/dags/day_3_dag.py for tasks to queue
[2024-01-30T17:26:46.518+0000] {logging_mixin.py:188} INFO - [2024-01-30T17:26:46.517+0000] {dagbag.py:538} INFO - Filling up the DagBag from /opt/airflow/dags/day_3_dag.py
[2024-01-30T17:26:46.568+0000] {processor.py:840} INFO - DAG(s) 'day_3_dag' retrieved from /opt/airflow/dags/day_3_dag.py
[2024-01-30T17:26:46.653+0000] {logging_mixin.py:188} INFO - [2024-01-30T17:26:46.652+0000] {dag.py:3033} INFO - Sync 1 DAGs
[2024-01-30T17:26:46.746+0000] {logging_mixin.py:188} INFO - [2024-01-30T17:26:46.745+0000] {dag.py:3820} INFO - Setting next_dagrun for day_3_dag to 2024-01-03T18:00:00+00:00, run_after=2024-02-03T18:00:00+00:00
[2024-01-30T17:26:46.809+0000] {processor.py:183} INFO - Processing /opt/airflow/dags/day_3_dag.py took 0.308 seconds
[2024-01-30T17:27:17.436+0000] {processor.py:161} INFO - Started process (PID=1582) to work on /opt/airflow/dags/day_3_dag.py
[2024-01-30T17:27:17.438+0000] {processor.py:830} INFO - Processing file /opt/airflow/dags/day_3_dag.py for tasks to queue
[2024-01-30T17:27:17.442+0000] {logging_mixin.py:188} INFO - [2024-01-30T17:27:17.441+0000] {dagbag.py:538} INFO - Filling up the DagBag from /opt/airflow/dags/day_3_dag.py
[2024-01-30T17:27:17.485+0000] {processor.py:840} INFO - DAG(s) 'day_3_dag' retrieved from /opt/airflow/dags/day_3_dag.py
[2024-01-30T17:27:17.564+0000] {logging_mixin.py:188} INFO - [2024-01-30T17:27:17.563+0000] {dag.py:3033} INFO - Sync 1 DAGs
[2024-01-30T17:27:17.656+0000] {logging_mixin.py:188} INFO - [2024-01-30T17:27:17.655+0000] {dag.py:3820} INFO - Setting next_dagrun for day_3_dag to 2024-01-03T18:00:00+00:00, run_after=2024-02-03T18:00:00+00:00
[2024-01-30T17:27:17.715+0000] {processor.py:183} INFO - Processing /opt/airflow/dags/day_3_dag.py took 0.288 seconds
[2024-01-30T17:27:48.467+0000] {processor.py:161} INFO - Started process (PID=1623) to work on /opt/airflow/dags/day_3_dag.py
[2024-01-30T17:27:48.471+0000] {processor.py:830} INFO - Processing file /opt/airflow/dags/day_3_dag.py for tasks to queue
[2024-01-30T17:27:48.479+0000] {logging_mixin.py:188} INFO - [2024-01-30T17:27:48.478+0000] {dagbag.py:538} INFO - Filling up the DagBag from /opt/airflow/dags/day_3_dag.py
[2024-01-30T17:27:48.539+0000] {processor.py:840} INFO - DAG(s) 'day_3_dag' retrieved from /opt/airflow/dags/day_3_dag.py
[2024-01-30T17:27:48.647+0000] {logging_mixin.py:188} INFO - [2024-01-30T17:27:48.646+0000] {dag.py:3033} INFO - Sync 1 DAGs
[2024-01-30T17:27:48.747+0000] {logging_mixin.py:188} INFO - [2024-01-30T17:27:48.746+0000] {dag.py:3820} INFO - Setting next_dagrun for day_3_dag to 2024-01-03T18:00:00+00:00, run_after=2024-02-03T18:00:00+00:00
[2024-01-30T17:27:48.825+0000] {processor.py:183} INFO - Processing /opt/airflow/dags/day_3_dag.py took 0.366 seconds
[2024-01-30T17:28:19.572+0000] {processor.py:161} INFO - Started process (PID=1657) to work on /opt/airflow/dags/day_3_dag.py
[2024-01-30T17:28:19.575+0000] {processor.py:830} INFO - Processing file /opt/airflow/dags/day_3_dag.py for tasks to queue
[2024-01-30T17:28:19.579+0000] {logging_mixin.py:188} INFO - [2024-01-30T17:28:19.578+0000] {dagbag.py:538} INFO - Filling up the DagBag from /opt/airflow/dags/day_3_dag.py
[2024-01-30T17:28:19.629+0000] {processor.py:840} INFO - DAG(s) 'day_3_dag' retrieved from /opt/airflow/dags/day_3_dag.py
[2024-01-30T17:28:19.716+0000] {logging_mixin.py:188} INFO - [2024-01-30T17:28:19.715+0000] {dag.py:3033} INFO - Sync 1 DAGs
[2024-01-30T17:28:19.816+0000] {logging_mixin.py:188} INFO - [2024-01-30T17:28:19.815+0000] {dag.py:3820} INFO - Setting next_dagrun for day_3_dag to 2024-01-03T18:00:00+00:00, run_after=2024-02-03T18:00:00+00:00
[2024-01-30T17:28:19.881+0000] {processor.py:183} INFO - Processing /opt/airflow/dags/day_3_dag.py took 0.318 seconds
[2024-01-30T17:28:50.589+0000] {processor.py:161} INFO - Started process (PID=1701) to work on /opt/airflow/dags/day_3_dag.py
[2024-01-30T17:28:50.591+0000] {processor.py:830} INFO - Processing file /opt/airflow/dags/day_3_dag.py for tasks to queue
[2024-01-30T17:28:50.595+0000] {logging_mixin.py:188} INFO - [2024-01-30T17:28:50.594+0000] {dagbag.py:538} INFO - Filling up the DagBag from /opt/airflow/dags/day_3_dag.py
[2024-01-30T17:28:50.646+0000] {processor.py:840} INFO - DAG(s) 'day_3_dag' retrieved from /opt/airflow/dags/day_3_dag.py
[2024-01-30T17:28:50.730+0000] {logging_mixin.py:188} INFO - [2024-01-30T17:28:50.729+0000] {dag.py:3033} INFO - Sync 1 DAGs
[2024-01-30T17:28:50.835+0000] {logging_mixin.py:188} INFO - [2024-01-30T17:28:50.833+0000] {dag.py:3820} INFO - Setting next_dagrun for day_3_dag to 2024-01-03T18:00:00+00:00, run_after=2024-02-03T18:00:00+00:00
[2024-01-30T17:28:50.913+0000] {processor.py:183} INFO - Processing /opt/airflow/dags/day_3_dag.py took 0.332 seconds
[2024-01-30T17:29:21.166+0000] {processor.py:161} INFO - Started process (PID=1766) to work on /opt/airflow/dags/day_3_dag.py
[2024-01-30T17:29:21.169+0000] {processor.py:830} INFO - Processing file /opt/airflow/dags/day_3_dag.py for tasks to queue
[2024-01-30T17:29:21.172+0000] {logging_mixin.py:188} INFO - [2024-01-30T17:29:21.171+0000] {dagbag.py:538} INFO - Filling up the DagBag from /opt/airflow/dags/day_3_dag.py
[2024-01-30T17:29:21.229+0000] {processor.py:840} INFO - DAG(s) 'day_3_dag' retrieved from /opt/airflow/dags/day_3_dag.py
[2024-01-30T17:29:21.262+0000] {logging_mixin.py:188} INFO - [2024-01-30T17:29:21.261+0000] {dag.py:3033} INFO - Sync 1 DAGs
[2024-01-30T17:29:21.362+0000] {logging_mixin.py:188} INFO - [2024-01-30T17:29:21.361+0000] {dag.py:3820} INFO - Setting next_dagrun for day_3_dag to 2024-01-03T18:00:00+00:00, run_after=2024-02-03T18:00:00+00:00
[2024-01-30T17:29:21.435+0000] {processor.py:183} INFO - Processing /opt/airflow/dags/day_3_dag.py took 0.281 seconds
[2024-01-30T17:29:51.500+0000] {processor.py:161} INFO - Started process (PID=1848) to work on /opt/airflow/dags/day_3_dag.py
[2024-01-30T17:29:51.503+0000] {processor.py:830} INFO - Processing file /opt/airflow/dags/day_3_dag.py for tasks to queue
[2024-01-30T17:29:51.509+0000] {logging_mixin.py:188} INFO - [2024-01-30T17:29:51.508+0000] {dagbag.py:538} INFO - Filling up the DagBag from /opt/airflow/dags/day_3_dag.py
[2024-01-30T17:29:51.564+0000] {processor.py:840} INFO - DAG(s) 'day_3_dag' retrieved from /opt/airflow/dags/day_3_dag.py
[2024-01-30T17:29:52.198+0000] {logging_mixin.py:188} INFO - [2024-01-30T17:29:52.197+0000] {dag.py:3033} INFO - Sync 1 DAGs
[2024-01-30T17:29:52.299+0000] {logging_mixin.py:188} INFO - [2024-01-30T17:29:52.297+0000] {dag.py:3820} INFO - Setting next_dagrun for day_3_dag to 2024-01-03T18:00:00+00:00, run_after=2024-02-03T18:00:00+00:00
[2024-01-30T17:29:52.371+0000] {processor.py:183} INFO - Processing /opt/airflow/dags/day_3_dag.py took 0.880 seconds
[2024-01-30T17:30:23.350+0000] {processor.py:161} INFO - Started process (PID=1897) to work on /opt/airflow/dags/day_3_dag.py
[2024-01-30T17:30:23.353+0000] {processor.py:830} INFO - Processing file /opt/airflow/dags/day_3_dag.py for tasks to queue
[2024-01-30T17:30:23.356+0000] {logging_mixin.py:188} INFO - [2024-01-30T17:30:23.355+0000] {dagbag.py:538} INFO - Filling up the DagBag from /opt/airflow/dags/day_3_dag.py
[2024-01-30T17:30:23.410+0000] {processor.py:840} INFO - DAG(s) 'day_3_dag' retrieved from /opt/airflow/dags/day_3_dag.py
[2024-01-30T17:30:23.491+0000] {logging_mixin.py:188} INFO - [2024-01-30T17:30:23.490+0000] {dag.py:3033} INFO - Sync 1 DAGs
[2024-01-30T17:30:23.588+0000] {logging_mixin.py:188} INFO - [2024-01-30T17:30:23.587+0000] {dag.py:3820} INFO - Setting next_dagrun for day_3_dag to 2024-01-03T18:00:00+00:00, run_after=2024-02-03T18:00:00+00:00
[2024-01-30T17:30:23.648+0000] {processor.py:183} INFO - Processing /opt/airflow/dags/day_3_dag.py took 0.307 seconds
[2024-01-30T17:30:53.950+0000] {processor.py:161} INFO - Started process (PID=1947) to work on /opt/airflow/dags/day_3_dag.py
[2024-01-30T17:30:53.953+0000] {processor.py:830} INFO - Processing file /opt/airflow/dags/day_3_dag.py for tasks to queue
[2024-01-30T17:30:53.956+0000] {logging_mixin.py:188} INFO - [2024-01-30T17:30:53.955+0000] {dagbag.py:538} INFO - Filling up the DagBag from /opt/airflow/dags/day_3_dag.py
[2024-01-30T17:30:54.007+0000] {processor.py:840} INFO - DAG(s) 'day_3_dag' retrieved from /opt/airflow/dags/day_3_dag.py
[2024-01-30T17:30:54.088+0000] {logging_mixin.py:188} INFO - [2024-01-30T17:30:54.087+0000] {dag.py:3033} INFO - Sync 1 DAGs
[2024-01-30T17:30:54.181+0000] {logging_mixin.py:188} INFO - [2024-01-30T17:30:54.180+0000] {dag.py:3820} INFO - Setting next_dagrun for day_3_dag to 2024-01-03T18:00:00+00:00, run_after=2024-02-03T18:00:00+00:00
[2024-01-30T17:30:54.246+0000] {processor.py:183} INFO - Processing /opt/airflow/dags/day_3_dag.py took 0.305 seconds
[2024-01-30T17:31:24.523+0000] {processor.py:161} INFO - Started process (PID=2026) to work on /opt/airflow/dags/day_3_dag.py
[2024-01-30T17:31:24.528+0000] {processor.py:830} INFO - Processing file /opt/airflow/dags/day_3_dag.py for tasks to queue
[2024-01-30T17:31:24.533+0000] {logging_mixin.py:188} INFO - [2024-01-30T17:31:24.531+0000] {dagbag.py:538} INFO - Filling up the DagBag from /opt/airflow/dags/day_3_dag.py
[2024-01-30T17:31:24.586+0000] {processor.py:840} INFO - DAG(s) 'day_3_dag' retrieved from /opt/airflow/dags/day_3_dag.py
[2024-01-30T17:31:24.677+0000] {logging_mixin.py:188} INFO - [2024-01-30T17:31:24.675+0000] {dag.py:3033} INFO - Sync 1 DAGs
[2024-01-30T17:31:24.787+0000] {logging_mixin.py:188} INFO - [2024-01-30T17:31:24.786+0000] {dag.py:3820} INFO - Setting next_dagrun for day_3_dag to 2024-01-03T18:00:00+00:00, run_after=2024-02-03T18:00:00+00:00
[2024-01-30T17:31:24.853+0000] {processor.py:183} INFO - Processing /opt/airflow/dags/day_3_dag.py took 0.354 seconds
[2024-01-30T17:31:55.835+0000] {processor.py:161} INFO - Started process (PID=2076) to work on /opt/airflow/dags/day_3_dag.py
[2024-01-30T17:31:55.839+0000] {processor.py:830} INFO - Processing file /opt/airflow/dags/day_3_dag.py for tasks to queue
[2024-01-30T17:31:55.844+0000] {logging_mixin.py:188} INFO - [2024-01-30T17:31:55.843+0000] {dagbag.py:538} INFO - Filling up the DagBag from /opt/airflow/dags/day_3_dag.py
[2024-01-30T17:31:55.913+0000] {processor.py:840} INFO - DAG(s) 'day_3_dag' retrieved from /opt/airflow/dags/day_3_dag.py
[2024-01-30T17:31:56.006+0000] {logging_mixin.py:188} INFO - [2024-01-30T17:31:56.005+0000] {dag.py:3033} INFO - Sync 1 DAGs
[2024-01-30T17:31:56.111+0000] {logging_mixin.py:188} INFO - [2024-01-30T17:31:56.110+0000] {dag.py:3820} INFO - Setting next_dagrun for day_3_dag to 2024-01-03T18:00:00+00:00, run_after=2024-02-03T18:00:00+00:00
[2024-01-30T17:31:56.181+0000] {processor.py:183} INFO - Processing /opt/airflow/dags/day_3_dag.py took 0.359 seconds
[2024-01-30T17:32:26.449+0000] {processor.py:161} INFO - Started process (PID=2113) to work on /opt/airflow/dags/day_3_dag.py
[2024-01-30T17:32:26.453+0000] {processor.py:830} INFO - Processing file /opt/airflow/dags/day_3_dag.py for tasks to queue
[2024-01-30T17:32:26.457+0000] {logging_mixin.py:188} INFO - [2024-01-30T17:32:26.456+0000] {dagbag.py:538} INFO - Filling up the DagBag from /opt/airflow/dags/day_3_dag.py
[2024-01-30T17:32:26.518+0000] {processor.py:840} INFO - DAG(s) 'day_3_dag' retrieved from /opt/airflow/dags/day_3_dag.py
[2024-01-30T17:32:26.607+0000] {logging_mixin.py:188} INFO - [2024-01-30T17:32:26.605+0000] {dag.py:3033} INFO - Sync 1 DAGs
[2024-01-30T17:32:26.700+0000] {logging_mixin.py:188} INFO - [2024-01-30T17:32:26.699+0000] {dag.py:3820} INFO - Setting next_dagrun for day_3_dag to 2024-01-03T18:00:00+00:00, run_after=2024-02-03T18:00:00+00:00
[2024-01-30T17:32:26.763+0000] {processor.py:183} INFO - Processing /opt/airflow/dags/day_3_dag.py took 0.324 seconds
[2024-01-30T17:32:57.548+0000] {processor.py:161} INFO - Started process (PID=2163) to work on /opt/airflow/dags/day_3_dag.py
[2024-01-30T17:32:57.551+0000] {processor.py:830} INFO - Processing file /opt/airflow/dags/day_3_dag.py for tasks to queue
[2024-01-30T17:32:57.555+0000] {logging_mixin.py:188} INFO - [2024-01-30T17:32:57.554+0000] {dagbag.py:538} INFO - Filling up the DagBag from /opt/airflow/dags/day_3_dag.py
[2024-01-30T17:32:57.609+0000] {processor.py:840} INFO - DAG(s) 'day_3_dag' retrieved from /opt/airflow/dags/day_3_dag.py
[2024-01-30T17:32:57.696+0000] {logging_mixin.py:188} INFO - [2024-01-30T17:32:57.695+0000] {dag.py:3033} INFO - Sync 1 DAGs
[2024-01-30T17:32:57.789+0000] {logging_mixin.py:188} INFO - [2024-01-30T17:32:57.788+0000] {dag.py:3820} INFO - Setting next_dagrun for day_3_dag to 2024-01-03T18:00:00+00:00, run_after=2024-02-03T18:00:00+00:00
[2024-01-30T17:32:57.861+0000] {processor.py:183} INFO - Processing /opt/airflow/dags/day_3_dag.py took 0.323 seconds
[2024-01-30T17:33:28.022+0000] {processor.py:161} INFO - Started process (PID=2210) to work on /opt/airflow/dags/day_3_dag.py
[2024-01-30T17:33:28.025+0000] {processor.py:830} INFO - Processing file /opt/airflow/dags/day_3_dag.py for tasks to queue
[2024-01-30T17:33:28.028+0000] {logging_mixin.py:188} INFO - [2024-01-30T17:33:28.027+0000] {dagbag.py:538} INFO - Filling up the DagBag from /opt/airflow/dags/day_3_dag.py
[2024-01-30T17:33:28.073+0000] {processor.py:840} INFO - DAG(s) 'day_3_dag' retrieved from /opt/airflow/dags/day_3_dag.py
[2024-01-30T17:33:28.152+0000] {logging_mixin.py:188} INFO - [2024-01-30T17:33:28.151+0000] {dag.py:3033} INFO - Sync 1 DAGs
[2024-01-30T17:33:28.249+0000] {logging_mixin.py:188} INFO - [2024-01-30T17:33:28.248+0000] {dag.py:3820} INFO - Setting next_dagrun for day_3_dag to 2024-01-03T18:00:00+00:00, run_after=2024-02-03T18:00:00+00:00
[2024-01-30T17:33:28.309+0000] {processor.py:183} INFO - Processing /opt/airflow/dags/day_3_dag.py took 0.294 seconds
[2024-01-30T17:33:58.495+0000] {processor.py:161} INFO - Started process (PID=2250) to work on /opt/airflow/dags/day_3_dag.py
[2024-01-30T17:33:58.497+0000] {processor.py:830} INFO - Processing file /opt/airflow/dags/day_3_dag.py for tasks to queue
[2024-01-30T17:33:58.500+0000] {logging_mixin.py:188} INFO - [2024-01-30T17:33:58.499+0000] {dagbag.py:538} INFO - Filling up the DagBag from /opt/airflow/dags/day_3_dag.py
[2024-01-30T17:33:58.544+0000] {processor.py:840} INFO - DAG(s) 'day_3_dag' retrieved from /opt/airflow/dags/day_3_dag.py
[2024-01-30T17:33:58.621+0000] {logging_mixin.py:188} INFO - [2024-01-30T17:33:58.620+0000] {dag.py:3033} INFO - Sync 1 DAGs
[2024-01-30T17:33:58.713+0000] {logging_mixin.py:188} INFO - [2024-01-30T17:33:58.712+0000] {dag.py:3820} INFO - Setting next_dagrun for day_3_dag to 2024-01-03T18:00:00+00:00, run_after=2024-02-03T18:00:00+00:00
[2024-01-30T17:33:58.770+0000] {processor.py:183} INFO - Processing /opt/airflow/dags/day_3_dag.py took 0.283 seconds
[2024-01-30T17:34:29.137+0000] {processor.py:161} INFO - Started process (PID=2297) to work on /opt/airflow/dags/day_3_dag.py
[2024-01-30T17:34:29.139+0000] {processor.py:830} INFO - Processing file /opt/airflow/dags/day_3_dag.py for tasks to queue
[2024-01-30T17:34:29.142+0000] {logging_mixin.py:188} INFO - [2024-01-30T17:34:29.141+0000] {dagbag.py:538} INFO - Filling up the DagBag from /opt/airflow/dags/day_3_dag.py
[2024-01-30T17:34:29.187+0000] {processor.py:840} INFO - DAG(s) 'day_3_dag' retrieved from /opt/airflow/dags/day_3_dag.py
[2024-01-30T17:34:29.263+0000] {logging_mixin.py:188} INFO - [2024-01-30T17:34:29.262+0000] {dag.py:3033} INFO - Sync 1 DAGs
[2024-01-30T17:34:29.355+0000] {logging_mixin.py:188} INFO - [2024-01-30T17:34:29.354+0000] {dag.py:3820} INFO - Setting next_dagrun for day_3_dag to 2024-01-03T18:00:00+00:00, run_after=2024-02-03T18:00:00+00:00
[2024-01-30T17:34:29.420+0000] {processor.py:183} INFO - Processing /opt/airflow/dags/day_3_dag.py took 0.290 seconds
[2024-01-30T17:34:59.599+0000] {processor.py:161} INFO - Started process (PID=2337) to work on /opt/airflow/dags/day_3_dag.py
[2024-01-30T17:34:59.602+0000] {processor.py:830} INFO - Processing file /opt/airflow/dags/day_3_dag.py for tasks to queue
[2024-01-30T17:34:59.605+0000] {logging_mixin.py:188} INFO - [2024-01-30T17:34:59.605+0000] {dagbag.py:538} INFO - Filling up the DagBag from /opt/airflow/dags/day_3_dag.py
[2024-01-30T17:34:59.653+0000] {processor.py:840} INFO - DAG(s) 'day_3_dag' retrieved from /opt/airflow/dags/day_3_dag.py
[2024-01-30T17:34:59.736+0000] {logging_mixin.py:188} INFO - [2024-01-30T17:34:59.735+0000] {dag.py:3033} INFO - Sync 1 DAGs
[2024-01-30T17:34:59.840+0000] {logging_mixin.py:188} INFO - [2024-01-30T17:34:59.839+0000] {dag.py:3820} INFO - Setting next_dagrun for day_3_dag to 2024-01-03T18:00:00+00:00, run_after=2024-02-03T18:00:00+00:00
[2024-01-30T17:34:59.907+0000] {processor.py:183} INFO - Processing /opt/airflow/dags/day_3_dag.py took 0.316 seconds
[2024-01-30T17:35:30.246+0000] {processor.py:161} INFO - Started process (PID=2384) to work on /opt/airflow/dags/day_3_dag.py
[2024-01-30T17:35:30.249+0000] {processor.py:830} INFO - Processing file /opt/airflow/dags/day_3_dag.py for tasks to queue
[2024-01-30T17:35:30.252+0000] {logging_mixin.py:188} INFO - [2024-01-30T17:35:30.251+0000] {dagbag.py:538} INFO - Filling up the DagBag from /opt/airflow/dags/day_3_dag.py
[2024-01-30T17:35:30.296+0000] {processor.py:840} INFO - DAG(s) 'day_3_dag' retrieved from /opt/airflow/dags/day_3_dag.py
[2024-01-30T17:35:30.371+0000] {logging_mixin.py:188} INFO - [2024-01-30T17:35:30.370+0000] {dag.py:3033} INFO - Sync 1 DAGs
[2024-01-30T17:35:30.462+0000] {logging_mixin.py:188} INFO - [2024-01-30T17:35:30.461+0000] {dag.py:3820} INFO - Setting next_dagrun for day_3_dag to 2024-01-03T18:00:00+00:00, run_after=2024-02-03T18:00:00+00:00
[2024-01-30T17:35:30.518+0000] {processor.py:183} INFO - Processing /opt/airflow/dags/day_3_dag.py took 0.279 seconds
[2024-01-30T17:36:00.594+0000] {processor.py:161} INFO - Started process (PID=2424) to work on /opt/airflow/dags/day_3_dag.py
[2024-01-30T17:36:00.597+0000] {processor.py:830} INFO - Processing file /opt/airflow/dags/day_3_dag.py for tasks to queue
[2024-01-30T17:36:00.600+0000] {logging_mixin.py:188} INFO - [2024-01-30T17:36:00.599+0000] {dagbag.py:538} INFO - Filling up the DagBag from /opt/airflow/dags/day_3_dag.py
[2024-01-30T17:36:00.650+0000] {processor.py:840} INFO - DAG(s) 'day_3_dag' retrieved from /opt/airflow/dags/day_3_dag.py
[2024-01-30T17:36:00.732+0000] {logging_mixin.py:188} INFO - [2024-01-30T17:36:00.731+0000] {dag.py:3033} INFO - Sync 1 DAGs
[2024-01-30T17:36:00.826+0000] {logging_mixin.py:188} INFO - [2024-01-30T17:36:00.825+0000] {dag.py:3820} INFO - Setting next_dagrun for day_3_dag to 2024-01-03T18:00:00+00:00, run_after=2024-02-03T18:00:00+00:00
[2024-01-30T17:36:00.886+0000] {processor.py:183} INFO - Processing /opt/airflow/dags/day_3_dag.py took 0.301 seconds
[2024-01-30T17:36:31.164+0000] {processor.py:161} INFO - Started process (PID=2474) to work on /opt/airflow/dags/day_3_dag.py
[2024-01-30T17:36:31.166+0000] {processor.py:830} INFO - Processing file /opt/airflow/dags/day_3_dag.py for tasks to queue
[2024-01-30T17:36:31.169+0000] {logging_mixin.py:188} INFO - [2024-01-30T17:36:31.168+0000] {dagbag.py:538} INFO - Filling up the DagBag from /opt/airflow/dags/day_3_dag.py
[2024-01-30T17:36:31.212+0000] {processor.py:840} INFO - DAG(s) 'day_3_dag' retrieved from /opt/airflow/dags/day_3_dag.py
[2024-01-30T17:36:31.290+0000] {logging_mixin.py:188} INFO - [2024-01-30T17:36:31.289+0000] {dag.py:3033} INFO - Sync 1 DAGs
[2024-01-30T17:36:31.379+0000] {logging_mixin.py:188} INFO - [2024-01-30T17:36:31.378+0000] {dag.py:3820} INFO - Setting next_dagrun for day_3_dag to 2024-01-03T18:00:00+00:00, run_after=2024-02-03T18:00:00+00:00
[2024-01-30T17:36:31.439+0000] {processor.py:183} INFO - Processing /opt/airflow/dags/day_3_dag.py took 0.283 seconds
[2024-01-30T17:37:01.549+0000] {processor.py:161} INFO - Started process (PID=2559) to work on /opt/airflow/dags/day_3_dag.py
[2024-01-30T17:37:01.555+0000] {processor.py:830} INFO - Processing file /opt/airflow/dags/day_3_dag.py for tasks to queue
[2024-01-30T17:37:01.562+0000] {logging_mixin.py:188} INFO - [2024-01-30T17:37:01.560+0000] {dagbag.py:538} INFO - Filling up the DagBag from /opt/airflow/dags/day_3_dag.py
[2024-01-30T17:37:01.631+0000] {processor.py:840} INFO - DAG(s) 'day_3_dag' retrieved from /opt/airflow/dags/day_3_dag.py
[2024-01-30T17:37:01.712+0000] {logging_mixin.py:188} INFO - [2024-01-30T17:37:01.711+0000] {dag.py:3033} INFO - Sync 1 DAGs
[2024-01-30T17:37:01.809+0000] {logging_mixin.py:188} INFO - [2024-01-30T17:37:01.808+0000] {dag.py:3820} INFO - Setting next_dagrun for day_3_dag to 2024-01-03T18:00:00+00:00, run_after=2024-02-03T18:00:00+00:00
[2024-01-30T17:37:01.873+0000] {processor.py:183} INFO - Processing /opt/airflow/dags/day_3_dag.py took 0.332 seconds
[2024-01-30T17:37:32.189+0000] {processor.py:161} INFO - Started process (PID=2669) to work on /opt/airflow/dags/day_3_dag.py
[2024-01-30T17:37:32.204+0000] {processor.py:830} INFO - Processing file /opt/airflow/dags/day_3_dag.py for tasks to queue
[2024-01-30T17:37:32.211+0000] {logging_mixin.py:188} INFO - [2024-01-30T17:37:32.210+0000] {dagbag.py:538} INFO - Filling up the DagBag from /opt/airflow/dags/day_3_dag.py
[2024-01-30T17:37:32.314+0000] {processor.py:840} INFO - DAG(s) 'day_3_dag' retrieved from /opt/airflow/dags/day_3_dag.py
[2024-01-30T17:37:32.515+0000] {logging_mixin.py:188} INFO - [2024-01-30T17:37:32.514+0000] {dag.py:3033} INFO - Sync 1 DAGs
[2024-01-30T17:37:32.693+0000] {logging_mixin.py:188} INFO - [2024-01-30T17:37:32.692+0000] {dag.py:3820} INFO - Setting next_dagrun for day_3_dag to 2024-01-03T18:00:00+00:00, run_after=2024-02-03T18:00:00+00:00
[2024-01-30T17:37:32.788+0000] {processor.py:183} INFO - Processing /opt/airflow/dags/day_3_dag.py took 0.608 seconds
[2024-01-30T17:38:03.065+0000] {processor.py:161} INFO - Started process (PID=2779) to work on /opt/airflow/dags/day_3_dag.py
[2024-01-30T17:38:03.069+0000] {processor.py:830} INFO - Processing file /opt/airflow/dags/day_3_dag.py for tasks to queue
[2024-01-30T17:38:03.075+0000] {logging_mixin.py:188} INFO - [2024-01-30T17:38:03.074+0000] {dagbag.py:538} INFO - Filling up the DagBag from /opt/airflow/dags/day_3_dag.py
[2024-01-30T17:38:03.176+0000] {processor.py:840} INFO - DAG(s) 'day_3_dag' retrieved from /opt/airflow/dags/day_3_dag.py
[2024-01-30T17:38:03.312+0000] {logging_mixin.py:188} INFO - [2024-01-30T17:38:03.311+0000] {dag.py:3033} INFO - Sync 1 DAGs
[2024-01-30T17:38:03.656+0000] {logging_mixin.py:188} INFO - [2024-01-30T17:38:03.654+0000] {dag.py:3820} INFO - Setting next_dagrun for day_3_dag to 2024-01-03T18:00:00+00:00, run_after=2024-02-03T18:00:00+00:00
[2024-01-30T17:38:03.793+0000] {processor.py:183} INFO - Processing /opt/airflow/dags/day_3_dag.py took 0.739 seconds
[2024-01-30T17:38:33.889+0000] {processor.py:161} INFO - Started process (PID=2911) to work on /opt/airflow/dags/day_3_dag.py
[2024-01-30T17:38:33.892+0000] {processor.py:830} INFO - Processing file /opt/airflow/dags/day_3_dag.py for tasks to queue
[2024-01-30T17:38:33.895+0000] {logging_mixin.py:188} INFO - [2024-01-30T17:38:33.894+0000] {dagbag.py:538} INFO - Filling up the DagBag from /opt/airflow/dags/day_3_dag.py
[2024-01-30T17:38:33.941+0000] {processor.py:840} INFO - DAG(s) 'day_3_dag' retrieved from /opt/airflow/dags/day_3_dag.py
[2024-01-30T17:38:34.019+0000] {logging_mixin.py:188} INFO - [2024-01-30T17:38:34.018+0000] {dag.py:3033} INFO - Sync 1 DAGs
[2024-01-30T17:38:34.113+0000] {logging_mixin.py:188} INFO - [2024-01-30T17:38:34.112+0000] {dag.py:3820} INFO - Setting next_dagrun for day_3_dag to 2024-01-03T18:00:00+00:00, run_after=2024-02-03T18:00:00+00:00
[2024-01-30T17:38:34.177+0000] {processor.py:183} INFO - Processing /opt/airflow/dags/day_3_dag.py took 0.296 seconds
[2024-01-30T17:39:04.615+0000] {processor.py:161} INFO - Started process (PID=3011) to work on /opt/airflow/dags/day_3_dag.py
[2024-01-30T17:39:04.619+0000] {processor.py:830} INFO - Processing file /opt/airflow/dags/day_3_dag.py for tasks to queue
[2024-01-30T17:39:04.622+0000] {logging_mixin.py:188} INFO - [2024-01-30T17:39:04.621+0000] {dagbag.py:538} INFO - Filling up the DagBag from /opt/airflow/dags/day_3_dag.py
[2024-01-30T17:39:04.673+0000] {processor.py:840} INFO - DAG(s) 'day_3_dag' retrieved from /opt/airflow/dags/day_3_dag.py
[2024-01-30T17:39:04.774+0000] {logging_mixin.py:188} INFO - [2024-01-30T17:39:04.772+0000] {dag.py:3033} INFO - Sync 1 DAGs
[2024-01-30T17:39:04.890+0000] {logging_mixin.py:188} INFO - [2024-01-30T17:39:04.889+0000] {dag.py:3820} INFO - Setting next_dagrun for day_3_dag to 2024-01-03T18:00:00+00:00, run_after=2024-02-03T18:00:00+00:00
[2024-01-30T17:39:04.959+0000] {processor.py:183} INFO - Processing /opt/airflow/dags/day_3_dag.py took 0.352 seconds
[2024-01-30T17:39:35.237+0000] {processor.py:161} INFO - Started process (PID=3089) to work on /opt/airflow/dags/day_3_dag.py
[2024-01-30T17:39:35.240+0000] {processor.py:830} INFO - Processing file /opt/airflow/dags/day_3_dag.py for tasks to queue
[2024-01-30T17:39:35.243+0000] {logging_mixin.py:188} INFO - [2024-01-30T17:39:35.242+0000] {dagbag.py:538} INFO - Filling up the DagBag from /opt/airflow/dags/day_3_dag.py
[2024-01-30T17:39:35.292+0000] {processor.py:840} INFO - DAG(s) 'day_3_dag' retrieved from /opt/airflow/dags/day_3_dag.py
[2024-01-30T17:39:35.384+0000] {logging_mixin.py:188} INFO - [2024-01-30T17:39:35.383+0000] {dag.py:3033} INFO - Sync 1 DAGs
[2024-01-30T17:39:35.508+0000] {logging_mixin.py:188} INFO - [2024-01-30T17:39:35.506+0000] {dag.py:3820} INFO - Setting next_dagrun for day_3_dag to 2024-01-03T18:00:00+00:00, run_after=2024-02-03T18:00:00+00:00
[2024-01-30T17:39:35.591+0000] {processor.py:183} INFO - Processing /opt/airflow/dags/day_3_dag.py took 0.362 seconds
[2024-01-30T17:40:05.920+0000] {processor.py:161} INFO - Started process (PID=3126) to work on /opt/airflow/dags/day_3_dag.py
[2024-01-30T17:40:05.924+0000] {processor.py:830} INFO - Processing file /opt/airflow/dags/day_3_dag.py for tasks to queue
[2024-01-30T17:40:05.927+0000] {logging_mixin.py:188} INFO - [2024-01-30T17:40:05.926+0000] {dagbag.py:538} INFO - Filling up the DagBag from /opt/airflow/dags/day_3_dag.py
[2024-01-30T17:40:05.977+0000] {processor.py:840} INFO - DAG(s) 'day_3_dag' retrieved from /opt/airflow/dags/day_3_dag.py
[2024-01-30T17:40:06.061+0000] {logging_mixin.py:188} INFO - [2024-01-30T17:40:06.060+0000] {dag.py:3033} INFO - Sync 1 DAGs
[2024-01-30T17:40:06.154+0000] {logging_mixin.py:188} INFO - [2024-01-30T17:40:06.153+0000] {dag.py:3820} INFO - Setting next_dagrun for day_3_dag to 2024-01-03T18:00:00+00:00, run_after=2024-02-03T18:00:00+00:00
[2024-01-30T17:40:06.214+0000] {processor.py:183} INFO - Processing /opt/airflow/dags/day_3_dag.py took 0.302 seconds
[2024-01-30T17:40:37.071+0000] {processor.py:161} INFO - Started process (PID=3176) to work on /opt/airflow/dags/day_3_dag.py
[2024-01-30T17:40:37.074+0000] {processor.py:830} INFO - Processing file /opt/airflow/dags/day_3_dag.py for tasks to queue
[2024-01-30T17:40:37.077+0000] {logging_mixin.py:188} INFO - [2024-01-30T17:40:37.076+0000] {dagbag.py:538} INFO - Filling up the DagBag from /opt/airflow/dags/day_3_dag.py
[2024-01-30T17:40:37.123+0000] {processor.py:840} INFO - DAG(s) 'day_3_dag' retrieved from /opt/airflow/dags/day_3_dag.py
[2024-01-30T17:40:37.201+0000] {logging_mixin.py:188} INFO - [2024-01-30T17:40:37.200+0000] {dag.py:3033} INFO - Sync 1 DAGs
[2024-01-30T17:40:37.292+0000] {logging_mixin.py:188} INFO - [2024-01-30T17:40:37.291+0000] {dag.py:3820} INFO - Setting next_dagrun for day_3_dag to 2024-01-03T18:00:00+00:00, run_after=2024-02-03T18:00:00+00:00
[2024-01-30T17:40:37.354+0000] {processor.py:183} INFO - Processing /opt/airflow/dags/day_3_dag.py took 0.291 seconds
[2024-01-30T17:41:08.124+0000] {processor.py:161} INFO - Started process (PID=3213) to work on /opt/airflow/dags/day_3_dag.py
[2024-01-30T17:41:08.128+0000] {processor.py:830} INFO - Processing file /opt/airflow/dags/day_3_dag.py for tasks to queue
[2024-01-30T17:41:08.132+0000] {logging_mixin.py:188} INFO - [2024-01-30T17:41:08.131+0000] {dagbag.py:538} INFO - Filling up the DagBag from /opt/airflow/dags/day_3_dag.py
[2024-01-30T17:41:08.179+0000] {processor.py:840} INFO - DAG(s) 'day_3_dag' retrieved from /opt/airflow/dags/day_3_dag.py
[2024-01-30T17:41:08.255+0000] {logging_mixin.py:188} INFO - [2024-01-30T17:41:08.254+0000] {dag.py:3033} INFO - Sync 1 DAGs
[2024-01-30T17:41:08.341+0000] {logging_mixin.py:188} INFO - [2024-01-30T17:41:08.340+0000] {dag.py:3820} INFO - Setting next_dagrun for day_3_dag to 2024-01-03T18:00:00+00:00, run_after=2024-02-03T18:00:00+00:00
[2024-01-30T17:41:08.401+0000] {processor.py:183} INFO - Processing /opt/airflow/dags/day_3_dag.py took 0.287 seconds
[2024-01-30T17:41:38.490+0000] {processor.py:161} INFO - Started process (PID=3263) to work on /opt/airflow/dags/day_3_dag.py
[2024-01-30T17:41:38.492+0000] {processor.py:830} INFO - Processing file /opt/airflow/dags/day_3_dag.py for tasks to queue
[2024-01-30T17:41:38.496+0000] {logging_mixin.py:188} INFO - [2024-01-30T17:41:38.495+0000] {dagbag.py:538} INFO - Filling up the DagBag from /opt/airflow/dags/day_3_dag.py
[2024-01-30T17:41:38.539+0000] {processor.py:840} INFO - DAG(s) 'day_3_dag' retrieved from /opt/airflow/dags/day_3_dag.py
[2024-01-30T17:41:38.614+0000] {logging_mixin.py:188} INFO - [2024-01-30T17:41:38.613+0000] {dag.py:3033} INFO - Sync 1 DAGs
[2024-01-30T17:41:38.707+0000] {logging_mixin.py:188} INFO - [2024-01-30T17:41:38.706+0000] {dag.py:3820} INFO - Setting next_dagrun for day_3_dag to 2024-01-03T18:00:00+00:00, run_after=2024-02-03T18:00:00+00:00
[2024-01-30T17:41:38.767+0000] {processor.py:183} INFO - Processing /opt/airflow/dags/day_3_dag.py took 0.285 seconds
[2024-01-30T17:42:09.021+0000] {processor.py:161} INFO - Started process (PID=3300) to work on /opt/airflow/dags/day_3_dag.py
[2024-01-30T17:42:09.025+0000] {processor.py:830} INFO - Processing file /opt/airflow/dags/day_3_dag.py for tasks to queue
[2024-01-30T17:42:09.028+0000] {logging_mixin.py:188} INFO - [2024-01-30T17:42:09.027+0000] {dagbag.py:538} INFO - Filling up the DagBag from /opt/airflow/dags/day_3_dag.py
[2024-01-30T17:42:09.072+0000] {processor.py:840} INFO - DAG(s) 'day_3_dag' retrieved from /opt/airflow/dags/day_3_dag.py
[2024-01-30T17:42:09.150+0000] {logging_mixin.py:188} INFO - [2024-01-30T17:42:09.149+0000] {dag.py:3033} INFO - Sync 1 DAGs
[2024-01-30T17:42:09.237+0000] {logging_mixin.py:188} INFO - [2024-01-30T17:42:09.236+0000] {dag.py:3820} INFO - Setting next_dagrun for day_3_dag to 2024-01-03T18:00:00+00:00, run_after=2024-02-03T18:00:00+00:00
[2024-01-30T17:42:09.295+0000] {processor.py:183} INFO - Processing /opt/airflow/dags/day_3_dag.py took 0.282 seconds
[2024-01-30T17:42:39.483+0000] {processor.py:161} INFO - Started process (PID=3356) to work on /opt/airflow/dags/day_3_dag.py
[2024-01-30T17:42:39.486+0000] {processor.py:830} INFO - Processing file /opt/airflow/dags/day_3_dag.py for tasks to queue
[2024-01-30T17:42:39.490+0000] {logging_mixin.py:188} INFO - [2024-01-30T17:42:39.488+0000] {dagbag.py:538} INFO - Filling up the DagBag from /opt/airflow/dags/day_3_dag.py
[2024-01-30T17:42:39.555+0000] {processor.py:840} INFO - DAG(s) 'day_3_dag' retrieved from /opt/airflow/dags/day_3_dag.py
[2024-01-30T17:42:39.652+0000] {logging_mixin.py:188} INFO - [2024-01-30T17:42:39.651+0000] {dag.py:3033} INFO - Sync 1 DAGs
[2024-01-30T17:42:39.758+0000] {logging_mixin.py:188} INFO - [2024-01-30T17:42:39.756+0000] {dag.py:3820} INFO - Setting next_dagrun for day_3_dag to 2024-01-03T18:00:00+00:00, run_after=2024-02-03T18:00:00+00:00
[2024-01-30T17:42:39.837+0000] {processor.py:183} INFO - Processing /opt/airflow/dags/day_3_dag.py took 0.361 seconds
[2024-01-30T17:43:10.433+0000] {processor.py:161} INFO - Started process (PID=3449) to work on /opt/airflow/dags/day_3_dag.py
[2024-01-30T17:43:10.465+0000] {processor.py:830} INFO - Processing file /opt/airflow/dags/day_3_dag.py for tasks to queue
[2024-01-30T17:43:10.472+0000] {logging_mixin.py:188} INFO - [2024-01-30T17:43:10.471+0000] {dagbag.py:538} INFO - Filling up the DagBag from /opt/airflow/dags/day_3_dag.py
[2024-01-30T17:43:10.533+0000] {processor.py:840} INFO - DAG(s) 'day_3_dag' retrieved from /opt/airflow/dags/day_3_dag.py
[2024-01-30T17:43:10.629+0000] {logging_mixin.py:188} INFO - [2024-01-30T17:43:10.628+0000] {dag.py:3033} INFO - Sync 1 DAGs
[2024-01-30T17:43:10.734+0000] {logging_mixin.py:188} INFO - [2024-01-30T17:43:10.733+0000] {dag.py:3820} INFO - Setting next_dagrun for day_3_dag to 2024-01-03T18:00:00+00:00, run_after=2024-02-03T18:00:00+00:00
[2024-01-30T17:43:10.814+0000] {processor.py:183} INFO - Processing /opt/airflow/dags/day_3_dag.py took 0.390 seconds
[2024-01-30T17:43:41.398+0000] {processor.py:161} INFO - Started process (PID=3502) to work on /opt/airflow/dags/day_3_dag.py
[2024-01-30T17:43:41.401+0000] {processor.py:830} INFO - Processing file /opt/airflow/dags/day_3_dag.py for tasks to queue
[2024-01-30T17:43:41.405+0000] {logging_mixin.py:188} INFO - [2024-01-30T17:43:41.404+0000] {dagbag.py:538} INFO - Filling up the DagBag from /opt/airflow/dags/day_3_dag.py
[2024-01-30T17:43:41.452+0000] {processor.py:840} INFO - DAG(s) 'day_3_dag' retrieved from /opt/airflow/dags/day_3_dag.py
[2024-01-30T17:43:41.536+0000] {logging_mixin.py:188} INFO - [2024-01-30T17:43:41.535+0000] {dag.py:3033} INFO - Sync 1 DAGs
[2024-01-30T17:43:41.670+0000] {logging_mixin.py:188} INFO - [2024-01-30T17:43:41.669+0000] {dag.py:3820} INFO - Setting next_dagrun for day_3_dag to 2024-01-03T18:00:00+00:00, run_after=2024-02-03T18:00:00+00:00
[2024-01-30T17:43:41.734+0000] {processor.py:183} INFO - Processing /opt/airflow/dags/day_3_dag.py took 0.345 seconds
[2024-01-30T17:44:12.018+0000] {processor.py:161} INFO - Started process (PID=3579) to work on /opt/airflow/dags/day_3_dag.py
[2024-01-30T17:44:12.020+0000] {processor.py:830} INFO - Processing file /opt/airflow/dags/day_3_dag.py for tasks to queue
[2024-01-30T17:44:12.023+0000] {logging_mixin.py:188} INFO - [2024-01-30T17:44:12.022+0000] {dagbag.py:538} INFO - Filling up the DagBag from /opt/airflow/dags/day_3_dag.py
[2024-01-30T17:44:12.068+0000] {processor.py:840} INFO - DAG(s) 'day_3_dag' retrieved from /opt/airflow/dags/day_3_dag.py
[2024-01-30T17:44:12.149+0000] {logging_mixin.py:188} INFO - [2024-01-30T17:44:12.148+0000] {dag.py:3033} INFO - Sync 1 DAGs
[2024-01-30T17:44:12.244+0000] {logging_mixin.py:188} INFO - [2024-01-30T17:44:12.243+0000] {dag.py:3820} INFO - Setting next_dagrun for day_3_dag to 2024-01-03T18:00:00+00:00, run_after=2024-02-03T18:00:00+00:00
[2024-01-30T17:44:12.306+0000] {processor.py:183} INFO - Processing /opt/airflow/dags/day_3_dag.py took 0.296 seconds
[2024-01-30T17:44:42.421+0000] {processor.py:161} INFO - Started process (PID=3637) to work on /opt/airflow/dags/day_3_dag.py
[2024-01-30T17:44:42.424+0000] {processor.py:830} INFO - Processing file /opt/airflow/dags/day_3_dag.py for tasks to queue
[2024-01-30T17:44:42.428+0000] {logging_mixin.py:188} INFO - [2024-01-30T17:44:42.427+0000] {dagbag.py:538} INFO - Filling up the DagBag from /opt/airflow/dags/day_3_dag.py
[2024-01-30T17:44:42.480+0000] {processor.py:840} INFO - DAG(s) 'day_3_dag' retrieved from /opt/airflow/dags/day_3_dag.py
[2024-01-30T17:44:42.559+0000] {logging_mixin.py:188} INFO - [2024-01-30T17:44:42.558+0000] {dag.py:3033} INFO - Sync 1 DAGs
[2024-01-30T17:44:42.652+0000] {logging_mixin.py:188} INFO - [2024-01-30T17:44:42.651+0000] {dag.py:3820} INFO - Setting next_dagrun for day_3_dag to 2024-01-03T18:00:00+00:00, run_after=2024-02-03T18:00:00+00:00
[2024-01-30T17:44:42.715+0000] {processor.py:183} INFO - Processing /opt/airflow/dags/day_3_dag.py took 0.302 seconds
[2024-01-30T17:45:12.769+0000] {processor.py:161} INFO - Started process (PID=3705) to work on /opt/airflow/dags/day_3_dag.py
[2024-01-30T17:45:12.772+0000] {processor.py:830} INFO - Processing file /opt/airflow/dags/day_3_dag.py for tasks to queue
[2024-01-30T17:45:12.776+0000] {logging_mixin.py:188} INFO - [2024-01-30T17:45:12.775+0000] {dagbag.py:538} INFO - Filling up the DagBag from /opt/airflow/dags/day_3_dag.py
[2024-01-30T17:45:12.824+0000] {processor.py:840} INFO - DAG(s) 'day_3_dag' retrieved from /opt/airflow/dags/day_3_dag.py
[2024-01-30T17:45:12.909+0000] {logging_mixin.py:188} INFO - [2024-01-30T17:45:12.908+0000] {dag.py:3033} INFO - Sync 1 DAGs
[2024-01-30T17:45:13.009+0000] {logging_mixin.py:188} INFO - [2024-01-30T17:45:13.008+0000] {dag.py:3820} INFO - Setting next_dagrun for day_3_dag to 2024-01-03T18:00:00+00:00, run_after=2024-02-03T18:00:00+00:00
[2024-01-30T17:45:13.072+0000] {processor.py:183} INFO - Processing /opt/airflow/dags/day_3_dag.py took 0.311 seconds
[2024-01-30T17:45:43.387+0000] {processor.py:161} INFO - Started process (PID=3754) to work on /opt/airflow/dags/day_3_dag.py
[2024-01-30T17:45:43.390+0000] {processor.py:830} INFO - Processing file /opt/airflow/dags/day_3_dag.py for tasks to queue
[2024-01-30T17:45:43.394+0000] {logging_mixin.py:188} INFO - [2024-01-30T17:45:43.393+0000] {dagbag.py:538} INFO - Filling up the DagBag from /opt/airflow/dags/day_3_dag.py
[2024-01-30T17:45:43.443+0000] {processor.py:840} INFO - DAG(s) 'day_3_dag' retrieved from /opt/airflow/dags/day_3_dag.py
[2024-01-30T17:45:43.520+0000] {logging_mixin.py:188} INFO - [2024-01-30T17:45:43.519+0000] {dag.py:3033} INFO - Sync 1 DAGs
[2024-01-30T17:45:43.607+0000] {logging_mixin.py:188} INFO - [2024-01-30T17:45:43.606+0000] {dag.py:3820} INFO - Setting next_dagrun for day_3_dag to 2024-01-03T18:00:00+00:00, run_after=2024-02-03T18:00:00+00:00
[2024-01-30T17:45:43.663+0000] {processor.py:183} INFO - Processing /opt/airflow/dags/day_3_dag.py took 0.285 seconds
[2024-01-30T17:46:13.846+0000] {processor.py:161} INFO - Started process (PID=3804) to work on /opt/airflow/dags/day_3_dag.py
[2024-01-30T17:46:13.849+0000] {processor.py:830} INFO - Processing file /opt/airflow/dags/day_3_dag.py for tasks to queue
[2024-01-30T17:46:13.852+0000] {logging_mixin.py:188} INFO - [2024-01-30T17:46:13.851+0000] {dagbag.py:538} INFO - Filling up the DagBag from /opt/airflow/dags/day_3_dag.py
[2024-01-30T17:46:13.900+0000] {processor.py:840} INFO - DAG(s) 'day_3_dag' retrieved from /opt/airflow/dags/day_3_dag.py
[2024-01-30T17:46:13.982+0000] {logging_mixin.py:188} INFO - [2024-01-30T17:46:13.981+0000] {dag.py:3033} INFO - Sync 1 DAGs
[2024-01-30T17:46:14.078+0000] {logging_mixin.py:188} INFO - [2024-01-30T17:46:14.077+0000] {dag.py:3820} INFO - Setting next_dagrun for day_3_dag to 2024-01-03T18:00:00+00:00, run_after=2024-02-03T18:00:00+00:00
[2024-01-30T17:46:14.142+0000] {processor.py:183} INFO - Processing /opt/airflow/dags/day_3_dag.py took 0.303 seconds
[2024-01-30T17:46:44.361+0000] {processor.py:161} INFO - Started process (PID=3841) to work on /opt/airflow/dags/day_3_dag.py
[2024-01-30T17:46:44.364+0000] {processor.py:830} INFO - Processing file /opt/airflow/dags/day_3_dag.py for tasks to queue
[2024-01-30T17:46:44.368+0000] {logging_mixin.py:188} INFO - [2024-01-30T17:46:44.367+0000] {dagbag.py:538} INFO - Filling up the DagBag from /opt/airflow/dags/day_3_dag.py
[2024-01-30T17:46:44.414+0000] {processor.py:840} INFO - DAG(s) 'day_3_dag' retrieved from /opt/airflow/dags/day_3_dag.py
[2024-01-30T17:46:44.499+0000] {logging_mixin.py:188} INFO - [2024-01-30T17:46:44.498+0000] {dag.py:3033} INFO - Sync 1 DAGs
[2024-01-30T17:46:44.593+0000] {logging_mixin.py:188} INFO - [2024-01-30T17:46:44.592+0000] {dag.py:3820} INFO - Setting next_dagrun for day_3_dag to 2024-01-03T18:00:00+00:00, run_after=2024-02-03T18:00:00+00:00
[2024-01-30T17:46:44.652+0000] {processor.py:183} INFO - Processing /opt/airflow/dags/day_3_dag.py took 0.301 seconds
[2024-01-30T17:47:14.830+0000] {processor.py:161} INFO - Started process (PID=3891) to work on /opt/airflow/dags/day_3_dag.py
[2024-01-30T17:47:14.832+0000] {processor.py:830} INFO - Processing file /opt/airflow/dags/day_3_dag.py for tasks to queue
[2024-01-30T17:47:14.835+0000] {logging_mixin.py:188} INFO - [2024-01-30T17:47:14.834+0000] {dagbag.py:538} INFO - Filling up the DagBag from /opt/airflow/dags/day_3_dag.py
[2024-01-30T17:47:14.878+0000] {processor.py:840} INFO - DAG(s) 'day_3_dag' retrieved from /opt/airflow/dags/day_3_dag.py
[2024-01-30T17:47:14.957+0000] {logging_mixin.py:188} INFO - [2024-01-30T17:47:14.956+0000] {dag.py:3033} INFO - Sync 1 DAGs
[2024-01-30T17:47:15.066+0000] {logging_mixin.py:188} INFO - [2024-01-30T17:47:15.065+0000] {dag.py:3820} INFO - Setting next_dagrun for day_3_dag to 2024-01-03T18:00:00+00:00, run_after=2024-02-03T18:00:00+00:00
[2024-01-30T17:47:15.198+0000] {processor.py:183} INFO - Processing /opt/airflow/dags/day_3_dag.py took 0.376 seconds
[2024-01-30T18:05:23.447+0000] {processor.py:161} INFO - Started process (PID=3931) to work on /opt/airflow/dags/day_3_dag.py
[2024-01-30T18:05:23.452+0000] {processor.py:830} INFO - Processing file /opt/airflow/dags/day_3_dag.py for tasks to queue
[2024-01-30T18:05:23.459+0000] {logging_mixin.py:188} INFO - [2024-01-30T18:05:23.457+0000] {dagbag.py:538} INFO - Filling up the DagBag from /opt/airflow/dags/day_3_dag.py
[2024-01-30T18:05:23.551+0000] {processor.py:840} INFO - DAG(s) 'day_3_dag' retrieved from /opt/airflow/dags/day_3_dag.py
[2024-01-30T18:05:23.676+0000] {logging_mixin.py:188} INFO - [2024-01-30T18:05:23.675+0000] {dag.py:3033} INFO - Sync 1 DAGs
[2024-01-30T18:05:23.836+0000] {logging_mixin.py:188} INFO - [2024-01-30T18:05:23.834+0000] {dag.py:3820} INFO - Setting next_dagrun for day_3_dag to 2024-01-03T18:00:00+00:00, run_after=2024-02-03T18:00:00+00:00
[2024-01-30T18:05:23.977+0000] {processor.py:183} INFO - Processing /opt/airflow/dags/day_3_dag.py took 0.554 seconds
[2024-01-30T18:19:13.430+0000] {processor.py:161} INFO - Started process (PID=3977) to work on /opt/airflow/dags/day_3_dag.py
[2024-01-30T18:19:13.436+0000] {processor.py:830} INFO - Processing file /opt/airflow/dags/day_3_dag.py for tasks to queue
[2024-01-30T18:19:13.442+0000] {logging_mixin.py:188} INFO - [2024-01-30T18:19:13.439+0000] {dagbag.py:538} INFO - Filling up the DagBag from /opt/airflow/dags/day_3_dag.py
[2024-01-30T18:19:13.526+0000] {processor.py:840} INFO - DAG(s) 'day_3_dag' retrieved from /opt/airflow/dags/day_3_dag.py
[2024-01-30T18:19:13.710+0000] {logging_mixin.py:188} INFO - [2024-01-30T18:19:13.709+0000] {dag.py:3033} INFO - Sync 1 DAGs
[2024-01-30T18:19:13.901+0000] {logging_mixin.py:188} INFO - [2024-01-30T18:19:13.900+0000] {dag.py:3820} INFO - Setting next_dagrun for day_3_dag to 2024-01-03T18:00:00+00:00, run_after=2024-02-03T18:00:00+00:00
[2024-01-30T18:19:14.036+0000] {processor.py:183} INFO - Processing /opt/airflow/dags/day_3_dag.py took 0.624 seconds
[2024-01-30T19:09:25.593+0000] {processor.py:161} INFO - Started process (PID=4029) to work on /opt/airflow/dags/day_3_dag.py
[2024-01-30T19:09:25.596+0000] {processor.py:830} INFO - Processing file /opt/airflow/dags/day_3_dag.py for tasks to queue
[2024-01-30T19:09:25.614+0000] {logging_mixin.py:188} INFO - [2024-01-30T19:09:25.604+0000] {dagbag.py:538} INFO - Filling up the DagBag from /opt/airflow/dags/day_3_dag.py
[2024-01-30T19:09:25.800+0000] {processor.py:840} INFO - DAG(s) 'day_3_dag' retrieved from /opt/airflow/dags/day_3_dag.py
[2024-01-30T19:09:26.150+0000] {logging_mixin.py:188} INFO - [2024-01-30T19:09:26.148+0000] {dag.py:3033} INFO - Sync 1 DAGs
[2024-01-30T19:09:26.543+0000] {logging_mixin.py:188} INFO - [2024-01-30T19:09:26.541+0000] {dag.py:3820} INFO - Setting next_dagrun for day_3_dag to 2024-01-03T18:00:00+00:00, run_after=2024-02-03T18:00:00+00:00
[2024-01-30T19:09:26.998+0000] {processor.py:183} INFO - Processing /opt/airflow/dags/day_3_dag.py took 1.444 seconds
[2024-01-30T20:46:47.107+0000] {processor.py:161} INFO - Started process (PID=4070) to work on /opt/airflow/dags/day_3_dag.py
[2024-01-30T20:46:47.109+0000] {processor.py:830} INFO - Processing file /opt/airflow/dags/day_3_dag.py for tasks to queue
[2024-01-30T20:46:47.113+0000] {logging_mixin.py:188} INFO - [2024-01-30T20:46:47.112+0000] {dagbag.py:538} INFO - Filling up the DagBag from /opt/airflow/dags/day_3_dag.py
[2024-01-30T20:46:47.169+0000] {processor.py:840} INFO - DAG(s) 'day_3_dag' retrieved from /opt/airflow/dags/day_3_dag.py
[2024-01-30T20:46:47.274+0000] {logging_mixin.py:188} INFO - [2024-01-30T20:46:47.272+0000] {dag.py:3033} INFO - Sync 1 DAGs
[2024-01-30T20:46:47.533+0000] {logging_mixin.py:188} INFO - [2024-01-30T20:46:47.531+0000] {dag.py:3820} INFO - Setting next_dagrun for day_3_dag to 2024-01-03T18:00:00+00:00, run_after=2024-02-03T18:00:00+00:00
[2024-01-30T20:46:47.705+0000] {processor.py:183} INFO - Processing /opt/airflow/dags/day_3_dag.py took 0.605 seconds
[2024-01-30T22:08:11.179+0000] {processor.py:161} INFO - Started process (PID=4124) to work on /opt/airflow/dags/day_3_dag.py
[2024-01-30T22:08:11.191+0000] {processor.py:830} INFO - Processing file /opt/airflow/dags/day_3_dag.py for tasks to queue
[2024-01-30T22:08:11.197+0000] {logging_mixin.py:188} INFO - [2024-01-30T22:08:11.195+0000] {dagbag.py:538} INFO - Filling up the DagBag from /opt/airflow/dags/day_3_dag.py
[2024-01-30T22:08:11.392+0000] {processor.py:840} INFO - DAG(s) 'day_3_dag' retrieved from /opt/airflow/dags/day_3_dag.py
[2024-01-30T22:08:12.077+0000] {logging_mixin.py:188} INFO - [2024-01-30T22:08:12.065+0000] {dag.py:3033} INFO - Sync 1 DAGs
[2024-01-30T22:08:12.490+0000] {logging_mixin.py:188} INFO - [2024-01-30T22:08:12.486+0000] {dag.py:3820} INFO - Setting next_dagrun for day_3_dag to 2024-01-03T18:00:00+00:00, run_after=2024-02-03T18:00:00+00:00
[2024-01-30T22:08:12.720+0000] {processor.py:183} INFO - Processing /opt/airflow/dags/day_3_dag.py took 1.565 seconds
[2024-01-30T23:45:52.815+0000] {processor.py:161} INFO - Started process (PID=4170) to work on /opt/airflow/dags/day_3_dag.py
[2024-01-30T23:45:52.817+0000] {processor.py:830} INFO - Processing file /opt/airflow/dags/day_3_dag.py for tasks to queue
[2024-01-30T23:45:52.821+0000] {logging_mixin.py:188} INFO - [2024-01-30T23:45:52.819+0000] {dagbag.py:538} INFO - Filling up the DagBag from /opt/airflow/dags/day_3_dag.py
[2024-01-30T23:45:52.864+0000] {processor.py:840} INFO - DAG(s) 'day_3_dag' retrieved from /opt/airflow/dags/day_3_dag.py
[2024-01-30T23:45:52.989+0000] {logging_mixin.py:188} INFO - [2024-01-30T23:45:52.988+0000] {dag.py:3033} INFO - Sync 1 DAGs
[2024-01-30T23:45:53.187+0000] {logging_mixin.py:188} INFO - [2024-01-30T23:45:53.186+0000] {dag.py:3820} INFO - Setting next_dagrun for day_3_dag to 2024-01-03T18:00:00+00:00, run_after=2024-02-03T18:00:00+00:00
[2024-01-30T23:45:53.326+0000] {processor.py:183} INFO - Processing /opt/airflow/dags/day_3_dag.py took 0.518 seconds
