[2024-01-30T17:05:22.769+0000] {processor.py:161} INFO - Started process (PID=252) to work on /opt/airflow/dags/everyday_dag.py
[2024-01-30T17:05:22.772+0000] {processor.py:830} INFO - Processing file /opt/airflow/dags/everyday_dag.py for tasks to queue
[2024-01-30T17:05:22.777+0000] {logging_mixin.py:188} INFO - [2024-01-30T17:05:22.775+0000] {dagbag.py:538} INFO - Filling up the DagBag from /opt/airflow/dags/everyday_dag.py
[2024-01-30T17:05:22.858+0000] {logging_mixin.py:188} INFO - [2024-01-30T17:05:22.842+0000] {dagbag.py:348} ERROR - Failed to import: /opt/airflow/dags/everyday_dag.py
Traceback (most recent call last):
  File "/home/airflow/.local/lib/python3.8/site-packages/airflow/models/dagbag.py", line 344, in parse
    loader.exec_module(new_module)
  File "<frozen importlib._bootstrap_external>", line 843, in exec_module
  File "<frozen importlib._bootstrap>", line 219, in _call_with_frames_removed
  File "/opt/airflow/dags/everyday_dag.py", line 12, in <module>
    task_1 = EmptyOperator(
NameError: name 'EmptyOperator' is not defined
[2024-01-30T17:05:22.868+0000] {processor.py:842} WARNING - No viable dags retrieved from /opt/airflow/dags/everyday_dag.py
[2024-01-30T17:05:22.922+0000] {processor.py:183} INFO - Processing /opt/airflow/dags/everyday_dag.py took 0.164 seconds
[2024-01-30T17:05:53.435+0000] {processor.py:161} INFO - Started process (PID=289) to work on /opt/airflow/dags/everyday_dag.py
[2024-01-30T17:05:53.439+0000] {processor.py:830} INFO - Processing file /opt/airflow/dags/everyday_dag.py for tasks to queue
[2024-01-30T17:05:53.458+0000] {logging_mixin.py:188} INFO - [2024-01-30T17:05:53.452+0000] {dagbag.py:538} INFO - Filling up the DagBag from /opt/airflow/dags/everyday_dag.py
[2024-01-30T17:05:53.526+0000] {logging_mixin.py:188} INFO - [2024-01-30T17:05:53.511+0000] {dagbag.py:348} ERROR - Failed to import: /opt/airflow/dags/everyday_dag.py
Traceback (most recent call last):
  File "/home/airflow/.local/lib/python3.8/site-packages/airflow/models/dagbag.py", line 344, in parse
    loader.exec_module(new_module)
  File "<frozen importlib._bootstrap_external>", line 843, in exec_module
  File "<frozen importlib._bootstrap>", line 219, in _call_with_frames_removed
  File "/opt/airflow/dags/everyday_dag.py", line 12, in <module>
    task_1 = EmptyOperator(
NameError: name 'EmptyOperator' is not defined
[2024-01-30T17:05:53.533+0000] {processor.py:842} WARNING - No viable dags retrieved from /opt/airflow/dags/everyday_dag.py
[2024-01-30T17:05:53.603+0000] {processor.py:183} INFO - Processing /opt/airflow/dags/everyday_dag.py took 0.181 seconds
[2024-01-30T17:08:34.408+0000] {processor.py:161} INFO - Started process (PID=249) to work on /opt/airflow/dags/everyday_dag.py
[2024-01-30T17:08:34.412+0000] {processor.py:830} INFO - Processing file /opt/airflow/dags/everyday_dag.py for tasks to queue
[2024-01-30T17:08:34.419+0000] {logging_mixin.py:188} INFO - [2024-01-30T17:08:34.417+0000] {dagbag.py:538} INFO - Filling up the DagBag from /opt/airflow/dags/everyday_dag.py
[2024-01-30T17:08:34.545+0000] {processor.py:840} INFO - DAG(s) 'everyday_dag' retrieved from /opt/airflow/dags/everyday_dag.py
[2024-01-30T17:08:35.169+0000] {logging_mixin.py:188} INFO - [2024-01-30T17:08:35.165+0000] {override.py:1769} INFO - Created Permission View: can edit on DAG:everyday_dag
[2024-01-30T17:08:35.233+0000] {logging_mixin.py:188} INFO - [2024-01-30T17:08:35.231+0000] {override.py:1769} INFO - Created Permission View: can read on DAG:everyday_dag
[2024-01-30T17:08:35.258+0000] {logging_mixin.py:188} INFO - [2024-01-30T17:08:35.257+0000] {override.py:1769} INFO - Created Permission View: can delete on DAG:everyday_dag
[2024-01-30T17:08:35.261+0000] {logging_mixin.py:188} INFO - [2024-01-30T17:08:35.260+0000] {dag.py:3033} INFO - Sync 1 DAGs
[2024-01-30T17:08:35.318+0000] {logging_mixin.py:188} INFO - [2024-01-30T17:08:35.317+0000] {dag.py:3055} INFO - Creating ORM DAG for everyday_dag
[2024-01-30T17:08:35.397+0000] {logging_mixin.py:188} INFO - [2024-01-30T17:08:35.396+0000] {dag.py:3820} INFO - Setting next_dagrun for everyday_dag to 2024-01-31T00:00:00+00:00, run_after=2024-02-01T00:00:00+00:00
[2024-01-30T17:08:35.464+0000] {processor.py:183} INFO - Processing /opt/airflow/dags/everyday_dag.py took 1.065 seconds
[2024-01-30T17:09:05.816+0000] {processor.py:161} INFO - Started process (PID=287) to work on /opt/airflow/dags/everyday_dag.py
[2024-01-30T17:09:05.819+0000] {processor.py:830} INFO - Processing file /opt/airflow/dags/everyday_dag.py for tasks to queue
[2024-01-30T17:09:05.823+0000] {logging_mixin.py:188} INFO - [2024-01-30T17:09:05.822+0000] {dagbag.py:538} INFO - Filling up the DagBag from /opt/airflow/dags/everyday_dag.py
[2024-01-30T17:09:05.889+0000] {processor.py:840} INFO - DAG(s) 'everyday_dag' retrieved from /opt/airflow/dags/everyday_dag.py
[2024-01-30T17:09:05.983+0000] {logging_mixin.py:188} INFO - [2024-01-30T17:09:05.982+0000] {dag.py:3033} INFO - Sync 1 DAGs
[2024-01-30T17:09:06.094+0000] {logging_mixin.py:188} INFO - [2024-01-30T17:09:06.093+0000] {dag.py:3820} INFO - Setting next_dagrun for everyday_dag to 2024-01-31T00:00:00+00:00, run_after=2024-02-01T00:00:00+00:00
[2024-01-30T17:09:06.163+0000] {processor.py:183} INFO - Processing /opt/airflow/dags/everyday_dag.py took 0.357 seconds
[2024-01-30T17:09:36.871+0000] {processor.py:161} INFO - Started process (PID=312) to work on /opt/airflow/dags/everyday_dag.py
[2024-01-30T17:09:36.874+0000] {processor.py:830} INFO - Processing file /opt/airflow/dags/everyday_dag.py for tasks to queue
[2024-01-30T17:09:36.877+0000] {logging_mixin.py:188} INFO - [2024-01-30T17:09:36.876+0000] {dagbag.py:538} INFO - Filling up the DagBag from /opt/airflow/dags/everyday_dag.py
[2024-01-30T17:09:36.924+0000] {processor.py:840} INFO - DAG(s) 'everyday_dag' retrieved from /opt/airflow/dags/everyday_dag.py
[2024-01-30T17:09:37.003+0000] {logging_mixin.py:188} INFO - [2024-01-30T17:09:37.002+0000] {dag.py:3033} INFO - Sync 1 DAGs
[2024-01-30T17:09:37.118+0000] {logging_mixin.py:188} INFO - [2024-01-30T17:09:37.117+0000] {dag.py:3820} INFO - Setting next_dagrun for everyday_dag to 2024-01-31T00:00:00+00:00, run_after=2024-02-01T00:00:00+00:00
[2024-01-30T17:09:37.182+0000] {processor.py:183} INFO - Processing /opt/airflow/dags/everyday_dag.py took 0.321 seconds
[2024-01-30T17:10:07.632+0000] {processor.py:161} INFO - Started process (PID=350) to work on /opt/airflow/dags/everyday_dag.py
[2024-01-30T17:10:07.635+0000] {processor.py:830} INFO - Processing file /opt/airflow/dags/everyday_dag.py for tasks to queue
[2024-01-30T17:10:07.639+0000] {logging_mixin.py:188} INFO - [2024-01-30T17:10:07.637+0000] {dagbag.py:538} INFO - Filling up the DagBag from /opt/airflow/dags/everyday_dag.py
[2024-01-30T17:10:07.692+0000] {processor.py:840} INFO - DAG(s) 'everyday_dag' retrieved from /opt/airflow/dags/everyday_dag.py
[2024-01-30T17:10:07.772+0000] {logging_mixin.py:188} INFO - [2024-01-30T17:10:07.771+0000] {dag.py:3033} INFO - Sync 1 DAGs
[2024-01-30T17:10:07.869+0000] {logging_mixin.py:188} INFO - [2024-01-30T17:10:07.868+0000] {dag.py:3820} INFO - Setting next_dagrun for everyday_dag to 2024-01-31T00:00:00+00:00, run_after=2024-02-01T00:00:00+00:00
[2024-01-30T17:10:07.931+0000] {processor.py:183} INFO - Processing /opt/airflow/dags/everyday_dag.py took 0.310 seconds
[2024-01-30T17:10:38.504+0000] {processor.py:161} INFO - Started process (PID=375) to work on /opt/airflow/dags/everyday_dag.py
[2024-01-30T17:10:38.507+0000] {processor.py:830} INFO - Processing file /opt/airflow/dags/everyday_dag.py for tasks to queue
[2024-01-30T17:10:38.511+0000] {logging_mixin.py:188} INFO - [2024-01-30T17:10:38.510+0000] {dagbag.py:538} INFO - Filling up the DagBag from /opt/airflow/dags/everyday_dag.py
[2024-01-30T17:10:38.568+0000] {processor.py:840} INFO - DAG(s) 'everyday_dag' retrieved from /opt/airflow/dags/everyday_dag.py
[2024-01-30T17:10:38.653+0000] {logging_mixin.py:188} INFO - [2024-01-30T17:10:38.652+0000] {dag.py:3033} INFO - Sync 1 DAGs
[2024-01-30T17:10:38.759+0000] {logging_mixin.py:188} INFO - [2024-01-30T17:10:38.758+0000] {dag.py:3820} INFO - Setting next_dagrun for everyday_dag to 2024-01-31T00:00:00+00:00, run_after=2024-02-01T00:00:00+00:00
[2024-01-30T17:10:38.831+0000] {processor.py:183} INFO - Processing /opt/airflow/dags/everyday_dag.py took 0.339 seconds
[2024-01-30T17:11:09.374+0000] {processor.py:161} INFO - Started process (PID=413) to work on /opt/airflow/dags/everyday_dag.py
[2024-01-30T17:11:09.377+0000] {processor.py:830} INFO - Processing file /opt/airflow/dags/everyday_dag.py for tasks to queue
[2024-01-30T17:11:09.381+0000] {logging_mixin.py:188} INFO - [2024-01-30T17:11:09.380+0000] {dagbag.py:538} INFO - Filling up the DagBag from /opt/airflow/dags/everyday_dag.py
[2024-01-30T17:11:09.473+0000] {processor.py:840} INFO - DAG(s) 'everyday_dag' retrieved from /opt/airflow/dags/everyday_dag.py
[2024-01-30T17:11:09.595+0000] {logging_mixin.py:188} INFO - [2024-01-30T17:11:09.593+0000] {dag.py:3033} INFO - Sync 1 DAGs
[2024-01-30T17:11:09.736+0000] {logging_mixin.py:188} INFO - [2024-01-30T17:11:09.735+0000] {dag.py:3820} INFO - Setting next_dagrun for everyday_dag to 2024-01-31T00:00:00+00:00, run_after=2024-02-01T00:00:00+00:00
[2024-01-30T17:11:09.821+0000] {processor.py:183} INFO - Processing /opt/airflow/dags/everyday_dag.py took 0.459 seconds
[2024-01-30T17:11:10.826+0000] {processor.py:161} INFO - Started process (PID=425) to work on /opt/airflow/dags/everyday_dag.py
[2024-01-30T17:11:10.829+0000] {processor.py:830} INFO - Processing file /opt/airflow/dags/everyday_dag.py for tasks to queue
[2024-01-30T17:11:10.833+0000] {logging_mixin.py:188} INFO - [2024-01-30T17:11:10.832+0000] {dagbag.py:538} INFO - Filling up the DagBag from /opt/airflow/dags/everyday_dag.py
[2024-01-30T17:11:10.891+0000] {processor.py:840} INFO - DAG(s) 'everyday_dag' retrieved from /opt/airflow/dags/everyday_dag.py
[2024-01-30T17:11:11.490+0000] {logging_mixin.py:188} INFO - [2024-01-30T17:11:11.489+0000] {dag.py:3033} INFO - Sync 1 DAGs
[2024-01-30T17:11:11.592+0000] {logging_mixin.py:188} INFO - [2024-01-30T17:11:11.591+0000] {dag.py:3820} INFO - Setting next_dagrun for everyday_dag to 2024-01-30T00:00:00+00:00, run_after=2024-01-31T00:00:00+00:00
[2024-01-30T17:11:11.675+0000] {processor.py:183} INFO - Processing /opt/airflow/dags/everyday_dag.py took 0.857 seconds
[2024-01-30T17:11:42.389+0000] {processor.py:161} INFO - Started process (PID=460) to work on /opt/airflow/dags/everyday_dag.py
[2024-01-30T17:11:42.392+0000] {processor.py:830} INFO - Processing file /opt/airflow/dags/everyday_dag.py for tasks to queue
[2024-01-30T17:11:42.395+0000] {logging_mixin.py:188} INFO - [2024-01-30T17:11:42.394+0000] {dagbag.py:538} INFO - Filling up the DagBag from /opt/airflow/dags/everyday_dag.py
[2024-01-30T17:11:42.440+0000] {processor.py:840} INFO - DAG(s) 'everyday_dag' retrieved from /opt/airflow/dags/everyday_dag.py
[2024-01-30T17:11:42.521+0000] {logging_mixin.py:188} INFO - [2024-01-30T17:11:42.520+0000] {dag.py:3033} INFO - Sync 1 DAGs
[2024-01-30T17:11:42.618+0000] {logging_mixin.py:188} INFO - [2024-01-30T17:11:42.617+0000] {dag.py:3820} INFO - Setting next_dagrun for everyday_dag to 2024-01-30T00:00:00+00:00, run_after=2024-01-31T00:00:00+00:00
[2024-01-30T17:11:42.676+0000] {processor.py:183} INFO - Processing /opt/airflow/dags/everyday_dag.py took 0.295 seconds
[2024-01-30T17:12:04.127+0000] {processor.py:161} INFO - Started process (PID=479) to work on /opt/airflow/dags/everyday_dag.py
[2024-01-30T17:12:04.130+0000] {processor.py:830} INFO - Processing file /opt/airflow/dags/everyday_dag.py for tasks to queue
[2024-01-30T17:12:04.135+0000] {logging_mixin.py:188} INFO - [2024-01-30T17:12:04.133+0000] {dagbag.py:538} INFO - Filling up the DagBag from /opt/airflow/dags/everyday_dag.py
[2024-01-30T17:12:04.233+0000] {processor.py:840} INFO - DAG(s) 'everyday_dag' retrieved from /opt/airflow/dags/everyday_dag.py
[2024-01-30T17:12:04.771+0000] {logging_mixin.py:188} INFO - [2024-01-30T17:12:04.770+0000] {dag.py:3033} INFO - Sync 1 DAGs
[2024-01-30T17:12:04.860+0000] {logging_mixin.py:188} INFO - [2024-01-30T17:12:04.860+0000] {dag.py:3820} INFO - Setting next_dagrun for everyday_dag to 2024-01-30T00:00:00+00:00, run_after=2024-01-31T00:00:00+00:00
[2024-01-30T17:12:04.931+0000] {processor.py:183} INFO - Processing /opt/airflow/dags/everyday_dag.py took 0.814 seconds
[2024-01-30T17:12:35.558+0000] {processor.py:161} INFO - Started process (PID=507) to work on /opt/airflow/dags/everyday_dag.py
[2024-01-30T17:12:35.561+0000] {processor.py:830} INFO - Processing file /opt/airflow/dags/everyday_dag.py for tasks to queue
[2024-01-30T17:12:35.563+0000] {logging_mixin.py:188} INFO - [2024-01-30T17:12:35.563+0000] {dagbag.py:538} INFO - Filling up the DagBag from /opt/airflow/dags/everyday_dag.py
[2024-01-30T17:12:35.608+0000] {processor.py:840} INFO - DAG(s) 'everyday_dag' retrieved from /opt/airflow/dags/everyday_dag.py
[2024-01-30T17:12:35.686+0000] {logging_mixin.py:188} INFO - [2024-01-30T17:12:35.685+0000] {dag.py:3033} INFO - Sync 1 DAGs
[2024-01-30T17:12:35.777+0000] {logging_mixin.py:188} INFO - [2024-01-30T17:12:35.776+0000] {dag.py:3820} INFO - Setting next_dagrun for everyday_dag to 2024-01-30T00:00:00+00:00, run_after=2024-01-31T00:00:00+00:00
[2024-01-30T17:12:35.834+0000] {processor.py:183} INFO - Processing /opt/airflow/dags/everyday_dag.py took 0.285 seconds
[2024-01-30T17:13:06.539+0000] {processor.py:161} INFO - Started process (PID=545) to work on /opt/airflow/dags/everyday_dag.py
[2024-01-30T17:13:06.543+0000] {processor.py:830} INFO - Processing file /opt/airflow/dags/everyday_dag.py for tasks to queue
[2024-01-30T17:13:06.547+0000] {logging_mixin.py:188} INFO - [2024-01-30T17:13:06.546+0000] {dagbag.py:538} INFO - Filling up the DagBag from /opt/airflow/dags/everyday_dag.py
[2024-01-30T17:13:06.628+0000] {processor.py:840} INFO - DAG(s) 'everyday_dag' retrieved from /opt/airflow/dags/everyday_dag.py
[2024-01-30T17:13:06.720+0000] {logging_mixin.py:188} INFO - [2024-01-30T17:13:06.719+0000] {dag.py:3033} INFO - Sync 1 DAGs
[2024-01-30T17:13:06.817+0000] {logging_mixin.py:188} INFO - [2024-01-30T17:13:06.816+0000] {dag.py:3820} INFO - Setting next_dagrun for everyday_dag to 2024-01-30T00:00:00+00:00, run_after=2024-01-31T00:00:00+00:00
[2024-01-30T17:13:06.879+0000] {processor.py:183} INFO - Processing /opt/airflow/dags/everyday_dag.py took 0.349 seconds
[2024-01-30T17:13:37.536+0000] {processor.py:161} INFO - Started process (PID=570) to work on /opt/airflow/dags/everyday_dag.py
[2024-01-30T17:13:37.540+0000] {processor.py:830} INFO - Processing file /opt/airflow/dags/everyday_dag.py for tasks to queue
[2024-01-30T17:13:37.543+0000] {logging_mixin.py:188} INFO - [2024-01-30T17:13:37.542+0000] {dagbag.py:538} INFO - Filling up the DagBag from /opt/airflow/dags/everyday_dag.py
[2024-01-30T17:13:37.587+0000] {processor.py:840} INFO - DAG(s) 'everyday_dag' retrieved from /opt/airflow/dags/everyday_dag.py
[2024-01-30T17:13:37.662+0000] {logging_mixin.py:188} INFO - [2024-01-30T17:13:37.661+0000] {dag.py:3033} INFO - Sync 1 DAGs
[2024-01-30T17:13:37.751+0000] {logging_mixin.py:188} INFO - [2024-01-30T17:13:37.750+0000] {dag.py:3820} INFO - Setting next_dagrun for everyday_dag to 2024-01-30T00:00:00+00:00, run_after=2024-01-31T00:00:00+00:00
[2024-01-30T17:13:37.807+0000] {processor.py:183} INFO - Processing /opt/airflow/dags/everyday_dag.py took 0.280 seconds
[2024-01-30T17:14:08.358+0000] {processor.py:161} INFO - Started process (PID=608) to work on /opt/airflow/dags/everyday_dag.py
[2024-01-30T17:14:08.361+0000] {processor.py:830} INFO - Processing file /opt/airflow/dags/everyday_dag.py for tasks to queue
[2024-01-30T17:14:08.364+0000] {logging_mixin.py:188} INFO - [2024-01-30T17:14:08.363+0000] {dagbag.py:538} INFO - Filling up the DagBag from /opt/airflow/dags/everyday_dag.py
[2024-01-30T17:14:08.410+0000] {processor.py:840} INFO - DAG(s) 'everyday_dag' retrieved from /opt/airflow/dags/everyday_dag.py
[2024-01-30T17:14:08.488+0000] {logging_mixin.py:188} INFO - [2024-01-30T17:14:08.487+0000] {dag.py:3033} INFO - Sync 1 DAGs
[2024-01-30T17:14:08.578+0000] {logging_mixin.py:188} INFO - [2024-01-30T17:14:08.577+0000] {dag.py:3820} INFO - Setting next_dagrun for everyday_dag to 2024-01-30T00:00:00+00:00, run_after=2024-01-31T00:00:00+00:00
[2024-01-30T17:14:08.636+0000] {processor.py:183} INFO - Processing /opt/airflow/dags/everyday_dag.py took 0.285 seconds
[2024-01-30T17:14:39.070+0000] {processor.py:161} INFO - Started process (PID=633) to work on /opt/airflow/dags/everyday_dag.py
[2024-01-30T17:14:39.074+0000] {processor.py:830} INFO - Processing file /opt/airflow/dags/everyday_dag.py for tasks to queue
[2024-01-30T17:14:39.077+0000] {logging_mixin.py:188} INFO - [2024-01-30T17:14:39.076+0000] {dagbag.py:538} INFO - Filling up the DagBag from /opt/airflow/dags/everyday_dag.py
[2024-01-30T17:14:39.125+0000] {processor.py:840} INFO - DAG(s) 'everyday_dag' retrieved from /opt/airflow/dags/everyday_dag.py
[2024-01-30T17:14:39.205+0000] {logging_mixin.py:188} INFO - [2024-01-30T17:14:39.204+0000] {dag.py:3033} INFO - Sync 1 DAGs
[2024-01-30T17:14:39.295+0000] {logging_mixin.py:188} INFO - [2024-01-30T17:14:39.294+0000] {dag.py:3820} INFO - Setting next_dagrun for everyday_dag to 2024-01-30T00:00:00+00:00, run_after=2024-01-31T00:00:00+00:00
[2024-01-30T17:14:39.355+0000] {processor.py:183} INFO - Processing /opt/airflow/dags/everyday_dag.py took 0.294 seconds
[2024-01-30T17:15:09.905+0000] {processor.py:161} INFO - Started process (PID=671) to work on /opt/airflow/dags/everyday_dag.py
[2024-01-30T17:15:09.908+0000] {processor.py:830} INFO - Processing file /opt/airflow/dags/everyday_dag.py for tasks to queue
[2024-01-30T17:15:09.912+0000] {logging_mixin.py:188} INFO - [2024-01-30T17:15:09.911+0000] {dagbag.py:538} INFO - Filling up the DagBag from /opt/airflow/dags/everyday_dag.py
[2024-01-30T17:15:09.976+0000] {processor.py:840} INFO - DAG(s) 'everyday_dag' retrieved from /opt/airflow/dags/everyday_dag.py
[2024-01-30T17:15:10.070+0000] {logging_mixin.py:188} INFO - [2024-01-30T17:15:10.069+0000] {dag.py:3033} INFO - Sync 1 DAGs
[2024-01-30T17:15:10.188+0000] {logging_mixin.py:188} INFO - [2024-01-30T17:15:10.186+0000] {dag.py:3820} INFO - Setting next_dagrun for everyday_dag to 2024-01-30T00:00:00+00:00, run_after=2024-01-31T00:00:00+00:00
[2024-01-30T17:15:10.266+0000] {processor.py:183} INFO - Processing /opt/airflow/dags/everyday_dag.py took 0.372 seconds
[2024-01-30T17:15:40.682+0000] {processor.py:161} INFO - Started process (PID=696) to work on /opt/airflow/dags/everyday_dag.py
[2024-01-30T17:15:40.686+0000] {processor.py:830} INFO - Processing file /opt/airflow/dags/everyday_dag.py for tasks to queue
[2024-01-30T17:15:40.689+0000] {logging_mixin.py:188} INFO - [2024-01-30T17:15:40.688+0000] {dagbag.py:538} INFO - Filling up the DagBag from /opt/airflow/dags/everyday_dag.py
[2024-01-30T17:15:40.732+0000] {processor.py:840} INFO - DAG(s) 'everyday_dag' retrieved from /opt/airflow/dags/everyday_dag.py
[2024-01-30T17:15:40.807+0000] {logging_mixin.py:188} INFO - [2024-01-30T17:15:40.806+0000] {dag.py:3033} INFO - Sync 1 DAGs
[2024-01-30T17:15:40.895+0000] {logging_mixin.py:188} INFO - [2024-01-30T17:15:40.894+0000] {dag.py:3820} INFO - Setting next_dagrun for everyday_dag to 2024-01-30T00:00:00+00:00, run_after=2024-01-31T00:00:00+00:00
[2024-01-30T17:15:40.952+0000] {processor.py:183} INFO - Processing /opt/airflow/dags/everyday_dag.py took 0.279 seconds
[2024-01-30T17:16:11.415+0000] {processor.py:161} INFO - Started process (PID=734) to work on /opt/airflow/dags/everyday_dag.py
[2024-01-30T17:16:11.417+0000] {processor.py:830} INFO - Processing file /opt/airflow/dags/everyday_dag.py for tasks to queue
[2024-01-30T17:16:11.420+0000] {logging_mixin.py:188} INFO - [2024-01-30T17:16:11.419+0000] {dagbag.py:538} INFO - Filling up the DagBag from /opt/airflow/dags/everyday_dag.py
[2024-01-30T17:16:11.465+0000] {processor.py:840} INFO - DAG(s) 'everyday_dag' retrieved from /opt/airflow/dags/everyday_dag.py
[2024-01-30T17:16:11.542+0000] {logging_mixin.py:188} INFO - [2024-01-30T17:16:11.542+0000] {dag.py:3033} INFO - Sync 1 DAGs
[2024-01-30T17:16:11.631+0000] {logging_mixin.py:188} INFO - [2024-01-30T17:16:11.630+0000] {dag.py:3820} INFO - Setting next_dagrun for everyday_dag to 2024-01-30T00:00:00+00:00, run_after=2024-01-31T00:00:00+00:00
[2024-01-30T17:16:11.692+0000] {processor.py:183} INFO - Processing /opt/airflow/dags/everyday_dag.py took 0.284 seconds
[2024-01-30T17:16:42.458+0000] {processor.py:161} INFO - Started process (PID=759) to work on /opt/airflow/dags/everyday_dag.py
[2024-01-30T17:16:42.460+0000] {processor.py:830} INFO - Processing file /opt/airflow/dags/everyday_dag.py for tasks to queue
[2024-01-30T17:16:42.464+0000] {logging_mixin.py:188} INFO - [2024-01-30T17:16:42.463+0000] {dagbag.py:538} INFO - Filling up the DagBag from /opt/airflow/dags/everyday_dag.py
[2024-01-30T17:16:42.528+0000] {processor.py:840} INFO - DAG(s) 'everyday_dag' retrieved from /opt/airflow/dags/everyday_dag.py
[2024-01-30T17:16:42.632+0000] {logging_mixin.py:188} INFO - [2024-01-30T17:16:42.631+0000] {dag.py:3033} INFO - Sync 1 DAGs
[2024-01-30T17:16:42.723+0000] {logging_mixin.py:188} INFO - [2024-01-30T17:16:42.722+0000] {dag.py:3820} INFO - Setting next_dagrun for everyday_dag to 2024-01-30T00:00:00+00:00, run_after=2024-01-31T00:00:00+00:00
[2024-01-30T17:16:42.778+0000] {processor.py:183} INFO - Processing /opt/airflow/dags/everyday_dag.py took 0.332 seconds
[2024-01-30T17:17:13.368+0000] {processor.py:161} INFO - Started process (PID=797) to work on /opt/airflow/dags/everyday_dag.py
[2024-01-30T17:17:13.370+0000] {processor.py:830} INFO - Processing file /opt/airflow/dags/everyday_dag.py for tasks to queue
[2024-01-30T17:17:13.374+0000] {logging_mixin.py:188} INFO - [2024-01-30T17:17:13.372+0000] {dagbag.py:538} INFO - Filling up the DagBag from /opt/airflow/dags/everyday_dag.py
[2024-01-30T17:17:13.429+0000] {processor.py:840} INFO - DAG(s) 'everyday_dag' retrieved from /opt/airflow/dags/everyday_dag.py
[2024-01-30T17:17:13.514+0000] {logging_mixin.py:188} INFO - [2024-01-30T17:17:13.513+0000] {dag.py:3033} INFO - Sync 1 DAGs
[2024-01-30T17:17:13.609+0000] {logging_mixin.py:188} INFO - [2024-01-30T17:17:13.608+0000] {dag.py:3820} INFO - Setting next_dagrun for everyday_dag to 2024-01-30T00:00:00+00:00, run_after=2024-01-31T00:00:00+00:00
[2024-01-30T17:17:13.675+0000] {processor.py:183} INFO - Processing /opt/airflow/dags/everyday_dag.py took 0.317 seconds
[2024-01-30T17:17:44.349+0000] {processor.py:161} INFO - Started process (PID=832) to work on /opt/airflow/dags/everyday_dag.py
[2024-01-30T17:17:44.352+0000] {processor.py:830} INFO - Processing file /opt/airflow/dags/everyday_dag.py for tasks to queue
[2024-01-30T17:17:44.356+0000] {logging_mixin.py:188} INFO - [2024-01-30T17:17:44.355+0000] {dagbag.py:538} INFO - Filling up the DagBag from /opt/airflow/dags/everyday_dag.py
[2024-01-30T17:17:44.419+0000] {processor.py:840} INFO - DAG(s) 'everyday_dag' retrieved from /opt/airflow/dags/everyday_dag.py
[2024-01-30T17:17:44.526+0000] {logging_mixin.py:188} INFO - [2024-01-30T17:17:44.524+0000] {dag.py:3033} INFO - Sync 1 DAGs
[2024-01-30T17:17:44.638+0000] {logging_mixin.py:188} INFO - [2024-01-30T17:17:44.637+0000] {dag.py:3820} INFO - Setting next_dagrun for everyday_dag to 2024-01-30T00:00:00+00:00, run_after=2024-01-31T00:00:00+00:00
[2024-01-30T17:17:44.712+0000] {processor.py:183} INFO - Processing /opt/airflow/dags/everyday_dag.py took 0.375 seconds
[2024-01-30T17:18:14.877+0000] {processor.py:161} INFO - Started process (PID=860) to work on /opt/airflow/dags/everyday_dag.py
[2024-01-30T17:18:14.880+0000] {processor.py:830} INFO - Processing file /opt/airflow/dags/everyday_dag.py for tasks to queue
[2024-01-30T17:18:14.884+0000] {logging_mixin.py:188} INFO - [2024-01-30T17:18:14.882+0000] {dagbag.py:538} INFO - Filling up the DagBag from /opt/airflow/dags/everyday_dag.py
[2024-01-30T17:18:14.942+0000] {processor.py:840} INFO - DAG(s) 'everyday_dag' retrieved from /opt/airflow/dags/everyday_dag.py
[2024-01-30T17:18:15.043+0000] {logging_mixin.py:188} INFO - [2024-01-30T17:18:15.042+0000] {dag.py:3033} INFO - Sync 1 DAGs
[2024-01-30T17:18:15.146+0000] {logging_mixin.py:188} INFO - [2024-01-30T17:18:15.145+0000] {dag.py:3820} INFO - Setting next_dagrun for everyday_dag to 2024-01-30T00:00:00+00:00, run_after=2024-01-31T00:00:00+00:00
[2024-01-30T17:18:15.212+0000] {processor.py:183} INFO - Processing /opt/airflow/dags/everyday_dag.py took 0.346 seconds
[2024-01-30T17:18:45.860+0000] {processor.py:161} INFO - Started process (PID=895) to work on /opt/airflow/dags/everyday_dag.py
[2024-01-30T17:18:45.863+0000] {processor.py:830} INFO - Processing file /opt/airflow/dags/everyday_dag.py for tasks to queue
[2024-01-30T17:18:45.867+0000] {logging_mixin.py:188} INFO - [2024-01-30T17:18:45.865+0000] {dagbag.py:538} INFO - Filling up the DagBag from /opt/airflow/dags/everyday_dag.py
[2024-01-30T17:18:45.924+0000] {processor.py:840} INFO - DAG(s) 'everyday_dag' retrieved from /opt/airflow/dags/everyday_dag.py
[2024-01-30T17:18:46.030+0000] {logging_mixin.py:188} INFO - [2024-01-30T17:18:46.029+0000] {dag.py:3033} INFO - Sync 1 DAGs
[2024-01-30T17:18:46.156+0000] {logging_mixin.py:188} INFO - [2024-01-30T17:18:46.154+0000] {dag.py:3820} INFO - Setting next_dagrun for everyday_dag to 2024-01-30T00:00:00+00:00, run_after=2024-01-31T00:00:00+00:00
[2024-01-30T17:18:46.228+0000] {processor.py:183} INFO - Processing /opt/airflow/dags/everyday_dag.py took 0.385 seconds
[2024-01-30T17:19:16.337+0000] {processor.py:161} INFO - Started process (PID=923) to work on /opt/airflow/dags/everyday_dag.py
[2024-01-30T17:19:16.340+0000] {processor.py:830} INFO - Processing file /opt/airflow/dags/everyday_dag.py for tasks to queue
[2024-01-30T17:19:16.344+0000] {logging_mixin.py:188} INFO - [2024-01-30T17:19:16.342+0000] {dagbag.py:538} INFO - Filling up the DagBag from /opt/airflow/dags/everyday_dag.py
[2024-01-30T17:19:16.402+0000] {processor.py:840} INFO - DAG(s) 'everyday_dag' retrieved from /opt/airflow/dags/everyday_dag.py
[2024-01-30T17:19:16.507+0000] {logging_mixin.py:188} INFO - [2024-01-30T17:19:16.506+0000] {dag.py:3033} INFO - Sync 1 DAGs
[2024-01-30T17:19:16.614+0000] {logging_mixin.py:188} INFO - [2024-01-30T17:19:16.613+0000] {dag.py:3820} INFO - Setting next_dagrun for everyday_dag to 2024-01-30T00:00:00+00:00, run_after=2024-01-31T00:00:00+00:00
[2024-01-30T17:19:16.675+0000] {processor.py:183} INFO - Processing /opt/airflow/dags/everyday_dag.py took 0.348 seconds
[2024-01-30T17:19:47.264+0000] {processor.py:161} INFO - Started process (PID=991) to work on /opt/airflow/dags/everyday_dag.py
[2024-01-30T17:19:47.267+0000] {processor.py:830} INFO - Processing file /opt/airflow/dags/everyday_dag.py for tasks to queue
[2024-01-30T17:19:47.270+0000] {logging_mixin.py:188} INFO - [2024-01-30T17:19:47.269+0000] {dagbag.py:538} INFO - Filling up the DagBag from /opt/airflow/dags/everyday_dag.py
[2024-01-30T17:19:47.324+0000] {processor.py:840} INFO - DAG(s) 'everyday_dag' retrieved from /opt/airflow/dags/everyday_dag.py
[2024-01-30T17:19:47.355+0000] {logging_mixin.py:188} INFO - [2024-01-30T17:19:47.354+0000] {dag.py:3033} INFO - Sync 1 DAGs
[2024-01-30T17:19:47.451+0000] {logging_mixin.py:188} INFO - [2024-01-30T17:19:47.450+0000] {dag.py:3820} INFO - Setting next_dagrun for everyday_dag to 2024-01-30T00:00:00+00:00, run_after=2024-01-31T00:00:00+00:00
[2024-01-30T17:19:47.515+0000] {processor.py:183} INFO - Processing /opt/airflow/dags/everyday_dag.py took 0.259 seconds
[2024-01-30T17:20:18.213+0000] {processor.py:161} INFO - Started process (PID=1040) to work on /opt/airflow/dags/everyday_dag.py
[2024-01-30T17:20:18.216+0000] {processor.py:830} INFO - Processing file /opt/airflow/dags/everyday_dag.py for tasks to queue
[2024-01-30T17:20:18.220+0000] {logging_mixin.py:188} INFO - [2024-01-30T17:20:18.218+0000] {dagbag.py:538} INFO - Filling up the DagBag from /opt/airflow/dags/everyday_dag.py
[2024-01-30T17:20:18.274+0000] {processor.py:840} INFO - DAG(s) 'everyday_dag' retrieved from /opt/airflow/dags/everyday_dag.py
[2024-01-30T17:20:18.743+0000] {logging_mixin.py:188} INFO - [2024-01-30T17:20:18.742+0000] {dag.py:3033} INFO - Sync 1 DAGs
[2024-01-30T17:20:18.830+0000] {logging_mixin.py:188} INFO - [2024-01-30T17:20:18.829+0000] {dag.py:3820} INFO - Setting next_dagrun for everyday_dag to 2024-01-30T00:00:00+00:00, run_after=2024-01-31T00:00:00+00:00
[2024-01-30T17:20:18.897+0000] {processor.py:183} INFO - Processing /opt/airflow/dags/everyday_dag.py took 0.693 seconds
[2024-01-30T17:20:49.253+0000] {processor.py:161} INFO - Started process (PID=1084) to work on /opt/airflow/dags/everyday_dag.py
[2024-01-30T17:20:49.256+0000] {processor.py:830} INFO - Processing file /opt/airflow/dags/everyday_dag.py for tasks to queue
[2024-01-30T17:20:49.260+0000] {logging_mixin.py:188} INFO - [2024-01-30T17:20:49.259+0000] {dagbag.py:538} INFO - Filling up the DagBag from /opt/airflow/dags/everyday_dag.py
[2024-01-30T17:20:49.315+0000] {processor.py:840} INFO - DAG(s) 'everyday_dag' retrieved from /opt/airflow/dags/everyday_dag.py
[2024-01-30T17:20:49.432+0000] {logging_mixin.py:188} INFO - [2024-01-30T17:20:49.431+0000] {dag.py:3033} INFO - Sync 1 DAGs
[2024-01-30T17:20:49.526+0000] {logging_mixin.py:188} INFO - [2024-01-30T17:20:49.525+0000] {dag.py:3820} INFO - Setting next_dagrun for everyday_dag to 2024-01-30T00:00:00+00:00, run_after=2024-01-31T00:00:00+00:00
[2024-01-30T17:20:49.590+0000] {processor.py:183} INFO - Processing /opt/airflow/dags/everyday_dag.py took 0.347 seconds
[2024-01-30T17:21:19.723+0000] {processor.py:161} INFO - Started process (PID=1138) to work on /opt/airflow/dags/everyday_dag.py
[2024-01-30T17:21:19.726+0000] {processor.py:830} INFO - Processing file /opt/airflow/dags/everyday_dag.py for tasks to queue
[2024-01-30T17:21:19.730+0000] {logging_mixin.py:188} INFO - [2024-01-30T17:21:19.728+0000] {dagbag.py:538} INFO - Filling up the DagBag from /opt/airflow/dags/everyday_dag.py
[2024-01-30T17:21:19.786+0000] {processor.py:840} INFO - DAG(s) 'everyday_dag' retrieved from /opt/airflow/dags/everyday_dag.py
[2024-01-30T17:21:19.867+0000] {logging_mixin.py:188} INFO - [2024-01-30T17:21:19.867+0000] {dag.py:3033} INFO - Sync 1 DAGs
[2024-01-30T17:21:19.953+0000] {logging_mixin.py:188} INFO - [2024-01-30T17:21:19.952+0000] {dag.py:3820} INFO - Setting next_dagrun for everyday_dag to 2024-01-30T00:00:00+00:00, run_after=2024-01-31T00:00:00+00:00
[2024-01-30T17:21:20.008+0000] {processor.py:183} INFO - Processing /opt/airflow/dags/everyday_dag.py took 0.295 seconds
[2024-01-30T17:21:50.964+0000] {processor.py:161} INFO - Started process (PID=1182) to work on /opt/airflow/dags/everyday_dag.py
[2024-01-30T17:21:50.968+0000] {processor.py:830} INFO - Processing file /opt/airflow/dags/everyday_dag.py for tasks to queue
[2024-01-30T17:21:50.972+0000] {logging_mixin.py:188} INFO - [2024-01-30T17:21:50.970+0000] {dagbag.py:538} INFO - Filling up the DagBag from /opt/airflow/dags/everyday_dag.py
[2024-01-30T17:21:51.027+0000] {processor.py:840} INFO - DAG(s) 'everyday_dag' retrieved from /opt/airflow/dags/everyday_dag.py
[2024-01-30T17:21:51.122+0000] {logging_mixin.py:188} INFO - [2024-01-30T17:21:51.120+0000] {dag.py:3033} INFO - Sync 1 DAGs
[2024-01-30T17:21:51.219+0000] {logging_mixin.py:188} INFO - [2024-01-30T17:21:51.218+0000] {dag.py:3820} INFO - Setting next_dagrun for everyday_dag to 2024-01-30T00:00:00+00:00, run_after=2024-01-31T00:00:00+00:00
[2024-01-30T17:21:51.284+0000] {processor.py:183} INFO - Processing /opt/airflow/dags/everyday_dag.py took 0.329 seconds
[2024-01-30T17:22:21.758+0000] {processor.py:161} INFO - Started process (PID=1213) to work on /opt/airflow/dags/everyday_dag.py
[2024-01-30T17:22:21.761+0000] {processor.py:830} INFO - Processing file /opt/airflow/dags/everyday_dag.py for tasks to queue
[2024-01-30T17:22:21.764+0000] {logging_mixin.py:188} INFO - [2024-01-30T17:22:21.763+0000] {dagbag.py:538} INFO - Filling up the DagBag from /opt/airflow/dags/everyday_dag.py
[2024-01-30T17:22:21.816+0000] {processor.py:840} INFO - DAG(s) 'everyday_dag' retrieved from /opt/airflow/dags/everyday_dag.py
[2024-01-30T17:22:21.902+0000] {logging_mixin.py:188} INFO - [2024-01-30T17:22:21.901+0000] {dag.py:3033} INFO - Sync 1 DAGs
[2024-01-30T17:22:21.994+0000] {logging_mixin.py:188} INFO - [2024-01-30T17:22:21.993+0000] {dag.py:3820} INFO - Setting next_dagrun for everyday_dag to 2024-01-30T00:00:00+00:00, run_after=2024-01-31T00:00:00+00:00
[2024-01-30T17:22:22.053+0000] {processor.py:183} INFO - Processing /opt/airflow/dags/everyday_dag.py took 0.304 seconds
[2024-01-30T17:22:52.828+0000] {processor.py:161} INFO - Started process (PID=1257) to work on /opt/airflow/dags/everyday_dag.py
[2024-01-30T17:22:52.832+0000] {processor.py:830} INFO - Processing file /opt/airflow/dags/everyday_dag.py for tasks to queue
[2024-01-30T17:22:52.835+0000] {logging_mixin.py:188} INFO - [2024-01-30T17:22:52.834+0000] {dagbag.py:538} INFO - Filling up the DagBag from /opt/airflow/dags/everyday_dag.py
[2024-01-30T17:22:52.885+0000] {processor.py:840} INFO - DAG(s) 'everyday_dag' retrieved from /opt/airflow/dags/everyday_dag.py
[2024-01-30T17:22:52.975+0000] {logging_mixin.py:188} INFO - [2024-01-30T17:22:52.974+0000] {dag.py:3033} INFO - Sync 1 DAGs
[2024-01-30T17:22:53.066+0000] {logging_mixin.py:188} INFO - [2024-01-30T17:22:53.065+0000] {dag.py:3820} INFO - Setting next_dagrun for everyday_dag to 2024-01-30T00:00:00+00:00, run_after=2024-01-31T00:00:00+00:00
[2024-01-30T17:22:53.131+0000] {processor.py:183} INFO - Processing /opt/airflow/dags/everyday_dag.py took 0.311 seconds
[2024-01-30T17:23:23.824+0000] {processor.py:161} INFO - Started process (PID=1288) to work on /opt/airflow/dags/everyday_dag.py
[2024-01-30T17:23:23.827+0000] {processor.py:830} INFO - Processing file /opt/airflow/dags/everyday_dag.py for tasks to queue
[2024-01-30T17:23:23.830+0000] {logging_mixin.py:188} INFO - [2024-01-30T17:23:23.829+0000] {dagbag.py:538} INFO - Filling up the DagBag from /opt/airflow/dags/everyday_dag.py
[2024-01-30T17:23:23.878+0000] {processor.py:840} INFO - DAG(s) 'everyday_dag' retrieved from /opt/airflow/dags/everyday_dag.py
[2024-01-30T17:23:23.957+0000] {logging_mixin.py:188} INFO - [2024-01-30T17:23:23.956+0000] {dag.py:3033} INFO - Sync 1 DAGs
[2024-01-30T17:23:24.047+0000] {logging_mixin.py:188} INFO - [2024-01-30T17:23:24.046+0000] {dag.py:3820} INFO - Setting next_dagrun for everyday_dag to 2024-01-30T00:00:00+00:00, run_after=2024-01-31T00:00:00+00:00
[2024-01-30T17:23:24.107+0000] {processor.py:183} INFO - Processing /opt/airflow/dags/everyday_dag.py took 0.293 seconds
[2024-01-30T17:23:54.823+0000] {processor.py:161} INFO - Started process (PID=1332) to work on /opt/airflow/dags/everyday_dag.py
[2024-01-30T17:23:54.825+0000] {processor.py:830} INFO - Processing file /opt/airflow/dags/everyday_dag.py for tasks to queue
[2024-01-30T17:23:54.829+0000] {logging_mixin.py:188} INFO - [2024-01-30T17:23:54.828+0000] {dagbag.py:538} INFO - Filling up the DagBag from /opt/airflow/dags/everyday_dag.py
[2024-01-30T17:23:54.873+0000] {processor.py:840} INFO - DAG(s) 'everyday_dag' retrieved from /opt/airflow/dags/everyday_dag.py
[2024-01-30T17:23:54.952+0000] {logging_mixin.py:188} INFO - [2024-01-30T17:23:54.951+0000] {dag.py:3033} INFO - Sync 1 DAGs
[2024-01-30T17:23:55.040+0000] {logging_mixin.py:188} INFO - [2024-01-30T17:23:55.039+0000] {dag.py:3820} INFO - Setting next_dagrun for everyday_dag to 2024-01-30T00:00:00+00:00, run_after=2024-01-31T00:00:00+00:00
[2024-01-30T17:23:55.102+0000] {processor.py:183} INFO - Processing /opt/airflow/dags/everyday_dag.py took 0.287 seconds
[2024-01-30T17:24:25.858+0000] {processor.py:161} INFO - Started process (PID=1363) to work on /opt/airflow/dags/everyday_dag.py
[2024-01-30T17:24:25.861+0000] {processor.py:830} INFO - Processing file /opt/airflow/dags/everyday_dag.py for tasks to queue
[2024-01-30T17:24:25.866+0000] {logging_mixin.py:188} INFO - [2024-01-30T17:24:25.865+0000] {dagbag.py:538} INFO - Filling up the DagBag from /opt/airflow/dags/everyday_dag.py
[2024-01-30T17:24:25.924+0000] {processor.py:840} INFO - DAG(s) 'everyday_dag' retrieved from /opt/airflow/dags/everyday_dag.py
[2024-01-30T17:24:26.006+0000] {logging_mixin.py:188} INFO - [2024-01-30T17:24:26.005+0000] {dag.py:3033} INFO - Sync 1 DAGs
[2024-01-30T17:24:26.099+0000] {logging_mixin.py:188} INFO - [2024-01-30T17:24:26.098+0000] {dag.py:3820} INFO - Setting next_dagrun for everyday_dag to 2024-01-30T00:00:00+00:00, run_after=2024-01-31T00:00:00+00:00
[2024-01-30T17:24:26.157+0000] {processor.py:183} INFO - Processing /opt/airflow/dags/everyday_dag.py took 0.308 seconds
[2024-01-30T17:24:56.841+0000] {processor.py:161} INFO - Started process (PID=1407) to work on /opt/airflow/dags/everyday_dag.py
[2024-01-30T17:24:56.843+0000] {processor.py:830} INFO - Processing file /opt/airflow/dags/everyday_dag.py for tasks to queue
[2024-01-30T17:24:56.847+0000] {logging_mixin.py:188} INFO - [2024-01-30T17:24:56.846+0000] {dagbag.py:538} INFO - Filling up the DagBag from /opt/airflow/dags/everyday_dag.py
[2024-01-30T17:24:56.892+0000] {processor.py:840} INFO - DAG(s) 'everyday_dag' retrieved from /opt/airflow/dags/everyday_dag.py
[2024-01-30T17:24:56.968+0000] {logging_mixin.py:188} INFO - [2024-01-30T17:24:56.967+0000] {dag.py:3033} INFO - Sync 1 DAGs
[2024-01-30T17:24:57.062+0000] {logging_mixin.py:188} INFO - [2024-01-30T17:24:57.061+0000] {dag.py:3820} INFO - Setting next_dagrun for everyday_dag to 2024-01-30T00:00:00+00:00, run_after=2024-01-31T00:00:00+00:00
[2024-01-30T17:24:57.122+0000] {processor.py:183} INFO - Processing /opt/airflow/dags/everyday_dag.py took 0.289 seconds
[2024-01-30T17:25:27.997+0000] {processor.py:161} INFO - Started process (PID=1448) to work on /opt/airflow/dags/everyday_dag.py
[2024-01-30T17:25:28.000+0000] {processor.py:830} INFO - Processing file /opt/airflow/dags/everyday_dag.py for tasks to queue
[2024-01-30T17:25:28.004+0000] {logging_mixin.py:188} INFO - [2024-01-30T17:25:28.003+0000] {dagbag.py:538} INFO - Filling up the DagBag from /opt/airflow/dags/everyday_dag.py
[2024-01-30T17:25:28.058+0000] {processor.py:840} INFO - DAG(s) 'everyday_dag' retrieved from /opt/airflow/dags/everyday_dag.py
[2024-01-30T17:25:28.158+0000] {logging_mixin.py:188} INFO - [2024-01-30T17:25:28.157+0000] {dag.py:3033} INFO - Sync 1 DAGs
[2024-01-30T17:25:28.254+0000] {logging_mixin.py:188} INFO - [2024-01-30T17:25:28.253+0000] {dag.py:3820} INFO - Setting next_dagrun for everyday_dag to 2024-01-30T00:00:00+00:00, run_after=2024-01-31T00:00:00+00:00
[2024-01-30T17:25:28.332+0000] {processor.py:183} INFO - Processing /opt/airflow/dags/everyday_dag.py took 0.344 seconds
[2024-01-30T17:25:58.827+0000] {processor.py:161} INFO - Started process (PID=1482) to work on /opt/airflow/dags/everyday_dag.py
[2024-01-30T17:25:58.830+0000] {processor.py:830} INFO - Processing file /opt/airflow/dags/everyday_dag.py for tasks to queue
[2024-01-30T17:25:58.834+0000] {logging_mixin.py:188} INFO - [2024-01-30T17:25:58.833+0000] {dagbag.py:538} INFO - Filling up the DagBag from /opt/airflow/dags/everyday_dag.py
[2024-01-30T17:25:58.884+0000] {processor.py:840} INFO - DAG(s) 'everyday_dag' retrieved from /opt/airflow/dags/everyday_dag.py
[2024-01-30T17:25:58.969+0000] {logging_mixin.py:188} INFO - [2024-01-30T17:25:58.967+0000] {dag.py:3033} INFO - Sync 1 DAGs
[2024-01-30T17:25:59.059+0000] {logging_mixin.py:188} INFO - [2024-01-30T17:25:59.058+0000] {dag.py:3820} INFO - Setting next_dagrun for everyday_dag to 2024-01-30T00:00:00+00:00, run_after=2024-01-31T00:00:00+00:00
[2024-01-30T17:25:59.116+0000] {processor.py:183} INFO - Processing /opt/airflow/dags/everyday_dag.py took 0.297 seconds
[2024-01-30T17:26:30.128+0000] {processor.py:161} INFO - Started process (PID=1526) to work on /opt/airflow/dags/everyday_dag.py
[2024-01-30T17:26:30.131+0000] {processor.py:830} INFO - Processing file /opt/airflow/dags/everyday_dag.py for tasks to queue
[2024-01-30T17:26:30.134+0000] {logging_mixin.py:188} INFO - [2024-01-30T17:26:30.133+0000] {dagbag.py:538} INFO - Filling up the DagBag from /opt/airflow/dags/everyday_dag.py
[2024-01-30T17:26:30.180+0000] {processor.py:840} INFO - DAG(s) 'everyday_dag' retrieved from /opt/airflow/dags/everyday_dag.py
[2024-01-30T17:26:30.260+0000] {logging_mixin.py:188} INFO - [2024-01-30T17:26:30.259+0000] {dag.py:3033} INFO - Sync 1 DAGs
[2024-01-30T17:26:30.352+0000] {logging_mixin.py:188} INFO - [2024-01-30T17:26:30.351+0000] {dag.py:3820} INFO - Setting next_dagrun for everyday_dag to 2024-01-30T00:00:00+00:00, run_after=2024-01-31T00:00:00+00:00
[2024-01-30T17:26:30.425+0000] {processor.py:183} INFO - Processing /opt/airflow/dags/everyday_dag.py took 0.305 seconds
[2024-01-30T17:27:00.912+0000] {processor.py:161} INFO - Started process (PID=1557) to work on /opt/airflow/dags/everyday_dag.py
[2024-01-30T17:27:00.914+0000] {processor.py:830} INFO - Processing file /opt/airflow/dags/everyday_dag.py for tasks to queue
[2024-01-30T17:27:00.917+0000] {logging_mixin.py:188} INFO - [2024-01-30T17:27:00.916+0000] {dagbag.py:538} INFO - Filling up the DagBag from /opt/airflow/dags/everyday_dag.py
[2024-01-30T17:27:00.960+0000] {processor.py:840} INFO - DAG(s) 'everyday_dag' retrieved from /opt/airflow/dags/everyday_dag.py
[2024-01-30T17:27:01.034+0000] {logging_mixin.py:188} INFO - [2024-01-30T17:27:01.033+0000] {dag.py:3033} INFO - Sync 1 DAGs
[2024-01-30T17:27:01.125+0000] {logging_mixin.py:188} INFO - [2024-01-30T17:27:01.124+0000] {dag.py:3820} INFO - Setting next_dagrun for everyday_dag to 2024-01-30T00:00:00+00:00, run_after=2024-01-31T00:00:00+00:00
[2024-01-30T17:27:01.181+0000] {processor.py:183} INFO - Processing /opt/airflow/dags/everyday_dag.py took 0.276 seconds
[2024-01-30T17:27:31.809+0000] {processor.py:161} INFO - Started process (PID=1601) to work on /opt/airflow/dags/everyday_dag.py
[2024-01-30T17:27:31.813+0000] {processor.py:830} INFO - Processing file /opt/airflow/dags/everyday_dag.py for tasks to queue
[2024-01-30T17:27:31.817+0000] {logging_mixin.py:188} INFO - [2024-01-30T17:27:31.816+0000] {dagbag.py:538} INFO - Filling up the DagBag from /opt/airflow/dags/everyday_dag.py
[2024-01-30T17:27:31.871+0000] {processor.py:840} INFO - DAG(s) 'everyday_dag' retrieved from /opt/airflow/dags/everyday_dag.py
[2024-01-30T17:27:31.959+0000] {logging_mixin.py:188} INFO - [2024-01-30T17:27:31.958+0000] {dag.py:3033} INFO - Sync 1 DAGs
[2024-01-30T17:27:32.062+0000] {logging_mixin.py:188} INFO - [2024-01-30T17:27:32.061+0000] {dag.py:3820} INFO - Setting next_dagrun for everyday_dag to 2024-01-30T00:00:00+00:00, run_after=2024-01-31T00:00:00+00:00
[2024-01-30T17:27:32.130+0000] {processor.py:183} INFO - Processing /opt/airflow/dags/everyday_dag.py took 0.331 seconds
[2024-01-30T17:28:02.994+0000] {processor.py:161} INFO - Started process (PID=1632) to work on /opt/airflow/dags/everyday_dag.py
[2024-01-30T17:28:02.997+0000] {processor.py:830} INFO - Processing file /opt/airflow/dags/everyday_dag.py for tasks to queue
[2024-01-30T17:28:03.001+0000] {logging_mixin.py:188} INFO - [2024-01-30T17:28:03.000+0000] {dagbag.py:538} INFO - Filling up the DagBag from /opt/airflow/dags/everyday_dag.py
[2024-01-30T17:28:03.066+0000] {processor.py:840} INFO - DAG(s) 'everyday_dag' retrieved from /opt/airflow/dags/everyday_dag.py
[2024-01-30T17:28:03.156+0000] {logging_mixin.py:188} INFO - [2024-01-30T17:28:03.155+0000] {dag.py:3033} INFO - Sync 1 DAGs
[2024-01-30T17:28:03.250+0000] {logging_mixin.py:188} INFO - [2024-01-30T17:28:03.249+0000] {dag.py:3820} INFO - Setting next_dagrun for everyday_dag to 2024-01-30T00:00:00+00:00, run_after=2024-01-31T00:00:00+00:00
[2024-01-30T17:28:03.316+0000] {processor.py:183} INFO - Processing /opt/airflow/dags/everyday_dag.py took 0.332 seconds
[2024-01-30T17:28:33.840+0000] {processor.py:161} INFO - Started process (PID=1676) to work on /opt/airflow/dags/everyday_dag.py
[2024-01-30T17:28:33.844+0000] {processor.py:830} INFO - Processing file /opt/airflow/dags/everyday_dag.py for tasks to queue
[2024-01-30T17:28:33.849+0000] {logging_mixin.py:188} INFO - [2024-01-30T17:28:33.847+0000] {dagbag.py:538} INFO - Filling up the DagBag from /opt/airflow/dags/everyday_dag.py
[2024-01-30T17:28:33.930+0000] {processor.py:840} INFO - DAG(s) 'everyday_dag' retrieved from /opt/airflow/dags/everyday_dag.py
[2024-01-30T17:28:34.057+0000] {logging_mixin.py:188} INFO - [2024-01-30T17:28:34.056+0000] {dag.py:3033} INFO - Sync 1 DAGs
[2024-01-30T17:28:34.172+0000] {logging_mixin.py:188} INFO - [2024-01-30T17:28:34.171+0000] {dag.py:3820} INFO - Setting next_dagrun for everyday_dag to 2024-01-30T00:00:00+00:00, run_after=2024-01-31T00:00:00+00:00
[2024-01-30T17:28:34.250+0000] {processor.py:183} INFO - Processing /opt/airflow/dags/everyday_dag.py took 0.421 seconds
[2024-01-30T17:29:04.849+0000] {processor.py:161} INFO - Started process (PID=1719) to work on /opt/airflow/dags/everyday_dag.py
[2024-01-30T17:29:04.851+0000] {processor.py:830} INFO - Processing file /opt/airflow/dags/everyday_dag.py for tasks to queue
[2024-01-30T17:29:04.855+0000] {logging_mixin.py:188} INFO - [2024-01-30T17:29:04.854+0000] {dagbag.py:538} INFO - Filling up the DagBag from /opt/airflow/dags/everyday_dag.py
[2024-01-30T17:29:04.904+0000] {processor.py:840} INFO - DAG(s) 'everyday_dag' retrieved from /opt/airflow/dags/everyday_dag.py
[2024-01-30T17:29:04.986+0000] {logging_mixin.py:188} INFO - [2024-01-30T17:29:04.985+0000] {dag.py:3033} INFO - Sync 1 DAGs
[2024-01-30T17:29:05.083+0000] {logging_mixin.py:188} INFO - [2024-01-30T17:29:05.082+0000] {dag.py:3820} INFO - Setting next_dagrun for everyday_dag to 2024-01-30T00:00:00+00:00, run_after=2024-01-31T00:00:00+00:00
[2024-01-30T17:29:05.149+0000] {processor.py:183} INFO - Processing /opt/airflow/dags/everyday_dag.py took 0.309 seconds
[2024-01-30T17:29:35.584+0000] {processor.py:161} INFO - Started process (PID=1803) to work on /opt/airflow/dags/everyday_dag.py
[2024-01-30T17:29:35.587+0000] {processor.py:830} INFO - Processing file /opt/airflow/dags/everyday_dag.py for tasks to queue
[2024-01-30T17:29:35.591+0000] {logging_mixin.py:188} INFO - [2024-01-30T17:29:35.590+0000] {dagbag.py:538} INFO - Filling up the DagBag from /opt/airflow/dags/everyday_dag.py
[2024-01-30T17:29:35.643+0000] {processor.py:840} INFO - DAG(s) 'everyday_dag' retrieved from /opt/airflow/dags/everyday_dag.py
[2024-01-30T17:29:35.746+0000] {logging_mixin.py:188} INFO - [2024-01-30T17:29:35.744+0000] {dag.py:3033} INFO - Sync 1 DAGs
[2024-01-30T17:29:35.854+0000] {logging_mixin.py:188} INFO - [2024-01-30T17:29:35.853+0000] {dag.py:3820} INFO - Setting next_dagrun for everyday_dag to 2024-01-30T00:00:00+00:00, run_after=2024-01-31T00:00:00+00:00
[2024-01-30T17:29:35.924+0000] {processor.py:183} INFO - Processing /opt/airflow/dags/everyday_dag.py took 0.349 seconds
[2024-01-30T17:30:06.836+0000] {processor.py:161} INFO - Started process (PID=1872) to work on /opt/airflow/dags/everyday_dag.py
[2024-01-30T17:30:06.839+0000] {processor.py:830} INFO - Processing file /opt/airflow/dags/everyday_dag.py for tasks to queue
[2024-01-30T17:30:06.842+0000] {logging_mixin.py:188} INFO - [2024-01-30T17:30:06.841+0000] {dagbag.py:538} INFO - Filling up the DagBag from /opt/airflow/dags/everyday_dag.py
[2024-01-30T17:30:06.889+0000] {processor.py:840} INFO - DAG(s) 'everyday_dag' retrieved from /opt/airflow/dags/everyday_dag.py
[2024-01-30T17:30:06.969+0000] {logging_mixin.py:188} INFO - [2024-01-30T17:30:06.968+0000] {dag.py:3033} INFO - Sync 1 DAGs
[2024-01-30T17:30:07.065+0000] {logging_mixin.py:188} INFO - [2024-01-30T17:30:07.064+0000] {dag.py:3820} INFO - Setting next_dagrun for everyday_dag to 2024-01-30T00:00:00+00:00, run_after=2024-01-31T00:00:00+00:00
[2024-01-30T17:30:07.127+0000] {processor.py:183} INFO - Processing /opt/airflow/dags/everyday_dag.py took 0.301 seconds
[2024-01-30T17:30:37.939+0000] {processor.py:161} INFO - Started process (PID=1922) to work on /opt/airflow/dags/everyday_dag.py
[2024-01-30T17:30:37.941+0000] {processor.py:830} INFO - Processing file /opt/airflow/dags/everyday_dag.py for tasks to queue
[2024-01-30T17:30:37.945+0000] {logging_mixin.py:188} INFO - [2024-01-30T17:30:37.943+0000] {dagbag.py:538} INFO - Filling up the DagBag from /opt/airflow/dags/everyday_dag.py
[2024-01-30T17:30:37.997+0000] {processor.py:840} INFO - DAG(s) 'everyday_dag' retrieved from /opt/airflow/dags/everyday_dag.py
[2024-01-30T17:30:38.097+0000] {logging_mixin.py:188} INFO - [2024-01-30T17:30:38.095+0000] {dag.py:3033} INFO - Sync 1 DAGs
[2024-01-30T17:30:38.195+0000] {logging_mixin.py:188} INFO - [2024-01-30T17:30:38.194+0000] {dag.py:3820} INFO - Setting next_dagrun for everyday_dag to 2024-01-30T00:00:00+00:00, run_after=2024-01-31T00:00:00+00:00
[2024-01-30T17:30:38.263+0000] {processor.py:183} INFO - Processing /opt/airflow/dags/everyday_dag.py took 0.333 seconds
[2024-01-30T17:31:08.597+0000] {processor.py:161} INFO - Started process (PID=1991) to work on /opt/airflow/dags/everyday_dag.py
[2024-01-30T17:31:08.599+0000] {processor.py:830} INFO - Processing file /opt/airflow/dags/everyday_dag.py for tasks to queue
[2024-01-30T17:31:08.603+0000] {logging_mixin.py:188} INFO - [2024-01-30T17:31:08.602+0000] {dagbag.py:538} INFO - Filling up the DagBag from /opt/airflow/dags/everyday_dag.py
[2024-01-30T17:31:08.658+0000] {processor.py:840} INFO - DAG(s) 'everyday_dag' retrieved from /opt/airflow/dags/everyday_dag.py
[2024-01-30T17:31:08.753+0000] {logging_mixin.py:188} INFO - [2024-01-30T17:31:08.752+0000] {dag.py:3033} INFO - Sync 1 DAGs
[2024-01-30T17:31:08.863+0000] {logging_mixin.py:188} INFO - [2024-01-30T17:31:08.862+0000] {dag.py:3820} INFO - Setting next_dagrun for everyday_dag to 2024-01-30T00:00:00+00:00, run_after=2024-01-31T00:00:00+00:00
[2024-01-30T17:31:08.934+0000] {processor.py:183} INFO - Processing /opt/airflow/dags/everyday_dag.py took 0.347 seconds
[2024-01-30T17:31:39.190+0000] {processor.py:161} INFO - Started process (PID=2045) to work on /opt/airflow/dags/everyday_dag.py
[2024-01-30T17:31:39.195+0000] {processor.py:830} INFO - Processing file /opt/airflow/dags/everyday_dag.py for tasks to queue
[2024-01-30T17:31:39.201+0000] {logging_mixin.py:188} INFO - [2024-01-30T17:31:39.200+0000] {dagbag.py:538} INFO - Filling up the DagBag from /opt/airflow/dags/everyday_dag.py
[2024-01-30T17:31:39.276+0000] {processor.py:840} INFO - DAG(s) 'everyday_dag' retrieved from /opt/airflow/dags/everyday_dag.py
[2024-01-30T17:31:39.397+0000] {logging_mixin.py:188} INFO - [2024-01-30T17:31:39.396+0000] {dag.py:3033} INFO - Sync 1 DAGs
[2024-01-30T17:31:39.510+0000] {logging_mixin.py:188} INFO - [2024-01-30T17:31:39.508+0000] {dag.py:3820} INFO - Setting next_dagrun for everyday_dag to 2024-01-30T00:00:00+00:00, run_after=2024-01-31T00:00:00+00:00
[2024-01-30T17:31:39.609+0000] {processor.py:183} INFO - Processing /opt/airflow/dags/everyday_dag.py took 0.432 seconds
[2024-01-30T17:32:10.154+0000] {processor.py:161} INFO - Started process (PID=2092) to work on /opt/airflow/dags/everyday_dag.py
[2024-01-30T17:32:10.157+0000] {processor.py:830} INFO - Processing file /opt/airflow/dags/everyday_dag.py for tasks to queue
[2024-01-30T17:32:10.162+0000] {logging_mixin.py:188} INFO - [2024-01-30T17:32:10.160+0000] {dagbag.py:538} INFO - Filling up the DagBag from /opt/airflow/dags/everyday_dag.py
[2024-01-30T17:32:10.214+0000] {processor.py:840} INFO - DAG(s) 'everyday_dag' retrieved from /opt/airflow/dags/everyday_dag.py
[2024-01-30T17:32:10.301+0000] {logging_mixin.py:188} INFO - [2024-01-30T17:32:10.300+0000] {dag.py:3033} INFO - Sync 1 DAGs
[2024-01-30T17:32:10.398+0000] {logging_mixin.py:188} INFO - [2024-01-30T17:32:10.397+0000] {dag.py:3820} INFO - Setting next_dagrun for everyday_dag to 2024-01-30T00:00:00+00:00, run_after=2024-01-31T00:00:00+00:00
[2024-01-30T17:32:10.461+0000] {processor.py:183} INFO - Processing /opt/airflow/dags/everyday_dag.py took 0.317 seconds
[2024-01-30T17:32:40.656+0000] {processor.py:161} INFO - Started process (PID=2132) to work on /opt/airflow/dags/everyday_dag.py
[2024-01-30T17:32:40.659+0000] {processor.py:830} INFO - Processing file /opt/airflow/dags/everyday_dag.py for tasks to queue
[2024-01-30T17:32:40.663+0000] {logging_mixin.py:188} INFO - [2024-01-30T17:32:40.662+0000] {dagbag.py:538} INFO - Filling up the DagBag from /opt/airflow/dags/everyday_dag.py
[2024-01-30T17:32:40.724+0000] {processor.py:840} INFO - DAG(s) 'everyday_dag' retrieved from /opt/airflow/dags/everyday_dag.py
[2024-01-30T17:32:40.816+0000] {logging_mixin.py:188} INFO - [2024-01-30T17:32:40.815+0000] {dag.py:3033} INFO - Sync 1 DAGs
[2024-01-30T17:32:40.918+0000] {logging_mixin.py:188} INFO - [2024-01-30T17:32:40.917+0000] {dag.py:3820} INFO - Setting next_dagrun for everyday_dag to 2024-01-30T00:00:00+00:00, run_after=2024-01-31T00:00:00+00:00
[2024-01-30T17:32:40.993+0000] {processor.py:183} INFO - Processing /opt/airflow/dags/everyday_dag.py took 0.348 seconds
[2024-01-30T17:33:11.132+0000] {processor.py:161} INFO - Started process (PID=2182) to work on /opt/airflow/dags/everyday_dag.py
[2024-01-30T17:33:11.135+0000] {processor.py:830} INFO - Processing file /opt/airflow/dags/everyday_dag.py for tasks to queue
[2024-01-30T17:33:11.138+0000] {logging_mixin.py:188} INFO - [2024-01-30T17:33:11.137+0000] {dagbag.py:538} INFO - Filling up the DagBag from /opt/airflow/dags/everyday_dag.py
[2024-01-30T17:33:11.181+0000] {processor.py:840} INFO - DAG(s) 'everyday_dag' retrieved from /opt/airflow/dags/everyday_dag.py
[2024-01-30T17:33:11.256+0000] {logging_mixin.py:188} INFO - [2024-01-30T17:33:11.255+0000] {dag.py:3033} INFO - Sync 1 DAGs
[2024-01-30T17:33:11.352+0000] {logging_mixin.py:188} INFO - [2024-01-30T17:33:11.352+0000] {dag.py:3820} INFO - Setting next_dagrun for everyday_dag to 2024-01-30T00:00:00+00:00, run_after=2024-01-31T00:00:00+00:00
[2024-01-30T17:33:11.411+0000] {processor.py:183} INFO - Processing /opt/airflow/dags/everyday_dag.py took 0.286 seconds
[2024-01-30T17:33:41.550+0000] {processor.py:161} INFO - Started process (PID=2219) to work on /opt/airflow/dags/everyday_dag.py
[2024-01-30T17:33:41.553+0000] {processor.py:830} INFO - Processing file /opt/airflow/dags/everyday_dag.py for tasks to queue
[2024-01-30T17:33:41.556+0000] {logging_mixin.py:188} INFO - [2024-01-30T17:33:41.555+0000] {dagbag.py:538} INFO - Filling up the DagBag from /opt/airflow/dags/everyday_dag.py
[2024-01-30T17:33:41.601+0000] {processor.py:840} INFO - DAG(s) 'everyday_dag' retrieved from /opt/airflow/dags/everyday_dag.py
[2024-01-30T17:33:41.672+0000] {logging_mixin.py:188} INFO - [2024-01-30T17:33:41.671+0000] {dag.py:3033} INFO - Sync 1 DAGs
[2024-01-30T17:33:41.768+0000] {logging_mixin.py:188} INFO - [2024-01-30T17:33:41.767+0000] {dag.py:3820} INFO - Setting next_dagrun for everyday_dag to 2024-01-30T00:00:00+00:00, run_after=2024-01-31T00:00:00+00:00
[2024-01-30T17:33:41.827+0000] {processor.py:183} INFO - Processing /opt/airflow/dags/everyday_dag.py took 0.287 seconds
[2024-01-30T17:34:12.149+0000] {processor.py:161} INFO - Started process (PID=2269) to work on /opt/airflow/dags/everyday_dag.py
[2024-01-30T17:34:12.151+0000] {processor.py:830} INFO - Processing file /opt/airflow/dags/everyday_dag.py for tasks to queue
[2024-01-30T17:34:12.155+0000] {logging_mixin.py:188} INFO - [2024-01-30T17:34:12.154+0000] {dagbag.py:538} INFO - Filling up the DagBag from /opt/airflow/dags/everyday_dag.py
[2024-01-30T17:34:12.210+0000] {processor.py:840} INFO - DAG(s) 'everyday_dag' retrieved from /opt/airflow/dags/everyday_dag.py
[2024-01-30T17:34:12.298+0000] {logging_mixin.py:188} INFO - [2024-01-30T17:34:12.297+0000] {dag.py:3033} INFO - Sync 1 DAGs
[2024-01-30T17:34:12.394+0000] {logging_mixin.py:188} INFO - [2024-01-30T17:34:12.393+0000] {dag.py:3820} INFO - Setting next_dagrun for everyday_dag to 2024-01-30T00:00:00+00:00, run_after=2024-01-31T00:00:00+00:00
[2024-01-30T17:34:12.458+0000] {processor.py:183} INFO - Processing /opt/airflow/dags/everyday_dag.py took 0.317 seconds
[2024-01-30T17:34:42.637+0000] {processor.py:161} INFO - Started process (PID=2306) to work on /opt/airflow/dags/everyday_dag.py
[2024-01-30T17:34:42.640+0000] {processor.py:830} INFO - Processing file /opt/airflow/dags/everyday_dag.py for tasks to queue
[2024-01-30T17:34:42.644+0000] {logging_mixin.py:188} INFO - [2024-01-30T17:34:42.642+0000] {dagbag.py:538} INFO - Filling up the DagBag from /opt/airflow/dags/everyday_dag.py
[2024-01-30T17:34:42.705+0000] {processor.py:840} INFO - DAG(s) 'everyday_dag' retrieved from /opt/airflow/dags/everyday_dag.py
[2024-01-30T17:34:42.798+0000] {logging_mixin.py:188} INFO - [2024-01-30T17:34:42.797+0000] {dag.py:3033} INFO - Sync 1 DAGs
[2024-01-30T17:34:42.896+0000] {logging_mixin.py:188} INFO - [2024-01-30T17:34:42.895+0000] {dag.py:3820} INFO - Setting next_dagrun for everyday_dag to 2024-01-30T00:00:00+00:00, run_after=2024-01-31T00:00:00+00:00
[2024-01-30T17:34:42.961+0000] {processor.py:183} INFO - Processing /opt/airflow/dags/everyday_dag.py took 0.333 seconds
[2024-01-30T17:35:13.267+0000] {processor.py:161} INFO - Started process (PID=2356) to work on /opt/airflow/dags/everyday_dag.py
[2024-01-30T17:35:13.269+0000] {processor.py:830} INFO - Processing file /opt/airflow/dags/everyday_dag.py for tasks to queue
[2024-01-30T17:35:13.273+0000] {logging_mixin.py:188} INFO - [2024-01-30T17:35:13.272+0000] {dagbag.py:538} INFO - Filling up the DagBag from /opt/airflow/dags/everyday_dag.py
[2024-01-30T17:35:13.322+0000] {processor.py:840} INFO - DAG(s) 'everyday_dag' retrieved from /opt/airflow/dags/everyday_dag.py
[2024-01-30T17:35:13.410+0000] {logging_mixin.py:188} INFO - [2024-01-30T17:35:13.409+0000] {dag.py:3033} INFO - Sync 1 DAGs
[2024-01-30T17:35:13.507+0000] {logging_mixin.py:188} INFO - [2024-01-30T17:35:13.506+0000] {dag.py:3820} INFO - Setting next_dagrun for everyday_dag to 2024-01-30T00:00:00+00:00, run_after=2024-01-31T00:00:00+00:00
[2024-01-30T17:35:13.567+0000] {processor.py:183} INFO - Processing /opt/airflow/dags/everyday_dag.py took 0.309 seconds
[2024-01-30T17:35:43.706+0000] {processor.py:161} INFO - Started process (PID=2393) to work on /opt/airflow/dags/everyday_dag.py
[2024-01-30T17:35:43.708+0000] {processor.py:830} INFO - Processing file /opt/airflow/dags/everyday_dag.py for tasks to queue
[2024-01-30T17:35:43.711+0000] {logging_mixin.py:188} INFO - [2024-01-30T17:35:43.710+0000] {dagbag.py:538} INFO - Filling up the DagBag from /opt/airflow/dags/everyday_dag.py
[2024-01-30T17:35:43.754+0000] {processor.py:840} INFO - DAG(s) 'everyday_dag' retrieved from /opt/airflow/dags/everyday_dag.py
[2024-01-30T17:35:43.831+0000] {logging_mixin.py:188} INFO - [2024-01-30T17:35:43.830+0000] {dag.py:3033} INFO - Sync 1 DAGs
[2024-01-30T17:35:43.923+0000] {logging_mixin.py:188} INFO - [2024-01-30T17:35:43.922+0000] {dag.py:3820} INFO - Setting next_dagrun for everyday_dag to 2024-01-30T00:00:00+00:00, run_after=2024-01-31T00:00:00+00:00
[2024-01-30T17:35:43.986+0000] {processor.py:183} INFO - Processing /opt/airflow/dags/everyday_dag.py took 0.287 seconds
[2024-01-30T17:36:14.167+0000] {processor.py:161} INFO - Started process (PID=2443) to work on /opt/airflow/dags/everyday_dag.py
[2024-01-30T17:36:14.169+0000] {processor.py:830} INFO - Processing file /opt/airflow/dags/everyday_dag.py for tasks to queue
[2024-01-30T17:36:14.171+0000] {logging_mixin.py:188} INFO - [2024-01-30T17:36:14.171+0000] {dagbag.py:538} INFO - Filling up the DagBag from /opt/airflow/dags/everyday_dag.py
[2024-01-30T17:36:14.215+0000] {processor.py:840} INFO - DAG(s) 'everyday_dag' retrieved from /opt/airflow/dags/everyday_dag.py
[2024-01-30T17:36:14.301+0000] {logging_mixin.py:188} INFO - [2024-01-30T17:36:14.298+0000] {dag.py:3033} INFO - Sync 1 DAGs
[2024-01-30T17:36:14.394+0000] {logging_mixin.py:188} INFO - [2024-01-30T17:36:14.393+0000] {dag.py:3820} INFO - Setting next_dagrun for everyday_dag to 2024-01-30T00:00:00+00:00, run_after=2024-01-31T00:00:00+00:00
[2024-01-30T17:36:14.456+0000] {processor.py:183} INFO - Processing /opt/airflow/dags/everyday_dag.py took 0.296 seconds
[2024-01-30T17:36:44.722+0000] {processor.py:161} INFO - Started process (PID=2480) to work on /opt/airflow/dags/everyday_dag.py
[2024-01-30T17:36:44.725+0000] {processor.py:830} INFO - Processing file /opt/airflow/dags/everyday_dag.py for tasks to queue
[2024-01-30T17:36:44.728+0000] {logging_mixin.py:188} INFO - [2024-01-30T17:36:44.727+0000] {dagbag.py:538} INFO - Filling up the DagBag from /opt/airflow/dags/everyday_dag.py
[2024-01-30T17:36:44.786+0000] {processor.py:840} INFO - DAG(s) 'everyday_dag' retrieved from /opt/airflow/dags/everyday_dag.py
[2024-01-30T17:36:44.874+0000] {logging_mixin.py:188} INFO - [2024-01-30T17:36:44.873+0000] {dag.py:3033} INFO - Sync 1 DAGs
[2024-01-30T17:36:44.974+0000] {logging_mixin.py:188} INFO - [2024-01-30T17:36:44.973+0000] {dag.py:3820} INFO - Setting next_dagrun for everyday_dag to 2024-01-30T00:00:00+00:00, run_after=2024-01-31T00:00:00+00:00
[2024-01-30T17:36:45.046+0000] {processor.py:183} INFO - Processing /opt/airflow/dags/everyday_dag.py took 0.334 seconds
[2024-01-30T17:37:15.742+0000] {processor.py:161} INFO - Started process (PID=2613) to work on /opt/airflow/dags/everyday_dag.py
[2024-01-30T17:37:15.745+0000] {processor.py:830} INFO - Processing file /opt/airflow/dags/everyday_dag.py for tasks to queue
[2024-01-30T17:37:15.766+0000] {logging_mixin.py:188} INFO - [2024-01-30T17:37:15.749+0000] {dagbag.py:538} INFO - Filling up the DagBag from /opt/airflow/dags/everyday_dag.py
[2024-01-30T17:37:15.982+0000] {processor.py:840} INFO - DAG(s) 'everyday_dag' retrieved from /opt/airflow/dags/everyday_dag.py
[2024-01-30T17:37:16.216+0000] {logging_mixin.py:188} INFO - [2024-01-30T17:37:16.212+0000] {dag.py:3033} INFO - Sync 1 DAGs
[2024-01-30T17:37:16.705+0000] {logging_mixin.py:188} INFO - [2024-01-30T17:37:16.702+0000] {dag.py:3820} INFO - Setting next_dagrun for everyday_dag to 2024-01-30T00:00:00+00:00, run_after=2024-01-31T00:00:00+00:00
[2024-01-30T17:37:17.047+0000] {processor.py:183} INFO - Processing /opt/airflow/dags/everyday_dag.py took 1.329 seconds
[2024-01-30T17:37:47.893+0000] {processor.py:161} INFO - Started process (PID=2722) to work on /opt/airflow/dags/everyday_dag.py
[2024-01-30T17:37:47.904+0000] {processor.py:830} INFO - Processing file /opt/airflow/dags/everyday_dag.py for tasks to queue
[2024-01-30T17:37:47.908+0000] {logging_mixin.py:188} INFO - [2024-01-30T17:37:47.907+0000] {dagbag.py:538} INFO - Filling up the DagBag from /opt/airflow/dags/everyday_dag.py
[2024-01-30T17:37:48.067+0000] {processor.py:840} INFO - DAG(s) 'everyday_dag' retrieved from /opt/airflow/dags/everyday_dag.py
[2024-01-30T17:37:48.254+0000] {logging_mixin.py:188} INFO - [2024-01-30T17:37:48.252+0000] {dag.py:3033} INFO - Sync 1 DAGs
[2024-01-30T17:37:48.380+0000] {logging_mixin.py:188} INFO - [2024-01-30T17:37:48.378+0000] {dag.py:3820} INFO - Setting next_dagrun for everyday_dag to 2024-01-30T00:00:00+00:00, run_after=2024-01-31T00:00:00+00:00
[2024-01-30T17:37:48.533+0000] {processor.py:183} INFO - Processing /opt/airflow/dags/everyday_dag.py took 0.657 seconds
[2024-01-30T17:38:19.208+0000] {processor.py:161} INFO - Started process (PID=2834) to work on /opt/airflow/dags/everyday_dag.py
[2024-01-30T17:38:19.213+0000] {processor.py:830} INFO - Processing file /opt/airflow/dags/everyday_dag.py for tasks to queue
[2024-01-30T17:38:19.218+0000] {logging_mixin.py:188} INFO - [2024-01-30T17:38:19.216+0000] {dagbag.py:538} INFO - Filling up the DagBag from /opt/airflow/dags/everyday_dag.py
[2024-01-30T17:38:19.306+0000] {processor.py:840} INFO - DAG(s) 'everyday_dag' retrieved from /opt/airflow/dags/everyday_dag.py
[2024-01-30T17:38:19.418+0000] {logging_mixin.py:188} INFO - [2024-01-30T17:38:19.417+0000] {dag.py:3033} INFO - Sync 1 DAGs
[2024-01-30T17:38:19.555+0000] {logging_mixin.py:188} INFO - [2024-01-30T17:38:19.554+0000] {dag.py:3820} INFO - Setting next_dagrun for everyday_dag to 2024-01-30T00:00:00+00:00, run_after=2024-01-31T00:00:00+00:00
[2024-01-30T17:38:19.673+0000] {processor.py:183} INFO - Processing /opt/airflow/dags/everyday_dag.py took 0.482 seconds
[2024-01-30T17:38:50.433+0000] {processor.py:161} INFO - Started process (PID=2964) to work on /opt/airflow/dags/everyday_dag.py
[2024-01-30T17:38:50.465+0000] {processor.py:830} INFO - Processing file /opt/airflow/dags/everyday_dag.py for tasks to queue
[2024-01-30T17:38:50.478+0000] {logging_mixin.py:188} INFO - [2024-01-30T17:38:50.477+0000] {dagbag.py:538} INFO - Filling up the DagBag from /opt/airflow/dags/everyday_dag.py
[2024-01-30T17:38:50.605+0000] {processor.py:840} INFO - DAG(s) 'everyday_dag' retrieved from /opt/airflow/dags/everyday_dag.py
[2024-01-30T17:38:50.901+0000] {logging_mixin.py:188} INFO - [2024-01-30T17:38:50.900+0000] {dag.py:3033} INFO - Sync 1 DAGs
[2024-01-30T17:38:51.183+0000] {logging_mixin.py:188} INFO - [2024-01-30T17:38:51.182+0000] {dag.py:3820} INFO - Setting next_dagrun for everyday_dag to 2024-01-30T00:00:00+00:00, run_after=2024-01-31T00:00:00+00:00
[2024-01-30T17:38:51.310+0000] {processor.py:183} INFO - Processing /opt/airflow/dags/everyday_dag.py took 0.920 seconds
[2024-01-30T17:39:22.169+0000] {processor.py:161} INFO - Started process (PID=3058) to work on /opt/airflow/dags/everyday_dag.py
[2024-01-30T17:39:22.173+0000] {processor.py:830} INFO - Processing file /opt/airflow/dags/everyday_dag.py for tasks to queue
[2024-01-30T17:39:22.177+0000] {logging_mixin.py:188} INFO - [2024-01-30T17:39:22.175+0000] {dagbag.py:538} INFO - Filling up the DagBag from /opt/airflow/dags/everyday_dag.py
[2024-01-30T17:39:22.244+0000] {processor.py:840} INFO - DAG(s) 'everyday_dag' retrieved from /opt/airflow/dags/everyday_dag.py
[2024-01-30T17:39:22.355+0000] {logging_mixin.py:188} INFO - [2024-01-30T17:39:22.353+0000] {dag.py:3033} INFO - Sync 1 DAGs
[2024-01-30T17:39:22.467+0000] {logging_mixin.py:188} INFO - [2024-01-30T17:39:22.466+0000] {dag.py:3820} INFO - Setting next_dagrun for everyday_dag to 2024-01-30T00:00:00+00:00, run_after=2024-01-31T00:00:00+00:00
[2024-01-30T17:39:22.546+0000] {processor.py:183} INFO - Processing /opt/airflow/dags/everyday_dag.py took 0.388 seconds
[2024-01-30T17:39:53.010+0000] {processor.py:161} INFO - Started process (PID=3108) to work on /opt/airflow/dags/everyday_dag.py
[2024-01-30T17:39:53.013+0000] {processor.py:830} INFO - Processing file /opt/airflow/dags/everyday_dag.py for tasks to queue
[2024-01-30T17:39:53.016+0000] {logging_mixin.py:188} INFO - [2024-01-30T17:39:53.015+0000] {dagbag.py:538} INFO - Filling up the DagBag from /opt/airflow/dags/everyday_dag.py
[2024-01-30T17:39:53.071+0000] {processor.py:840} INFO - DAG(s) 'everyday_dag' retrieved from /opt/airflow/dags/everyday_dag.py
[2024-01-30T17:39:53.165+0000] {logging_mixin.py:188} INFO - [2024-01-30T17:39:53.164+0000] {dag.py:3033} INFO - Sync 1 DAGs
[2024-01-30T17:39:53.274+0000] {logging_mixin.py:188} INFO - [2024-01-30T17:39:53.273+0000] {dag.py:3820} INFO - Setting next_dagrun for everyday_dag to 2024-01-30T00:00:00+00:00, run_after=2024-01-31T00:00:00+00:00
[2024-01-30T17:39:53.355+0000] {processor.py:183} INFO - Processing /opt/airflow/dags/everyday_dag.py took 0.355 seconds
[2024-01-30T17:40:23.582+0000] {processor.py:161} INFO - Started process (PID=3145) to work on /opt/airflow/dags/everyday_dag.py
[2024-01-30T17:40:23.586+0000] {processor.py:830} INFO - Processing file /opt/airflow/dags/everyday_dag.py for tasks to queue
[2024-01-30T17:40:23.589+0000] {logging_mixin.py:188} INFO - [2024-01-30T17:40:23.588+0000] {dagbag.py:538} INFO - Filling up the DagBag from /opt/airflow/dags/everyday_dag.py
[2024-01-30T17:40:23.635+0000] {processor.py:840} INFO - DAG(s) 'everyday_dag' retrieved from /opt/airflow/dags/everyday_dag.py
[2024-01-30T17:40:23.716+0000] {logging_mixin.py:188} INFO - [2024-01-30T17:40:23.715+0000] {dag.py:3033} INFO - Sync 1 DAGs
[2024-01-30T17:40:23.807+0000] {logging_mixin.py:188} INFO - [2024-01-30T17:40:23.806+0000] {dag.py:3820} INFO - Setting next_dagrun for everyday_dag to 2024-01-30T00:00:00+00:00, run_after=2024-01-31T00:00:00+00:00
[2024-01-30T17:40:23.865+0000] {processor.py:183} INFO - Processing /opt/airflow/dags/everyday_dag.py took 0.293 seconds
[2024-01-30T17:40:54.572+0000] {processor.py:161} INFO - Started process (PID=3195) to work on /opt/airflow/dags/everyday_dag.py
[2024-01-30T17:40:54.575+0000] {processor.py:830} INFO - Processing file /opt/airflow/dags/everyday_dag.py for tasks to queue
[2024-01-30T17:40:54.578+0000] {logging_mixin.py:188} INFO - [2024-01-30T17:40:54.577+0000] {dagbag.py:538} INFO - Filling up the DagBag from /opt/airflow/dags/everyday_dag.py
[2024-01-30T17:40:54.623+0000] {processor.py:840} INFO - DAG(s) 'everyday_dag' retrieved from /opt/airflow/dags/everyday_dag.py
[2024-01-30T17:40:54.699+0000] {logging_mixin.py:188} INFO - [2024-01-30T17:40:54.698+0000] {dag.py:3033} INFO - Sync 1 DAGs
[2024-01-30T17:40:54.788+0000] {logging_mixin.py:188} INFO - [2024-01-30T17:40:54.787+0000] {dag.py:3820} INFO - Setting next_dagrun for everyday_dag to 2024-01-30T00:00:00+00:00, run_after=2024-01-31T00:00:00+00:00
[2024-01-30T17:40:54.848+0000] {processor.py:183} INFO - Processing /opt/airflow/dags/everyday_dag.py took 0.283 seconds
[2024-01-30T17:41:25.481+0000] {processor.py:161} INFO - Started process (PID=3232) to work on /opt/airflow/dags/everyday_dag.py
[2024-01-30T17:41:25.484+0000] {processor.py:830} INFO - Processing file /opt/airflow/dags/everyday_dag.py for tasks to queue
[2024-01-30T17:41:25.487+0000] {logging_mixin.py:188} INFO - [2024-01-30T17:41:25.486+0000] {dagbag.py:538} INFO - Filling up the DagBag from /opt/airflow/dags/everyday_dag.py
[2024-01-30T17:41:25.531+0000] {processor.py:840} INFO - DAG(s) 'everyday_dag' retrieved from /opt/airflow/dags/everyday_dag.py
[2024-01-30T17:41:25.607+0000] {logging_mixin.py:188} INFO - [2024-01-30T17:41:25.606+0000] {dag.py:3033} INFO - Sync 1 DAGs
[2024-01-30T17:41:25.697+0000] {logging_mixin.py:188} INFO - [2024-01-30T17:41:25.696+0000] {dag.py:3820} INFO - Setting next_dagrun for everyday_dag to 2024-01-30T00:00:00+00:00, run_after=2024-01-31T00:00:00+00:00
[2024-01-30T17:41:25.755+0000] {processor.py:183} INFO - Processing /opt/airflow/dags/everyday_dag.py took 0.284 seconds
[2024-01-30T17:41:56.150+0000] {processor.py:161} INFO - Started process (PID=3282) to work on /opt/airflow/dags/everyday_dag.py
[2024-01-30T17:41:56.152+0000] {processor.py:830} INFO - Processing file /opt/airflow/dags/everyday_dag.py for tasks to queue
[2024-01-30T17:41:56.156+0000] {logging_mixin.py:188} INFO - [2024-01-30T17:41:56.155+0000] {dagbag.py:538} INFO - Filling up the DagBag from /opt/airflow/dags/everyday_dag.py
[2024-01-30T17:41:56.200+0000] {processor.py:840} INFO - DAG(s) 'everyday_dag' retrieved from /opt/airflow/dags/everyday_dag.py
[2024-01-30T17:41:56.276+0000] {logging_mixin.py:188} INFO - [2024-01-30T17:41:56.275+0000] {dag.py:3033} INFO - Sync 1 DAGs
[2024-01-30T17:41:56.369+0000] {logging_mixin.py:188} INFO - [2024-01-30T17:41:56.368+0000] {dag.py:3820} INFO - Setting next_dagrun for everyday_dag to 2024-01-30T00:00:00+00:00, run_after=2024-01-31T00:00:00+00:00
[2024-01-30T17:41:56.431+0000] {processor.py:183} INFO - Processing /opt/airflow/dags/everyday_dag.py took 0.289 seconds
[2024-01-30T17:42:26.602+0000] {processor.py:161} INFO - Started process (PID=3319) to work on /opt/airflow/dags/everyday_dag.py
[2024-01-30T17:42:26.605+0000] {processor.py:830} INFO - Processing file /opt/airflow/dags/everyday_dag.py for tasks to queue
[2024-01-30T17:42:26.609+0000] {logging_mixin.py:188} INFO - [2024-01-30T17:42:26.608+0000] {dagbag.py:538} INFO - Filling up the DagBag from /opt/airflow/dags/everyday_dag.py
[2024-01-30T17:42:26.661+0000] {processor.py:840} INFO - DAG(s) 'everyday_dag' retrieved from /opt/airflow/dags/everyday_dag.py
[2024-01-30T17:42:26.742+0000] {logging_mixin.py:188} INFO - [2024-01-30T17:42:26.741+0000] {dag.py:3033} INFO - Sync 1 DAGs
[2024-01-30T17:42:26.832+0000] {logging_mixin.py:188} INFO - [2024-01-30T17:42:26.831+0000] {dag.py:3820} INFO - Setting next_dagrun for everyday_dag to 2024-01-30T00:00:00+00:00, run_after=2024-01-31T00:00:00+00:00
[2024-01-30T17:42:26.891+0000] {processor.py:183} INFO - Processing /opt/airflow/dags/everyday_dag.py took 0.301 seconds
[2024-01-30T17:42:57.399+0000] {processor.py:161} INFO - Started process (PID=3411) to work on /opt/airflow/dags/everyday_dag.py
[2024-01-30T17:42:57.402+0000] {processor.py:830} INFO - Processing file /opt/airflow/dags/everyday_dag.py for tasks to queue
[2024-01-30T17:42:57.406+0000] {logging_mixin.py:188} INFO - [2024-01-30T17:42:57.405+0000] {dagbag.py:538} INFO - Filling up the DagBag from /opt/airflow/dags/everyday_dag.py
[2024-01-30T17:42:57.451+0000] {processor.py:840} INFO - DAG(s) 'everyday_dag' retrieved from /opt/airflow/dags/everyday_dag.py
[2024-01-30T17:42:57.530+0000] {logging_mixin.py:188} INFO - [2024-01-30T17:42:57.529+0000] {dag.py:3033} INFO - Sync 1 DAGs
[2024-01-30T17:42:57.619+0000] {logging_mixin.py:188} INFO - [2024-01-30T17:42:57.618+0000] {dag.py:3820} INFO - Setting next_dagrun for everyday_dag to 2024-01-30T00:00:00+00:00, run_after=2024-01-31T00:00:00+00:00
[2024-01-30T17:42:57.681+0000] {processor.py:183} INFO - Processing /opt/airflow/dags/everyday_dag.py took 0.290 seconds
[2024-01-30T17:43:28.284+0000] {processor.py:161} INFO - Started process (PID=3466) to work on /opt/airflow/dags/everyday_dag.py
[2024-01-30T17:43:28.287+0000] {processor.py:830} INFO - Processing file /opt/airflow/dags/everyday_dag.py for tasks to queue
[2024-01-30T17:43:28.291+0000] {logging_mixin.py:188} INFO - [2024-01-30T17:43:28.290+0000] {dagbag.py:538} INFO - Filling up the DagBag from /opt/airflow/dags/everyday_dag.py
[2024-01-30T17:43:28.338+0000] {processor.py:840} INFO - DAG(s) 'everyday_dag' retrieved from /opt/airflow/dags/everyday_dag.py
[2024-01-30T17:43:28.421+0000] {logging_mixin.py:188} INFO - [2024-01-30T17:43:28.420+0000] {dag.py:3033} INFO - Sync 1 DAGs
[2024-01-30T17:43:28.515+0000] {logging_mixin.py:188} INFO - [2024-01-30T17:43:28.514+0000] {dag.py:3820} INFO - Setting next_dagrun for everyday_dag to 2024-01-30T00:00:00+00:00, run_after=2024-01-31T00:00:00+00:00
[2024-01-30T17:43:28.575+0000] {processor.py:183} INFO - Processing /opt/airflow/dags/everyday_dag.py took 0.299 seconds
[2024-01-30T17:43:58.977+0000] {processor.py:161} INFO - Started process (PID=3542) to work on /opt/airflow/dags/everyday_dag.py
[2024-01-30T17:43:58.980+0000] {processor.py:830} INFO - Processing file /opt/airflow/dags/everyday_dag.py for tasks to queue
[2024-01-30T17:43:58.984+0000] {logging_mixin.py:188} INFO - [2024-01-30T17:43:58.983+0000] {dagbag.py:538} INFO - Filling up the DagBag from /opt/airflow/dags/everyday_dag.py
[2024-01-30T17:43:59.040+0000] {processor.py:840} INFO - DAG(s) 'everyday_dag' retrieved from /opt/airflow/dags/everyday_dag.py
[2024-01-30T17:43:59.140+0000] {logging_mixin.py:188} INFO - [2024-01-30T17:43:59.138+0000] {dag.py:3033} INFO - Sync 1 DAGs
[2024-01-30T17:43:59.242+0000] {logging_mixin.py:188} INFO - [2024-01-30T17:43:59.240+0000] {dag.py:3820} INFO - Setting next_dagrun for everyday_dag to 2024-01-30T00:00:00+00:00, run_after=2024-01-31T00:00:00+00:00
[2024-01-30T17:43:59.308+0000] {processor.py:183} INFO - Processing /opt/airflow/dags/everyday_dag.py took 0.339 seconds
[2024-01-30T17:44:29.429+0000] {processor.py:161} INFO - Started process (PID=3606) to work on /opt/airflow/dags/everyday_dag.py
[2024-01-30T17:44:29.432+0000] {processor.py:830} INFO - Processing file /opt/airflow/dags/everyday_dag.py for tasks to queue
[2024-01-30T17:44:29.435+0000] {logging_mixin.py:188} INFO - [2024-01-30T17:44:29.434+0000] {dagbag.py:538} INFO - Filling up the DagBag from /opt/airflow/dags/everyday_dag.py
[2024-01-30T17:44:29.478+0000] {processor.py:840} INFO - DAG(s) 'everyday_dag' retrieved from /opt/airflow/dags/everyday_dag.py
[2024-01-30T17:44:29.552+0000] {logging_mixin.py:188} INFO - [2024-01-30T17:44:29.551+0000] {dag.py:3033} INFO - Sync 1 DAGs
[2024-01-30T17:44:29.644+0000] {logging_mixin.py:188} INFO - [2024-01-30T17:44:29.643+0000] {dag.py:3820} INFO - Setting next_dagrun for everyday_dag to 2024-01-30T00:00:00+00:00, run_after=2024-01-31T00:00:00+00:00
[2024-01-30T17:44:29.715+0000] {processor.py:183} INFO - Processing /opt/airflow/dags/everyday_dag.py took 0.294 seconds
[2024-01-30T17:44:59.900+0000] {processor.py:161} INFO - Started process (PID=3674) to work on /opt/airflow/dags/everyday_dag.py
[2024-01-30T17:44:59.903+0000] {processor.py:830} INFO - Processing file /opt/airflow/dags/everyday_dag.py for tasks to queue
[2024-01-30T17:44:59.906+0000] {logging_mixin.py:188} INFO - [2024-01-30T17:44:59.905+0000] {dagbag.py:538} INFO - Filling up the DagBag from /opt/airflow/dags/everyday_dag.py
[2024-01-30T17:44:59.952+0000] {processor.py:840} INFO - DAG(s) 'everyday_dag' retrieved from /opt/airflow/dags/everyday_dag.py
[2024-01-30T17:45:00.037+0000] {logging_mixin.py:188} INFO - [2024-01-30T17:45:00.036+0000] {dag.py:3033} INFO - Sync 1 DAGs
[2024-01-30T17:45:00.131+0000] {logging_mixin.py:188} INFO - [2024-01-30T17:45:00.130+0000] {dag.py:3820} INFO - Setting next_dagrun for everyday_dag to 2024-01-30T00:00:00+00:00, run_after=2024-01-31T00:00:00+00:00
[2024-01-30T17:45:00.211+0000] {processor.py:183} INFO - Processing /opt/airflow/dags/everyday_dag.py took 0.319 seconds
[2024-01-30T17:45:30.810+0000] {processor.py:161} INFO - Started process (PID=3739) to work on /opt/airflow/dags/everyday_dag.py
[2024-01-30T17:45:30.814+0000] {processor.py:830} INFO - Processing file /opt/airflow/dags/everyday_dag.py for tasks to queue
[2024-01-30T17:45:30.817+0000] {logging_mixin.py:188} INFO - [2024-01-30T17:45:30.816+0000] {dagbag.py:538} INFO - Filling up the DagBag from /opt/airflow/dags/everyday_dag.py
[2024-01-30T17:45:30.877+0000] {processor.py:840} INFO - DAG(s) 'everyday_dag' retrieved from /opt/airflow/dags/everyday_dag.py
[2024-01-30T17:45:30.962+0000] {logging_mixin.py:188} INFO - [2024-01-30T17:45:30.961+0000] {dag.py:3033} INFO - Sync 1 DAGs
[2024-01-30T17:45:31.058+0000] {logging_mixin.py:188} INFO - [2024-01-30T17:45:31.057+0000] {dag.py:3820} INFO - Setting next_dagrun for everyday_dag to 2024-01-30T00:00:00+00:00, run_after=2024-01-31T00:00:00+00:00
[2024-01-30T17:45:31.123+0000] {processor.py:183} INFO - Processing /opt/airflow/dags/everyday_dag.py took 0.322 seconds
[2024-01-30T17:46:01.346+0000] {processor.py:161} INFO - Started process (PID=3779) to work on /opt/airflow/dags/everyday_dag.py
[2024-01-30T17:46:01.349+0000] {processor.py:830} INFO - Processing file /opt/airflow/dags/everyday_dag.py for tasks to queue
[2024-01-30T17:46:01.353+0000] {logging_mixin.py:188} INFO - [2024-01-30T17:46:01.351+0000] {dagbag.py:538} INFO - Filling up the DagBag from /opt/airflow/dags/everyday_dag.py
[2024-01-30T17:46:01.403+0000] {processor.py:840} INFO - DAG(s) 'everyday_dag' retrieved from /opt/airflow/dags/everyday_dag.py
[2024-01-30T17:46:01.487+0000] {logging_mixin.py:188} INFO - [2024-01-30T17:46:01.486+0000] {dag.py:3033} INFO - Sync 1 DAGs
[2024-01-30T17:46:01.583+0000] {logging_mixin.py:188} INFO - [2024-01-30T17:46:01.582+0000] {dag.py:3820} INFO - Setting next_dagrun for everyday_dag to 2024-01-30T00:00:00+00:00, run_after=2024-01-31T00:00:00+00:00
[2024-01-30T17:46:01.653+0000] {processor.py:183} INFO - Processing /opt/airflow/dags/everyday_dag.py took 0.315 seconds
[2024-01-30T17:46:32.459+0000] {processor.py:161} INFO - Started process (PID=3826) to work on /opt/airflow/dags/everyday_dag.py
[2024-01-30T17:46:32.462+0000] {processor.py:830} INFO - Processing file /opt/airflow/dags/everyday_dag.py for tasks to queue
[2024-01-30T17:46:32.466+0000] {logging_mixin.py:188} INFO - [2024-01-30T17:46:32.464+0000] {dagbag.py:538} INFO - Filling up the DagBag from /opt/airflow/dags/everyday_dag.py
[2024-01-30T17:46:32.521+0000] {processor.py:840} INFO - DAG(s) 'everyday_dag' retrieved from /opt/airflow/dags/everyday_dag.py
[2024-01-30T17:46:32.608+0000] {logging_mixin.py:188} INFO - [2024-01-30T17:46:32.607+0000] {dag.py:3033} INFO - Sync 1 DAGs
[2024-01-30T17:46:32.716+0000] {logging_mixin.py:188} INFO - [2024-01-30T17:46:32.715+0000] {dag.py:3820} INFO - Setting next_dagrun for everyday_dag to 2024-01-30T00:00:00+00:00, run_after=2024-01-31T00:00:00+00:00
[2024-01-30T17:46:32.785+0000] {processor.py:183} INFO - Processing /opt/airflow/dags/everyday_dag.py took 0.337 seconds
[2024-01-30T17:47:02.916+0000] {processor.py:161} INFO - Started process (PID=3866) to work on /opt/airflow/dags/everyday_dag.py
[2024-01-30T17:47:02.919+0000] {processor.py:830} INFO - Processing file /opt/airflow/dags/everyday_dag.py for tasks to queue
[2024-01-30T17:47:02.922+0000] {logging_mixin.py:188} INFO - [2024-01-30T17:47:02.921+0000] {dagbag.py:538} INFO - Filling up the DagBag from /opt/airflow/dags/everyday_dag.py
[2024-01-30T17:47:02.971+0000] {processor.py:840} INFO - DAG(s) 'everyday_dag' retrieved from /opt/airflow/dags/everyday_dag.py
[2024-01-30T17:47:03.050+0000] {logging_mixin.py:188} INFO - [2024-01-30T17:47:03.049+0000] {dag.py:3033} INFO - Sync 1 DAGs
[2024-01-30T17:47:03.143+0000] {logging_mixin.py:188} INFO - [2024-01-30T17:47:03.142+0000] {dag.py:3820} INFO - Setting next_dagrun for everyday_dag to 2024-01-30T00:00:00+00:00, run_after=2024-01-31T00:00:00+00:00
[2024-01-30T17:47:03.210+0000] {processor.py:183} INFO - Processing /opt/airflow/dags/everyday_dag.py took 0.302 seconds
[2024-01-30T17:47:33.509+0000] {processor.py:161} INFO - Started process (PID=3916) to work on /opt/airflow/dags/everyday_dag.py
[2024-01-30T17:47:33.512+0000] {processor.py:830} INFO - Processing file /opt/airflow/dags/everyday_dag.py for tasks to queue
[2024-01-30T17:47:33.515+0000] {logging_mixin.py:188} INFO - [2024-01-30T17:47:33.514+0000] {dagbag.py:538} INFO - Filling up the DagBag from /opt/airflow/dags/everyday_dag.py
[2024-01-30T17:47:33.562+0000] {processor.py:840} INFO - DAG(s) 'everyday_dag' retrieved from /opt/airflow/dags/everyday_dag.py
[2024-01-30T17:47:33.636+0000] {logging_mixin.py:188} INFO - [2024-01-30T17:47:33.635+0000] {dag.py:3033} INFO - Sync 1 DAGs
[2024-01-30T17:47:33.725+0000] {logging_mixin.py:188} INFO - [2024-01-30T17:47:33.724+0000] {dag.py:3820} INFO - Setting next_dagrun for everyday_dag to 2024-01-30T00:00:00+00:00, run_after=2024-01-31T00:00:00+00:00
[2024-01-30T17:47:33.782+0000] {processor.py:183} INFO - Processing /opt/airflow/dags/everyday_dag.py took 0.281 seconds
[2024-01-30T18:05:24.073+0000] {processor.py:161} INFO - Started process (PID=3942) to work on /opt/airflow/dags/everyday_dag.py
[2024-01-30T18:05:24.081+0000] {processor.py:830} INFO - Processing file /opt/airflow/dags/everyday_dag.py for tasks to queue
[2024-01-30T18:05:24.084+0000] {logging_mixin.py:188} INFO - [2024-01-30T18:05:24.083+0000] {dagbag.py:538} INFO - Filling up the DagBag from /opt/airflow/dags/everyday_dag.py
[2024-01-30T18:05:24.199+0000] {processor.py:840} INFO - DAG(s) 'everyday_dag' retrieved from /opt/airflow/dags/everyday_dag.py
[2024-01-30T18:05:24.289+0000] {logging_mixin.py:188} INFO - [2024-01-30T18:05:24.288+0000] {dag.py:3033} INFO - Sync 1 DAGs
[2024-01-30T18:05:24.380+0000] {logging_mixin.py:188} INFO - [2024-01-30T18:05:24.379+0000] {dag.py:3820} INFO - Setting next_dagrun for everyday_dag to 2024-01-30T00:00:00+00:00, run_after=2024-01-31T00:00:00+00:00
[2024-01-30T18:05:24.439+0000] {processor.py:183} INFO - Processing /opt/airflow/dags/everyday_dag.py took 0.379 seconds
[2024-01-30T18:19:14.075+0000] {processor.py:161} INFO - Started process (PID=3994) to work on /opt/airflow/dags/everyday_dag.py
[2024-01-30T18:19:14.077+0000] {processor.py:830} INFO - Processing file /opt/airflow/dags/everyday_dag.py for tasks to queue
[2024-01-30T18:19:14.080+0000] {logging_mixin.py:188} INFO - [2024-01-30T18:19:14.079+0000] {dagbag.py:538} INFO - Filling up the DagBag from /opt/airflow/dags/everyday_dag.py
[2024-01-30T18:19:14.126+0000] {processor.py:840} INFO - DAG(s) 'everyday_dag' retrieved from /opt/airflow/dags/everyday_dag.py
[2024-01-30T18:19:14.209+0000] {logging_mixin.py:188} INFO - [2024-01-30T18:19:14.208+0000] {dag.py:3033} INFO - Sync 1 DAGs
[2024-01-30T18:19:14.299+0000] {logging_mixin.py:188} INFO - [2024-01-30T18:19:14.298+0000] {dag.py:3820} INFO - Setting next_dagrun for everyday_dag to 2024-01-30T00:00:00+00:00, run_after=2024-01-31T00:00:00+00:00
[2024-01-30T18:19:14.363+0000] {processor.py:183} INFO - Processing /opt/airflow/dags/everyday_dag.py took 0.297 seconds
[2024-01-30T19:09:27.141+0000] {processor.py:161} INFO - Started process (PID=4038) to work on /opt/airflow/dags/everyday_dag.py
[2024-01-30T19:09:27.144+0000] {processor.py:830} INFO - Processing file /opt/airflow/dags/everyday_dag.py for tasks to queue
[2024-01-30T19:09:27.152+0000] {logging_mixin.py:188} INFO - [2024-01-30T19:09:27.150+0000] {dagbag.py:538} INFO - Filling up the DagBag from /opt/airflow/dags/everyday_dag.py
[2024-01-30T19:09:27.259+0000] {processor.py:840} INFO - DAG(s) 'everyday_dag' retrieved from /opt/airflow/dags/everyday_dag.py
[2024-01-30T19:09:27.464+0000] {logging_mixin.py:188} INFO - [2024-01-30T19:09:27.461+0000] {dag.py:3033} INFO - Sync 1 DAGs
[2024-01-30T19:09:27.759+0000] {logging_mixin.py:188} INFO - [2024-01-30T19:09:27.756+0000] {dag.py:3820} INFO - Setting next_dagrun for everyday_dag to 2024-01-30T00:00:00+00:00, run_after=2024-01-31T00:00:00+00:00
[2024-01-30T19:09:27.915+0000] {processor.py:183} INFO - Processing /opt/airflow/dags/everyday_dag.py took 0.789 seconds
[2024-01-30T20:46:47.882+0000] {processor.py:161} INFO - Started process (PID=4089) to work on /opt/airflow/dags/everyday_dag.py
[2024-01-30T20:46:47.889+0000] {processor.py:830} INFO - Processing file /opt/airflow/dags/everyday_dag.py for tasks to queue
[2024-01-30T20:46:47.899+0000] {logging_mixin.py:188} INFO - [2024-01-30T20:46:47.898+0000] {dagbag.py:538} INFO - Filling up the DagBag from /opt/airflow/dags/everyday_dag.py
[2024-01-30T20:46:48.008+0000] {processor.py:840} INFO - DAG(s) 'everyday_dag' retrieved from /opt/airflow/dags/everyday_dag.py
[2024-01-30T20:46:48.193+0000] {logging_mixin.py:188} INFO - [2024-01-30T20:46:48.191+0000] {dag.py:3033} INFO - Sync 1 DAGs
[2024-01-30T20:46:48.482+0000] {logging_mixin.py:188} INFO - [2024-01-30T20:46:48.480+0000] {dag.py:3820} INFO - Setting next_dagrun for everyday_dag to 2024-01-30T00:00:00+00:00, run_after=2024-01-31T00:00:00+00:00
[2024-01-30T20:46:48.622+0000] {processor.py:183} INFO - Processing /opt/airflow/dags/everyday_dag.py took 0.773 seconds
[2024-01-30T22:08:12.944+0000] {processor.py:161} INFO - Started process (PID=4131) to work on /opt/airflow/dags/everyday_dag.py
[2024-01-30T22:08:12.959+0000] {processor.py:830} INFO - Processing file /opt/airflow/dags/everyday_dag.py for tasks to queue
[2024-01-30T22:08:12.972+0000] {logging_mixin.py:188} INFO - [2024-01-30T22:08:12.968+0000] {dagbag.py:538} INFO - Filling up the DagBag from /opt/airflow/dags/everyday_dag.py
[2024-01-30T22:08:13.159+0000] {processor.py:840} INFO - DAG(s) 'everyday_dag' retrieved from /opt/airflow/dags/everyday_dag.py
[2024-01-30T22:08:13.334+0000] {logging_mixin.py:188} INFO - [2024-01-30T22:08:13.332+0000] {dag.py:3033} INFO - Sync 1 DAGs
[2024-01-30T22:08:13.767+0000] {logging_mixin.py:188} INFO - [2024-01-30T22:08:13.764+0000] {dag.py:3820} INFO - Setting next_dagrun for everyday_dag to 2024-01-30T00:00:00+00:00, run_after=2024-01-31T00:00:00+00:00
[2024-01-30T22:08:13.916+0000] {processor.py:183} INFO - Processing /opt/airflow/dags/everyday_dag.py took 0.997 seconds
[2024-01-30T23:45:53.495+0000] {processor.py:161} INFO - Started process (PID=4178) to work on /opt/airflow/dags/everyday_dag.py
[2024-01-30T23:45:53.504+0000] {processor.py:830} INFO - Processing file /opt/airflow/dags/everyday_dag.py for tasks to queue
[2024-01-30T23:45:53.513+0000] {logging_mixin.py:188} INFO - [2024-01-30T23:45:53.511+0000] {dagbag.py:538} INFO - Filling up the DagBag from /opt/airflow/dags/everyday_dag.py
[2024-01-30T23:45:53.771+0000] {processor.py:840} INFO - DAG(s) 'everyday_dag' retrieved from /opt/airflow/dags/everyday_dag.py
[2024-01-30T23:45:54.019+0000] {logging_mixin.py:188} INFO - [2024-01-30T23:45:54.017+0000] {dag.py:3033} INFO - Sync 1 DAGs
[2024-01-30T23:45:54.218+0000] {logging_mixin.py:188} INFO - [2024-01-30T23:45:54.217+0000] {dag.py:3820} INFO - Setting next_dagrun for everyday_dag to 2024-01-30T00:00:00+00:00, run_after=2024-01-31T00:00:00+00:00
[2024-01-30T23:45:54.337+0000] {processor.py:183} INFO - Processing /opt/airflow/dags/everyday_dag.py took 0.874 seconds
