[2024-01-31T05:00:02.109+0000] {taskinstance.py:1957} INFO - Dependencies all met for dep_context=non-requeueable deps ti=<TaskInstance: weather_api_dag.get_weather_data scheduled__2024-01-31T04:00:00+00:00 [queued]>
[2024-01-31T05:00:02.138+0000] {taskinstance.py:1957} INFO - Dependencies all met for dep_context=requeueable deps ti=<TaskInstance: weather_api_dag.get_weather_data scheduled__2024-01-31T04:00:00+00:00 [queued]>
[2024-01-31T05:00:02.140+0000] {taskinstance.py:2171} INFO - Starting attempt 1 of 1
[2024-01-31T05:00:02.191+0000] {taskinstance.py:2192} INFO - Executing <Task(PythonOperator): get_weather_data> on 2024-01-31 04:00:00+00:00
[2024-01-31T05:00:02.197+0000] {standard_task_runner.py:60} INFO - Started process 11818 to run task
[2024-01-31T05:00:02.203+0000] {standard_task_runner.py:87} INFO - Running: ['***', 'tasks', 'run', 'weather_api_dag', 'get_weather_data', 'scheduled__2024-01-31T04:00:00+00:00', '--job-id', '107', '--raw', '--subdir', 'DAGS_FOLDER/weather_api_dag.py', '--cfg-path', '/tmp/tmp_rh7syax']
[2024-01-31T05:00:02.208+0000] {standard_task_runner.py:88} INFO - Job 107: Subtask get_weather_data
[2024-01-31T05:00:02.314+0000] {task_command.py:423} INFO - Running <TaskInstance: weather_api_dag.get_weather_data scheduled__2024-01-31T04:00:00+00:00 [running]> on host 68c8327b56d3
[2024-01-31T05:00:02.565+0000] {taskinstance.py:2481} INFO - Exporting env vars: AIRFLOW_CTX_DAG_OWNER='***' AIRFLOW_CTX_DAG_ID='weather_api_dag' AIRFLOW_CTX_TASK_ID='get_weather_data' AIRFLOW_CTX_EXECUTION_DATE='2024-01-31T04:00:00+00:00' AIRFLOW_CTX_TRY_NUMBER='1' AIRFLOW_CTX_DAG_RUN_ID='scheduled__2024-01-31T04:00:00+00:00'
[2024-01-31T05:00:02.584+0000] {taskinstance.py:2699} ERROR - Task failed with exception
Traceback (most recent call last):
  File "/home/airflow/.local/lib/python3.8/site-packages/airflow/models/taskinstance.py", line 433, in _execute_task
    result = execute_callable(context=context, **execute_callable_kwargs)
  File "/home/airflow/.local/lib/python3.8/site-packages/airflow/operators/python.py", line 199, in execute
    return_value = self.execute_callable()
  File "/home/airflow/.local/lib/python3.8/site-packages/airflow/operators/python.py", line 216, in execute_callable
    return self.python_callable(*self.op_args, **self.op_kwargs)
  File "/opt/airflow/dags/weather_api_dag.py", line 14, in _get_weather_data
    api_key = Variable.get("api_key")
  File "/home/airflow/.local/lib/python3.8/site-packages/airflow/models/variable.py", line 143, in get
    raise KeyError(f"Variable {key} does not exist")
KeyError: 'Variable api_key does not exist'
[2024-01-31T05:00:02.608+0000] {taskinstance.py:1138} INFO - Marking task as FAILED. dag_id=weather_api_dag, task_id=get_weather_data, execution_date=20240131T040000, start_date=20240131T050002, end_date=20240131T050002
[2024-01-31T05:00:02.640+0000] {standard_task_runner.py:107} ERROR - Failed to execute job 107 for task get_weather_data ('Variable api_key does not exist'; 11818)
[2024-01-31T05:00:02.666+0000] {local_task_job_runner.py:234} INFO - Task exited with return code 1
[2024-01-31T05:00:02.727+0000] {taskinstance.py:3281} INFO - 0 downstream tasks scheduled from follow-on schedule check
