[2024-01-31T03:00:13.129+0000] {taskinstance.py:1957} INFO - Dependencies all met for dep_context=non-requeueable deps ti=<TaskInstance: weather_api_dag.get_weather_data scheduled__2024-01-31T02:00:00+00:00 [queued]>
[2024-01-31T03:00:13.193+0000] {taskinstance.py:1957} INFO - Dependencies all met for dep_context=requeueable deps ti=<TaskInstance: weather_api_dag.get_weather_data scheduled__2024-01-31T02:00:00+00:00 [queued]>
[2024-01-31T03:00:13.196+0000] {taskinstance.py:2171} INFO - Starting attempt 1 of 1
[2024-01-31T03:00:13.319+0000] {taskinstance.py:2192} INFO - Executing <Task(PythonOperator): get_weather_data> on 2024-01-31 02:00:00+00:00
[2024-01-31T03:00:13.332+0000] {standard_task_runner.py:60} INFO - Started process 4440 to run task
[2024-01-31T03:00:13.346+0000] {standard_task_runner.py:87} INFO - Running: ['***', 'tasks', 'run', 'weather_api_dag', 'get_weather_data', 'scheduled__2024-01-31T02:00:00+00:00', '--job-id', '105', '--raw', '--subdir', 'DAGS_FOLDER/weather_api_dag.py', '--cfg-path', '/tmp/tmpwz26elko']
[2024-01-31T03:00:13.359+0000] {standard_task_runner.py:88} INFO - Job 105: Subtask get_weather_data
[2024-01-31T03:00:13.660+0000] {task_command.py:423} INFO - Running <TaskInstance: weather_api_dag.get_weather_data scheduled__2024-01-31T02:00:00+00:00 [running]> on host 68c8327b56d3
[2024-01-31T03:00:14.243+0000] {taskinstance.py:2481} INFO - Exporting env vars: AIRFLOW_CTX_DAG_OWNER='***' AIRFLOW_CTX_DAG_ID='weather_api_dag' AIRFLOW_CTX_TASK_ID='get_weather_data' AIRFLOW_CTX_EXECUTION_DATE='2024-01-31T02:00:00+00:00' AIRFLOW_CTX_TRY_NUMBER='1' AIRFLOW_CTX_DAG_RUN_ID='scheduled__2024-01-31T02:00:00+00:00'
[2024-01-31T03:00:14.280+0000] {taskinstance.py:2699} ERROR - Task failed with exception
Traceback (most recent call last):
  File "/home/airflow/.local/lib/python3.8/site-packages/airflow/models/taskinstance.py", line 433, in _execute_task
    result = execute_callable(context=context, **execute_callable_kwargs)
  File "/home/airflow/.local/lib/python3.8/site-packages/airflow/operators/python.py", line 199, in execute
    return_value = self.execute_callable()
  File "/home/airflow/.local/lib/python3.8/site-packages/airflow/operators/python.py", line 216, in execute_callable
    return self.python_callable(*self.op_args, **self.op_kwargs)
  File "/opt/airflow/dags/weather_api_dag.py", line 14, in _get_weather_data
    api_key = Variable.get("api_key")
  File "/home/airflow/.local/lib/python3.8/site-packages/airflow/models/variable.py", line 143, in get
    raise KeyError(f"Variable {key} does not exist")
KeyError: 'Variable api_key does not exist'
[2024-01-31T03:00:14.327+0000] {taskinstance.py:1138} INFO - Marking task as FAILED. dag_id=weather_api_dag, task_id=get_weather_data, execution_date=20240131T020000, start_date=20240131T030013, end_date=20240131T030014
[2024-01-31T03:00:14.412+0000] {standard_task_runner.py:107} ERROR - Failed to execute job 105 for task get_weather_data ('Variable api_key does not exist'; 4440)
[2024-01-31T03:00:14.463+0000] {local_task_job_runner.py:234} INFO - Task exited with return code 1
[2024-01-31T03:00:14.627+0000] {taskinstance.py:3281} INFO - 0 downstream tasks scheduled from follow-on schedule check
