[2024-02-03T02:43:16.513+0000] {taskinstance.py:1957} INFO - Dependencies all met for dep_context=non-requeueable deps ti=<TaskInstance: weather_api_dag.get_weather_data scheduled__2024-02-02T01:00:00+00:00 [queued]>
[2024-02-03T02:43:16.655+0000] {taskinstance.py:1957} INFO - Dependencies all met for dep_context=requeueable deps ti=<TaskInstance: weather_api_dag.get_weather_data scheduled__2024-02-02T01:00:00+00:00 [queued]>
[2024-02-03T02:43:16.657+0000] {taskinstance.py:2171} INFO - Starting attempt 1 of 1
[2024-02-03T02:43:16.871+0000] {taskinstance.py:2192} INFO - Executing <Task(PythonOperator): get_weather_data> on 2024-02-02 01:00:00+00:00
[2024-02-03T02:43:16.890+0000] {standard_task_runner.py:60} INFO - Started process 474 to run task
[2024-02-03T02:43:16.914+0000] {standard_task_runner.py:87} INFO - Running: ['***', 'tasks', 'run', 'weather_api_dag', 'get_weather_data', 'scheduled__2024-02-02T01:00:00+00:00', '--job-id', '153', '--raw', '--subdir', 'DAGS_FOLDER/weather_api_dag.py', '--cfg-path', '/tmp/tmpiunbt18u']
[2024-02-03T02:43:16.933+0000] {standard_task_runner.py:88} INFO - Job 153: Subtask get_weather_data
[2024-02-03T02:43:17.216+0000] {task_command.py:423} INFO - Running <TaskInstance: weather_api_dag.get_weather_data scheduled__2024-02-02T01:00:00+00:00 [running]> on host 534cbf234240
[2024-02-03T02:43:17.954+0000] {taskinstance.py:2481} INFO - Exporting env vars: AIRFLOW_CTX_DAG_OWNER='***' AIRFLOW_CTX_DAG_ID='weather_api_dag' AIRFLOW_CTX_TASK_ID='get_weather_data' AIRFLOW_CTX_EXECUTION_DATE='2024-02-02T01:00:00+00:00' AIRFLOW_CTX_TRY_NUMBER='1' AIRFLOW_CTX_DAG_RUN_ID='scheduled__2024-02-02T01:00:00+00:00'
[2024-02-03T02:43:18.007+0000] {taskinstance.py:2699} ERROR - Task failed with exception
Traceback (most recent call last):
  File "/home/airflow/.local/lib/python3.8/site-packages/airflow/models/taskinstance.py", line 433, in _execute_task
    result = execute_callable(context=context, **execute_callable_kwargs)
  File "/home/airflow/.local/lib/python3.8/site-packages/airflow/operators/python.py", line 199, in execute
    return_value = self.execute_callable()
  File "/home/airflow/.local/lib/python3.8/site-packages/airflow/operators/python.py", line 216, in execute_callable
    return self.python_callable(*self.op_args, **self.op_kwargs)
  File "/opt/airflow/dags/weather_api_dag.py", line 14, in _get_weather_data
    api_key = Variable.get("api_key")
  File "/home/airflow/.local/lib/python3.8/site-packages/airflow/models/variable.py", line 143, in get
    raise KeyError(f"Variable {key} does not exist")
KeyError: 'Variable api_key does not exist'
[2024-02-03T02:43:18.091+0000] {taskinstance.py:1138} INFO - Marking task as FAILED. dag_id=weather_api_dag, task_id=get_weather_data, execution_date=20240202T010000, start_date=20240203T024316, end_date=20240203T024318
[2024-02-03T02:43:18.672+0000] {standard_task_runner.py:107} ERROR - Failed to execute job 153 for task get_weather_data ('Variable api_key does not exist'; 474)
[2024-02-03T02:43:18.707+0000] {local_task_job_runner.py:234} INFO - Task exited with return code 1
[2024-02-03T02:43:18.984+0000] {taskinstance.py:3281} INFO - 0 downstream tasks scheduled from follow-on schedule check
