[2024-02-10T02:48:38.967+0000] {processor.py:161} INFO - Started process (PID=182) to work on /opt/airflow/dags/day_3_dag.py
[2024-02-10T02:48:38.969+0000] {processor.py:830} INFO - Processing file /opt/airflow/dags/day_3_dag.py for tasks to queue
[2024-02-10T02:48:38.970+0000] {logging_mixin.py:188} INFO - [2024-02-10T02:48:38.970+0000] {dagbag.py:538} INFO - Filling up the DagBag from /opt/airflow/dags/day_3_dag.py
[2024-02-10T02:48:38.998+0000] {processor.py:840} INFO - DAG(s) 'day_3_dag' retrieved from /opt/airflow/dags/day_3_dag.py
[2024-02-10T02:48:39.197+0000] {logging_mixin.py:188} INFO - [2024-02-10T02:48:39.196+0000] {override.py:1769} INFO - Created Permission View: can edit on DAG:day_3_dag
[2024-02-10T02:48:39.212+0000] {logging_mixin.py:188} INFO - [2024-02-10T02:48:39.212+0000] {override.py:1769} INFO - Created Permission View: can read on DAG:day_3_dag
[2024-02-10T02:48:39.223+0000] {logging_mixin.py:188} INFO - [2024-02-10T02:48:39.223+0000] {override.py:1769} INFO - Created Permission View: can delete on DAG:day_3_dag
[2024-02-10T02:48:39.224+0000] {logging_mixin.py:188} INFO - [2024-02-10T02:48:39.224+0000] {dag.py:3033} INFO - Sync 1 DAGs
[2024-02-10T02:48:39.234+0000] {logging_mixin.py:188} INFO - [2024-02-10T02:48:39.234+0000] {dag.py:3055} INFO - Creating ORM DAG for day_3_dag
[2024-02-10T02:48:39.247+0000] {logging_mixin.py:188} INFO - [2024-02-10T02:48:39.247+0000] {dag.py:3820} INFO - Setting next_dagrun for day_3_dag to 2024-01-03T18:00:00+00:00, run_after=2024-02-03T18:00:00+00:00
[2024-02-10T02:48:39.275+0000] {processor.py:183} INFO - Processing /opt/airflow/dags/day_3_dag.py took 0.317 seconds
[2024-02-10T02:49:09.399+0000] {processor.py:161} INFO - Started process (PID=221) to work on /opt/airflow/dags/day_3_dag.py
[2024-02-10T02:49:09.400+0000] {processor.py:830} INFO - Processing file /opt/airflow/dags/day_3_dag.py for tasks to queue
[2024-02-10T02:49:09.400+0000] {logging_mixin.py:188} INFO - [2024-02-10T02:49:09.400+0000] {dagbag.py:538} INFO - Filling up the DagBag from /opt/airflow/dags/day_3_dag.py
[2024-02-10T02:49:09.410+0000] {processor.py:840} INFO - DAG(s) 'day_3_dag' retrieved from /opt/airflow/dags/day_3_dag.py
[2024-02-10T02:49:09.435+0000] {logging_mixin.py:188} INFO - [2024-02-10T02:49:09.434+0000] {dag.py:3033} INFO - Sync 1 DAGs
[2024-02-10T02:49:09.461+0000] {logging_mixin.py:188} INFO - [2024-02-10T02:49:09.461+0000] {dag.py:3820} INFO - Setting next_dagrun for day_3_dag to 2024-01-03T18:00:00+00:00, run_after=2024-02-03T18:00:00+00:00
[2024-02-10T02:49:09.483+0000] {processor.py:183} INFO - Processing /opt/airflow/dags/day_3_dag.py took 0.086 seconds
[2024-02-10T02:49:39.732+0000] {processor.py:161} INFO - Started process (PID=264) to work on /opt/airflow/dags/day_3_dag.py
[2024-02-10T02:49:39.733+0000] {processor.py:830} INFO - Processing file /opt/airflow/dags/day_3_dag.py for tasks to queue
[2024-02-10T02:49:39.734+0000] {logging_mixin.py:188} INFO - [2024-02-10T02:49:39.734+0000] {dagbag.py:538} INFO - Filling up the DagBag from /opt/airflow/dags/day_3_dag.py
[2024-02-10T02:49:39.747+0000] {processor.py:840} INFO - DAG(s) 'day_3_dag' retrieved from /opt/airflow/dags/day_3_dag.py
[2024-02-10T02:49:39.774+0000] {logging_mixin.py:188} INFO - [2024-02-10T02:49:39.774+0000] {dag.py:3033} INFO - Sync 1 DAGs
[2024-02-10T02:49:39.797+0000] {logging_mixin.py:188} INFO - [2024-02-10T02:49:39.797+0000] {dag.py:3820} INFO - Setting next_dagrun for day_3_dag to 2024-01-03T18:00:00+00:00, run_after=2024-02-03T18:00:00+00:00
[2024-02-10T02:49:39.835+0000] {processor.py:183} INFO - Processing /opt/airflow/dags/day_3_dag.py took 0.106 seconds
[2024-02-10T02:50:10.118+0000] {processor.py:161} INFO - Started process (PID=300) to work on /opt/airflow/dags/day_3_dag.py
[2024-02-10T02:50:10.119+0000] {processor.py:830} INFO - Processing file /opt/airflow/dags/day_3_dag.py for tasks to queue
[2024-02-10T02:50:10.120+0000] {logging_mixin.py:188} INFO - [2024-02-10T02:50:10.119+0000] {dagbag.py:538} INFO - Filling up the DagBag from /opt/airflow/dags/day_3_dag.py
[2024-02-10T02:50:10.133+0000] {processor.py:840} INFO - DAG(s) 'day_3_dag' retrieved from /opt/airflow/dags/day_3_dag.py
[2024-02-10T02:50:10.159+0000] {logging_mixin.py:188} INFO - [2024-02-10T02:50:10.159+0000] {dag.py:3033} INFO - Sync 1 DAGs
[2024-02-10T02:50:10.184+0000] {logging_mixin.py:188} INFO - [2024-02-10T02:50:10.184+0000] {dag.py:3820} INFO - Setting next_dagrun for day_3_dag to 2024-01-03T18:00:00+00:00, run_after=2024-02-03T18:00:00+00:00
[2024-02-10T02:50:10.206+0000] {processor.py:183} INFO - Processing /opt/airflow/dags/day_3_dag.py took 0.093 seconds
[2024-02-10T02:50:40.733+0000] {processor.py:161} INFO - Started process (PID=345) to work on /opt/airflow/dags/day_3_dag.py
[2024-02-10T02:50:40.737+0000] {processor.py:830} INFO - Processing file /opt/airflow/dags/day_3_dag.py for tasks to queue
[2024-02-10T02:50:40.737+0000] {logging_mixin.py:188} INFO - [2024-02-10T02:50:40.737+0000] {dagbag.py:538} INFO - Filling up the DagBag from /opt/airflow/dags/day_3_dag.py
[2024-02-10T02:50:40.756+0000] {processor.py:840} INFO - DAG(s) 'day_3_dag' retrieved from /opt/airflow/dags/day_3_dag.py
[2024-02-10T02:50:40.785+0000] {logging_mixin.py:188} INFO - [2024-02-10T02:50:40.785+0000] {dag.py:3033} INFO - Sync 1 DAGs
[2024-02-10T02:50:40.813+0000] {logging_mixin.py:188} INFO - [2024-02-10T02:50:40.813+0000] {dag.py:3820} INFO - Setting next_dagrun for day_3_dag to 2024-01-03T18:00:00+00:00, run_after=2024-02-03T18:00:00+00:00
[2024-02-10T02:50:40.854+0000] {processor.py:183} INFO - Processing /opt/airflow/dags/day_3_dag.py took 0.128 seconds
[2024-02-10T02:51:11.184+0000] {processor.py:161} INFO - Started process (PID=382) to work on /opt/airflow/dags/day_3_dag.py
[2024-02-10T02:51:11.185+0000] {processor.py:830} INFO - Processing file /opt/airflow/dags/day_3_dag.py for tasks to queue
[2024-02-10T02:51:11.185+0000] {logging_mixin.py:188} INFO - [2024-02-10T02:51:11.185+0000] {dagbag.py:538} INFO - Filling up the DagBag from /opt/airflow/dags/day_3_dag.py
[2024-02-10T02:51:11.198+0000] {processor.py:840} INFO - DAG(s) 'day_3_dag' retrieved from /opt/airflow/dags/day_3_dag.py
[2024-02-10T02:51:11.224+0000] {logging_mixin.py:188} INFO - [2024-02-10T02:51:11.224+0000] {dag.py:3033} INFO - Sync 1 DAGs
[2024-02-10T02:51:11.249+0000] {logging_mixin.py:188} INFO - [2024-02-10T02:51:11.248+0000] {dag.py:3820} INFO - Setting next_dagrun for day_3_dag to 2024-01-03T18:00:00+00:00, run_after=2024-02-03T18:00:00+00:00
[2024-02-10T02:51:11.269+0000] {processor.py:183} INFO - Processing /opt/airflow/dags/day_3_dag.py took 0.089 seconds
[2024-02-10T02:51:41.682+0000] {processor.py:161} INFO - Started process (PID=419) to work on /opt/airflow/dags/day_3_dag.py
[2024-02-10T02:51:41.683+0000] {processor.py:830} INFO - Processing file /opt/airflow/dags/day_3_dag.py for tasks to queue
[2024-02-10T02:51:41.684+0000] {logging_mixin.py:188} INFO - [2024-02-10T02:51:41.683+0000] {dagbag.py:538} INFO - Filling up the DagBag from /opt/airflow/dags/day_3_dag.py
[2024-02-10T02:51:41.696+0000] {processor.py:840} INFO - DAG(s) 'day_3_dag' retrieved from /opt/airflow/dags/day_3_dag.py
[2024-02-10T02:51:41.719+0000] {logging_mixin.py:188} INFO - [2024-02-10T02:51:41.719+0000] {dag.py:3033} INFO - Sync 1 DAGs
[2024-02-10T02:51:41.736+0000] {logging_mixin.py:188} INFO - [2024-02-10T02:51:41.736+0000] {dag.py:3820} INFO - Setting next_dagrun for day_3_dag to 2024-01-03T18:00:00+00:00, run_after=2024-02-03T18:00:00+00:00
[2024-02-10T02:51:41.756+0000] {processor.py:183} INFO - Processing /opt/airflow/dags/day_3_dag.py took 0.077 seconds
[2024-02-10T02:52:12.089+0000] {processor.py:161} INFO - Started process (PID=469) to work on /opt/airflow/dags/day_3_dag.py
[2024-02-10T02:52:12.091+0000] {processor.py:830} INFO - Processing file /opt/airflow/dags/day_3_dag.py for tasks to queue
[2024-02-10T02:52:12.091+0000] {logging_mixin.py:188} INFO - [2024-02-10T02:52:12.091+0000] {dagbag.py:538} INFO - Filling up the DagBag from /opt/airflow/dags/day_3_dag.py
[2024-02-10T02:52:12.102+0000] {processor.py:840} INFO - DAG(s) 'day_3_dag' retrieved from /opt/airflow/dags/day_3_dag.py
[2024-02-10T02:52:12.121+0000] {logging_mixin.py:188} INFO - [2024-02-10T02:52:12.121+0000] {dag.py:3033} INFO - Sync 1 DAGs
[2024-02-10T02:52:12.139+0000] {logging_mixin.py:188} INFO - [2024-02-10T02:52:12.138+0000] {dag.py:3820} INFO - Setting next_dagrun for day_3_dag to 2024-01-03T18:00:00+00:00, run_after=2024-02-03T18:00:00+00:00
[2024-02-10T02:52:12.160+0000] {processor.py:183} INFO - Processing /opt/airflow/dags/day_3_dag.py took 0.074 seconds
[2024-02-10T02:52:42.420+0000] {processor.py:161} INFO - Started process (PID=506) to work on /opt/airflow/dags/day_3_dag.py
[2024-02-10T02:52:42.421+0000] {processor.py:830} INFO - Processing file /opt/airflow/dags/day_3_dag.py for tasks to queue
[2024-02-10T02:52:42.421+0000] {logging_mixin.py:188} INFO - [2024-02-10T02:52:42.421+0000] {dagbag.py:538} INFO - Filling up the DagBag from /opt/airflow/dags/day_3_dag.py
[2024-02-10T02:52:42.430+0000] {processor.py:840} INFO - DAG(s) 'day_3_dag' retrieved from /opt/airflow/dags/day_3_dag.py
[2024-02-10T02:52:42.450+0000] {logging_mixin.py:188} INFO - [2024-02-10T02:52:42.449+0000] {dag.py:3033} INFO - Sync 1 DAGs
[2024-02-10T02:52:42.467+0000] {logging_mixin.py:188} INFO - [2024-02-10T02:52:42.467+0000] {dag.py:3820} INFO - Setting next_dagrun for day_3_dag to 2024-01-03T18:00:00+00:00, run_after=2024-02-03T18:00:00+00:00
[2024-02-10T02:52:42.486+0000] {processor.py:183} INFO - Processing /opt/airflow/dags/day_3_dag.py took 0.069 seconds
[2024-02-10T02:53:12.882+0000] {processor.py:161} INFO - Started process (PID=552) to work on /opt/airflow/dags/day_3_dag.py
[2024-02-10T02:53:12.883+0000] {processor.py:830} INFO - Processing file /opt/airflow/dags/day_3_dag.py for tasks to queue
[2024-02-10T02:53:12.884+0000] {logging_mixin.py:188} INFO - [2024-02-10T02:53:12.884+0000] {dagbag.py:538} INFO - Filling up the DagBag from /opt/airflow/dags/day_3_dag.py
[2024-02-10T02:53:12.896+0000] {processor.py:840} INFO - DAG(s) 'day_3_dag' retrieved from /opt/airflow/dags/day_3_dag.py
[2024-02-10T02:53:12.922+0000] {logging_mixin.py:188} INFO - [2024-02-10T02:53:12.922+0000] {dag.py:3033} INFO - Sync 1 DAGs
[2024-02-10T02:53:12.948+0000] {logging_mixin.py:188} INFO - [2024-02-10T02:53:12.948+0000] {dag.py:3820} INFO - Setting next_dagrun for day_3_dag to 2024-01-03T18:00:00+00:00, run_after=2024-02-03T18:00:00+00:00
[2024-02-10T02:53:12.971+0000] {processor.py:183} INFO - Processing /opt/airflow/dags/day_3_dag.py took 0.092 seconds
[2024-02-10T02:53:43.211+0000] {processor.py:161} INFO - Started process (PID=588) to work on /opt/airflow/dags/day_3_dag.py
[2024-02-10T02:53:43.212+0000] {processor.py:830} INFO - Processing file /opt/airflow/dags/day_3_dag.py for tasks to queue
[2024-02-10T02:53:43.212+0000] {logging_mixin.py:188} INFO - [2024-02-10T02:53:43.212+0000] {dagbag.py:538} INFO - Filling up the DagBag from /opt/airflow/dags/day_3_dag.py
[2024-02-10T02:53:43.221+0000] {processor.py:840} INFO - DAG(s) 'day_3_dag' retrieved from /opt/airflow/dags/day_3_dag.py
[2024-02-10T02:53:43.242+0000] {logging_mixin.py:188} INFO - [2024-02-10T02:53:43.242+0000] {dag.py:3033} INFO - Sync 1 DAGs
[2024-02-10T02:53:43.260+0000] {logging_mixin.py:188} INFO - [2024-02-10T02:53:43.260+0000] {dag.py:3820} INFO - Setting next_dagrun for day_3_dag to 2024-01-03T18:00:00+00:00, run_after=2024-02-03T18:00:00+00:00
[2024-02-10T02:53:43.282+0000] {processor.py:183} INFO - Processing /opt/airflow/dags/day_3_dag.py took 0.074 seconds
[2024-02-10T02:54:13.622+0000] {processor.py:161} INFO - Started process (PID=628) to work on /opt/airflow/dags/day_3_dag.py
[2024-02-10T02:54:13.623+0000] {processor.py:830} INFO - Processing file /opt/airflow/dags/day_3_dag.py for tasks to queue
[2024-02-10T02:54:13.624+0000] {logging_mixin.py:188} INFO - [2024-02-10T02:54:13.624+0000] {dagbag.py:538} INFO - Filling up the DagBag from /opt/airflow/dags/day_3_dag.py
[2024-02-10T02:54:13.643+0000] {processor.py:840} INFO - DAG(s) 'day_3_dag' retrieved from /opt/airflow/dags/day_3_dag.py
[2024-02-10T02:54:13.740+0000] {logging_mixin.py:188} INFO - [2024-02-10T02:54:13.740+0000] {dag.py:3033} INFO - Sync 1 DAGs
[2024-02-10T02:54:13.804+0000] {logging_mixin.py:188} INFO - [2024-02-10T02:54:13.804+0000] {dag.py:3820} INFO - Setting next_dagrun for day_3_dag to 2024-01-03T18:00:00+00:00, run_after=2024-02-03T18:00:00+00:00
[2024-02-10T02:54:13.833+0000] {processor.py:183} INFO - Processing /opt/airflow/dags/day_3_dag.py took 0.215 seconds
[2024-02-10T02:54:44.216+0000] {processor.py:161} INFO - Started process (PID=669) to work on /opt/airflow/dags/day_3_dag.py
[2024-02-10T02:54:44.217+0000] {processor.py:830} INFO - Processing file /opt/airflow/dags/day_3_dag.py for tasks to queue
[2024-02-10T02:54:44.217+0000] {logging_mixin.py:188} INFO - [2024-02-10T02:54:44.217+0000] {dagbag.py:538} INFO - Filling up the DagBag from /opt/airflow/dags/day_3_dag.py
[2024-02-10T02:54:44.230+0000] {processor.py:840} INFO - DAG(s) 'day_3_dag' retrieved from /opt/airflow/dags/day_3_dag.py
[2024-02-10T02:54:44.254+0000] {logging_mixin.py:188} INFO - [2024-02-10T02:54:44.254+0000] {dag.py:3033} INFO - Sync 1 DAGs
[2024-02-10T02:54:44.273+0000] {logging_mixin.py:188} INFO - [2024-02-10T02:54:44.273+0000] {dag.py:3820} INFO - Setting next_dagrun for day_3_dag to 2024-01-03T18:00:00+00:00, run_after=2024-02-03T18:00:00+00:00
[2024-02-10T02:54:44.295+0000] {processor.py:183} INFO - Processing /opt/airflow/dags/day_3_dag.py took 0.082 seconds
[2024-02-10T02:55:14.688+0000] {processor.py:161} INFO - Started process (PID=705) to work on /opt/airflow/dags/day_3_dag.py
[2024-02-10T02:55:14.689+0000] {processor.py:830} INFO - Processing file /opt/airflow/dags/day_3_dag.py for tasks to queue
[2024-02-10T02:55:14.690+0000] {logging_mixin.py:188} INFO - [2024-02-10T02:55:14.689+0000] {dagbag.py:538} INFO - Filling up the DagBag from /opt/airflow/dags/day_3_dag.py
[2024-02-10T02:55:14.707+0000] {processor.py:840} INFO - DAG(s) 'day_3_dag' retrieved from /opt/airflow/dags/day_3_dag.py
[2024-02-10T02:55:14.764+0000] {logging_mixin.py:188} INFO - [2024-02-10T02:55:14.763+0000] {dag.py:3033} INFO - Sync 1 DAGs
[2024-02-10T02:55:14.794+0000] {logging_mixin.py:188} INFO - [2024-02-10T02:55:14.794+0000] {dag.py:3820} INFO - Setting next_dagrun for day_3_dag to 2024-01-03T18:00:00+00:00, run_after=2024-02-03T18:00:00+00:00
[2024-02-10T02:55:14.819+0000] {processor.py:183} INFO - Processing /opt/airflow/dags/day_3_dag.py took 0.136 seconds
[2024-02-10T02:55:45.028+0000] {processor.py:161} INFO - Started process (PID=746) to work on /opt/airflow/dags/day_3_dag.py
[2024-02-10T02:55:45.029+0000] {processor.py:830} INFO - Processing file /opt/airflow/dags/day_3_dag.py for tasks to queue
[2024-02-10T02:55:45.030+0000] {logging_mixin.py:188} INFO - [2024-02-10T02:55:45.030+0000] {dagbag.py:538} INFO - Filling up the DagBag from /opt/airflow/dags/day_3_dag.py
[2024-02-10T02:55:45.044+0000] {processor.py:840} INFO - DAG(s) 'day_3_dag' retrieved from /opt/airflow/dags/day_3_dag.py
[2024-02-10T02:55:45.071+0000] {logging_mixin.py:188} INFO - [2024-02-10T02:55:45.071+0000] {dag.py:3033} INFO - Sync 1 DAGs
[2024-02-10T02:55:45.108+0000] {logging_mixin.py:188} INFO - [2024-02-10T02:55:45.108+0000] {dag.py:3820} INFO - Setting next_dagrun for day_3_dag to 2024-01-03T18:00:00+00:00, run_after=2024-02-03T18:00:00+00:00
[2024-02-10T02:55:45.142+0000] {processor.py:183} INFO - Processing /opt/airflow/dags/day_3_dag.py took 0.119 seconds
[2024-02-10T02:56:15.508+0000] {processor.py:161} INFO - Started process (PID=784) to work on /opt/airflow/dags/day_3_dag.py
[2024-02-10T02:56:15.509+0000] {processor.py:830} INFO - Processing file /opt/airflow/dags/day_3_dag.py for tasks to queue
[2024-02-10T02:56:15.510+0000] {logging_mixin.py:188} INFO - [2024-02-10T02:56:15.509+0000] {dagbag.py:538} INFO - Filling up the DagBag from /opt/airflow/dags/day_3_dag.py
[2024-02-10T02:56:15.520+0000] {processor.py:840} INFO - DAG(s) 'day_3_dag' retrieved from /opt/airflow/dags/day_3_dag.py
[2024-02-10T02:56:15.539+0000] {logging_mixin.py:188} INFO - [2024-02-10T02:56:15.539+0000] {dag.py:3033} INFO - Sync 1 DAGs
[2024-02-10T02:56:15.558+0000] {logging_mixin.py:188} INFO - [2024-02-10T02:56:15.558+0000] {dag.py:3820} INFO - Setting next_dagrun for day_3_dag to 2024-01-03T18:00:00+00:00, run_after=2024-02-03T18:00:00+00:00
[2024-02-10T02:56:15.582+0000] {processor.py:183} INFO - Processing /opt/airflow/dags/day_3_dag.py took 0.077 seconds
[2024-02-10T02:56:45.914+0000] {processor.py:161} INFO - Started process (PID=830) to work on /opt/airflow/dags/day_3_dag.py
[2024-02-10T02:56:45.916+0000] {processor.py:830} INFO - Processing file /opt/airflow/dags/day_3_dag.py for tasks to queue
[2024-02-10T02:56:45.917+0000] {logging_mixin.py:188} INFO - [2024-02-10T02:56:45.916+0000] {dagbag.py:538} INFO - Filling up the DagBag from /opt/airflow/dags/day_3_dag.py
[2024-02-10T02:56:45.935+0000] {processor.py:840} INFO - DAG(s) 'day_3_dag' retrieved from /opt/airflow/dags/day_3_dag.py
[2024-02-10T02:56:45.963+0000] {logging_mixin.py:188} INFO - [2024-02-10T02:56:45.963+0000] {dag.py:3033} INFO - Sync 1 DAGs
[2024-02-10T02:56:45.990+0000] {logging_mixin.py:188} INFO - [2024-02-10T02:56:45.989+0000] {dag.py:3820} INFO - Setting next_dagrun for day_3_dag to 2024-01-03T18:00:00+00:00, run_after=2024-02-03T18:00:00+00:00
[2024-02-10T02:56:46.013+0000] {processor.py:183} INFO - Processing /opt/airflow/dags/day_3_dag.py took 0.102 seconds
[2024-02-10T02:57:16.312+0000] {processor.py:161} INFO - Started process (PID=867) to work on /opt/airflow/dags/day_3_dag.py
[2024-02-10T02:57:16.313+0000] {processor.py:830} INFO - Processing file /opt/airflow/dags/day_3_dag.py for tasks to queue
[2024-02-10T02:57:16.314+0000] {logging_mixin.py:188} INFO - [2024-02-10T02:57:16.314+0000] {dagbag.py:538} INFO - Filling up the DagBag from /opt/airflow/dags/day_3_dag.py
[2024-02-10T02:57:16.327+0000] {processor.py:840} INFO - DAG(s) 'day_3_dag' retrieved from /opt/airflow/dags/day_3_dag.py
[2024-02-10T02:57:16.356+0000] {logging_mixin.py:188} INFO - [2024-02-10T02:57:16.356+0000] {dag.py:3033} INFO - Sync 1 DAGs
[2024-02-10T02:57:16.381+0000] {logging_mixin.py:188} INFO - [2024-02-10T02:57:16.381+0000] {dag.py:3820} INFO - Setting next_dagrun for day_3_dag to 2024-01-03T18:00:00+00:00, run_after=2024-02-03T18:00:00+00:00
[2024-02-10T02:57:16.400+0000] {processor.py:183} INFO - Processing /opt/airflow/dags/day_3_dag.py took 0.091 seconds
[2024-02-10T02:57:46.727+0000] {processor.py:161} INFO - Started process (PID=906) to work on /opt/airflow/dags/day_3_dag.py
[2024-02-10T02:57:46.728+0000] {processor.py:830} INFO - Processing file /opt/airflow/dags/day_3_dag.py for tasks to queue
[2024-02-10T02:57:46.729+0000] {logging_mixin.py:188} INFO - [2024-02-10T02:57:46.728+0000] {dagbag.py:538} INFO - Filling up the DagBag from /opt/airflow/dags/day_3_dag.py
[2024-02-10T02:57:46.738+0000] {processor.py:840} INFO - DAG(s) 'day_3_dag' retrieved from /opt/airflow/dags/day_3_dag.py
[2024-02-10T02:57:46.758+0000] {logging_mixin.py:188} INFO - [2024-02-10T02:57:46.758+0000] {dag.py:3033} INFO - Sync 1 DAGs
[2024-02-10T02:57:46.775+0000] {logging_mixin.py:188} INFO - [2024-02-10T02:57:46.775+0000] {dag.py:3820} INFO - Setting next_dagrun for day_3_dag to 2024-01-03T18:00:00+00:00, run_after=2024-02-03T18:00:00+00:00
[2024-02-10T02:57:46.794+0000] {processor.py:183} INFO - Processing /opt/airflow/dags/day_3_dag.py took 0.069 seconds
[2024-02-10T02:58:17.004+0000] {processor.py:161} INFO - Started process (PID=949) to work on /opt/airflow/dags/day_3_dag.py
[2024-02-10T02:58:17.004+0000] {processor.py:830} INFO - Processing file /opt/airflow/dags/day_3_dag.py for tasks to queue
[2024-02-10T02:58:17.005+0000] {logging_mixin.py:188} INFO - [2024-02-10T02:58:17.005+0000] {dagbag.py:538} INFO - Filling up the DagBag from /opt/airflow/dags/day_3_dag.py
[2024-02-10T02:58:17.018+0000] {processor.py:840} INFO - DAG(s) 'day_3_dag' retrieved from /opt/airflow/dags/day_3_dag.py
[2024-02-10T02:58:17.046+0000] {logging_mixin.py:188} INFO - [2024-02-10T02:58:17.046+0000] {dag.py:3033} INFO - Sync 1 DAGs
[2024-02-10T02:58:17.078+0000] {logging_mixin.py:188} INFO - [2024-02-10T02:58:17.078+0000] {dag.py:3820} INFO - Setting next_dagrun for day_3_dag to 2024-01-03T18:00:00+00:00, run_after=2024-02-03T18:00:00+00:00
[2024-02-10T02:58:17.099+0000] {processor.py:183} INFO - Processing /opt/airflow/dags/day_3_dag.py took 0.099 seconds
[2024-02-10T02:58:47.467+0000] {processor.py:161} INFO - Started process (PID=987) to work on /opt/airflow/dags/day_3_dag.py
[2024-02-10T02:58:47.468+0000] {processor.py:830} INFO - Processing file /opt/airflow/dags/day_3_dag.py for tasks to queue
[2024-02-10T02:58:47.469+0000] {logging_mixin.py:188} INFO - [2024-02-10T02:58:47.469+0000] {dagbag.py:538} INFO - Filling up the DagBag from /opt/airflow/dags/day_3_dag.py
[2024-02-10T02:58:47.482+0000] {processor.py:840} INFO - DAG(s) 'day_3_dag' retrieved from /opt/airflow/dags/day_3_dag.py
[2024-02-10T02:58:47.509+0000] {logging_mixin.py:188} INFO - [2024-02-10T02:58:47.509+0000] {dag.py:3033} INFO - Sync 1 DAGs
[2024-02-10T02:58:47.535+0000] {logging_mixin.py:188} INFO - [2024-02-10T02:58:47.535+0000] {dag.py:3820} INFO - Setting next_dagrun for day_3_dag to 2024-01-03T18:00:00+00:00, run_after=2024-02-03T18:00:00+00:00
[2024-02-10T02:58:47.562+0000] {processor.py:183} INFO - Processing /opt/airflow/dags/day_3_dag.py took 0.098 seconds
[2024-02-10T02:59:17.970+0000] {processor.py:161} INFO - Started process (PID=1031) to work on /opt/airflow/dags/day_3_dag.py
[2024-02-10T02:59:17.975+0000] {processor.py:830} INFO - Processing file /opt/airflow/dags/day_3_dag.py for tasks to queue
[2024-02-10T02:59:17.975+0000] {logging_mixin.py:188} INFO - [2024-02-10T02:59:17.975+0000] {dagbag.py:538} INFO - Filling up the DagBag from /opt/airflow/dags/day_3_dag.py
[2024-02-10T02:59:17.996+0000] {processor.py:840} INFO - DAG(s) 'day_3_dag' retrieved from /opt/airflow/dags/day_3_dag.py
[2024-02-10T02:59:18.044+0000] {logging_mixin.py:188} INFO - [2024-02-10T02:59:18.044+0000] {dag.py:3033} INFO - Sync 1 DAGs
[2024-02-10T02:59:18.073+0000] {logging_mixin.py:188} INFO - [2024-02-10T02:59:18.073+0000] {dag.py:3820} INFO - Setting next_dagrun for day_3_dag to 2024-01-03T18:00:00+00:00, run_after=2024-02-03T18:00:00+00:00
[2024-02-10T02:59:18.114+0000] {processor.py:183} INFO - Processing /opt/airflow/dags/day_3_dag.py took 0.148 seconds
[2024-02-10T02:59:48.305+0000] {processor.py:161} INFO - Started process (PID=1068) to work on /opt/airflow/dags/day_3_dag.py
[2024-02-10T02:59:48.306+0000] {processor.py:830} INFO - Processing file /opt/airflow/dags/day_3_dag.py for tasks to queue
[2024-02-10T02:59:48.307+0000] {logging_mixin.py:188} INFO - [2024-02-10T02:59:48.307+0000] {dagbag.py:538} INFO - Filling up the DagBag from /opt/airflow/dags/day_3_dag.py
[2024-02-10T02:59:48.320+0000] {processor.py:840} INFO - DAG(s) 'day_3_dag' retrieved from /opt/airflow/dags/day_3_dag.py
[2024-02-10T02:59:48.347+0000] {logging_mixin.py:188} INFO - [2024-02-10T02:59:48.347+0000] {dag.py:3033} INFO - Sync 1 DAGs
[2024-02-10T02:59:48.371+0000] {logging_mixin.py:188} INFO - [2024-02-10T02:59:48.371+0000] {dag.py:3820} INFO - Setting next_dagrun for day_3_dag to 2024-01-03T18:00:00+00:00, run_after=2024-02-03T18:00:00+00:00
[2024-02-10T02:59:48.392+0000] {processor.py:183} INFO - Processing /opt/airflow/dags/day_3_dag.py took 0.091 seconds
[2024-02-10T03:00:18.789+0000] {processor.py:161} INFO - Started process (PID=1114) to work on /opt/airflow/dags/day_3_dag.py
[2024-02-10T03:00:18.791+0000] {processor.py:830} INFO - Processing file /opt/airflow/dags/day_3_dag.py for tasks to queue
[2024-02-10T03:00:18.792+0000] {logging_mixin.py:188} INFO - [2024-02-10T03:00:18.792+0000] {dagbag.py:538} INFO - Filling up the DagBag from /opt/airflow/dags/day_3_dag.py
[2024-02-10T03:00:18.805+0000] {processor.py:840} INFO - DAG(s) 'day_3_dag' retrieved from /opt/airflow/dags/day_3_dag.py
[2024-02-10T03:00:18.847+0000] {logging_mixin.py:188} INFO - [2024-02-10T03:00:18.847+0000] {dag.py:3033} INFO - Sync 1 DAGs
[2024-02-10T03:00:18.877+0000] {logging_mixin.py:188} INFO - [2024-02-10T03:00:18.876+0000] {dag.py:3820} INFO - Setting next_dagrun for day_3_dag to 2024-01-03T18:00:00+00:00, run_after=2024-02-03T18:00:00+00:00
[2024-02-10T03:00:18.916+0000] {processor.py:183} INFO - Processing /opt/airflow/dags/day_3_dag.py took 0.132 seconds
[2024-02-10T03:00:49.261+0000] {processor.py:161} INFO - Started process (PID=1155) to work on /opt/airflow/dags/day_3_dag.py
[2024-02-10T03:00:49.262+0000] {processor.py:830} INFO - Processing file /opt/airflow/dags/day_3_dag.py for tasks to queue
[2024-02-10T03:00:49.262+0000] {logging_mixin.py:188} INFO - [2024-02-10T03:00:49.262+0000] {dagbag.py:538} INFO - Filling up the DagBag from /opt/airflow/dags/day_3_dag.py
[2024-02-10T03:00:49.271+0000] {processor.py:840} INFO - DAG(s) 'day_3_dag' retrieved from /opt/airflow/dags/day_3_dag.py
[2024-02-10T03:00:49.290+0000] {logging_mixin.py:188} INFO - [2024-02-10T03:00:49.290+0000] {dag.py:3033} INFO - Sync 1 DAGs
[2024-02-10T03:00:49.308+0000] {logging_mixin.py:188} INFO - [2024-02-10T03:00:49.308+0000] {dag.py:3820} INFO - Setting next_dagrun for day_3_dag to 2024-01-03T18:00:00+00:00, run_after=2024-02-03T18:00:00+00:00
[2024-02-10T03:00:49.327+0000] {processor.py:183} INFO - Processing /opt/airflow/dags/day_3_dag.py took 0.069 seconds
[2024-02-10T03:01:19.595+0000] {processor.py:161} INFO - Started process (PID=1193) to work on /opt/airflow/dags/day_3_dag.py
[2024-02-10T03:01:19.595+0000] {processor.py:830} INFO - Processing file /opt/airflow/dags/day_3_dag.py for tasks to queue
[2024-02-10T03:01:19.596+0000] {logging_mixin.py:188} INFO - [2024-02-10T03:01:19.596+0000] {dagbag.py:538} INFO - Filling up the DagBag from /opt/airflow/dags/day_3_dag.py
[2024-02-10T03:01:19.605+0000] {processor.py:840} INFO - DAG(s) 'day_3_dag' retrieved from /opt/airflow/dags/day_3_dag.py
[2024-02-10T03:01:19.626+0000] {logging_mixin.py:188} INFO - [2024-02-10T03:01:19.626+0000] {dag.py:3033} INFO - Sync 1 DAGs
[2024-02-10T03:01:19.644+0000] {logging_mixin.py:188} INFO - [2024-02-10T03:01:19.644+0000] {dag.py:3820} INFO - Setting next_dagrun for day_3_dag to 2024-01-03T18:00:00+00:00, run_after=2024-02-03T18:00:00+00:00
[2024-02-10T03:01:19.663+0000] {processor.py:183} INFO - Processing /opt/airflow/dags/day_3_dag.py took 0.070 seconds
[2024-02-10T03:01:49.923+0000] {processor.py:161} INFO - Started process (PID=1236) to work on /opt/airflow/dags/day_3_dag.py
[2024-02-10T03:01:49.924+0000] {processor.py:830} INFO - Processing file /opt/airflow/dags/day_3_dag.py for tasks to queue
[2024-02-10T03:01:49.925+0000] {logging_mixin.py:188} INFO - [2024-02-10T03:01:49.924+0000] {dagbag.py:538} INFO - Filling up the DagBag from /opt/airflow/dags/day_3_dag.py
[2024-02-10T03:01:49.937+0000] {processor.py:840} INFO - DAG(s) 'day_3_dag' retrieved from /opt/airflow/dags/day_3_dag.py
[2024-02-10T03:01:49.982+0000] {logging_mixin.py:188} INFO - [2024-02-10T03:01:49.982+0000] {dag.py:3033} INFO - Sync 1 DAGs
[2024-02-10T03:01:50.009+0000] {logging_mixin.py:188} INFO - [2024-02-10T03:01:50.009+0000] {dag.py:3820} INFO - Setting next_dagrun for day_3_dag to 2024-01-03T18:00:00+00:00, run_after=2024-02-03T18:00:00+00:00
[2024-02-10T03:01:50.031+0000] {processor.py:183} INFO - Processing /opt/airflow/dags/day_3_dag.py took 0.112 seconds
[2024-02-10T03:02:20.367+0000] {processor.py:161} INFO - Started process (PID=1275) to work on /opt/airflow/dags/day_3_dag.py
[2024-02-10T03:02:20.367+0000] {processor.py:830} INFO - Processing file /opt/airflow/dags/day_3_dag.py for tasks to queue
[2024-02-10T03:02:20.368+0000] {logging_mixin.py:188} INFO - [2024-02-10T03:02:20.368+0000] {dagbag.py:538} INFO - Filling up the DagBag from /opt/airflow/dags/day_3_dag.py
[2024-02-10T03:02:20.377+0000] {processor.py:840} INFO - DAG(s) 'day_3_dag' retrieved from /opt/airflow/dags/day_3_dag.py
[2024-02-10T03:02:20.396+0000] {logging_mixin.py:188} INFO - [2024-02-10T03:02:20.396+0000] {dag.py:3033} INFO - Sync 1 DAGs
[2024-02-10T03:02:20.413+0000] {logging_mixin.py:188} INFO - [2024-02-10T03:02:20.413+0000] {dag.py:3820} INFO - Setting next_dagrun for day_3_dag to 2024-01-03T18:00:00+00:00, run_after=2024-02-03T18:00:00+00:00
[2024-02-10T03:02:20.434+0000] {processor.py:183} INFO - Processing /opt/airflow/dags/day_3_dag.py took 0.070 seconds
[2024-02-10T03:02:50.826+0000] {processor.py:161} INFO - Started process (PID=1321) to work on /opt/airflow/dags/day_3_dag.py
[2024-02-10T03:02:50.827+0000] {processor.py:830} INFO - Processing file /opt/airflow/dags/day_3_dag.py for tasks to queue
[2024-02-10T03:02:50.827+0000] {logging_mixin.py:188} INFO - [2024-02-10T03:02:50.827+0000] {dagbag.py:538} INFO - Filling up the DagBag from /opt/airflow/dags/day_3_dag.py
[2024-02-10T03:02:50.850+0000] {processor.py:840} INFO - DAG(s) 'day_3_dag' retrieved from /opt/airflow/dags/day_3_dag.py
[2024-02-10T03:02:50.904+0000] {logging_mixin.py:188} INFO - [2024-02-10T03:02:50.904+0000] {dag.py:3033} INFO - Sync 1 DAGs
[2024-02-10T03:02:50.934+0000] {logging_mixin.py:188} INFO - [2024-02-10T03:02:50.934+0000] {dag.py:3820} INFO - Setting next_dagrun for day_3_dag to 2024-01-03T18:00:00+00:00, run_after=2024-02-03T18:00:00+00:00
[2024-02-10T03:02:50.966+0000] {processor.py:183} INFO - Processing /opt/airflow/dags/day_3_dag.py took 0.165 seconds
[2024-02-10T03:03:21.300+0000] {processor.py:161} INFO - Started process (PID=1357) to work on /opt/airflow/dags/day_3_dag.py
[2024-02-10T03:03:21.301+0000] {processor.py:830} INFO - Processing file /opt/airflow/dags/day_3_dag.py for tasks to queue
[2024-02-10T03:03:21.302+0000] {logging_mixin.py:188} INFO - [2024-02-10T03:03:21.302+0000] {dagbag.py:538} INFO - Filling up the DagBag from /opt/airflow/dags/day_3_dag.py
[2024-02-10T03:03:21.316+0000] {processor.py:840} INFO - DAG(s) 'day_3_dag' retrieved from /opt/airflow/dags/day_3_dag.py
[2024-02-10T03:03:21.354+0000] {logging_mixin.py:188} INFO - [2024-02-10T03:03:21.354+0000] {dag.py:3033} INFO - Sync 1 DAGs
[2024-02-10T03:03:21.377+0000] {logging_mixin.py:188} INFO - [2024-02-10T03:03:21.377+0000] {dag.py:3820} INFO - Setting next_dagrun for day_3_dag to 2024-01-03T18:00:00+00:00, run_after=2024-02-03T18:00:00+00:00
[2024-02-10T03:03:21.396+0000] {processor.py:183} INFO - Processing /opt/airflow/dags/day_3_dag.py took 0.101 seconds
[2024-02-10T03:03:51.713+0000] {processor.py:161} INFO - Started process (PID=1395) to work on /opt/airflow/dags/day_3_dag.py
[2024-02-10T03:03:51.714+0000] {processor.py:830} INFO - Processing file /opt/airflow/dags/day_3_dag.py for tasks to queue
[2024-02-10T03:03:51.714+0000] {logging_mixin.py:188} INFO - [2024-02-10T03:03:51.714+0000] {dagbag.py:538} INFO - Filling up the DagBag from /opt/airflow/dags/day_3_dag.py
[2024-02-10T03:03:51.723+0000] {processor.py:840} INFO - DAG(s) 'day_3_dag' retrieved from /opt/airflow/dags/day_3_dag.py
[2024-02-10T03:03:51.745+0000] {logging_mixin.py:188} INFO - [2024-02-10T03:03:51.745+0000] {dag.py:3033} INFO - Sync 1 DAGs
[2024-02-10T03:03:51.762+0000] {logging_mixin.py:188} INFO - [2024-02-10T03:03:51.762+0000] {dag.py:3820} INFO - Setting next_dagrun for day_3_dag to 2024-01-03T18:00:00+00:00, run_after=2024-02-03T18:00:00+00:00
[2024-02-10T03:03:51.782+0000] {processor.py:183} INFO - Processing /opt/airflow/dags/day_3_dag.py took 0.071 seconds
[2024-02-10T03:04:22.082+0000] {processor.py:161} INFO - Started process (PID=1442) to work on /opt/airflow/dags/day_3_dag.py
[2024-02-10T03:04:22.083+0000] {processor.py:830} INFO - Processing file /opt/airflow/dags/day_3_dag.py for tasks to queue
[2024-02-10T03:04:22.084+0000] {logging_mixin.py:188} INFO - [2024-02-10T03:04:22.084+0000] {dagbag.py:538} INFO - Filling up the DagBag from /opt/airflow/dags/day_3_dag.py
[2024-02-10T03:04:22.093+0000] {processor.py:840} INFO - DAG(s) 'day_3_dag' retrieved from /opt/airflow/dags/day_3_dag.py
[2024-02-10T03:04:22.112+0000] {logging_mixin.py:188} INFO - [2024-02-10T03:04:22.112+0000] {dag.py:3033} INFO - Sync 1 DAGs
[2024-02-10T03:04:22.129+0000] {logging_mixin.py:188} INFO - [2024-02-10T03:04:22.129+0000] {dag.py:3820} INFO - Setting next_dagrun for day_3_dag to 2024-01-03T18:00:00+00:00, run_after=2024-02-03T18:00:00+00:00
[2024-02-10T03:04:22.149+0000] {processor.py:183} INFO - Processing /opt/airflow/dags/day_3_dag.py took 0.069 seconds
[2024-02-10T03:04:52.371+0000] {processor.py:161} INFO - Started process (PID=1477) to work on /opt/airflow/dags/day_3_dag.py
[2024-02-10T03:04:52.372+0000] {processor.py:830} INFO - Processing file /opt/airflow/dags/day_3_dag.py for tasks to queue
[2024-02-10T03:04:52.372+0000] {logging_mixin.py:188} INFO - [2024-02-10T03:04:52.372+0000] {dagbag.py:538} INFO - Filling up the DagBag from /opt/airflow/dags/day_3_dag.py
[2024-02-10T03:04:52.385+0000] {processor.py:840} INFO - DAG(s) 'day_3_dag' retrieved from /opt/airflow/dags/day_3_dag.py
[2024-02-10T03:04:52.412+0000] {logging_mixin.py:188} INFO - [2024-02-10T03:04:52.412+0000] {dag.py:3033} INFO - Sync 1 DAGs
[2024-02-10T03:04:52.435+0000] {logging_mixin.py:188} INFO - [2024-02-10T03:04:52.435+0000] {dag.py:3820} INFO - Setting next_dagrun for day_3_dag to 2024-01-03T18:00:00+00:00, run_after=2024-02-03T18:00:00+00:00
[2024-02-10T03:04:52.457+0000] {processor.py:183} INFO - Processing /opt/airflow/dags/day_3_dag.py took 0.090 seconds
[2024-02-10T03:05:23.016+0000] {processor.py:161} INFO - Started process (PID=1526) to work on /opt/airflow/dags/day_3_dag.py
[2024-02-10T03:05:23.017+0000] {processor.py:830} INFO - Processing file /opt/airflow/dags/day_3_dag.py for tasks to queue
[2024-02-10T03:05:23.018+0000] {logging_mixin.py:188} INFO - [2024-02-10T03:05:23.018+0000] {dagbag.py:538} INFO - Filling up the DagBag from /opt/airflow/dags/day_3_dag.py
[2024-02-10T03:05:23.030+0000] {processor.py:840} INFO - DAG(s) 'day_3_dag' retrieved from /opt/airflow/dags/day_3_dag.py
[2024-02-10T03:05:23.057+0000] {logging_mixin.py:188} INFO - [2024-02-10T03:05:23.056+0000] {dag.py:3033} INFO - Sync 1 DAGs
[2024-02-10T03:05:23.106+0000] {logging_mixin.py:188} INFO - [2024-02-10T03:05:23.105+0000] {dag.py:3820} INFO - Setting next_dagrun for day_3_dag to 2024-01-03T18:00:00+00:00, run_after=2024-02-03T18:00:00+00:00
[2024-02-10T03:05:23.128+0000] {processor.py:183} INFO - Processing /opt/airflow/dags/day_3_dag.py took 0.116 seconds
[2024-02-10T03:05:53.299+0000] {processor.py:161} INFO - Started process (PID=1562) to work on /opt/airflow/dags/day_3_dag.py
[2024-02-10T03:05:53.300+0000] {processor.py:830} INFO - Processing file /opt/airflow/dags/day_3_dag.py for tasks to queue
[2024-02-10T03:05:53.301+0000] {logging_mixin.py:188} INFO - [2024-02-10T03:05:53.301+0000] {dagbag.py:538} INFO - Filling up the DagBag from /opt/airflow/dags/day_3_dag.py
[2024-02-10T03:05:53.313+0000] {processor.py:840} INFO - DAG(s) 'day_3_dag' retrieved from /opt/airflow/dags/day_3_dag.py
[2024-02-10T03:05:53.341+0000] {logging_mixin.py:188} INFO - [2024-02-10T03:05:53.340+0000] {dag.py:3033} INFO - Sync 1 DAGs
[2024-02-10T03:05:53.365+0000] {logging_mixin.py:188} INFO - [2024-02-10T03:05:53.365+0000] {dag.py:3820} INFO - Setting next_dagrun for day_3_dag to 2024-01-03T18:00:00+00:00, run_after=2024-02-03T18:00:00+00:00
[2024-02-10T03:05:53.386+0000] {processor.py:183} INFO - Processing /opt/airflow/dags/day_3_dag.py took 0.090 seconds
[2024-02-10T03:06:23.791+0000] {processor.py:161} INFO - Started process (PID=1606) to work on /opt/airflow/dags/day_3_dag.py
[2024-02-10T03:06:23.796+0000] {processor.py:830} INFO - Processing file /opt/airflow/dags/day_3_dag.py for tasks to queue
[2024-02-10T03:06:23.797+0000] {logging_mixin.py:188} INFO - [2024-02-10T03:06:23.796+0000] {dagbag.py:538} INFO - Filling up the DagBag from /opt/airflow/dags/day_3_dag.py
[2024-02-10T03:06:23.814+0000] {processor.py:840} INFO - DAG(s) 'day_3_dag' retrieved from /opt/airflow/dags/day_3_dag.py
[2024-02-10T03:06:23.858+0000] {logging_mixin.py:188} INFO - [2024-02-10T03:06:23.857+0000] {dag.py:3033} INFO - Sync 1 DAGs
[2024-02-10T03:06:23.886+0000] {logging_mixin.py:188} INFO - [2024-02-10T03:06:23.886+0000] {dag.py:3820} INFO - Setting next_dagrun for day_3_dag to 2024-01-03T18:00:00+00:00, run_after=2024-02-03T18:00:00+00:00
[2024-02-10T03:06:23.911+0000] {processor.py:183} INFO - Processing /opt/airflow/dags/day_3_dag.py took 0.126 seconds
[2024-02-10T03:06:54.170+0000] {processor.py:161} INFO - Started process (PID=1643) to work on /opt/airflow/dags/day_3_dag.py
[2024-02-10T03:06:54.171+0000] {processor.py:830} INFO - Processing file /opt/airflow/dags/day_3_dag.py for tasks to queue
[2024-02-10T03:06:54.172+0000] {logging_mixin.py:188} INFO - [2024-02-10T03:06:54.171+0000] {dagbag.py:538} INFO - Filling up the DagBag from /opt/airflow/dags/day_3_dag.py
[2024-02-10T03:06:54.185+0000] {processor.py:840} INFO - DAG(s) 'day_3_dag' retrieved from /opt/airflow/dags/day_3_dag.py
[2024-02-10T03:06:54.210+0000] {logging_mixin.py:188} INFO - [2024-02-10T03:06:54.210+0000] {dag.py:3033} INFO - Sync 1 DAGs
[2024-02-10T03:06:54.228+0000] {logging_mixin.py:188} INFO - [2024-02-10T03:06:54.228+0000] {dag.py:3820} INFO - Setting next_dagrun for day_3_dag to 2024-01-03T18:00:00+00:00, run_after=2024-02-03T18:00:00+00:00
[2024-02-10T03:06:54.248+0000] {processor.py:183} INFO - Processing /opt/airflow/dags/day_3_dag.py took 0.082 seconds
[2024-02-10T03:07:24.635+0000] {processor.py:161} INFO - Started process (PID=1679) to work on /opt/airflow/dags/day_3_dag.py
[2024-02-10T03:07:24.636+0000] {processor.py:830} INFO - Processing file /opt/airflow/dags/day_3_dag.py for tasks to queue
[2024-02-10T03:07:24.637+0000] {logging_mixin.py:188} INFO - [2024-02-10T03:07:24.636+0000] {dagbag.py:538} INFO - Filling up the DagBag from /opt/airflow/dags/day_3_dag.py
[2024-02-10T03:07:24.646+0000] {processor.py:840} INFO - DAG(s) 'day_3_dag' retrieved from /opt/airflow/dags/day_3_dag.py
[2024-02-10T03:07:24.665+0000] {logging_mixin.py:188} INFO - [2024-02-10T03:07:24.665+0000] {dag.py:3033} INFO - Sync 1 DAGs
[2024-02-10T03:07:24.687+0000] {logging_mixin.py:188} INFO - [2024-02-10T03:07:24.687+0000] {dag.py:3820} INFO - Setting next_dagrun for day_3_dag to 2024-01-03T18:00:00+00:00, run_after=2024-02-03T18:00:00+00:00
[2024-02-10T03:07:24.716+0000] {processor.py:183} INFO - Processing /opt/airflow/dags/day_3_dag.py took 0.085 seconds
[2024-02-10T03:07:55.198+0000] {processor.py:161} INFO - Started process (PID=1723) to work on /opt/airflow/dags/day_3_dag.py
[2024-02-10T03:07:55.204+0000] {processor.py:830} INFO - Processing file /opt/airflow/dags/day_3_dag.py for tasks to queue
[2024-02-10T03:07:55.205+0000] {logging_mixin.py:188} INFO - [2024-02-10T03:07:55.205+0000] {dagbag.py:538} INFO - Filling up the DagBag from /opt/airflow/dags/day_3_dag.py
[2024-02-10T03:07:55.224+0000] {processor.py:840} INFO - DAG(s) 'day_3_dag' retrieved from /opt/airflow/dags/day_3_dag.py
[2024-02-10T03:07:55.304+0000] {logging_mixin.py:188} INFO - [2024-02-10T03:07:55.304+0000] {dag.py:3033} INFO - Sync 1 DAGs
[2024-02-10T03:07:55.335+0000] {logging_mixin.py:188} INFO - [2024-02-10T03:07:55.335+0000] {dag.py:3820} INFO - Setting next_dagrun for day_3_dag to 2024-01-03T18:00:00+00:00, run_after=2024-02-03T18:00:00+00:00
[2024-02-10T03:07:55.358+0000] {processor.py:183} INFO - Processing /opt/airflow/dags/day_3_dag.py took 0.164 seconds
[2024-02-10T03:08:25.776+0000] {processor.py:161} INFO - Started process (PID=1759) to work on /opt/airflow/dags/day_3_dag.py
[2024-02-10T03:08:25.777+0000] {processor.py:830} INFO - Processing file /opt/airflow/dags/day_3_dag.py for tasks to queue
[2024-02-10T03:08:25.778+0000] {logging_mixin.py:188} INFO - [2024-02-10T03:08:25.778+0000] {dagbag.py:538} INFO - Filling up the DagBag from /opt/airflow/dags/day_3_dag.py
[2024-02-10T03:08:25.792+0000] {processor.py:840} INFO - DAG(s) 'day_3_dag' retrieved from /opt/airflow/dags/day_3_dag.py
[2024-02-10T03:08:25.827+0000] {logging_mixin.py:188} INFO - [2024-02-10T03:08:25.827+0000] {dag.py:3033} INFO - Sync 1 DAGs
[2024-02-10T03:08:25.848+0000] {logging_mixin.py:188} INFO - [2024-02-10T03:08:25.848+0000] {dag.py:3820} INFO - Setting next_dagrun for day_3_dag to 2024-01-03T18:00:00+00:00, run_after=2024-02-03T18:00:00+00:00
[2024-02-10T03:08:25.869+0000] {processor.py:183} INFO - Processing /opt/airflow/dags/day_3_dag.py took 0.096 seconds
[2024-02-10T03:08:56.206+0000] {processor.py:161} INFO - Started process (PID=1796) to work on /opt/airflow/dags/day_3_dag.py
[2024-02-10T03:08:56.207+0000] {processor.py:830} INFO - Processing file /opt/airflow/dags/day_3_dag.py for tasks to queue
[2024-02-10T03:08:56.208+0000] {logging_mixin.py:188} INFO - [2024-02-10T03:08:56.208+0000] {dagbag.py:538} INFO - Filling up the DagBag from /opt/airflow/dags/day_3_dag.py
[2024-02-10T03:08:56.229+0000] {processor.py:840} INFO - DAG(s) 'day_3_dag' retrieved from /opt/airflow/dags/day_3_dag.py
[2024-02-10T03:08:56.261+0000] {logging_mixin.py:188} INFO - [2024-02-10T03:08:56.261+0000] {dag.py:3033} INFO - Sync 1 DAGs
[2024-02-10T03:08:56.293+0000] {logging_mixin.py:188} INFO - [2024-02-10T03:08:56.292+0000] {dag.py:3820} INFO - Setting next_dagrun for day_3_dag to 2024-01-03T18:00:00+00:00, run_after=2024-02-03T18:00:00+00:00
[2024-02-10T03:08:56.315+0000] {processor.py:183} INFO - Processing /opt/airflow/dags/day_3_dag.py took 0.112 seconds
[2024-02-10T03:09:26.947+0000] {processor.py:161} INFO - Started process (PID=1843) to work on /opt/airflow/dags/day_3_dag.py
[2024-02-10T03:09:26.949+0000] {processor.py:830} INFO - Processing file /opt/airflow/dags/day_3_dag.py for tasks to queue
[2024-02-10T03:09:26.950+0000] {logging_mixin.py:188} INFO - [2024-02-10T03:09:26.949+0000] {dagbag.py:538} INFO - Filling up the DagBag from /opt/airflow/dags/day_3_dag.py
[2024-02-10T03:09:26.963+0000] {processor.py:840} INFO - DAG(s) 'day_3_dag' retrieved from /opt/airflow/dags/day_3_dag.py
[2024-02-10T03:09:26.991+0000] {logging_mixin.py:188} INFO - [2024-02-10T03:09:26.991+0000] {dag.py:3033} INFO - Sync 1 DAGs
[2024-02-10T03:09:27.019+0000] {logging_mixin.py:188} INFO - [2024-02-10T03:09:27.019+0000] {dag.py:3820} INFO - Setting next_dagrun for day_3_dag to 2024-01-03T18:00:00+00:00, run_after=2024-02-03T18:00:00+00:00
[2024-02-10T03:09:27.043+0000] {processor.py:183} INFO - Processing /opt/airflow/dags/day_3_dag.py took 0.106 seconds
[2024-02-10T03:09:57.227+0000] {processor.py:161} INFO - Started process (PID=1877) to work on /opt/airflow/dags/day_3_dag.py
[2024-02-10T03:09:57.228+0000] {processor.py:830} INFO - Processing file /opt/airflow/dags/day_3_dag.py for tasks to queue
[2024-02-10T03:09:57.229+0000] {logging_mixin.py:188} INFO - [2024-02-10T03:09:57.229+0000] {dagbag.py:538} INFO - Filling up the DagBag from /opt/airflow/dags/day_3_dag.py
[2024-02-10T03:09:57.242+0000] {processor.py:840} INFO - DAG(s) 'day_3_dag' retrieved from /opt/airflow/dags/day_3_dag.py
[2024-02-10T03:09:57.271+0000] {logging_mixin.py:188} INFO - [2024-02-10T03:09:57.271+0000] {dag.py:3033} INFO - Sync 1 DAGs
[2024-02-10T03:09:57.294+0000] {logging_mixin.py:188} INFO - [2024-02-10T03:09:57.294+0000] {dag.py:3820} INFO - Setting next_dagrun for day_3_dag to 2024-01-03T18:00:00+00:00, run_after=2024-02-03T18:00:00+00:00
[2024-02-10T03:09:57.314+0000] {processor.py:183} INFO - Processing /opt/airflow/dags/day_3_dag.py took 0.091 seconds
[2024-02-10T03:10:27.651+0000] {processor.py:161} INFO - Started process (PID=1914) to work on /opt/airflow/dags/day_3_dag.py
[2024-02-10T03:10:27.663+0000] {processor.py:830} INFO - Processing file /opt/airflow/dags/day_3_dag.py for tasks to queue
[2024-02-10T03:10:27.667+0000] {logging_mixin.py:188} INFO - [2024-02-10T03:10:27.666+0000] {dagbag.py:538} INFO - Filling up the DagBag from /opt/airflow/dags/day_3_dag.py
[2024-02-10T03:10:27.717+0000] {processor.py:840} INFO - DAG(s) 'day_3_dag' retrieved from /opt/airflow/dags/day_3_dag.py
[2024-02-10T03:10:27.778+0000] {logging_mixin.py:188} INFO - [2024-02-10T03:10:27.778+0000] {dag.py:3033} INFO - Sync 1 DAGs
[2024-02-10T03:10:27.803+0000] {logging_mixin.py:188} INFO - [2024-02-10T03:10:27.803+0000] {dag.py:3820} INFO - Setting next_dagrun for day_3_dag to 2024-01-03T18:00:00+00:00, run_after=2024-02-03T18:00:00+00:00
[2024-02-10T03:10:27.830+0000] {processor.py:183} INFO - Processing /opt/airflow/dags/day_3_dag.py took 0.182 seconds
[2024-02-10T03:10:58.110+0000] {processor.py:161} INFO - Started process (PID=1962) to work on /opt/airflow/dags/day_3_dag.py
[2024-02-10T03:10:58.111+0000] {processor.py:830} INFO - Processing file /opt/airflow/dags/day_3_dag.py for tasks to queue
[2024-02-10T03:10:58.111+0000] {logging_mixin.py:188} INFO - [2024-02-10T03:10:58.111+0000] {dagbag.py:538} INFO - Filling up the DagBag from /opt/airflow/dags/day_3_dag.py
[2024-02-10T03:10:58.120+0000] {processor.py:840} INFO - DAG(s) 'day_3_dag' retrieved from /opt/airflow/dags/day_3_dag.py
[2024-02-10T03:10:58.140+0000] {logging_mixin.py:188} INFO - [2024-02-10T03:10:58.140+0000] {dag.py:3033} INFO - Sync 1 DAGs
[2024-02-10T03:10:58.160+0000] {logging_mixin.py:188} INFO - [2024-02-10T03:10:58.160+0000] {dag.py:3820} INFO - Setting next_dagrun for day_3_dag to 2024-01-03T18:00:00+00:00, run_after=2024-02-03T18:00:00+00:00
[2024-02-10T03:10:58.180+0000] {processor.py:183} INFO - Processing /opt/airflow/dags/day_3_dag.py took 0.072 seconds
[2024-02-10T03:11:28.426+0000] {processor.py:161} INFO - Started process (PID=1997) to work on /opt/airflow/dags/day_3_dag.py
[2024-02-10T03:11:28.427+0000] {processor.py:830} INFO - Processing file /opt/airflow/dags/day_3_dag.py for tasks to queue
[2024-02-10T03:11:28.428+0000] {logging_mixin.py:188} INFO - [2024-02-10T03:11:28.427+0000] {dagbag.py:538} INFO - Filling up the DagBag from /opt/airflow/dags/day_3_dag.py
[2024-02-10T03:11:28.441+0000] {processor.py:840} INFO - DAG(s) 'day_3_dag' retrieved from /opt/airflow/dags/day_3_dag.py
[2024-02-10T03:11:28.469+0000] {logging_mixin.py:188} INFO - [2024-02-10T03:11:28.468+0000] {dag.py:3033} INFO - Sync 1 DAGs
[2024-02-10T03:11:28.493+0000] {logging_mixin.py:188} INFO - [2024-02-10T03:11:28.493+0000] {dag.py:3820} INFO - Setting next_dagrun for day_3_dag to 2024-01-03T18:00:00+00:00, run_after=2024-02-03T18:00:00+00:00
[2024-02-10T03:11:28.514+0000] {processor.py:183} INFO - Processing /opt/airflow/dags/day_3_dag.py took 0.092 seconds
[2024-02-10T03:11:58.900+0000] {processor.py:161} INFO - Started process (PID=2043) to work on /opt/airflow/dags/day_3_dag.py
[2024-02-10T03:11:58.901+0000] {processor.py:830} INFO - Processing file /opt/airflow/dags/day_3_dag.py for tasks to queue
[2024-02-10T03:11:58.903+0000] {logging_mixin.py:188} INFO - [2024-02-10T03:11:58.903+0000] {dagbag.py:538} INFO - Filling up the DagBag from /opt/airflow/dags/day_3_dag.py
[2024-02-10T03:11:58.935+0000] {processor.py:840} INFO - DAG(s) 'day_3_dag' retrieved from /opt/airflow/dags/day_3_dag.py
[2024-02-10T03:11:58.992+0000] {logging_mixin.py:188} INFO - [2024-02-10T03:11:58.991+0000] {dag.py:3033} INFO - Sync 1 DAGs
[2024-02-10T03:11:59.019+0000] {logging_mixin.py:188} INFO - [2024-02-10T03:11:59.019+0000] {dag.py:3820} INFO - Setting next_dagrun for day_3_dag to 2024-01-03T18:00:00+00:00, run_after=2024-02-03T18:00:00+00:00
[2024-02-10T03:11:59.043+0000] {processor.py:183} INFO - Processing /opt/airflow/dags/day_3_dag.py took 0.146 seconds
[2024-02-10T03:12:29.423+0000] {processor.py:161} INFO - Started process (PID=2082) to work on /opt/airflow/dags/day_3_dag.py
[2024-02-10T03:12:29.423+0000] {processor.py:830} INFO - Processing file /opt/airflow/dags/day_3_dag.py for tasks to queue
[2024-02-10T03:12:29.424+0000] {logging_mixin.py:188} INFO - [2024-02-10T03:12:29.424+0000] {dagbag.py:538} INFO - Filling up the DagBag from /opt/airflow/dags/day_3_dag.py
[2024-02-10T03:12:29.433+0000] {processor.py:840} INFO - DAG(s) 'day_3_dag' retrieved from /opt/airflow/dags/day_3_dag.py
[2024-02-10T03:12:29.452+0000] {logging_mixin.py:188} INFO - [2024-02-10T03:12:29.452+0000] {dag.py:3033} INFO - Sync 1 DAGs
[2024-02-10T03:12:29.469+0000] {logging_mixin.py:188} INFO - [2024-02-10T03:12:29.469+0000] {dag.py:3820} INFO - Setting next_dagrun for day_3_dag to 2024-01-03T18:00:00+00:00, run_after=2024-02-03T18:00:00+00:00
[2024-02-10T03:12:29.489+0000] {processor.py:183} INFO - Processing /opt/airflow/dags/day_3_dag.py took 0.069 seconds
[2024-02-10T03:12:59.776+0000] {processor.py:161} INFO - Started process (PID=2118) to work on /opt/airflow/dags/day_3_dag.py
[2024-02-10T03:12:59.777+0000] {processor.py:830} INFO - Processing file /opt/airflow/dags/day_3_dag.py for tasks to queue
[2024-02-10T03:12:59.777+0000] {logging_mixin.py:188} INFO - [2024-02-10T03:12:59.777+0000] {dagbag.py:538} INFO - Filling up the DagBag from /opt/airflow/dags/day_3_dag.py
[2024-02-10T03:12:59.786+0000] {processor.py:840} INFO - DAG(s) 'day_3_dag' retrieved from /opt/airflow/dags/day_3_dag.py
[2024-02-10T03:12:59.806+0000] {logging_mixin.py:188} INFO - [2024-02-10T03:12:59.805+0000] {dag.py:3033} INFO - Sync 1 DAGs
[2024-02-10T03:12:59.824+0000] {logging_mixin.py:188} INFO - [2024-02-10T03:12:59.824+0000] {dag.py:3820} INFO - Setting next_dagrun for day_3_dag to 2024-01-03T18:00:00+00:00, run_after=2024-02-03T18:00:00+00:00
[2024-02-10T03:12:59.843+0000] {processor.py:183} INFO - Processing /opt/airflow/dags/day_3_dag.py took 0.070 seconds
[2024-02-10T03:13:30.129+0000] {processor.py:161} INFO - Started process (PID=2160) to work on /opt/airflow/dags/day_3_dag.py
[2024-02-10T03:13:30.140+0000] {processor.py:830} INFO - Processing file /opt/airflow/dags/day_3_dag.py for tasks to queue
[2024-02-10T03:13:30.141+0000] {logging_mixin.py:188} INFO - [2024-02-10T03:13:30.140+0000] {dagbag.py:538} INFO - Filling up the DagBag from /opt/airflow/dags/day_3_dag.py
[2024-02-10T03:13:30.166+0000] {processor.py:840} INFO - DAG(s) 'day_3_dag' retrieved from /opt/airflow/dags/day_3_dag.py
[2024-02-10T03:13:30.222+0000] {logging_mixin.py:188} INFO - [2024-02-10T03:13:30.221+0000] {dag.py:3033} INFO - Sync 1 DAGs
[2024-02-10T03:13:30.261+0000] {logging_mixin.py:188} INFO - [2024-02-10T03:13:30.260+0000] {dag.py:3820} INFO - Setting next_dagrun for day_3_dag to 2024-01-03T18:00:00+00:00, run_after=2024-02-03T18:00:00+00:00
[2024-02-10T03:13:30.301+0000] {processor.py:183} INFO - Processing /opt/airflow/dags/day_3_dag.py took 0.175 seconds
[2024-02-10T03:14:00.608+0000] {processor.py:161} INFO - Started process (PID=2196) to work on /opt/airflow/dags/day_3_dag.py
[2024-02-10T03:14:00.609+0000] {processor.py:830} INFO - Processing file /opt/airflow/dags/day_3_dag.py for tasks to queue
[2024-02-10T03:14:00.610+0000] {logging_mixin.py:188} INFO - [2024-02-10T03:14:00.610+0000] {dagbag.py:538} INFO - Filling up the DagBag from /opt/airflow/dags/day_3_dag.py
[2024-02-10T03:14:00.624+0000] {processor.py:840} INFO - DAG(s) 'day_3_dag' retrieved from /opt/airflow/dags/day_3_dag.py
[2024-02-10T03:14:00.657+0000] {logging_mixin.py:188} INFO - [2024-02-10T03:14:00.657+0000] {dag.py:3033} INFO - Sync 1 DAGs
[2024-02-10T03:14:00.693+0000] {logging_mixin.py:188} INFO - [2024-02-10T03:14:00.693+0000] {dag.py:3820} INFO - Setting next_dagrun for day_3_dag to 2024-01-03T18:00:00+00:00, run_after=2024-02-03T18:00:00+00:00
[2024-02-10T03:14:00.717+0000] {processor.py:183} INFO - Processing /opt/airflow/dags/day_3_dag.py took 0.113 seconds
[2024-02-10T03:14:31.157+0000] {processor.py:161} INFO - Started process (PID=2245) to work on /opt/airflow/dags/day_3_dag.py
[2024-02-10T03:14:31.158+0000] {processor.py:830} INFO - Processing file /opt/airflow/dags/day_3_dag.py for tasks to queue
[2024-02-10T03:14:31.159+0000] {logging_mixin.py:188} INFO - [2024-02-10T03:14:31.159+0000] {dagbag.py:538} INFO - Filling up the DagBag from /opt/airflow/dags/day_3_dag.py
[2024-02-10T03:14:31.173+0000] {processor.py:840} INFO - DAG(s) 'day_3_dag' retrieved from /opt/airflow/dags/day_3_dag.py
[2024-02-10T03:14:31.201+0000] {logging_mixin.py:188} INFO - [2024-02-10T03:14:31.200+0000] {dag.py:3033} INFO - Sync 1 DAGs
[2024-02-10T03:14:31.225+0000] {logging_mixin.py:188} INFO - [2024-02-10T03:14:31.225+0000] {dag.py:3820} INFO - Setting next_dagrun for day_3_dag to 2024-01-03T18:00:00+00:00, run_after=2024-02-03T18:00:00+00:00
[2024-02-10T03:14:31.257+0000] {processor.py:183} INFO - Processing /opt/airflow/dags/day_3_dag.py took 0.104 seconds
[2024-02-10T03:15:01.511+0000] {processor.py:161} INFO - Started process (PID=2282) to work on /opt/airflow/dags/day_3_dag.py
[2024-02-10T03:15:01.512+0000] {processor.py:830} INFO - Processing file /opt/airflow/dags/day_3_dag.py for tasks to queue
[2024-02-10T03:15:01.513+0000] {logging_mixin.py:188} INFO - [2024-02-10T03:15:01.512+0000] {dagbag.py:538} INFO - Filling up the DagBag from /opt/airflow/dags/day_3_dag.py
[2024-02-10T03:15:01.522+0000] {processor.py:840} INFO - DAG(s) 'day_3_dag' retrieved from /opt/airflow/dags/day_3_dag.py
[2024-02-10T03:15:01.541+0000] {logging_mixin.py:188} INFO - [2024-02-10T03:15:01.541+0000] {dag.py:3033} INFO - Sync 1 DAGs
[2024-02-10T03:15:01.560+0000] {logging_mixin.py:188} INFO - [2024-02-10T03:15:01.560+0000] {dag.py:3820} INFO - Setting next_dagrun for day_3_dag to 2024-01-03T18:00:00+00:00, run_after=2024-02-03T18:00:00+00:00
[2024-02-10T03:15:01.580+0000] {processor.py:183} INFO - Processing /opt/airflow/dags/day_3_dag.py took 0.071 seconds
[2024-02-10T03:15:31.796+0000] {processor.py:161} INFO - Started process (PID=2316) to work on /opt/airflow/dags/day_3_dag.py
[2024-02-10T03:15:31.797+0000] {processor.py:830} INFO - Processing file /opt/airflow/dags/day_3_dag.py for tasks to queue
[2024-02-10T03:15:31.798+0000] {logging_mixin.py:188} INFO - [2024-02-10T03:15:31.797+0000] {dagbag.py:538} INFO - Filling up the DagBag from /opt/airflow/dags/day_3_dag.py
[2024-02-10T03:15:31.811+0000] {processor.py:840} INFO - DAG(s) 'day_3_dag' retrieved from /opt/airflow/dags/day_3_dag.py
[2024-02-10T03:15:31.838+0000] {logging_mixin.py:188} INFO - [2024-02-10T03:15:31.838+0000] {dag.py:3033} INFO - Sync 1 DAGs
[2024-02-10T03:15:31.862+0000] {logging_mixin.py:188} INFO - [2024-02-10T03:15:31.861+0000] {dag.py:3820} INFO - Setting next_dagrun for day_3_dag to 2024-01-03T18:00:00+00:00, run_after=2024-02-03T18:00:00+00:00
[2024-02-10T03:15:31.883+0000] {processor.py:183} INFO - Processing /opt/airflow/dags/day_3_dag.py took 0.091 seconds
[2024-02-10T03:17:22.920+0000] {processor.py:161} INFO - Started process (PID=182) to work on /opt/airflow/dags/day_3_dag.py
[2024-02-10T03:17:22.921+0000] {processor.py:830} INFO - Processing file /opt/airflow/dags/day_3_dag.py for tasks to queue
[2024-02-10T03:17:22.922+0000] {logging_mixin.py:188} INFO - [2024-02-10T03:17:22.922+0000] {dagbag.py:538} INFO - Filling up the DagBag from /opt/airflow/dags/day_3_dag.py
[2024-02-10T03:17:22.955+0000] {processor.py:840} INFO - DAG(s) 'day_3_dag' retrieved from /opt/airflow/dags/day_3_dag.py
[2024-02-10T03:17:23.096+0000] {logging_mixin.py:188} INFO - [2024-02-10T03:17:23.096+0000] {dag.py:3033} INFO - Sync 1 DAGs
[2024-02-10T03:17:23.149+0000] {logging_mixin.py:188} INFO - [2024-02-10T03:17:23.149+0000] {dag.py:3820} INFO - Setting next_dagrun for day_3_dag to 2024-01-03T18:00:00+00:00, run_after=2024-02-03T18:00:00+00:00
[2024-02-10T03:17:23.182+0000] {processor.py:183} INFO - Processing /opt/airflow/dags/day_3_dag.py took 0.267 seconds
[2024-02-10T03:17:53.706+0000] {processor.py:161} INFO - Started process (PID=221) to work on /opt/airflow/dags/day_3_dag.py
[2024-02-10T03:17:53.709+0000] {processor.py:830} INFO - Processing file /opt/airflow/dags/day_3_dag.py for tasks to queue
[2024-02-10T03:17:53.710+0000] {logging_mixin.py:188} INFO - [2024-02-10T03:17:53.709+0000] {dagbag.py:538} INFO - Filling up the DagBag from /opt/airflow/dags/day_3_dag.py
[2024-02-10T03:17:53.722+0000] {processor.py:840} INFO - DAG(s) 'day_3_dag' retrieved from /opt/airflow/dags/day_3_dag.py
[2024-02-10T03:17:53.748+0000] {logging_mixin.py:188} INFO - [2024-02-10T03:17:53.748+0000] {dag.py:3033} INFO - Sync 1 DAGs
[2024-02-10T03:17:53.771+0000] {logging_mixin.py:188} INFO - [2024-02-10T03:17:53.771+0000] {dag.py:3820} INFO - Setting next_dagrun for day_3_dag to 2024-01-03T18:00:00+00:00, run_after=2024-02-03T18:00:00+00:00
[2024-02-10T03:17:53.795+0000] {processor.py:183} INFO - Processing /opt/airflow/dags/day_3_dag.py took 0.093 seconds
[2024-02-10T03:18:24.384+0000] {processor.py:161} INFO - Started process (PID=266) to work on /opt/airflow/dags/day_3_dag.py
[2024-02-10T03:18:24.390+0000] {processor.py:830} INFO - Processing file /opt/airflow/dags/day_3_dag.py for tasks to queue
[2024-02-10T03:18:24.391+0000] {logging_mixin.py:188} INFO - [2024-02-10T03:18:24.390+0000] {dagbag.py:538} INFO - Filling up the DagBag from /opt/airflow/dags/day_3_dag.py
[2024-02-10T03:18:24.404+0000] {processor.py:840} INFO - DAG(s) 'day_3_dag' retrieved from /opt/airflow/dags/day_3_dag.py
[2024-02-10T03:18:24.436+0000] {logging_mixin.py:188} INFO - [2024-02-10T03:18:24.435+0000] {dag.py:3033} INFO - Sync 1 DAGs
[2024-02-10T03:18:24.462+0000] {logging_mixin.py:188} INFO - [2024-02-10T03:18:24.462+0000] {dag.py:3820} INFO - Setting next_dagrun for day_3_dag to 2024-01-03T18:00:00+00:00, run_after=2024-02-03T18:00:00+00:00
[2024-02-10T03:18:24.494+0000] {processor.py:183} INFO - Processing /opt/airflow/dags/day_3_dag.py took 0.114 seconds
[2024-02-10T03:18:54.728+0000] {processor.py:161} INFO - Started process (PID=301) to work on /opt/airflow/dags/day_3_dag.py
[2024-02-10T03:18:54.730+0000] {processor.py:830} INFO - Processing file /opt/airflow/dags/day_3_dag.py for tasks to queue
[2024-02-10T03:18:54.731+0000] {logging_mixin.py:188} INFO - [2024-02-10T03:18:54.730+0000] {dagbag.py:538} INFO - Filling up the DagBag from /opt/airflow/dags/day_3_dag.py
[2024-02-10T03:18:54.743+0000] {processor.py:840} INFO - DAG(s) 'day_3_dag' retrieved from /opt/airflow/dags/day_3_dag.py
[2024-02-10T03:18:54.803+0000] {logging_mixin.py:188} INFO - [2024-02-10T03:18:54.803+0000] {dag.py:3033} INFO - Sync 1 DAGs
[2024-02-10T03:18:54.832+0000] {logging_mixin.py:188} INFO - [2024-02-10T03:18:54.832+0000] {dag.py:3820} INFO - Setting next_dagrun for day_3_dag to 2024-01-03T18:00:00+00:00, run_after=2024-02-03T18:00:00+00:00
[2024-02-10T03:18:54.854+0000] {processor.py:183} INFO - Processing /opt/airflow/dags/day_3_dag.py took 0.139 seconds
[2024-02-10T03:19:25.153+0000] {processor.py:161} INFO - Started process (PID=337) to work on /opt/airflow/dags/day_3_dag.py
[2024-02-10T03:19:25.161+0000] {processor.py:830} INFO - Processing file /opt/airflow/dags/day_3_dag.py for tasks to queue
[2024-02-10T03:19:25.162+0000] {logging_mixin.py:188} INFO - [2024-02-10T03:19:25.162+0000] {dagbag.py:538} INFO - Filling up the DagBag from /opt/airflow/dags/day_3_dag.py
[2024-02-10T03:19:25.185+0000] {processor.py:840} INFO - DAG(s) 'day_3_dag' retrieved from /opt/airflow/dags/day_3_dag.py
[2024-02-10T03:19:25.257+0000] {logging_mixin.py:188} INFO - [2024-02-10T03:19:25.256+0000] {dag.py:3033} INFO - Sync 1 DAGs
[2024-02-10T03:19:25.285+0000] {logging_mixin.py:188} INFO - [2024-02-10T03:19:25.285+0000] {dag.py:3820} INFO - Setting next_dagrun for day_3_dag to 2024-01-03T18:00:00+00:00, run_after=2024-02-03T18:00:00+00:00
[2024-02-10T03:19:25.334+0000] {processor.py:183} INFO - Processing /opt/airflow/dags/day_3_dag.py took 0.184 seconds
[2024-02-10T03:19:55.584+0000] {processor.py:161} INFO - Started process (PID=382) to work on /opt/airflow/dags/day_3_dag.py
[2024-02-10T03:19:55.586+0000] {processor.py:830} INFO - Processing file /opt/airflow/dags/day_3_dag.py for tasks to queue
[2024-02-10T03:19:55.586+0000] {logging_mixin.py:188} INFO - [2024-02-10T03:19:55.586+0000] {dagbag.py:538} INFO - Filling up the DagBag from /opt/airflow/dags/day_3_dag.py
[2024-02-10T03:19:55.613+0000] {processor.py:840} INFO - DAG(s) 'day_3_dag' retrieved from /opt/airflow/dags/day_3_dag.py
[2024-02-10T03:19:55.662+0000] {logging_mixin.py:188} INFO - [2024-02-10T03:19:55.662+0000] {dag.py:3033} INFO - Sync 1 DAGs
[2024-02-10T03:19:55.692+0000] {logging_mixin.py:188} INFO - [2024-02-10T03:19:55.692+0000] {dag.py:3820} INFO - Setting next_dagrun for day_3_dag to 2024-01-03T18:00:00+00:00, run_after=2024-02-03T18:00:00+00:00
[2024-02-10T03:19:55.722+0000] {processor.py:183} INFO - Processing /opt/airflow/dags/day_3_dag.py took 0.149 seconds
[2024-02-10T03:20:26.232+0000] {processor.py:161} INFO - Started process (PID=422) to work on /opt/airflow/dags/day_3_dag.py
[2024-02-10T03:20:26.233+0000] {processor.py:830} INFO - Processing file /opt/airflow/dags/day_3_dag.py for tasks to queue
[2024-02-10T03:20:26.234+0000] {logging_mixin.py:188} INFO - [2024-02-10T03:20:26.234+0000] {dagbag.py:538} INFO - Filling up the DagBag from /opt/airflow/dags/day_3_dag.py
[2024-02-10T03:20:26.259+0000] {processor.py:840} INFO - DAG(s) 'day_3_dag' retrieved from /opt/airflow/dags/day_3_dag.py
[2024-02-10T03:20:26.347+0000] {logging_mixin.py:188} INFO - [2024-02-10T03:20:26.347+0000] {dag.py:3033} INFO - Sync 1 DAGs
[2024-02-10T03:20:26.366+0000] {logging_mixin.py:188} INFO - [2024-02-10T03:20:26.366+0000] {dag.py:3820} INFO - Setting next_dagrun for day_3_dag to 2024-01-03T18:00:00+00:00, run_after=2024-02-03T18:00:00+00:00
[2024-02-10T03:20:26.385+0000] {processor.py:183} INFO - Processing /opt/airflow/dags/day_3_dag.py took 0.156 seconds
[2024-02-10T03:20:56.580+0000] {processor.py:161} INFO - Started process (PID=468) to work on /opt/airflow/dags/day_3_dag.py
[2024-02-10T03:20:56.581+0000] {processor.py:830} INFO - Processing file /opt/airflow/dags/day_3_dag.py for tasks to queue
[2024-02-10T03:20:56.581+0000] {logging_mixin.py:188} INFO - [2024-02-10T03:20:56.581+0000] {dagbag.py:538} INFO - Filling up the DagBag from /opt/airflow/dags/day_3_dag.py
[2024-02-10T03:20:56.591+0000] {processor.py:840} INFO - DAG(s) 'day_3_dag' retrieved from /opt/airflow/dags/day_3_dag.py
[2024-02-10T03:20:56.610+0000] {logging_mixin.py:188} INFO - [2024-02-10T03:20:56.610+0000] {dag.py:3033} INFO - Sync 1 DAGs
[2024-02-10T03:20:56.627+0000] {logging_mixin.py:188} INFO - [2024-02-10T03:20:56.626+0000] {dag.py:3820} INFO - Setting next_dagrun for day_3_dag to 2024-01-03T18:00:00+00:00, run_after=2024-02-03T18:00:00+00:00
[2024-02-10T03:20:56.646+0000] {processor.py:183} INFO - Processing /opt/airflow/dags/day_3_dag.py took 0.069 seconds
