[2024-02-10T02:48:38.664+0000] {processor.py:161} INFO - Started process (PID=179) to work on /opt/airflow/dags/dog_api_pipeline.py
[2024-02-10T02:48:38.665+0000] {processor.py:830} INFO - Processing file /opt/airflow/dags/dog_api_pipeline.py for tasks to queue
[2024-02-10T02:48:38.666+0000] {logging_mixin.py:188} INFO - [2024-02-10T02:48:38.666+0000] {dagbag.py:538} INFO - Filling up the DagBag from /opt/airflow/dags/dog_api_pipeline.py
[2024-02-10T02:48:38.700+0000] {processor.py:840} INFO - DAG(s) 'dog_api_pipeline' retrieved from /opt/airflow/dags/dog_api_pipeline.py
[2024-02-10T02:48:38.881+0000] {logging_mixin.py:188} INFO - [2024-02-10T02:48:38.880+0000] {override.py:1769} INFO - Created Permission View: can edit on DAG:dog_api_pipeline
[2024-02-10T02:48:38.899+0000] {logging_mixin.py:188} INFO - [2024-02-10T02:48:38.899+0000] {override.py:1769} INFO - Created Permission View: can read on DAG:dog_api_pipeline
[2024-02-10T02:48:38.918+0000] {logging_mixin.py:188} INFO - [2024-02-10T02:48:38.918+0000] {override.py:1769} INFO - Created Permission View: can delete on DAG:dog_api_pipeline
[2024-02-10T02:48:38.919+0000] {logging_mixin.py:188} INFO - [2024-02-10T02:48:38.919+0000] {dag.py:3033} INFO - Sync 1 DAGs
[2024-02-10T02:48:38.960+0000] {logging_mixin.py:188} INFO - [2024-02-10T02:48:38.947+0000] {dag.py:3055} INFO - Creating ORM DAG for dog_api_pipeline
[2024-02-10T02:48:38.960+0000] {logging_mixin.py:188} INFO - [2024-02-10T02:48:38.960+0000] {dag.py:3820} INFO - Setting next_dagrun for dog_api_pipeline to None, run_after=None
[2024-02-10T02:48:38.993+0000] {processor.py:183} INFO - Processing /opt/airflow/dags/dog_api_pipeline.py took 0.332 seconds
[2024-02-10T02:49:09.318+0000] {processor.py:161} INFO - Started process (PID=216) to work on /opt/airflow/dags/dog_api_pipeline.py
[2024-02-10T02:49:09.318+0000] {processor.py:830} INFO - Processing file /opt/airflow/dags/dog_api_pipeline.py for tasks to queue
[2024-02-10T02:49:09.319+0000] {logging_mixin.py:188} INFO - [2024-02-10T02:49:09.319+0000] {dagbag.py:538} INFO - Filling up the DagBag from /opt/airflow/dags/dog_api_pipeline.py
[2024-02-10T02:49:09.325+0000] {processor.py:840} INFO - DAG(s) 'dog_api_pipeline' retrieved from /opt/airflow/dags/dog_api_pipeline.py
[2024-02-10T02:49:09.348+0000] {logging_mixin.py:188} INFO - [2024-02-10T02:49:09.348+0000] {dag.py:3033} INFO - Sync 1 DAGs
[2024-02-10T02:49:09.358+0000] {logging_mixin.py:188} INFO - [2024-02-10T02:49:09.358+0000] {dag.py:3820} INFO - Setting next_dagrun for dog_api_pipeline to None, run_after=None
[2024-02-10T02:49:09.378+0000] {processor.py:183} INFO - Processing /opt/airflow/dags/dog_api_pipeline.py took 0.063 seconds
[2024-02-10T02:49:39.719+0000] {processor.py:161} INFO - Started process (PID=261) to work on /opt/airflow/dags/dog_api_pipeline.py
[2024-02-10T02:49:39.720+0000] {processor.py:830} INFO - Processing file /opt/airflow/dags/dog_api_pipeline.py for tasks to queue
[2024-02-10T02:49:39.721+0000] {logging_mixin.py:188} INFO - [2024-02-10T02:49:39.721+0000] {dagbag.py:538} INFO - Filling up the DagBag from /opt/airflow/dags/dog_api_pipeline.py
[2024-02-10T02:49:39.730+0000] {processor.py:840} INFO - DAG(s) 'dog_api_pipeline' retrieved from /opt/airflow/dags/dog_api_pipeline.py
[2024-02-10T02:49:39.758+0000] {logging_mixin.py:188} INFO - [2024-02-10T02:49:39.758+0000] {dag.py:3033} INFO - Sync 1 DAGs
[2024-02-10T02:49:39.773+0000] {logging_mixin.py:188} INFO - [2024-02-10T02:49:39.773+0000] {dag.py:3820} INFO - Setting next_dagrun for dog_api_pipeline to None, run_after=None
[2024-02-10T02:49:39.796+0000] {processor.py:183} INFO - Processing /opt/airflow/dags/dog_api_pipeline.py took 0.079 seconds
[2024-02-10T02:50:10.095+0000] {processor.py:161} INFO - Started process (PID=295) to work on /opt/airflow/dags/dog_api_pipeline.py
[2024-02-10T02:50:10.096+0000] {processor.py:830} INFO - Processing file /opt/airflow/dags/dog_api_pipeline.py for tasks to queue
[2024-02-10T02:50:10.097+0000] {logging_mixin.py:188} INFO - [2024-02-10T02:50:10.096+0000] {dagbag.py:538} INFO - Filling up the DagBag from /opt/airflow/dags/dog_api_pipeline.py
[2024-02-10T02:50:10.105+0000] {processor.py:840} INFO - DAG(s) 'dog_api_pipeline' retrieved from /opt/airflow/dags/dog_api_pipeline.py
[2024-02-10T02:50:10.133+0000] {logging_mixin.py:188} INFO - [2024-02-10T02:50:10.133+0000] {dag.py:3033} INFO - Sync 1 DAGs
[2024-02-10T02:50:10.148+0000] {logging_mixin.py:188} INFO - [2024-02-10T02:50:10.148+0000] {dag.py:3820} INFO - Setting next_dagrun for dog_api_pipeline to None, run_after=None
[2024-02-10T02:50:10.171+0000] {processor.py:183} INFO - Processing /opt/airflow/dags/dog_api_pipeline.py took 0.080 seconds
[2024-02-10T02:50:40.706+0000] {processor.py:161} INFO - Started process (PID=341) to work on /opt/airflow/dags/dog_api_pipeline.py
[2024-02-10T02:50:40.707+0000] {processor.py:830} INFO - Processing file /opt/airflow/dags/dog_api_pipeline.py for tasks to queue
[2024-02-10T02:50:40.707+0000] {logging_mixin.py:188} INFO - [2024-02-10T02:50:40.707+0000] {dagbag.py:538} INFO - Filling up the DagBag from /opt/airflow/dags/dog_api_pipeline.py
[2024-02-10T02:50:40.733+0000] {processor.py:840} INFO - DAG(s) 'dog_api_pipeline' retrieved from /opt/airflow/dags/dog_api_pipeline.py
[2024-02-10T02:50:40.780+0000] {logging_mixin.py:188} INFO - [2024-02-10T02:50:40.780+0000] {dag.py:3033} INFO - Sync 1 DAGs
[2024-02-10T02:50:40.807+0000] {logging_mixin.py:188} INFO - [2024-02-10T02:50:40.807+0000] {dag.py:3820} INFO - Setting next_dagrun for dog_api_pipeline to None, run_after=None
[2024-02-10T02:50:40.835+0000] {processor.py:183} INFO - Processing /opt/airflow/dags/dog_api_pipeline.py took 0.162 seconds
[2024-02-10T02:51:11.157+0000] {processor.py:161} INFO - Started process (PID=379) to work on /opt/airflow/dags/dog_api_pipeline.py
[2024-02-10T02:51:11.158+0000] {processor.py:830} INFO - Processing file /opt/airflow/dags/dog_api_pipeline.py for tasks to queue
[2024-02-10T02:51:11.159+0000] {logging_mixin.py:188} INFO - [2024-02-10T02:51:11.159+0000] {dagbag.py:538} INFO - Filling up the DagBag from /opt/airflow/dags/dog_api_pipeline.py
[2024-02-10T02:51:11.168+0000] {processor.py:840} INFO - DAG(s) 'dog_api_pipeline' retrieved from /opt/airflow/dags/dog_api_pipeline.py
[2024-02-10T02:51:11.198+0000] {logging_mixin.py:188} INFO - [2024-02-10T02:51:11.198+0000] {dag.py:3033} INFO - Sync 1 DAGs
[2024-02-10T02:51:11.213+0000] {logging_mixin.py:188} INFO - [2024-02-10T02:51:11.213+0000] {dag.py:3820} INFO - Setting next_dagrun for dog_api_pipeline to None, run_after=None
[2024-02-10T02:51:11.236+0000] {processor.py:183} INFO - Processing /opt/airflow/dags/dog_api_pipeline.py took 0.082 seconds
[2024-02-10T02:51:41.619+0000] {processor.py:161} INFO - Started process (PID=414) to work on /opt/airflow/dags/dog_api_pipeline.py
[2024-02-10T02:51:41.621+0000] {processor.py:830} INFO - Processing file /opt/airflow/dags/dog_api_pipeline.py for tasks to queue
[2024-02-10T02:51:41.622+0000] {logging_mixin.py:188} INFO - [2024-02-10T02:51:41.622+0000] {dagbag.py:538} INFO - Filling up the DagBag from /opt/airflow/dags/dog_api_pipeline.py
[2024-02-10T02:51:41.631+0000] {processor.py:840} INFO - DAG(s) 'dog_api_pipeline' retrieved from /opt/airflow/dags/dog_api_pipeline.py
[2024-02-10T02:51:41.658+0000] {logging_mixin.py:188} INFO - [2024-02-10T02:51:41.658+0000] {dag.py:3033} INFO - Sync 1 DAGs
[2024-02-10T02:51:41.673+0000] {logging_mixin.py:188} INFO - [2024-02-10T02:51:41.673+0000] {dag.py:3820} INFO - Setting next_dagrun for dog_api_pipeline to None, run_after=None
[2024-02-10T02:51:41.697+0000] {processor.py:183} INFO - Processing /opt/airflow/dags/dog_api_pipeline.py took 0.082 seconds
[2024-02-10T02:52:11.984+0000] {processor.py:161} INFO - Started process (PID=464) to work on /opt/airflow/dags/dog_api_pipeline.py
[2024-02-10T02:52:11.985+0000] {processor.py:830} INFO - Processing file /opt/airflow/dags/dog_api_pipeline.py for tasks to queue
[2024-02-10T02:52:11.985+0000] {logging_mixin.py:188} INFO - [2024-02-10T02:52:11.985+0000] {dagbag.py:538} INFO - Filling up the DagBag from /opt/airflow/dags/dog_api_pipeline.py
[2024-02-10T02:52:11.993+0000] {processor.py:840} INFO - DAG(s) 'dog_api_pipeline' retrieved from /opt/airflow/dags/dog_api_pipeline.py
[2024-02-10T02:52:12.021+0000] {logging_mixin.py:188} INFO - [2024-02-10T02:52:12.021+0000] {dag.py:3033} INFO - Sync 1 DAGs
[2024-02-10T02:52:12.035+0000] {logging_mixin.py:188} INFO - [2024-02-10T02:52:12.035+0000] {dag.py:3820} INFO - Setting next_dagrun for dog_api_pipeline to None, run_after=None
[2024-02-10T02:52:12.058+0000] {processor.py:183} INFO - Processing /opt/airflow/dags/dog_api_pipeline.py took 0.077 seconds
[2024-02-10T02:52:42.343+0000] {processor.py:161} INFO - Started process (PID=501) to work on /opt/airflow/dags/dog_api_pipeline.py
[2024-02-10T02:52:42.343+0000] {processor.py:830} INFO - Processing file /opt/airflow/dags/dog_api_pipeline.py for tasks to queue
[2024-02-10T02:52:42.344+0000] {logging_mixin.py:188} INFO - [2024-02-10T02:52:42.344+0000] {dagbag.py:538} INFO - Filling up the DagBag from /opt/airflow/dags/dog_api_pipeline.py
[2024-02-10T02:52:42.351+0000] {processor.py:840} INFO - DAG(s) 'dog_api_pipeline' retrieved from /opt/airflow/dags/dog_api_pipeline.py
[2024-02-10T02:52:42.371+0000] {logging_mixin.py:188} INFO - [2024-02-10T02:52:42.371+0000] {dag.py:3033} INFO - Sync 1 DAGs
[2024-02-10T02:52:42.381+0000] {logging_mixin.py:188} INFO - [2024-02-10T02:52:42.381+0000] {dag.py:3820} INFO - Setting next_dagrun for dog_api_pipeline to None, run_after=None
[2024-02-10T02:52:42.399+0000] {processor.py:183} INFO - Processing /opt/airflow/dags/dog_api_pipeline.py took 0.060 seconds
[2024-02-10T02:53:12.777+0000] {processor.py:161} INFO - Started process (PID=547) to work on /opt/airflow/dags/dog_api_pipeline.py
[2024-02-10T02:53:12.778+0000] {processor.py:830} INFO - Processing file /opt/airflow/dags/dog_api_pipeline.py for tasks to queue
[2024-02-10T02:53:12.779+0000] {logging_mixin.py:188} INFO - [2024-02-10T02:53:12.779+0000] {dagbag.py:538} INFO - Filling up the DagBag from /opt/airflow/dags/dog_api_pipeline.py
[2024-02-10T02:53:12.788+0000] {processor.py:840} INFO - DAG(s) 'dog_api_pipeline' retrieved from /opt/airflow/dags/dog_api_pipeline.py
[2024-02-10T02:53:12.815+0000] {logging_mixin.py:188} INFO - [2024-02-10T02:53:12.815+0000] {dag.py:3033} INFO - Sync 1 DAGs
[2024-02-10T02:53:12.828+0000] {logging_mixin.py:188} INFO - [2024-02-10T02:53:12.828+0000] {dag.py:3820} INFO - Setting next_dagrun for dog_api_pipeline to None, run_after=None
[2024-02-10T02:53:12.851+0000] {processor.py:183} INFO - Processing /opt/airflow/dags/dog_api_pipeline.py took 0.077 seconds
[2024-02-10T02:53:43.134+0000] {processor.py:161} INFO - Started process (PID=583) to work on /opt/airflow/dags/dog_api_pipeline.py
[2024-02-10T02:53:43.135+0000] {processor.py:830} INFO - Processing file /opt/airflow/dags/dog_api_pipeline.py for tasks to queue
[2024-02-10T02:53:43.135+0000] {logging_mixin.py:188} INFO - [2024-02-10T02:53:43.135+0000] {dagbag.py:538} INFO - Filling up the DagBag from /opt/airflow/dags/dog_api_pipeline.py
[2024-02-10T02:53:43.142+0000] {processor.py:840} INFO - DAG(s) 'dog_api_pipeline' retrieved from /opt/airflow/dags/dog_api_pipeline.py
[2024-02-10T02:53:43.162+0000] {logging_mixin.py:188} INFO - [2024-02-10T02:53:43.162+0000] {dag.py:3033} INFO - Sync 1 DAGs
[2024-02-10T02:53:43.172+0000] {logging_mixin.py:188} INFO - [2024-02-10T02:53:43.172+0000] {dag.py:3820} INFO - Setting next_dagrun for dog_api_pipeline to None, run_after=None
[2024-02-10T02:53:43.190+0000] {processor.py:183} INFO - Processing /opt/airflow/dags/dog_api_pipeline.py took 0.058 seconds
[2024-02-10T02:54:13.557+0000] {processor.py:161} INFO - Started process (PID=623) to work on /opt/airflow/dags/dog_api_pipeline.py
[2024-02-10T02:54:13.561+0000] {processor.py:830} INFO - Processing file /opt/airflow/dags/dog_api_pipeline.py for tasks to queue
[2024-02-10T02:54:13.563+0000] {logging_mixin.py:188} INFO - [2024-02-10T02:54:13.562+0000] {dagbag.py:538} INFO - Filling up the DagBag from /opt/airflow/dags/dog_api_pipeline.py
[2024-02-10T02:54:13.586+0000] {processor.py:840} INFO - DAG(s) 'dog_api_pipeline' retrieved from /opt/airflow/dags/dog_api_pipeline.py
[2024-02-10T02:54:13.616+0000] {logging_mixin.py:188} INFO - [2024-02-10T02:54:13.616+0000] {dag.py:3033} INFO - Sync 1 DAGs
[2024-02-10T02:54:13.650+0000] {logging_mixin.py:188} INFO - [2024-02-10T02:54:13.650+0000] {dag.py:3820} INFO - Setting next_dagrun for dog_api_pipeline to None, run_after=None
[2024-02-10T02:54:13.704+0000] {processor.py:183} INFO - Processing /opt/airflow/dags/dog_api_pipeline.py took 0.151 seconds
[2024-02-10T02:54:44.107+0000] {processor.py:161} INFO - Started process (PID=664) to work on /opt/airflow/dags/dog_api_pipeline.py
[2024-02-10T02:54:44.107+0000] {processor.py:830} INFO - Processing file /opt/airflow/dags/dog_api_pipeline.py for tasks to queue
[2024-02-10T02:54:44.108+0000] {logging_mixin.py:188} INFO - [2024-02-10T02:54:44.108+0000] {dagbag.py:538} INFO - Filling up the DagBag from /opt/airflow/dags/dog_api_pipeline.py
[2024-02-10T02:54:44.118+0000] {processor.py:840} INFO - DAG(s) 'dog_api_pipeline' retrieved from /opt/airflow/dags/dog_api_pipeline.py
[2024-02-10T02:54:44.148+0000] {logging_mixin.py:188} INFO - [2024-02-10T02:54:44.148+0000] {dag.py:3033} INFO - Sync 1 DAGs
[2024-02-10T02:54:44.162+0000] {logging_mixin.py:188} INFO - [2024-02-10T02:54:44.162+0000] {dag.py:3820} INFO - Setting next_dagrun for dog_api_pipeline to None, run_after=None
[2024-02-10T02:54:44.185+0000] {processor.py:183} INFO - Processing /opt/airflow/dags/dog_api_pipeline.py took 0.082 seconds
[2024-02-10T02:55:14.520+0000] {processor.py:161} INFO - Started process (PID=700) to work on /opt/airflow/dags/dog_api_pipeline.py
[2024-02-10T02:55:14.521+0000] {processor.py:830} INFO - Processing file /opt/airflow/dags/dog_api_pipeline.py for tasks to queue
[2024-02-10T02:55:14.521+0000] {logging_mixin.py:188} INFO - [2024-02-10T02:55:14.521+0000] {dagbag.py:538} INFO - Filling up the DagBag from /opt/airflow/dags/dog_api_pipeline.py
[2024-02-10T02:55:14.530+0000] {processor.py:840} INFO - DAG(s) 'dog_api_pipeline' retrieved from /opt/airflow/dags/dog_api_pipeline.py
[2024-02-10T02:55:14.558+0000] {logging_mixin.py:188} INFO - [2024-02-10T02:55:14.558+0000] {dag.py:3033} INFO - Sync 1 DAGs
[2024-02-10T02:55:14.587+0000] {logging_mixin.py:188} INFO - [2024-02-10T02:55:14.586+0000] {dag.py:3820} INFO - Setting next_dagrun for dog_api_pipeline to None, run_after=None
[2024-02-10T02:55:14.629+0000] {processor.py:183} INFO - Processing /opt/airflow/dags/dog_api_pipeline.py took 0.113 seconds
[2024-02-10T02:55:44.971+0000] {processor.py:161} INFO - Started process (PID=742) to work on /opt/airflow/dags/dog_api_pipeline.py
[2024-02-10T02:55:44.972+0000] {processor.py:830} INFO - Processing file /opt/airflow/dags/dog_api_pipeline.py for tasks to queue
[2024-02-10T02:55:44.973+0000] {logging_mixin.py:188} INFO - [2024-02-10T02:55:44.973+0000] {dagbag.py:538} INFO - Filling up the DagBag from /opt/airflow/dags/dog_api_pipeline.py
[2024-02-10T02:55:44.982+0000] {processor.py:840} INFO - DAG(s) 'dog_api_pipeline' retrieved from /opt/airflow/dags/dog_api_pipeline.py
[2024-02-10T02:55:45.011+0000] {logging_mixin.py:188} INFO - [2024-02-10T02:55:45.011+0000] {dag.py:3033} INFO - Sync 1 DAGs
[2024-02-10T02:55:45.046+0000] {logging_mixin.py:188} INFO - [2024-02-10T02:55:45.046+0000] {dag.py:3820} INFO - Setting next_dagrun for dog_api_pipeline to None, run_after=None
[2024-02-10T02:55:45.096+0000] {processor.py:183} INFO - Processing /opt/airflow/dags/dog_api_pipeline.py took 0.128 seconds
[2024-02-10T02:56:15.422+0000] {processor.py:161} INFO - Started process (PID=779) to work on /opt/airflow/dags/dog_api_pipeline.py
[2024-02-10T02:56:15.423+0000] {processor.py:830} INFO - Processing file /opt/airflow/dags/dog_api_pipeline.py for tasks to queue
[2024-02-10T02:56:15.424+0000] {logging_mixin.py:188} INFO - [2024-02-10T02:56:15.423+0000] {dagbag.py:538} INFO - Filling up the DagBag from /opt/airflow/dags/dog_api_pipeline.py
[2024-02-10T02:56:15.434+0000] {processor.py:840} INFO - DAG(s) 'dog_api_pipeline' retrieved from /opt/airflow/dags/dog_api_pipeline.py
[2024-02-10T02:56:15.462+0000] {logging_mixin.py:188} INFO - [2024-02-10T02:56:15.462+0000] {dag.py:3033} INFO - Sync 1 DAGs
[2024-02-10T02:56:15.477+0000] {logging_mixin.py:188} INFO - [2024-02-10T02:56:15.477+0000] {dag.py:3820} INFO - Setting next_dagrun for dog_api_pipeline to None, run_after=None
[2024-02-10T02:56:15.500+0000] {processor.py:183} INFO - Processing /opt/airflow/dags/dog_api_pipeline.py took 0.082 seconds
[2024-02-10T02:56:45.840+0000] {processor.py:161} INFO - Started process (PID=825) to work on /opt/airflow/dags/dog_api_pipeline.py
[2024-02-10T02:56:45.843+0000] {processor.py:830} INFO - Processing file /opt/airflow/dags/dog_api_pipeline.py for tasks to queue
[2024-02-10T02:56:45.844+0000] {logging_mixin.py:188} INFO - [2024-02-10T02:56:45.844+0000] {dagbag.py:538} INFO - Filling up the DagBag from /opt/airflow/dags/dog_api_pipeline.py
[2024-02-10T02:56:45.855+0000] {processor.py:840} INFO - DAG(s) 'dog_api_pipeline' retrieved from /opt/airflow/dags/dog_api_pipeline.py
[2024-02-10T02:56:45.894+0000] {logging_mixin.py:188} INFO - [2024-02-10T02:56:45.894+0000] {dag.py:3033} INFO - Sync 1 DAGs
[2024-02-10T02:56:45.910+0000] {logging_mixin.py:188} INFO - [2024-02-10T02:56:45.910+0000] {dag.py:3820} INFO - Setting next_dagrun for dog_api_pipeline to None, run_after=None
[2024-02-10T02:56:45.936+0000] {processor.py:183} INFO - Processing /opt/airflow/dags/dog_api_pipeline.py took 0.105 seconds
[2024-02-10T02:57:16.263+0000] {processor.py:161} INFO - Started process (PID=862) to work on /opt/airflow/dags/dog_api_pipeline.py
[2024-02-10T02:57:16.264+0000] {processor.py:830} INFO - Processing file /opt/airflow/dags/dog_api_pipeline.py for tasks to queue
[2024-02-10T02:57:16.265+0000] {logging_mixin.py:188} INFO - [2024-02-10T02:57:16.265+0000] {dagbag.py:538} INFO - Filling up the DagBag from /opt/airflow/dags/dog_api_pipeline.py
[2024-02-10T02:57:16.274+0000] {processor.py:840} INFO - DAG(s) 'dog_api_pipeline' retrieved from /opt/airflow/dags/dog_api_pipeline.py
[2024-02-10T02:57:16.324+0000] {logging_mixin.py:188} INFO - [2024-02-10T02:57:16.324+0000] {dag.py:3033} INFO - Sync 1 DAGs
[2024-02-10T02:57:16.341+0000] {logging_mixin.py:188} INFO - [2024-02-10T02:57:16.340+0000] {dag.py:3820} INFO - Setting next_dagrun for dog_api_pipeline to None, run_after=None
[2024-02-10T02:57:16.363+0000] {processor.py:183} INFO - Processing /opt/airflow/dags/dog_api_pipeline.py took 0.104 seconds
[2024-02-10T02:57:46.650+0000] {processor.py:161} INFO - Started process (PID=901) to work on /opt/airflow/dags/dog_api_pipeline.py
[2024-02-10T02:57:46.650+0000] {processor.py:830} INFO - Processing file /opt/airflow/dags/dog_api_pipeline.py for tasks to queue
[2024-02-10T02:57:46.651+0000] {logging_mixin.py:188} INFO - [2024-02-10T02:57:46.651+0000] {dagbag.py:538} INFO - Filling up the DagBag from /opt/airflow/dags/dog_api_pipeline.py
[2024-02-10T02:57:46.658+0000] {processor.py:840} INFO - DAG(s) 'dog_api_pipeline' retrieved from /opt/airflow/dags/dog_api_pipeline.py
[2024-02-10T02:57:46.678+0000] {logging_mixin.py:188} INFO - [2024-02-10T02:57:46.678+0000] {dag.py:3033} INFO - Sync 1 DAGs
[2024-02-10T02:57:46.687+0000] {logging_mixin.py:188} INFO - [2024-02-10T02:57:46.687+0000] {dag.py:3820} INFO - Setting next_dagrun for dog_api_pipeline to None, run_after=None
[2024-02-10T02:57:46.706+0000] {processor.py:183} INFO - Processing /opt/airflow/dags/dog_api_pipeline.py took 0.059 seconds
[2024-02-10T02:58:16.990+0000] {processor.py:161} INFO - Started process (PID=946) to work on /opt/airflow/dags/dog_api_pipeline.py
[2024-02-10T02:58:16.991+0000] {processor.py:830} INFO - Processing file /opt/airflow/dags/dog_api_pipeline.py for tasks to queue
[2024-02-10T02:58:16.992+0000] {logging_mixin.py:188} INFO - [2024-02-10T02:58:16.992+0000] {dagbag.py:538} INFO - Filling up the DagBag from /opt/airflow/dags/dog_api_pipeline.py
[2024-02-10T02:58:17.000+0000] {processor.py:840} INFO - DAG(s) 'dog_api_pipeline' retrieved from /opt/airflow/dags/dog_api_pipeline.py
[2024-02-10T02:58:17.030+0000] {logging_mixin.py:188} INFO - [2024-02-10T02:58:17.029+0000] {dag.py:3033} INFO - Sync 1 DAGs
[2024-02-10T02:58:17.044+0000] {logging_mixin.py:188} INFO - [2024-02-10T02:58:17.044+0000] {dag.py:3820} INFO - Setting next_dagrun for dog_api_pipeline to None, run_after=None
[2024-02-10T02:58:17.075+0000] {processor.py:183} INFO - Processing /opt/airflow/dags/dog_api_pipeline.py took 0.088 seconds
[2024-02-10T02:58:47.383+0000] {processor.py:161} INFO - Started process (PID=982) to work on /opt/airflow/dags/dog_api_pipeline.py
[2024-02-10T02:58:47.383+0000] {processor.py:830} INFO - Processing file /opt/airflow/dags/dog_api_pipeline.py for tasks to queue
[2024-02-10T02:58:47.384+0000] {logging_mixin.py:188} INFO - [2024-02-10T02:58:47.384+0000] {dagbag.py:538} INFO - Filling up the DagBag from /opt/airflow/dags/dog_api_pipeline.py
[2024-02-10T02:58:47.391+0000] {processor.py:840} INFO - DAG(s) 'dog_api_pipeline' retrieved from /opt/airflow/dags/dog_api_pipeline.py
[2024-02-10T02:58:47.411+0000] {logging_mixin.py:188} INFO - [2024-02-10T02:58:47.410+0000] {dag.py:3033} INFO - Sync 1 DAGs
[2024-02-10T02:58:47.421+0000] {logging_mixin.py:188} INFO - [2024-02-10T02:58:47.420+0000] {dag.py:3820} INFO - Setting next_dagrun for dog_api_pipeline to None, run_after=None
[2024-02-10T02:58:47.440+0000] {processor.py:183} INFO - Processing /opt/airflow/dags/dog_api_pipeline.py took 0.061 seconds
[2024-02-10T02:59:17.919+0000] {processor.py:161} INFO - Started process (PID=1027) to work on /opt/airflow/dags/dog_api_pipeline.py
[2024-02-10T02:59:17.919+0000] {processor.py:830} INFO - Processing file /opt/airflow/dags/dog_api_pipeline.py for tasks to queue
[2024-02-10T02:59:17.920+0000] {logging_mixin.py:188} INFO - [2024-02-10T02:59:17.920+0000] {dagbag.py:538} INFO - Filling up the DagBag from /opt/airflow/dags/dog_api_pipeline.py
[2024-02-10T02:59:17.928+0000] {processor.py:840} INFO - DAG(s) 'dog_api_pipeline' retrieved from /opt/airflow/dags/dog_api_pipeline.py
[2024-02-10T02:59:17.967+0000] {logging_mixin.py:188} INFO - [2024-02-10T02:59:17.967+0000] {dag.py:3033} INFO - Sync 1 DAGs
[2024-02-10T02:59:17.982+0000] {logging_mixin.py:188} INFO - [2024-02-10T02:59:17.982+0000] {dag.py:3820} INFO - Setting next_dagrun for dog_api_pipeline to None, run_after=None
[2024-02-10T02:59:18.007+0000] {processor.py:183} INFO - Processing /opt/airflow/dags/dog_api_pipeline.py took 0.091 seconds
[2024-02-10T02:59:48.291+0000] {processor.py:161} INFO - Started process (PID=1065) to work on /opt/airflow/dags/dog_api_pipeline.py
[2024-02-10T02:59:48.291+0000] {processor.py:830} INFO - Processing file /opt/airflow/dags/dog_api_pipeline.py for tasks to queue
[2024-02-10T02:59:48.292+0000] {logging_mixin.py:188} INFO - [2024-02-10T02:59:48.292+0000] {dagbag.py:538} INFO - Filling up the DagBag from /opt/airflow/dags/dog_api_pipeline.py
[2024-02-10T02:59:48.301+0000] {processor.py:840} INFO - DAG(s) 'dog_api_pipeline' retrieved from /opt/airflow/dags/dog_api_pipeline.py
[2024-02-10T02:59:48.329+0000] {logging_mixin.py:188} INFO - [2024-02-10T02:59:48.329+0000] {dag.py:3033} INFO - Sync 1 DAGs
[2024-02-10T02:59:48.346+0000] {logging_mixin.py:188} INFO - [2024-02-10T02:59:48.346+0000] {dag.py:3820} INFO - Setting next_dagrun for dog_api_pipeline to None, run_after=None
[2024-02-10T02:59:48.370+0000] {processor.py:183} INFO - Processing /opt/airflow/dags/dog_api_pipeline.py took 0.082 seconds
[2024-02-10T03:00:18.764+0000] {processor.py:161} INFO - Started process (PID=1109) to work on /opt/airflow/dags/dog_api_pipeline.py
[2024-02-10T03:00:18.765+0000] {processor.py:830} INFO - Processing file /opt/airflow/dags/dog_api_pipeline.py for tasks to queue
[2024-02-10T03:00:18.766+0000] {logging_mixin.py:188} INFO - [2024-02-10T03:00:18.765+0000] {dagbag.py:538} INFO - Filling up the DagBag from /opt/airflow/dags/dog_api_pipeline.py
[2024-02-10T03:00:18.775+0000] {processor.py:840} INFO - DAG(s) 'dog_api_pipeline' retrieved from /opt/airflow/dags/dog_api_pipeline.py
[2024-02-10T03:00:18.822+0000] {logging_mixin.py:188} INFO - [2024-02-10T03:00:18.822+0000] {dag.py:3033} INFO - Sync 1 DAGs
[2024-02-10T03:00:18.837+0000] {logging_mixin.py:188} INFO - [2024-02-10T03:00:18.837+0000] {dag.py:3820} INFO - Setting next_dagrun for dog_api_pipeline to None, run_after=None
[2024-02-10T03:00:18.871+0000] {processor.py:183} INFO - Processing /opt/airflow/dags/dog_api_pipeline.py took 0.111 seconds
[2024-02-10T03:00:49.183+0000] {processor.py:161} INFO - Started process (PID=1150) to work on /opt/airflow/dags/dog_api_pipeline.py
[2024-02-10T03:00:49.184+0000] {processor.py:830} INFO - Processing file /opt/airflow/dags/dog_api_pipeline.py for tasks to queue
[2024-02-10T03:00:49.184+0000] {logging_mixin.py:188} INFO - [2024-02-10T03:00:49.184+0000] {dagbag.py:538} INFO - Filling up the DagBag from /opt/airflow/dags/dog_api_pipeline.py
[2024-02-10T03:00:49.191+0000] {processor.py:840} INFO - DAG(s) 'dog_api_pipeline' retrieved from /opt/airflow/dags/dog_api_pipeline.py
[2024-02-10T03:00:49.211+0000] {logging_mixin.py:188} INFO - [2024-02-10T03:00:49.211+0000] {dag.py:3033} INFO - Sync 1 DAGs
[2024-02-10T03:00:49.221+0000] {logging_mixin.py:188} INFO - [2024-02-10T03:00:49.221+0000] {dag.py:3820} INFO - Setting next_dagrun for dog_api_pipeline to None, run_after=None
[2024-02-10T03:00:49.240+0000] {processor.py:183} INFO - Processing /opt/airflow/dags/dog_api_pipeline.py took 0.060 seconds
[2024-02-10T03:01:19.516+0000] {processor.py:161} INFO - Started process (PID=1188) to work on /opt/airflow/dags/dog_api_pipeline.py
[2024-02-10T03:01:19.516+0000] {processor.py:830} INFO - Processing file /opt/airflow/dags/dog_api_pipeline.py for tasks to queue
[2024-02-10T03:01:19.517+0000] {logging_mixin.py:188} INFO - [2024-02-10T03:01:19.517+0000] {dagbag.py:538} INFO - Filling up the DagBag from /opt/airflow/dags/dog_api_pipeline.py
[2024-02-10T03:01:19.524+0000] {processor.py:840} INFO - DAG(s) 'dog_api_pipeline' retrieved from /opt/airflow/dags/dog_api_pipeline.py
[2024-02-10T03:01:19.544+0000] {logging_mixin.py:188} INFO - [2024-02-10T03:01:19.544+0000] {dag.py:3033} INFO - Sync 1 DAGs
[2024-02-10T03:01:19.554+0000] {logging_mixin.py:188} INFO - [2024-02-10T03:01:19.554+0000] {dag.py:3820} INFO - Setting next_dagrun for dog_api_pipeline to None, run_after=None
[2024-02-10T03:01:19.574+0000] {processor.py:183} INFO - Processing /opt/airflow/dags/dog_api_pipeline.py took 0.060 seconds
[2024-02-10T03:01:49.907+0000] {processor.py:161} INFO - Started process (PID=1233) to work on /opt/airflow/dags/dog_api_pipeline.py
[2024-02-10T03:01:49.908+0000] {processor.py:830} INFO - Processing file /opt/airflow/dags/dog_api_pipeline.py for tasks to queue
[2024-02-10T03:01:49.908+0000] {logging_mixin.py:188} INFO - [2024-02-10T03:01:49.908+0000] {dagbag.py:538} INFO - Filling up the DagBag from /opt/airflow/dags/dog_api_pipeline.py
[2024-02-10T03:01:49.917+0000] {processor.py:840} INFO - DAG(s) 'dog_api_pipeline' retrieved from /opt/airflow/dags/dog_api_pipeline.py
[2024-02-10T03:01:49.947+0000] {logging_mixin.py:188} INFO - [2024-02-10T03:01:49.947+0000] {dag.py:3033} INFO - Sync 1 DAGs
[2024-02-10T03:01:49.962+0000] {logging_mixin.py:188} INFO - [2024-02-10T03:01:49.962+0000] {dag.py:3820} INFO - Setting next_dagrun for dog_api_pipeline to None, run_after=None
[2024-02-10T03:01:49.985+0000] {processor.py:183} INFO - Processing /opt/airflow/dags/dog_api_pipeline.py took 0.081 seconds
[2024-02-10T03:02:20.285+0000] {processor.py:161} INFO - Started process (PID=1270) to work on /opt/airflow/dags/dog_api_pipeline.py
[2024-02-10T03:02:20.286+0000] {processor.py:830} INFO - Processing file /opt/airflow/dags/dog_api_pipeline.py for tasks to queue
[2024-02-10T03:02:20.286+0000] {logging_mixin.py:188} INFO - [2024-02-10T03:02:20.286+0000] {dagbag.py:538} INFO - Filling up the DagBag from /opt/airflow/dags/dog_api_pipeline.py
[2024-02-10T03:02:20.294+0000] {processor.py:840} INFO - DAG(s) 'dog_api_pipeline' retrieved from /opt/airflow/dags/dog_api_pipeline.py
[2024-02-10T03:02:20.316+0000] {logging_mixin.py:188} INFO - [2024-02-10T03:02:20.316+0000] {dag.py:3033} INFO - Sync 1 DAGs
[2024-02-10T03:02:20.325+0000] {logging_mixin.py:188} INFO - [2024-02-10T03:02:20.325+0000] {dag.py:3820} INFO - Setting next_dagrun for dog_api_pipeline to None, run_after=None
[2024-02-10T03:02:20.344+0000] {processor.py:183} INFO - Processing /opt/airflow/dags/dog_api_pipeline.py took 0.061 seconds
[2024-02-10T03:02:50.760+0000] {processor.py:161} INFO - Started process (PID=1316) to work on /opt/airflow/dags/dog_api_pipeline.py
[2024-02-10T03:02:50.761+0000] {processor.py:830} INFO - Processing file /opt/airflow/dags/dog_api_pipeline.py for tasks to queue
[2024-02-10T03:02:50.762+0000] {logging_mixin.py:188} INFO - [2024-02-10T03:02:50.761+0000] {dagbag.py:538} INFO - Filling up the DagBag from /opt/airflow/dags/dog_api_pipeline.py
[2024-02-10T03:02:50.770+0000] {processor.py:840} INFO - DAG(s) 'dog_api_pipeline' retrieved from /opt/airflow/dags/dog_api_pipeline.py
[2024-02-10T03:02:50.851+0000] {logging_mixin.py:188} INFO - [2024-02-10T03:02:50.851+0000] {dag.py:3033} INFO - Sync 1 DAGs
[2024-02-10T03:02:50.877+0000] {logging_mixin.py:188} INFO - [2024-02-10T03:02:50.876+0000] {dag.py:3820} INFO - Setting next_dagrun for dog_api_pipeline to None, run_after=None
[2024-02-10T03:02:50.924+0000] {processor.py:183} INFO - Processing /opt/airflow/dags/dog_api_pipeline.py took 0.175 seconds
[2024-02-10T03:03:21.268+0000] {processor.py:161} INFO - Started process (PID=1352) to work on /opt/airflow/dags/dog_api_pipeline.py
[2024-02-10T03:03:21.269+0000] {processor.py:830} INFO - Processing file /opt/airflow/dags/dog_api_pipeline.py for tasks to queue
[2024-02-10T03:03:21.270+0000] {logging_mixin.py:188} INFO - [2024-02-10T03:03:21.270+0000] {dagbag.py:538} INFO - Filling up the DagBag from /opt/airflow/dags/dog_api_pipeline.py
[2024-02-10T03:03:21.278+0000] {processor.py:840} INFO - DAG(s) 'dog_api_pipeline' retrieved from /opt/airflow/dags/dog_api_pipeline.py
[2024-02-10T03:03:21.305+0000] {logging_mixin.py:188} INFO - [2024-02-10T03:03:21.305+0000] {dag.py:3033} INFO - Sync 1 DAGs
[2024-02-10T03:03:21.320+0000] {logging_mixin.py:188} INFO - [2024-02-10T03:03:21.320+0000] {dag.py:3820} INFO - Setting next_dagrun for dog_api_pipeline to None, run_after=None
[2024-02-10T03:03:21.355+0000] {processor.py:183} INFO - Processing /opt/airflow/dags/dog_api_pipeline.py took 0.090 seconds
[2024-02-10T03:03:51.636+0000] {processor.py:161} INFO - Started process (PID=1390) to work on /opt/airflow/dags/dog_api_pipeline.py
[2024-02-10T03:03:51.637+0000] {processor.py:830} INFO - Processing file /opt/airflow/dags/dog_api_pipeline.py for tasks to queue
[2024-02-10T03:03:51.637+0000] {logging_mixin.py:188} INFO - [2024-02-10T03:03:51.637+0000] {dagbag.py:538} INFO - Filling up the DagBag from /opt/airflow/dags/dog_api_pipeline.py
[2024-02-10T03:03:51.644+0000] {processor.py:840} INFO - DAG(s) 'dog_api_pipeline' retrieved from /opt/airflow/dags/dog_api_pipeline.py
[2024-02-10T03:03:51.664+0000] {logging_mixin.py:188} INFO - [2024-02-10T03:03:51.664+0000] {dag.py:3033} INFO - Sync 1 DAGs
[2024-02-10T03:03:51.673+0000] {logging_mixin.py:188} INFO - [2024-02-10T03:03:51.673+0000] {dag.py:3820} INFO - Setting next_dagrun for dog_api_pipeline to None, run_after=None
[2024-02-10T03:03:51.692+0000] {processor.py:183} INFO - Processing /opt/airflow/dags/dog_api_pipeline.py took 0.058 seconds
[2024-02-10T03:04:21.994+0000] {processor.py:161} INFO - Started process (PID=1437) to work on /opt/airflow/dags/dog_api_pipeline.py
[2024-02-10T03:04:21.995+0000] {processor.py:830} INFO - Processing file /opt/airflow/dags/dog_api_pipeline.py for tasks to queue
[2024-02-10T03:04:21.995+0000] {logging_mixin.py:188} INFO - [2024-02-10T03:04:21.995+0000] {dagbag.py:538} INFO - Filling up the DagBag from /opt/airflow/dags/dog_api_pipeline.py
[2024-02-10T03:04:22.004+0000] {processor.py:840} INFO - DAG(s) 'dog_api_pipeline' retrieved from /opt/airflow/dags/dog_api_pipeline.py
[2024-02-10T03:04:22.031+0000] {logging_mixin.py:188} INFO - [2024-02-10T03:04:22.030+0000] {dag.py:3033} INFO - Sync 1 DAGs
[2024-02-10T03:04:22.043+0000] {logging_mixin.py:188} INFO - [2024-02-10T03:04:22.042+0000] {dag.py:3820} INFO - Setting next_dagrun for dog_api_pipeline to None, run_after=None
[2024-02-10T03:04:22.062+0000] {processor.py:183} INFO - Processing /opt/airflow/dags/dog_api_pipeline.py took 0.071 seconds
[2024-02-10T03:04:52.358+0000] {processor.py:161} INFO - Started process (PID=1474) to work on /opt/airflow/dags/dog_api_pipeline.py
[2024-02-10T03:04:52.359+0000] {processor.py:830} INFO - Processing file /opt/airflow/dags/dog_api_pipeline.py for tasks to queue
[2024-02-10T03:04:52.360+0000] {logging_mixin.py:188} INFO - [2024-02-10T03:04:52.360+0000] {dagbag.py:538} INFO - Filling up the DagBag from /opt/airflow/dags/dog_api_pipeline.py
[2024-02-10T03:04:52.369+0000] {processor.py:840} INFO - DAG(s) 'dog_api_pipeline' retrieved from /opt/airflow/dags/dog_api_pipeline.py
[2024-02-10T03:04:52.398+0000] {logging_mixin.py:188} INFO - [2024-02-10T03:04:52.398+0000] {dag.py:3033} INFO - Sync 1 DAGs
[2024-02-10T03:04:52.413+0000] {logging_mixin.py:188} INFO - [2024-02-10T03:04:52.413+0000] {dag.py:3820} INFO - Setting next_dagrun for dog_api_pipeline to None, run_after=None
[2024-02-10T03:04:52.437+0000] {processor.py:183} INFO - Processing /opt/airflow/dags/dog_api_pipeline.py took 0.082 seconds
[2024-02-10T03:05:22.906+0000] {processor.py:161} INFO - Started process (PID=1521) to work on /opt/airflow/dags/dog_api_pipeline.py
[2024-02-10T03:05:22.907+0000] {processor.py:830} INFO - Processing file /opt/airflow/dags/dog_api_pipeline.py for tasks to queue
[2024-02-10T03:05:22.908+0000] {logging_mixin.py:188} INFO - [2024-02-10T03:05:22.908+0000] {dagbag.py:538} INFO - Filling up the DagBag from /opt/airflow/dags/dog_api_pipeline.py
[2024-02-10T03:05:22.917+0000] {processor.py:840} INFO - DAG(s) 'dog_api_pipeline' retrieved from /opt/airflow/dags/dog_api_pipeline.py
[2024-02-10T03:05:22.946+0000] {logging_mixin.py:188} INFO - [2024-02-10T03:05:22.944+0000] {dag.py:3033} INFO - Sync 1 DAGs
[2024-02-10T03:05:22.959+0000] {logging_mixin.py:188} INFO - [2024-02-10T03:05:22.959+0000] {dag.py:3820} INFO - Setting next_dagrun for dog_api_pipeline to None, run_after=None
[2024-02-10T03:05:22.982+0000] {processor.py:183} INFO - Processing /opt/airflow/dags/dog_api_pipeline.py took 0.079 seconds
[2024-02-10T03:05:53.277+0000] {processor.py:161} INFO - Started process (PID=1557) to work on /opt/airflow/dags/dog_api_pipeline.py
[2024-02-10T03:05:53.278+0000] {processor.py:830} INFO - Processing file /opt/airflow/dags/dog_api_pipeline.py for tasks to queue
[2024-02-10T03:05:53.279+0000] {logging_mixin.py:188} INFO - [2024-02-10T03:05:53.279+0000] {dagbag.py:538} INFO - Filling up the DagBag from /opt/airflow/dags/dog_api_pipeline.py
[2024-02-10T03:05:53.288+0000] {processor.py:840} INFO - DAG(s) 'dog_api_pipeline' retrieved from /opt/airflow/dags/dog_api_pipeline.py
[2024-02-10T03:05:53.316+0000] {logging_mixin.py:188} INFO - [2024-02-10T03:05:53.316+0000] {dag.py:3033} INFO - Sync 1 DAGs
[2024-02-10T03:05:53.332+0000] {logging_mixin.py:188} INFO - [2024-02-10T03:05:53.332+0000] {dag.py:3820} INFO - Setting next_dagrun for dog_api_pipeline to None, run_after=None
[2024-02-10T03:05:53.355+0000] {processor.py:183} INFO - Processing /opt/airflow/dags/dog_api_pipeline.py took 0.080 seconds
[2024-02-10T03:06:23.686+0000] {processor.py:161} INFO - Started process (PID=1601) to work on /opt/airflow/dags/dog_api_pipeline.py
[2024-02-10T03:06:23.687+0000] {processor.py:830} INFO - Processing file /opt/airflow/dags/dog_api_pipeline.py for tasks to queue
[2024-02-10T03:06:23.688+0000] {logging_mixin.py:188} INFO - [2024-02-10T03:06:23.688+0000] {dagbag.py:538} INFO - Filling up the DagBag from /opt/airflow/dags/dog_api_pipeline.py
[2024-02-10T03:06:23.699+0000] {processor.py:840} INFO - DAG(s) 'dog_api_pipeline' retrieved from /opt/airflow/dags/dog_api_pipeline.py
[2024-02-10T03:06:23.732+0000] {logging_mixin.py:188} INFO - [2024-02-10T03:06:23.732+0000] {dag.py:3033} INFO - Sync 1 DAGs
[2024-02-10T03:06:23.762+0000] {logging_mixin.py:188} INFO - [2024-02-10T03:06:23.762+0000] {dag.py:3820} INFO - Setting next_dagrun for dog_api_pipeline to None, run_after=None
[2024-02-10T03:06:23.801+0000] {processor.py:183} INFO - Processing /opt/airflow/dags/dog_api_pipeline.py took 0.118 seconds
[2024-02-10T03:06:54.136+0000] {processor.py:161} INFO - Started process (PID=1638) to work on /opt/airflow/dags/dog_api_pipeline.py
[2024-02-10T03:06:54.137+0000] {processor.py:830} INFO - Processing file /opt/airflow/dags/dog_api_pipeline.py for tasks to queue
[2024-02-10T03:06:54.138+0000] {logging_mixin.py:188} INFO - [2024-02-10T03:06:54.138+0000] {dagbag.py:538} INFO - Filling up the DagBag from /opt/airflow/dags/dog_api_pipeline.py
[2024-02-10T03:06:54.150+0000] {processor.py:840} INFO - DAG(s) 'dog_api_pipeline' retrieved from /opt/airflow/dags/dog_api_pipeline.py
[2024-02-10T03:06:54.178+0000] {logging_mixin.py:188} INFO - [2024-02-10T03:06:54.177+0000] {dag.py:3033} INFO - Sync 1 DAGs
[2024-02-10T03:06:54.194+0000] {logging_mixin.py:188} INFO - [2024-02-10T03:06:54.193+0000] {dag.py:3820} INFO - Setting next_dagrun for dog_api_pipeline to None, run_after=None
[2024-02-10T03:06:54.240+0000] {processor.py:183} INFO - Processing /opt/airflow/dags/dog_api_pipeline.py took 0.107 seconds
[2024-02-10T03:07:24.560+0000] {processor.py:161} INFO - Started process (PID=1674) to work on /opt/airflow/dags/dog_api_pipeline.py
[2024-02-10T03:07:24.561+0000] {processor.py:830} INFO - Processing file /opt/airflow/dags/dog_api_pipeline.py for tasks to queue
[2024-02-10T03:07:24.562+0000] {logging_mixin.py:188} INFO - [2024-02-10T03:07:24.562+0000] {dagbag.py:538} INFO - Filling up the DagBag from /opt/airflow/dags/dog_api_pipeline.py
[2024-02-10T03:07:24.571+0000] {processor.py:840} INFO - DAG(s) 'dog_api_pipeline' retrieved from /opt/airflow/dags/dog_api_pipeline.py
[2024-02-10T03:07:24.601+0000] {logging_mixin.py:188} INFO - [2024-02-10T03:07:24.601+0000] {dag.py:3033} INFO - Sync 1 DAGs
[2024-02-10T03:07:24.628+0000] {logging_mixin.py:188} INFO - [2024-02-10T03:07:24.627+0000] {dag.py:3820} INFO - Setting next_dagrun for dog_api_pipeline to None, run_after=None
[2024-02-10T03:07:24.685+0000] {processor.py:183} INFO - Processing /opt/airflow/dags/dog_api_pipeline.py took 0.134 seconds
[2024-02-10T03:07:55.027+0000] {processor.py:161} INFO - Started process (PID=1718) to work on /opt/airflow/dags/dog_api_pipeline.py
[2024-02-10T03:07:55.032+0000] {processor.py:830} INFO - Processing file /opt/airflow/dags/dog_api_pipeline.py for tasks to queue
[2024-02-10T03:07:55.033+0000] {logging_mixin.py:188} INFO - [2024-02-10T03:07:55.033+0000] {dagbag.py:538} INFO - Filling up the DagBag from /opt/airflow/dags/dog_api_pipeline.py
[2024-02-10T03:07:55.069+0000] {processor.py:840} INFO - DAG(s) 'dog_api_pipeline' retrieved from /opt/airflow/dags/dog_api_pipeline.py
[2024-02-10T03:07:55.157+0000] {logging_mixin.py:188} INFO - [2024-02-10T03:07:55.156+0000] {dag.py:3033} INFO - Sync 1 DAGs
[2024-02-10T03:07:55.198+0000] {logging_mixin.py:188} INFO - [2024-02-10T03:07:55.198+0000] {dag.py:3820} INFO - Setting next_dagrun for dog_api_pipeline to None, run_after=None
[2024-02-10T03:07:55.243+0000] {processor.py:183} INFO - Processing /opt/airflow/dags/dog_api_pipeline.py took 0.219 seconds
[2024-02-10T03:08:25.629+0000] {processor.py:161} INFO - Started process (PID=1754) to work on /opt/airflow/dags/dog_api_pipeline.py
[2024-02-10T03:08:25.631+0000] {processor.py:830} INFO - Processing file /opt/airflow/dags/dog_api_pipeline.py for tasks to queue
[2024-02-10T03:08:25.633+0000] {logging_mixin.py:188} INFO - [2024-02-10T03:08:25.632+0000] {dagbag.py:538} INFO - Filling up the DagBag from /opt/airflow/dags/dog_api_pipeline.py
[2024-02-10T03:08:25.653+0000] {processor.py:840} INFO - DAG(s) 'dog_api_pipeline' retrieved from /opt/airflow/dags/dog_api_pipeline.py
[2024-02-10T03:08:25.717+0000] {logging_mixin.py:188} INFO - [2024-02-10T03:08:25.717+0000] {dag.py:3033} INFO - Sync 1 DAGs
[2024-02-10T03:08:25.734+0000] {logging_mixin.py:188} INFO - [2024-02-10T03:08:25.733+0000] {dag.py:3820} INFO - Setting next_dagrun for dog_api_pipeline to None, run_after=None
[2024-02-10T03:08:25.764+0000] {processor.py:183} INFO - Processing /opt/airflow/dags/dog_api_pipeline.py took 0.140 seconds
[2024-02-10T03:08:56.169+0000] {processor.py:161} INFO - Started process (PID=1791) to work on /opt/airflow/dags/dog_api_pipeline.py
[2024-02-10T03:08:56.170+0000] {processor.py:830} INFO - Processing file /opt/airflow/dags/dog_api_pipeline.py for tasks to queue
[2024-02-10T03:08:56.171+0000] {logging_mixin.py:188} INFO - [2024-02-10T03:08:56.171+0000] {dagbag.py:538} INFO - Filling up the DagBag from /opt/airflow/dags/dog_api_pipeline.py
[2024-02-10T03:08:56.187+0000] {processor.py:840} INFO - DAG(s) 'dog_api_pipeline' retrieved from /opt/airflow/dags/dog_api_pipeline.py
[2024-02-10T03:08:56.227+0000] {logging_mixin.py:188} INFO - [2024-02-10T03:08:56.227+0000] {dag.py:3033} INFO - Sync 1 DAGs
[2024-02-10T03:08:56.246+0000] {logging_mixin.py:188} INFO - [2024-02-10T03:08:56.246+0000] {dag.py:3820} INFO - Setting next_dagrun for dog_api_pipeline to None, run_after=None
[2024-02-10T03:08:56.289+0000] {processor.py:183} INFO - Processing /opt/airflow/dags/dog_api_pipeline.py took 0.123 seconds
[2024-02-10T03:09:26.831+0000] {processor.py:161} INFO - Started process (PID=1838) to work on /opt/airflow/dags/dog_api_pipeline.py
[2024-02-10T03:09:26.832+0000] {processor.py:830} INFO - Processing file /opt/airflow/dags/dog_api_pipeline.py for tasks to queue
[2024-02-10T03:09:26.833+0000] {logging_mixin.py:188} INFO - [2024-02-10T03:09:26.833+0000] {dagbag.py:538} INFO - Filling up the DagBag from /opt/airflow/dags/dog_api_pipeline.py
[2024-02-10T03:09:26.842+0000] {processor.py:840} INFO - DAG(s) 'dog_api_pipeline' retrieved from /opt/airflow/dags/dog_api_pipeline.py
[2024-02-10T03:09:26.871+0000] {logging_mixin.py:188} INFO - [2024-02-10T03:09:26.871+0000] {dag.py:3033} INFO - Sync 1 DAGs
[2024-02-10T03:09:26.886+0000] {logging_mixin.py:188} INFO - [2024-02-10T03:09:26.885+0000] {dag.py:3820} INFO - Setting next_dagrun for dog_api_pipeline to None, run_after=None
[2024-02-10T03:09:26.909+0000] {processor.py:183} INFO - Processing /opt/airflow/dags/dog_api_pipeline.py took 0.082 seconds
[2024-02-10T03:09:57.212+0000] {processor.py:161} INFO - Started process (PID=1874) to work on /opt/airflow/dags/dog_api_pipeline.py
[2024-02-10T03:09:57.213+0000] {processor.py:830} INFO - Processing file /opt/airflow/dags/dog_api_pipeline.py for tasks to queue
[2024-02-10T03:09:57.213+0000] {logging_mixin.py:188} INFO - [2024-02-10T03:09:57.213+0000] {dagbag.py:538} INFO - Filling up the DagBag from /opt/airflow/dags/dog_api_pipeline.py
[2024-02-10T03:09:57.222+0000] {processor.py:840} INFO - DAG(s) 'dog_api_pipeline' retrieved from /opt/airflow/dags/dog_api_pipeline.py
[2024-02-10T03:09:57.250+0000] {logging_mixin.py:188} INFO - [2024-02-10T03:09:57.250+0000] {dag.py:3033} INFO - Sync 1 DAGs
[2024-02-10T03:09:57.267+0000] {logging_mixin.py:188} INFO - [2024-02-10T03:09:57.267+0000] {dag.py:3820} INFO - Setting next_dagrun for dog_api_pipeline to None, run_after=None
[2024-02-10T03:09:57.290+0000] {processor.py:183} INFO - Processing /opt/airflow/dags/dog_api_pipeline.py took 0.082 seconds
[2024-02-10T03:10:27.572+0000] {processor.py:161} INFO - Started process (PID=1909) to work on /opt/airflow/dags/dog_api_pipeline.py
[2024-02-10T03:10:27.572+0000] {processor.py:830} INFO - Processing file /opt/airflow/dags/dog_api_pipeline.py for tasks to queue
[2024-02-10T03:10:27.573+0000] {logging_mixin.py:188} INFO - [2024-02-10T03:10:27.573+0000] {dagbag.py:538} INFO - Filling up the DagBag from /opt/airflow/dags/dog_api_pipeline.py
[2024-02-10T03:10:27.583+0000] {processor.py:840} INFO - DAG(s) 'dog_api_pipeline' retrieved from /opt/airflow/dags/dog_api_pipeline.py
[2024-02-10T03:10:27.631+0000] {logging_mixin.py:188} INFO - [2024-02-10T03:10:27.631+0000] {dag.py:3033} INFO - Sync 1 DAGs
[2024-02-10T03:10:27.652+0000] {logging_mixin.py:188} INFO - [2024-02-10T03:10:27.651+0000] {dag.py:3820} INFO - Setting next_dagrun for dog_api_pipeline to None, run_after=None
[2024-02-10T03:10:27.701+0000] {processor.py:183} INFO - Processing /opt/airflow/dags/dog_api_pipeline.py took 0.133 seconds
[2024-02-10T03:10:58.031+0000] {processor.py:161} INFO - Started process (PID=1957) to work on /opt/airflow/dags/dog_api_pipeline.py
[2024-02-10T03:10:58.032+0000] {processor.py:830} INFO - Processing file /opt/airflow/dags/dog_api_pipeline.py for tasks to queue
[2024-02-10T03:10:58.032+0000] {logging_mixin.py:188} INFO - [2024-02-10T03:10:58.032+0000] {dagbag.py:538} INFO - Filling up the DagBag from /opt/airflow/dags/dog_api_pipeline.py
[2024-02-10T03:10:58.039+0000] {processor.py:840} INFO - DAG(s) 'dog_api_pipeline' retrieved from /opt/airflow/dags/dog_api_pipeline.py
[2024-02-10T03:10:58.059+0000] {logging_mixin.py:188} INFO - [2024-02-10T03:10:58.059+0000] {dag.py:3033} INFO - Sync 1 DAGs
[2024-02-10T03:10:58.069+0000] {logging_mixin.py:188} INFO - [2024-02-10T03:10:58.069+0000] {dag.py:3820} INFO - Setting next_dagrun for dog_api_pipeline to None, run_after=None
[2024-02-10T03:10:58.089+0000] {processor.py:183} INFO - Processing /opt/airflow/dags/dog_api_pipeline.py took 0.061 seconds
[2024-02-10T03:11:28.411+0000] {processor.py:161} INFO - Started process (PID=1994) to work on /opt/airflow/dags/dog_api_pipeline.py
[2024-02-10T03:11:28.412+0000] {processor.py:830} INFO - Processing file /opt/airflow/dags/dog_api_pipeline.py for tasks to queue
[2024-02-10T03:11:28.413+0000] {logging_mixin.py:188} INFO - [2024-02-10T03:11:28.413+0000] {dagbag.py:538} INFO - Filling up the DagBag from /opt/airflow/dags/dog_api_pipeline.py
[2024-02-10T03:11:28.422+0000] {processor.py:840} INFO - DAG(s) 'dog_api_pipeline' retrieved from /opt/airflow/dags/dog_api_pipeline.py
[2024-02-10T03:11:28.451+0000] {logging_mixin.py:188} INFO - [2024-02-10T03:11:28.451+0000] {dag.py:3033} INFO - Sync 1 DAGs
[2024-02-10T03:11:28.465+0000] {logging_mixin.py:188} INFO - [2024-02-10T03:11:28.465+0000] {dag.py:3820} INFO - Setting next_dagrun for dog_api_pipeline to None, run_after=None
[2024-02-10T03:11:28.489+0000] {processor.py:183} INFO - Processing /opt/airflow/dags/dog_api_pipeline.py took 0.083 seconds
[2024-02-10T03:11:58.816+0000] {processor.py:161} INFO - Started process (PID=2038) to work on /opt/airflow/dags/dog_api_pipeline.py
[2024-02-10T03:11:58.817+0000] {processor.py:830} INFO - Processing file /opt/airflow/dags/dog_api_pipeline.py for tasks to queue
[2024-02-10T03:11:58.818+0000] {logging_mixin.py:188} INFO - [2024-02-10T03:11:58.818+0000] {dagbag.py:538} INFO - Filling up the DagBag from /opt/airflow/dags/dog_api_pipeline.py
[2024-02-10T03:11:58.827+0000] {processor.py:840} INFO - DAG(s) 'dog_api_pipeline' retrieved from /opt/airflow/dags/dog_api_pipeline.py
[2024-02-10T03:11:58.872+0000] {logging_mixin.py:188} INFO - [2024-02-10T03:11:58.872+0000] {dag.py:3033} INFO - Sync 1 DAGs
[2024-02-10T03:11:58.888+0000] {logging_mixin.py:188} INFO - [2024-02-10T03:11:58.888+0000] {dag.py:3820} INFO - Setting next_dagrun for dog_api_pipeline to None, run_after=None
[2024-02-10T03:11:58.941+0000] {processor.py:183} INFO - Processing /opt/airflow/dags/dog_api_pipeline.py took 0.129 seconds
[2024-02-10T03:12:29.344+0000] {processor.py:161} INFO - Started process (PID=2077) to work on /opt/airflow/dags/dog_api_pipeline.py
[2024-02-10T03:12:29.345+0000] {processor.py:830} INFO - Processing file /opt/airflow/dags/dog_api_pipeline.py for tasks to queue
[2024-02-10T03:12:29.346+0000] {logging_mixin.py:188} INFO - [2024-02-10T03:12:29.346+0000] {dagbag.py:538} INFO - Filling up the DagBag from /opt/airflow/dags/dog_api_pipeline.py
[2024-02-10T03:12:29.353+0000] {processor.py:840} INFO - DAG(s) 'dog_api_pipeline' retrieved from /opt/airflow/dags/dog_api_pipeline.py
[2024-02-10T03:12:29.373+0000] {logging_mixin.py:188} INFO - [2024-02-10T03:12:29.373+0000] {dag.py:3033} INFO - Sync 1 DAGs
[2024-02-10T03:12:29.383+0000] {logging_mixin.py:188} INFO - [2024-02-10T03:12:29.383+0000] {dag.py:3820} INFO - Setting next_dagrun for dog_api_pipeline to None, run_after=None
[2024-02-10T03:12:29.402+0000] {processor.py:183} INFO - Processing /opt/airflow/dags/dog_api_pipeline.py took 0.060 seconds
[2024-02-10T03:12:59.691+0000] {processor.py:161} INFO - Started process (PID=2113) to work on /opt/airflow/dags/dog_api_pipeline.py
[2024-02-10T03:12:59.692+0000] {processor.py:830} INFO - Processing file /opt/airflow/dags/dog_api_pipeline.py for tasks to queue
[2024-02-10T03:12:59.693+0000] {logging_mixin.py:188} INFO - [2024-02-10T03:12:59.692+0000] {dagbag.py:538} INFO - Filling up the DagBag from /opt/airflow/dags/dog_api_pipeline.py
[2024-02-10T03:12:59.699+0000] {processor.py:840} INFO - DAG(s) 'dog_api_pipeline' retrieved from /opt/airflow/dags/dog_api_pipeline.py
[2024-02-10T03:12:59.719+0000] {logging_mixin.py:188} INFO - [2024-02-10T03:12:59.719+0000] {dag.py:3033} INFO - Sync 1 DAGs
[2024-02-10T03:12:59.729+0000] {logging_mixin.py:188} INFO - [2024-02-10T03:12:59.729+0000] {dag.py:3820} INFO - Setting next_dagrun for dog_api_pipeline to None, run_after=None
[2024-02-10T03:12:59.754+0000] {processor.py:183} INFO - Processing /opt/airflow/dags/dog_api_pipeline.py took 0.065 seconds
[2024-02-10T03:13:30.092+0000] {processor.py:161} INFO - Started process (PID=2157) to work on /opt/airflow/dags/dog_api_pipeline.py
[2024-02-10T03:13:30.097+0000] {processor.py:830} INFO - Processing file /opt/airflow/dags/dog_api_pipeline.py for tasks to queue
[2024-02-10T03:13:30.098+0000] {logging_mixin.py:188} INFO - [2024-02-10T03:13:30.097+0000] {dagbag.py:538} INFO - Filling up the DagBag from /opt/airflow/dags/dog_api_pipeline.py
[2024-02-10T03:13:30.106+0000] {processor.py:840} INFO - DAG(s) 'dog_api_pipeline' retrieved from /opt/airflow/dags/dog_api_pipeline.py
[2024-02-10T03:13:30.156+0000] {logging_mixin.py:188} INFO - [2024-02-10T03:13:30.156+0000] {dag.py:3033} INFO - Sync 1 DAGs
[2024-02-10T03:13:30.179+0000] {logging_mixin.py:188} INFO - [2024-02-10T03:13:30.179+0000] {dag.py:3820} INFO - Setting next_dagrun for dog_api_pipeline to None, run_after=None
[2024-02-10T03:13:30.222+0000] {processor.py:183} INFO - Processing /opt/airflow/dags/dog_api_pipeline.py took 0.136 seconds
[2024-02-10T03:14:00.514+0000] {processor.py:161} INFO - Started process (PID=2191) to work on /opt/airflow/dags/dog_api_pipeline.py
[2024-02-10T03:14:00.515+0000] {processor.py:830} INFO - Processing file /opt/airflow/dags/dog_api_pipeline.py for tasks to queue
[2024-02-10T03:14:00.516+0000] {logging_mixin.py:188} INFO - [2024-02-10T03:14:00.516+0000] {dagbag.py:538} INFO - Filling up the DagBag from /opt/airflow/dags/dog_api_pipeline.py
[2024-02-10T03:14:00.525+0000] {processor.py:840} INFO - DAG(s) 'dog_api_pipeline' retrieved from /opt/airflow/dags/dog_api_pipeline.py
[2024-02-10T03:14:00.562+0000] {logging_mixin.py:188} INFO - [2024-02-10T03:14:00.562+0000] {dag.py:3033} INFO - Sync 1 DAGs
[2024-02-10T03:14:00.586+0000] {logging_mixin.py:188} INFO - [2024-02-10T03:14:00.586+0000] {dag.py:3820} INFO - Setting next_dagrun for dog_api_pipeline to None, run_after=None
[2024-02-10T03:14:00.632+0000] {processor.py:183} INFO - Processing /opt/airflow/dags/dog_api_pipeline.py took 0.122 seconds
[2024-02-10T03:14:31.042+0000] {processor.py:161} INFO - Started process (PID=2240) to work on /opt/airflow/dags/dog_api_pipeline.py
[2024-02-10T03:14:31.043+0000] {processor.py:830} INFO - Processing file /opt/airflow/dags/dog_api_pipeline.py for tasks to queue
[2024-02-10T03:14:31.044+0000] {logging_mixin.py:188} INFO - [2024-02-10T03:14:31.043+0000] {dagbag.py:538} INFO - Filling up the DagBag from /opt/airflow/dags/dog_api_pipeline.py
[2024-02-10T03:14:31.055+0000] {processor.py:840} INFO - DAG(s) 'dog_api_pipeline' retrieved from /opt/airflow/dags/dog_api_pipeline.py
[2024-02-10T03:14:31.084+0000] {logging_mixin.py:188} INFO - [2024-02-10T03:14:31.084+0000] {dag.py:3033} INFO - Sync 1 DAGs
[2024-02-10T03:14:31.099+0000] {logging_mixin.py:188} INFO - [2024-02-10T03:14:31.099+0000] {dag.py:3820} INFO - Setting next_dagrun for dog_api_pipeline to None, run_after=None
[2024-02-10T03:14:31.122+0000] {processor.py:183} INFO - Processing /opt/airflow/dags/dog_api_pipeline.py took 0.084 seconds
[2024-02-10T03:15:01.434+0000] {processor.py:161} INFO - Started process (PID=2277) to work on /opt/airflow/dags/dog_api_pipeline.py
[2024-02-10T03:15:01.434+0000] {processor.py:830} INFO - Processing file /opt/airflow/dags/dog_api_pipeline.py for tasks to queue
[2024-02-10T03:15:01.435+0000] {logging_mixin.py:188} INFO - [2024-02-10T03:15:01.435+0000] {dagbag.py:538} INFO - Filling up the DagBag from /opt/airflow/dags/dog_api_pipeline.py
[2024-02-10T03:15:01.442+0000] {processor.py:840} INFO - DAG(s) 'dog_api_pipeline' retrieved from /opt/airflow/dags/dog_api_pipeline.py
[2024-02-10T03:15:01.462+0000] {logging_mixin.py:188} INFO - [2024-02-10T03:15:01.462+0000] {dag.py:3033} INFO - Sync 1 DAGs
[2024-02-10T03:15:01.472+0000] {logging_mixin.py:188} INFO - [2024-02-10T03:15:01.472+0000] {dag.py:3820} INFO - Setting next_dagrun for dog_api_pipeline to None, run_after=None
[2024-02-10T03:15:01.490+0000] {processor.py:183} INFO - Processing /opt/airflow/dags/dog_api_pipeline.py took 0.059 seconds
[2024-02-10T03:15:31.774+0000] {processor.py:161} INFO - Started process (PID=2313) to work on /opt/airflow/dags/dog_api_pipeline.py
[2024-02-10T03:15:31.775+0000] {processor.py:830} INFO - Processing file /opt/airflow/dags/dog_api_pipeline.py for tasks to queue
[2024-02-10T03:15:31.776+0000] {logging_mixin.py:188} INFO - [2024-02-10T03:15:31.775+0000] {dagbag.py:538} INFO - Filling up the DagBag from /opt/airflow/dags/dog_api_pipeline.py
[2024-02-10T03:15:31.785+0000] {processor.py:840} INFO - DAG(s) 'dog_api_pipeline' retrieved from /opt/airflow/dags/dog_api_pipeline.py
[2024-02-10T03:15:31.812+0000] {logging_mixin.py:188} INFO - [2024-02-10T03:15:31.812+0000] {dag.py:3033} INFO - Sync 1 DAGs
[2024-02-10T03:15:31.827+0000] {logging_mixin.py:188} INFO - [2024-02-10T03:15:31.827+0000] {dag.py:3820} INFO - Setting next_dagrun for dog_api_pipeline to None, run_after=None
[2024-02-10T03:15:31.850+0000] {processor.py:183} INFO - Processing /opt/airflow/dags/dog_api_pipeline.py took 0.079 seconds
[2024-02-10T03:17:22.901+0000] {processor.py:161} INFO - Started process (PID=179) to work on /opt/airflow/dags/dog_api_pipeline.py
[2024-02-10T03:17:22.902+0000] {processor.py:830} INFO - Processing file /opt/airflow/dags/dog_api_pipeline.py for tasks to queue
[2024-02-10T03:17:22.903+0000] {logging_mixin.py:188} INFO - [2024-02-10T03:17:22.903+0000] {dagbag.py:538} INFO - Filling up the DagBag from /opt/airflow/dags/dog_api_pipeline.py
[2024-02-10T03:17:22.914+0000] {processor.py:840} INFO - DAG(s) 'dog_api_pipeline' retrieved from /opt/airflow/dags/dog_api_pipeline.py
[2024-02-10T03:17:23.136+0000] {logging_mixin.py:188} INFO - [2024-02-10T03:17:23.135+0000] {dag.py:3033} INFO - Sync 1 DAGs
[2024-02-10T03:17:23.151+0000] {logging_mixin.py:188} INFO - [2024-02-10T03:17:23.151+0000] {dag.py:3820} INFO - Setting next_dagrun for dog_api_pipeline to None, run_after=None
[2024-02-10T03:17:23.175+0000] {processor.py:183} INFO - Processing /opt/airflow/dags/dog_api_pipeline.py took 0.277 seconds
[2024-02-10T03:17:53.569+0000] {processor.py:161} INFO - Started process (PID=214) to work on /opt/airflow/dags/dog_api_pipeline.py
[2024-02-10T03:17:53.572+0000] {processor.py:830} INFO - Processing file /opt/airflow/dags/dog_api_pipeline.py for tasks to queue
[2024-02-10T03:17:53.575+0000] {logging_mixin.py:188} INFO - [2024-02-10T03:17:53.573+0000] {dagbag.py:538} INFO - Filling up the DagBag from /opt/airflow/dags/dog_api_pipeline.py
[2024-02-10T03:17:53.584+0000] {processor.py:840} INFO - DAG(s) 'dog_api_pipeline' retrieved from /opt/airflow/dags/dog_api_pipeline.py
[2024-02-10T03:17:53.628+0000] {logging_mixin.py:188} INFO - [2024-02-10T03:17:53.627+0000] {dag.py:3033} INFO - Sync 1 DAGs
[2024-02-10T03:17:53.651+0000] {logging_mixin.py:188} INFO - [2024-02-10T03:17:53.651+0000] {dag.py:3820} INFO - Setting next_dagrun for dog_api_pipeline to None, run_after=None
[2024-02-10T03:17:53.677+0000] {processor.py:183} INFO - Processing /opt/airflow/dags/dog_api_pipeline.py took 0.119 seconds
[2024-02-10T03:18:24.233+0000] {processor.py:161} INFO - Started process (PID=261) to work on /opt/airflow/dags/dog_api_pipeline.py
[2024-02-10T03:18:24.234+0000] {processor.py:830} INFO - Processing file /opt/airflow/dags/dog_api_pipeline.py for tasks to queue
[2024-02-10T03:18:24.244+0000] {logging_mixin.py:188} INFO - [2024-02-10T03:18:24.244+0000] {dagbag.py:538} INFO - Filling up the DagBag from /opt/airflow/dags/dog_api_pipeline.py
[2024-02-10T03:18:24.253+0000] {processor.py:840} INFO - DAG(s) 'dog_api_pipeline' retrieved from /opt/airflow/dags/dog_api_pipeline.py
[2024-02-10T03:18:24.306+0000] {logging_mixin.py:188} INFO - [2024-02-10T03:18:24.306+0000] {dag.py:3033} INFO - Sync 1 DAGs
[2024-02-10T03:18:24.322+0000] {logging_mixin.py:188} INFO - [2024-02-10T03:18:24.322+0000] {dag.py:3820} INFO - Setting next_dagrun for dog_api_pipeline to None, run_after=None
[2024-02-10T03:18:24.349+0000] {processor.py:183} INFO - Processing /opt/airflow/dags/dog_api_pipeline.py took 0.119 seconds
[2024-02-10T03:18:54.655+0000] {processor.py:161} INFO - Started process (PID=296) to work on /opt/airflow/dags/dog_api_pipeline.py
[2024-02-10T03:18:54.656+0000] {processor.py:830} INFO - Processing file /opt/airflow/dags/dog_api_pipeline.py for tasks to queue
[2024-02-10T03:18:54.657+0000] {logging_mixin.py:188} INFO - [2024-02-10T03:18:54.657+0000] {dagbag.py:538} INFO - Filling up the DagBag from /opt/airflow/dags/dog_api_pipeline.py
[2024-02-10T03:18:54.666+0000] {processor.py:840} INFO - DAG(s) 'dog_api_pipeline' retrieved from /opt/airflow/dags/dog_api_pipeline.py
[2024-02-10T03:18:54.708+0000] {logging_mixin.py:188} INFO - [2024-02-10T03:18:54.708+0000] {dag.py:3033} INFO - Sync 1 DAGs
[2024-02-10T03:18:54.722+0000] {logging_mixin.py:188} INFO - [2024-02-10T03:18:54.722+0000] {dag.py:3820} INFO - Setting next_dagrun for dog_api_pipeline to None, run_after=None
[2024-02-10T03:18:54.777+0000] {processor.py:183} INFO - Processing /opt/airflow/dags/dog_api_pipeline.py took 0.125 seconds
[2024-02-10T03:19:25.094+0000] {processor.py:161} INFO - Started process (PID=333) to work on /opt/airflow/dags/dog_api_pipeline.py
[2024-02-10T03:19:25.095+0000] {processor.py:830} INFO - Processing file /opt/airflow/dags/dog_api_pipeline.py for tasks to queue
[2024-02-10T03:19:25.096+0000] {logging_mixin.py:188} INFO - [2024-02-10T03:19:25.096+0000] {dagbag.py:538} INFO - Filling up the DagBag from /opt/airflow/dags/dog_api_pipeline.py
[2024-02-10T03:19:25.105+0000] {processor.py:840} INFO - DAG(s) 'dog_api_pipeline' retrieved from /opt/airflow/dags/dog_api_pipeline.py
[2024-02-10T03:19:25.140+0000] {logging_mixin.py:188} INFO - [2024-02-10T03:19:25.140+0000] {dag.py:3033} INFO - Sync 1 DAGs
[2024-02-10T03:19:25.165+0000] {logging_mixin.py:188} INFO - [2024-02-10T03:19:25.165+0000] {dag.py:3820} INFO - Setting next_dagrun for dog_api_pipeline to None, run_after=None
[2024-02-10T03:19:25.210+0000] {processor.py:183} INFO - Processing /opt/airflow/dags/dog_api_pipeline.py took 0.123 seconds
[2024-02-10T03:19:55.547+0000] {processor.py:161} INFO - Started process (PID=379) to work on /opt/airflow/dags/dog_api_pipeline.py
[2024-02-10T03:19:55.556+0000] {processor.py:830} INFO - Processing file /opt/airflow/dags/dog_api_pipeline.py for tasks to queue
[2024-02-10T03:19:55.557+0000] {logging_mixin.py:188} INFO - [2024-02-10T03:19:55.556+0000] {dagbag.py:538} INFO - Filling up the DagBag from /opt/airflow/dags/dog_api_pipeline.py
[2024-02-10T03:19:55.569+0000] {processor.py:840} INFO - DAG(s) 'dog_api_pipeline' retrieved from /opt/airflow/dags/dog_api_pipeline.py
[2024-02-10T03:19:55.619+0000] {logging_mixin.py:188} INFO - [2024-02-10T03:19:55.619+0000] {dag.py:3033} INFO - Sync 1 DAGs
[2024-02-10T03:19:55.642+0000] {logging_mixin.py:188} INFO - [2024-02-10T03:19:55.641+0000] {dag.py:3820} INFO - Setting next_dagrun for dog_api_pipeline to None, run_after=None
[2024-02-10T03:19:55.673+0000] {processor.py:183} INFO - Processing /opt/airflow/dags/dog_api_pipeline.py took 0.130 seconds
[2024-02-10T03:20:26.009+0000] {processor.py:161} INFO - Started process (PID=417) to work on /opt/airflow/dags/dog_api_pipeline.py
[2024-02-10T03:20:26.017+0000] {processor.py:830} INFO - Processing file /opt/airflow/dags/dog_api_pipeline.py for tasks to queue
[2024-02-10T03:20:26.018+0000] {logging_mixin.py:188} INFO - [2024-02-10T03:20:26.018+0000] {dagbag.py:538} INFO - Filling up the DagBag from /opt/airflow/dags/dog_api_pipeline.py
[2024-02-10T03:20:26.044+0000] {processor.py:840} INFO - DAG(s) 'dog_api_pipeline' retrieved from /opt/airflow/dags/dog_api_pipeline.py
[2024-02-10T03:20:26.138+0000] {logging_mixin.py:188} INFO - [2024-02-10T03:20:26.138+0000] {dag.py:3033} INFO - Sync 1 DAGs
[2024-02-10T03:20:26.165+0000] {logging_mixin.py:188} INFO - [2024-02-10T03:20:26.165+0000] {dag.py:3820} INFO - Setting next_dagrun for dog_api_pipeline to None, run_after=None
[2024-02-10T03:20:26.193+0000] {processor.py:183} INFO - Processing /opt/airflow/dags/dog_api_pipeline.py took 0.199 seconds
[2024-02-10T03:20:56.502+0000] {processor.py:161} INFO - Started process (PID=463) to work on /opt/airflow/dags/dog_api_pipeline.py
[2024-02-10T03:20:56.502+0000] {processor.py:830} INFO - Processing file /opt/airflow/dags/dog_api_pipeline.py for tasks to queue
[2024-02-10T03:20:56.503+0000] {logging_mixin.py:188} INFO - [2024-02-10T03:20:56.503+0000] {dagbag.py:538} INFO - Filling up the DagBag from /opt/airflow/dags/dog_api_pipeline.py
[2024-02-10T03:20:56.509+0000] {processor.py:840} INFO - DAG(s) 'dog_api_pipeline' retrieved from /opt/airflow/dags/dog_api_pipeline.py
[2024-02-10T03:20:56.529+0000] {logging_mixin.py:188} INFO - [2024-02-10T03:20:56.529+0000] {dag.py:3033} INFO - Sync 1 DAGs
[2024-02-10T03:20:56.539+0000] {logging_mixin.py:188} INFO - [2024-02-10T03:20:56.539+0000] {dag.py:3820} INFO - Setting next_dagrun for dog_api_pipeline to None, run_after=None
[2024-02-10T03:20:56.558+0000] {processor.py:183} INFO - Processing /opt/airflow/dags/dog_api_pipeline.py took 0.059 seconds
