[2024-02-10T02:48:37.857+0000] {processor.py:161} INFO - Started process (PID=171) to work on /opt/airflow/dags/everyday_dag.py
[2024-02-10T02:48:37.858+0000] {processor.py:830} INFO - Processing file /opt/airflow/dags/everyday_dag.py for tasks to queue
[2024-02-10T02:48:37.868+0000] {logging_mixin.py:188} INFO - [2024-02-10T02:48:37.867+0000] {dagbag.py:538} INFO - Filling up the DagBag from /opt/airflow/dags/everyday_dag.py
[2024-02-10T02:48:37.914+0000] {processor.py:840} INFO - DAG(s) 'everyday_dag' retrieved from /opt/airflow/dags/everyday_dag.py
[2024-02-10T02:48:38.477+0000] {logging_mixin.py:188} INFO - [2024-02-10T02:48:38.476+0000] {override.py:1769} INFO - Created Permission View: can edit on DAG:everyday_dag
[2024-02-10T02:48:38.501+0000] {logging_mixin.py:188} INFO - [2024-02-10T02:48:38.501+0000] {override.py:1769} INFO - Created Permission View: can read on DAG:everyday_dag
[2024-02-10T02:48:38.519+0000] {logging_mixin.py:188} INFO - [2024-02-10T02:48:38.519+0000] {override.py:1769} INFO - Created Permission View: can delete on DAG:everyday_dag
[2024-02-10T02:48:38.519+0000] {logging_mixin.py:188} INFO - [2024-02-10T02:48:38.519+0000] {dag.py:3033} INFO - Sync 1 DAGs
[2024-02-10T02:48:38.546+0000] {logging_mixin.py:188} INFO - [2024-02-10T02:48:38.546+0000] {dag.py:3055} INFO - Creating ORM DAG for everyday_dag
[2024-02-10T02:48:38.572+0000] {logging_mixin.py:188} INFO - [2024-02-10T02:48:38.572+0000] {dag.py:3820} INFO - Setting next_dagrun for everyday_dag to 2024-01-30T00:00:00+00:00, run_after=2024-01-31T00:00:00+00:00
[2024-02-10T02:48:38.626+0000] {processor.py:183} INFO - Processing /opt/airflow/dags/everyday_dag.py took 0.782 seconds
[2024-02-10T02:49:09.204+0000] {processor.py:161} INFO - Started process (PID=209) to work on /opt/airflow/dags/everyday_dag.py
[2024-02-10T02:49:09.205+0000] {processor.py:830} INFO - Processing file /opt/airflow/dags/everyday_dag.py for tasks to queue
[2024-02-10T02:49:09.206+0000] {logging_mixin.py:188} INFO - [2024-02-10T02:49:09.206+0000] {dagbag.py:538} INFO - Filling up the DagBag from /opt/airflow/dags/everyday_dag.py
[2024-02-10T02:49:09.220+0000] {processor.py:840} INFO - DAG(s) 'everyday_dag' retrieved from /opt/airflow/dags/everyday_dag.py
[2024-02-10T02:49:09.249+0000] {logging_mixin.py:188} INFO - [2024-02-10T02:49:09.249+0000] {dag.py:3033} INFO - Sync 1 DAGs
[2024-02-10T02:49:09.275+0000] {logging_mixin.py:188} INFO - [2024-02-10T02:49:09.275+0000] {dag.py:3820} INFO - Setting next_dagrun for everyday_dag to 2024-01-30T00:00:00+00:00, run_after=2024-01-31T00:00:00+00:00
[2024-02-10T02:49:09.297+0000] {processor.py:183} INFO - Processing /opt/airflow/dags/everyday_dag.py took 0.096 seconds
[2024-02-10T02:49:39.555+0000] {processor.py:161} INFO - Started process (PID=254) to work on /opt/airflow/dags/everyday_dag.py
[2024-02-10T02:49:39.556+0000] {processor.py:830} INFO - Processing file /opt/airflow/dags/everyday_dag.py for tasks to queue
[2024-02-10T02:49:39.557+0000] {logging_mixin.py:188} INFO - [2024-02-10T02:49:39.556+0000] {dagbag.py:538} INFO - Filling up the DagBag from /opt/airflow/dags/everyday_dag.py
[2024-02-10T02:49:39.571+0000] {processor.py:840} INFO - DAG(s) 'everyday_dag' retrieved from /opt/airflow/dags/everyday_dag.py
[2024-02-10T02:49:39.620+0000] {logging_mixin.py:188} INFO - [2024-02-10T02:49:39.620+0000] {dag.py:3033} INFO - Sync 1 DAGs
[2024-02-10T02:49:39.655+0000] {logging_mixin.py:188} INFO - [2024-02-10T02:49:39.655+0000] {dag.py:3820} INFO - Setting next_dagrun for everyday_dag to 2024-01-30T00:00:00+00:00, run_after=2024-01-31T00:00:00+00:00
[2024-02-10T02:49:39.695+0000] {processor.py:183} INFO - Processing /opt/airflow/dags/everyday_dag.py took 0.144 seconds
[2024-02-10T02:50:09.978+0000] {processor.py:161} INFO - Started process (PID=290) to work on /opt/airflow/dags/everyday_dag.py
[2024-02-10T02:50:09.979+0000] {processor.py:830} INFO - Processing file /opt/airflow/dags/everyday_dag.py for tasks to queue
[2024-02-10T02:50:09.980+0000] {logging_mixin.py:188} INFO - [2024-02-10T02:50:09.980+0000] {dagbag.py:538} INFO - Filling up the DagBag from /opt/airflow/dags/everyday_dag.py
[2024-02-10T02:50:10.004+0000] {processor.py:840} INFO - DAG(s) 'everyday_dag' retrieved from /opt/airflow/dags/everyday_dag.py
[2024-02-10T02:50:10.030+0000] {logging_mixin.py:188} INFO - [2024-02-10T02:50:10.030+0000] {dag.py:3033} INFO - Sync 1 DAGs
[2024-02-10T02:50:10.054+0000] {logging_mixin.py:188} INFO - [2024-02-10T02:50:10.054+0000] {dag.py:3820} INFO - Setting next_dagrun for everyday_dag to 2024-01-30T00:00:00+00:00, run_after=2024-01-31T00:00:00+00:00
[2024-02-10T02:50:10.081+0000] {processor.py:183} INFO - Processing /opt/airflow/dags/everyday_dag.py took 0.106 seconds
[2024-02-10T02:50:40.344+0000] {processor.py:161} INFO - Started process (PID=333) to work on /opt/airflow/dags/everyday_dag.py
[2024-02-10T02:50:40.345+0000] {processor.py:830} INFO - Processing file /opt/airflow/dags/everyday_dag.py for tasks to queue
[2024-02-10T02:50:40.346+0000] {logging_mixin.py:188} INFO - [2024-02-10T02:50:40.345+0000] {dagbag.py:538} INFO - Filling up the DagBag from /opt/airflow/dags/everyday_dag.py
[2024-02-10T02:50:40.371+0000] {processor.py:840} INFO - DAG(s) 'everyday_dag' retrieved from /opt/airflow/dags/everyday_dag.py
[2024-02-10T02:50:40.453+0000] {logging_mixin.py:188} INFO - [2024-02-10T02:50:40.452+0000] {dag.py:3033} INFO - Sync 1 DAGs
[2024-02-10T02:50:40.515+0000] {logging_mixin.py:188} INFO - [2024-02-10T02:50:40.515+0000] {dag.py:3820} INFO - Setting next_dagrun for everyday_dag to 2024-01-30T00:00:00+00:00, run_after=2024-01-31T00:00:00+00:00
[2024-02-10T02:50:40.555+0000] {processor.py:183} INFO - Processing /opt/airflow/dags/everyday_dag.py took 0.215 seconds
[2024-02-10T02:51:11.008+0000] {processor.py:161} INFO - Started process (PID=372) to work on /opt/airflow/dags/everyday_dag.py
[2024-02-10T02:51:11.009+0000] {processor.py:830} INFO - Processing file /opt/airflow/dags/everyday_dag.py for tasks to queue
[2024-02-10T02:51:11.010+0000] {logging_mixin.py:188} INFO - [2024-02-10T02:51:11.010+0000] {dagbag.py:538} INFO - Filling up the DagBag from /opt/airflow/dags/everyday_dag.py
[2024-02-10T02:51:11.023+0000] {processor.py:840} INFO - DAG(s) 'everyday_dag' retrieved from /opt/airflow/dags/everyday_dag.py
[2024-02-10T02:51:11.049+0000] {logging_mixin.py:188} INFO - [2024-02-10T02:51:11.049+0000] {dag.py:3033} INFO - Sync 1 DAGs
[2024-02-10T02:51:11.075+0000] {logging_mixin.py:188} INFO - [2024-02-10T02:51:11.075+0000] {dag.py:3820} INFO - Setting next_dagrun for everyday_dag to 2024-01-30T00:00:00+00:00, run_after=2024-01-31T00:00:00+00:00
[2024-02-10T02:51:11.112+0000] {processor.py:183} INFO - Processing /opt/airflow/dags/everyday_dag.py took 0.107 seconds
[2024-02-10T02:51:41.458+0000] {processor.py:161} INFO - Started process (PID=408) to work on /opt/airflow/dags/everyday_dag.py
[2024-02-10T02:51:41.459+0000] {processor.py:830} INFO - Processing file /opt/airflow/dags/everyday_dag.py for tasks to queue
[2024-02-10T02:51:41.464+0000] {logging_mixin.py:188} INFO - [2024-02-10T02:51:41.464+0000] {dagbag.py:538} INFO - Filling up the DagBag from /opt/airflow/dags/everyday_dag.py
[2024-02-10T02:51:41.535+0000] {processor.py:840} INFO - DAG(s) 'everyday_dag' retrieved from /opt/airflow/dags/everyday_dag.py
[2024-02-10T02:51:41.596+0000] {logging_mixin.py:188} INFO - [2024-02-10T02:51:41.596+0000] {dag.py:3033} INFO - Sync 1 DAGs
[2024-02-10T02:51:41.623+0000] {logging_mixin.py:188} INFO - [2024-02-10T02:51:41.623+0000] {dag.py:3820} INFO - Setting next_dagrun for everyday_dag to 2024-01-30T00:00:00+00:00, run_after=2024-01-31T00:00:00+00:00
[2024-02-10T02:51:41.648+0000] {processor.py:183} INFO - Processing /opt/airflow/dags/everyday_dag.py took 0.194 seconds
[2024-02-10T02:52:11.874+0000] {processor.py:161} INFO - Started process (PID=457) to work on /opt/airflow/dags/everyday_dag.py
[2024-02-10T02:52:11.875+0000] {processor.py:830} INFO - Processing file /opt/airflow/dags/everyday_dag.py for tasks to queue
[2024-02-10T02:52:11.876+0000] {logging_mixin.py:188} INFO - [2024-02-10T02:52:11.876+0000] {dagbag.py:538} INFO - Filling up the DagBag from /opt/airflow/dags/everyday_dag.py
[2024-02-10T02:52:11.889+0000] {processor.py:840} INFO - DAG(s) 'everyday_dag' retrieved from /opt/airflow/dags/everyday_dag.py
[2024-02-10T02:52:11.915+0000] {logging_mixin.py:188} INFO - [2024-02-10T02:52:11.915+0000] {dag.py:3033} INFO - Sync 1 DAGs
[2024-02-10T02:52:11.941+0000] {logging_mixin.py:188} INFO - [2024-02-10T02:52:11.941+0000] {dag.py:3820} INFO - Setting next_dagrun for everyday_dag to 2024-01-30T00:00:00+00:00, run_after=2024-01-31T00:00:00+00:00
[2024-02-10T02:52:11.963+0000] {processor.py:183} INFO - Processing /opt/airflow/dags/everyday_dag.py took 0.092 seconds
[2024-02-10T02:52:42.226+0000] {processor.py:161} INFO - Started process (PID=494) to work on /opt/airflow/dags/everyday_dag.py
[2024-02-10T02:52:42.227+0000] {processor.py:830} INFO - Processing file /opt/airflow/dags/everyday_dag.py for tasks to queue
[2024-02-10T02:52:42.228+0000] {logging_mixin.py:188} INFO - [2024-02-10T02:52:42.228+0000] {dagbag.py:538} INFO - Filling up the DagBag from /opt/airflow/dags/everyday_dag.py
[2024-02-10T02:52:42.242+0000] {processor.py:840} INFO - DAG(s) 'everyday_dag' retrieved from /opt/airflow/dags/everyday_dag.py
[2024-02-10T02:52:42.270+0000] {logging_mixin.py:188} INFO - [2024-02-10T02:52:42.269+0000] {dag.py:3033} INFO - Sync 1 DAGs
[2024-02-10T02:52:42.297+0000] {logging_mixin.py:188} INFO - [2024-02-10T02:52:42.296+0000] {dag.py:3820} INFO - Setting next_dagrun for everyday_dag to 2024-01-30T00:00:00+00:00, run_after=2024-01-31T00:00:00+00:00
[2024-02-10T02:52:42.320+0000] {processor.py:183} INFO - Processing /opt/airflow/dags/everyday_dag.py took 0.097 seconds
[2024-02-10T02:53:12.592+0000] {processor.py:161} INFO - Started process (PID=539) to work on /opt/airflow/dags/everyday_dag.py
[2024-02-10T02:53:12.593+0000] {processor.py:830} INFO - Processing file /opt/airflow/dags/everyday_dag.py for tasks to queue
[2024-02-10T02:53:12.594+0000] {logging_mixin.py:188} INFO - [2024-02-10T02:53:12.594+0000] {dagbag.py:538} INFO - Filling up the DagBag from /opt/airflow/dags/everyday_dag.py
[2024-02-10T02:53:12.613+0000] {processor.py:840} INFO - DAG(s) 'everyday_dag' retrieved from /opt/airflow/dags/everyday_dag.py
[2024-02-10T02:53:12.660+0000] {logging_mixin.py:188} INFO - [2024-02-10T02:53:12.660+0000] {dag.py:3033} INFO - Sync 1 DAGs
[2024-02-10T02:53:12.707+0000] {logging_mixin.py:188} INFO - [2024-02-10T02:53:12.707+0000] {dag.py:3820} INFO - Setting next_dagrun for everyday_dag to 2024-01-30T00:00:00+00:00, run_after=2024-01-31T00:00:00+00:00
[2024-02-10T02:53:12.741+0000] {processor.py:183} INFO - Processing /opt/airflow/dags/everyday_dag.py took 0.152 seconds
[2024-02-10T02:53:43.018+0000] {processor.py:161} INFO - Started process (PID=576) to work on /opt/airflow/dags/everyday_dag.py
[2024-02-10T02:53:43.019+0000] {processor.py:830} INFO - Processing file /opt/airflow/dags/everyday_dag.py for tasks to queue
[2024-02-10T02:53:43.020+0000] {logging_mixin.py:188} INFO - [2024-02-10T02:53:43.020+0000] {dagbag.py:538} INFO - Filling up the DagBag from /opt/airflow/dags/everyday_dag.py
[2024-02-10T02:53:43.034+0000] {processor.py:840} INFO - DAG(s) 'everyday_dag' retrieved from /opt/airflow/dags/everyday_dag.py
[2024-02-10T02:53:43.060+0000] {logging_mixin.py:188} INFO - [2024-02-10T02:53:43.059+0000] {dag.py:3033} INFO - Sync 1 DAGs
[2024-02-10T02:53:43.087+0000] {logging_mixin.py:188} INFO - [2024-02-10T02:53:43.086+0000] {dag.py:3820} INFO - Setting next_dagrun for everyday_dag to 2024-01-30T00:00:00+00:00, run_after=2024-01-31T00:00:00+00:00
[2024-02-10T02:53:43.112+0000] {processor.py:183} INFO - Processing /opt/airflow/dags/everyday_dag.py took 0.097 seconds
[2024-02-10T02:54:13.367+0000] {processor.py:161} INFO - Started process (PID=612) to work on /opt/airflow/dags/everyday_dag.py
[2024-02-10T02:54:13.368+0000] {processor.py:830} INFO - Processing file /opt/airflow/dags/everyday_dag.py for tasks to queue
[2024-02-10T02:54:13.369+0000] {logging_mixin.py:188} INFO - [2024-02-10T02:54:13.369+0000] {dagbag.py:538} INFO - Filling up the DagBag from /opt/airflow/dags/everyday_dag.py
[2024-02-10T02:54:13.383+0000] {processor.py:840} INFO - DAG(s) 'everyday_dag' retrieved from /opt/airflow/dags/everyday_dag.py
[2024-02-10T02:54:13.412+0000] {logging_mixin.py:188} INFO - [2024-02-10T02:54:13.412+0000] {dag.py:3033} INFO - Sync 1 DAGs
[2024-02-10T02:54:13.438+0000] {logging_mixin.py:188} INFO - [2024-02-10T02:54:13.438+0000] {dag.py:3820} INFO - Setting next_dagrun for everyday_dag to 2024-01-30T00:00:00+00:00, run_after=2024-01-31T00:00:00+00:00
[2024-02-10T02:54:13.487+0000] {processor.py:183} INFO - Processing /opt/airflow/dags/everyday_dag.py took 0.123 seconds
[2024-02-10T02:54:43.931+0000] {processor.py:161} INFO - Started process (PID=657) to work on /opt/airflow/dags/everyday_dag.py
[2024-02-10T02:54:43.931+0000] {processor.py:830} INFO - Processing file /opt/airflow/dags/everyday_dag.py for tasks to queue
[2024-02-10T02:54:43.932+0000] {logging_mixin.py:188} INFO - [2024-02-10T02:54:43.932+0000] {dagbag.py:538} INFO - Filling up the DagBag from /opt/airflow/dags/everyday_dag.py
[2024-02-10T02:54:43.946+0000] {processor.py:840} INFO - DAG(s) 'everyday_dag' retrieved from /opt/airflow/dags/everyday_dag.py
[2024-02-10T02:54:43.991+0000] {logging_mixin.py:188} INFO - [2024-02-10T02:54:43.991+0000] {dag.py:3033} INFO - Sync 1 DAGs
[2024-02-10T02:54:44.040+0000] {logging_mixin.py:188} INFO - [2024-02-10T02:54:44.040+0000] {dag.py:3820} INFO - Setting next_dagrun for everyday_dag to 2024-01-30T00:00:00+00:00, run_after=2024-01-31T00:00:00+00:00
[2024-02-10T02:54:44.067+0000] {processor.py:183} INFO - Processing /opt/airflow/dags/everyday_dag.py took 0.139 seconds
[2024-02-10T02:55:14.362+0000] {processor.py:161} INFO - Started process (PID=693) to work on /opt/airflow/dags/everyday_dag.py
[2024-02-10T02:55:14.363+0000] {processor.py:830} INFO - Processing file /opt/airflow/dags/everyday_dag.py for tasks to queue
[2024-02-10T02:55:14.364+0000] {logging_mixin.py:188} INFO - [2024-02-10T02:55:14.363+0000] {dagbag.py:538} INFO - Filling up the DagBag from /opt/airflow/dags/everyday_dag.py
[2024-02-10T02:55:14.376+0000] {processor.py:840} INFO - DAG(s) 'everyday_dag' retrieved from /opt/airflow/dags/everyday_dag.py
[2024-02-10T02:55:14.406+0000] {logging_mixin.py:188} INFO - [2024-02-10T02:55:14.406+0000] {dag.py:3033} INFO - Sync 1 DAGs
[2024-02-10T02:55:14.434+0000] {logging_mixin.py:188} INFO - [2024-02-10T02:55:14.433+0000] {dag.py:3820} INFO - Setting next_dagrun for everyday_dag to 2024-01-30T00:00:00+00:00, run_after=2024-01-31T00:00:00+00:00
[2024-02-10T02:55:14.464+0000] {processor.py:183} INFO - Processing /opt/airflow/dags/everyday_dag.py took 0.106 seconds
[2024-02-10T02:55:44.832+0000] {processor.py:161} INFO - Started process (PID=736) to work on /opt/airflow/dags/everyday_dag.py
[2024-02-10T02:55:44.833+0000] {processor.py:830} INFO - Processing file /opt/airflow/dags/everyday_dag.py for tasks to queue
[2024-02-10T02:55:44.834+0000] {logging_mixin.py:188} INFO - [2024-02-10T02:55:44.834+0000] {dagbag.py:538} INFO - Filling up the DagBag from /opt/airflow/dags/everyday_dag.py
[2024-02-10T02:55:44.846+0000] {processor.py:840} INFO - DAG(s) 'everyday_dag' retrieved from /opt/airflow/dags/everyday_dag.py
[2024-02-10T02:55:44.872+0000] {logging_mixin.py:188} INFO - [2024-02-10T02:55:44.872+0000] {dag.py:3033} INFO - Sync 1 DAGs
[2024-02-10T02:55:44.897+0000] {logging_mixin.py:188} INFO - [2024-02-10T02:55:44.897+0000] {dag.py:3820} INFO - Setting next_dagrun for everyday_dag to 2024-01-30T00:00:00+00:00, run_after=2024-01-31T00:00:00+00:00
[2024-02-10T02:55:44.939+0000] {processor.py:183} INFO - Processing /opt/airflow/dags/everyday_dag.py took 0.110 seconds
[2024-02-10T02:56:15.288+0000] {processor.py:161} INFO - Started process (PID=774) to work on /opt/airflow/dags/everyday_dag.py
[2024-02-10T02:56:15.289+0000] {processor.py:830} INFO - Processing file /opt/airflow/dags/everyday_dag.py for tasks to queue
[2024-02-10T02:56:15.290+0000] {logging_mixin.py:188} INFO - [2024-02-10T02:56:15.290+0000] {dagbag.py:538} INFO - Filling up the DagBag from /opt/airflow/dags/everyday_dag.py
[2024-02-10T02:56:15.303+0000] {processor.py:840} INFO - DAG(s) 'everyday_dag' retrieved from /opt/airflow/dags/everyday_dag.py
[2024-02-10T02:56:15.329+0000] {logging_mixin.py:188} INFO - [2024-02-10T02:56:15.329+0000] {dag.py:3033} INFO - Sync 1 DAGs
[2024-02-10T02:56:15.366+0000] {logging_mixin.py:188} INFO - [2024-02-10T02:56:15.366+0000] {dag.py:3820} INFO - Setting next_dagrun for everyday_dag to 2024-01-30T00:00:00+00:00, run_after=2024-01-31T00:00:00+00:00
[2024-02-10T02:56:15.412+0000] {processor.py:183} INFO - Processing /opt/airflow/dags/everyday_dag.py took 0.132 seconds
[2024-02-10T02:56:45.675+0000] {processor.py:161} INFO - Started process (PID=818) to work on /opt/airflow/dags/everyday_dag.py
[2024-02-10T02:56:45.678+0000] {processor.py:830} INFO - Processing file /opt/airflow/dags/everyday_dag.py for tasks to queue
[2024-02-10T02:56:45.679+0000] {logging_mixin.py:188} INFO - [2024-02-10T02:56:45.678+0000] {dagbag.py:538} INFO - Filling up the DagBag from /opt/airflow/dags/everyday_dag.py
[2024-02-10T02:56:45.696+0000] {processor.py:840} INFO - DAG(s) 'everyday_dag' retrieved from /opt/airflow/dags/everyday_dag.py
[2024-02-10T02:56:45.727+0000] {logging_mixin.py:188} INFO - [2024-02-10T02:56:45.727+0000] {dag.py:3033} INFO - Sync 1 DAGs
[2024-02-10T02:56:45.757+0000] {logging_mixin.py:188} INFO - [2024-02-10T02:56:45.757+0000] {dag.py:3820} INFO - Setting next_dagrun for everyday_dag to 2024-01-30T00:00:00+00:00, run_after=2024-01-31T00:00:00+00:00
[2024-02-10T02:56:45.784+0000] {processor.py:183} INFO - Processing /opt/airflow/dags/everyday_dag.py took 0.112 seconds
[2024-02-10T02:57:16.128+0000] {processor.py:161} INFO - Started process (PID=857) to work on /opt/airflow/dags/everyday_dag.py
[2024-02-10T02:57:16.129+0000] {processor.py:830} INFO - Processing file /opt/airflow/dags/everyday_dag.py for tasks to queue
[2024-02-10T02:57:16.130+0000] {logging_mixin.py:188} INFO - [2024-02-10T02:57:16.130+0000] {dagbag.py:538} INFO - Filling up the DagBag from /opt/airflow/dags/everyday_dag.py
[2024-02-10T02:57:16.144+0000] {processor.py:840} INFO - DAG(s) 'everyday_dag' retrieved from /opt/airflow/dags/everyday_dag.py
[2024-02-10T02:57:16.172+0000] {logging_mixin.py:188} INFO - [2024-02-10T02:57:16.171+0000] {dag.py:3033} INFO - Sync 1 DAGs
[2024-02-10T02:57:16.198+0000] {logging_mixin.py:188} INFO - [2024-02-10T02:57:16.198+0000] {dag.py:3820} INFO - Setting next_dagrun for everyday_dag to 2024-01-30T00:00:00+00:00, run_after=2024-01-31T00:00:00+00:00
[2024-02-10T02:57:16.222+0000] {processor.py:183} INFO - Processing /opt/airflow/dags/everyday_dag.py took 0.096 seconds
[2024-02-10T02:57:46.540+0000] {processor.py:161} INFO - Started process (PID=894) to work on /opt/airflow/dags/everyday_dag.py
[2024-02-10T02:57:46.541+0000] {processor.py:830} INFO - Processing file /opt/airflow/dags/everyday_dag.py for tasks to queue
[2024-02-10T02:57:46.542+0000] {logging_mixin.py:188} INFO - [2024-02-10T02:57:46.542+0000] {dagbag.py:538} INFO - Filling up the DagBag from /opt/airflow/dags/everyday_dag.py
[2024-02-10T02:57:46.557+0000] {processor.py:840} INFO - DAG(s) 'everyday_dag' retrieved from /opt/airflow/dags/everyday_dag.py
[2024-02-10T02:57:46.582+0000] {logging_mixin.py:188} INFO - [2024-02-10T02:57:46.582+0000] {dag.py:3033} INFO - Sync 1 DAGs
[2024-02-10T02:57:46.609+0000] {logging_mixin.py:188} INFO - [2024-02-10T02:57:46.609+0000] {dag.py:3820} INFO - Setting next_dagrun for everyday_dag to 2024-01-30T00:00:00+00:00, run_after=2024-01-31T00:00:00+00:00
[2024-02-10T02:57:46.629+0000] {processor.py:183} INFO - Processing /opt/airflow/dags/everyday_dag.py took 0.092 seconds
[2024-02-10T02:58:16.874+0000] {processor.py:161} INFO - Started process (PID=939) to work on /opt/airflow/dags/everyday_dag.py
[2024-02-10T02:58:16.874+0000] {processor.py:830} INFO - Processing file /opt/airflow/dags/everyday_dag.py for tasks to queue
[2024-02-10T02:58:16.875+0000] {logging_mixin.py:188} INFO - [2024-02-10T02:58:16.875+0000] {dagbag.py:538} INFO - Filling up the DagBag from /opt/airflow/dags/everyday_dag.py
[2024-02-10T02:58:16.889+0000] {processor.py:840} INFO - DAG(s) 'everyday_dag' retrieved from /opt/airflow/dags/everyday_dag.py
[2024-02-10T02:58:16.919+0000] {logging_mixin.py:188} INFO - [2024-02-10T02:58:16.918+0000] {dag.py:3033} INFO - Sync 1 DAGs
[2024-02-10T02:58:16.945+0000] {logging_mixin.py:188} INFO - [2024-02-10T02:58:16.945+0000] {dag.py:3820} INFO - Setting next_dagrun for everyday_dag to 2024-01-30T00:00:00+00:00, run_after=2024-01-31T00:00:00+00:00
[2024-02-10T02:58:16.969+0000] {processor.py:183} INFO - Processing /opt/airflow/dags/everyday_dag.py took 0.098 seconds
[2024-02-10T02:58:47.248+0000] {processor.py:161} INFO - Started process (PID=975) to work on /opt/airflow/dags/everyday_dag.py
[2024-02-10T02:58:47.249+0000] {processor.py:830} INFO - Processing file /opt/airflow/dags/everyday_dag.py for tasks to queue
[2024-02-10T02:58:47.250+0000] {logging_mixin.py:188} INFO - [2024-02-10T02:58:47.249+0000] {dagbag.py:538} INFO - Filling up the DagBag from /opt/airflow/dags/everyday_dag.py
[2024-02-10T02:58:47.263+0000] {processor.py:840} INFO - DAG(s) 'everyday_dag' retrieved from /opt/airflow/dags/everyday_dag.py
[2024-02-10T02:58:47.289+0000] {logging_mixin.py:188} INFO - [2024-02-10T02:58:47.289+0000] {dag.py:3033} INFO - Sync 1 DAGs
[2024-02-10T02:58:47.315+0000] {logging_mixin.py:188} INFO - [2024-02-10T02:58:47.315+0000] {dag.py:3820} INFO - Setting next_dagrun for everyday_dag to 2024-01-30T00:00:00+00:00, run_after=2024-01-31T00:00:00+00:00
[2024-02-10T02:58:47.336+0000] {processor.py:183} INFO - Processing /opt/airflow/dags/everyday_dag.py took 0.092 seconds
[2024-02-10T02:59:17.642+0000] {processor.py:161} INFO - Started process (PID=1020) to work on /opt/airflow/dags/everyday_dag.py
[2024-02-10T02:59:17.648+0000] {processor.py:830} INFO - Processing file /opt/airflow/dags/everyday_dag.py for tasks to queue
[2024-02-10T02:59:17.660+0000] {logging_mixin.py:188} INFO - [2024-02-10T02:59:17.660+0000] {dagbag.py:538} INFO - Filling up the DagBag from /opt/airflow/dags/everyday_dag.py
[2024-02-10T02:59:17.686+0000] {processor.py:840} INFO - DAG(s) 'everyday_dag' retrieved from /opt/airflow/dags/everyday_dag.py
[2024-02-10T02:59:17.788+0000] {logging_mixin.py:188} INFO - [2024-02-10T02:59:17.788+0000] {dag.py:3033} INFO - Sync 1 DAGs
[2024-02-10T02:59:17.838+0000] {logging_mixin.py:188} INFO - [2024-02-10T02:59:17.838+0000] {dag.py:3820} INFO - Setting next_dagrun for everyday_dag to 2024-01-30T00:00:00+00:00, run_after=2024-01-31T00:00:00+00:00
[2024-02-10T02:59:17.869+0000] {processor.py:183} INFO - Processing /opt/airflow/dags/everyday_dag.py took 0.242 seconds
[2024-02-10T02:59:48.178+0000] {processor.py:161} INFO - Started process (PID=1058) to work on /opt/airflow/dags/everyday_dag.py
[2024-02-10T02:59:48.179+0000] {processor.py:830} INFO - Processing file /opt/airflow/dags/everyday_dag.py for tasks to queue
[2024-02-10T02:59:48.180+0000] {logging_mixin.py:188} INFO - [2024-02-10T02:59:48.179+0000] {dagbag.py:538} INFO - Filling up the DagBag from /opt/airflow/dags/everyday_dag.py
[2024-02-10T02:59:48.193+0000] {processor.py:840} INFO - DAG(s) 'everyday_dag' retrieved from /opt/airflow/dags/everyday_dag.py
[2024-02-10T02:59:48.219+0000] {logging_mixin.py:188} INFO - [2024-02-10T02:59:48.219+0000] {dag.py:3033} INFO - Sync 1 DAGs
[2024-02-10T02:59:48.249+0000] {logging_mixin.py:188} INFO - [2024-02-10T02:59:48.249+0000] {dag.py:3820} INFO - Setting next_dagrun for everyday_dag to 2024-01-30T00:00:00+00:00, run_after=2024-01-31T00:00:00+00:00
[2024-02-10T02:59:48.270+0000] {processor.py:183} INFO - Processing /opt/airflow/dags/everyday_dag.py took 0.096 seconds
[2024-02-10T03:00:18.547+0000] {processor.py:161} INFO - Started process (PID=1102) to work on /opt/airflow/dags/everyday_dag.py
[2024-02-10T03:00:18.548+0000] {processor.py:830} INFO - Processing file /opt/airflow/dags/everyday_dag.py for tasks to queue
[2024-02-10T03:00:18.550+0000] {logging_mixin.py:188} INFO - [2024-02-10T03:00:18.549+0000] {dagbag.py:538} INFO - Filling up the DagBag from /opt/airflow/dags/everyday_dag.py
[2024-02-10T03:00:18.562+0000] {processor.py:840} INFO - DAG(s) 'everyday_dag' retrieved from /opt/airflow/dags/everyday_dag.py
[2024-02-10T03:00:18.612+0000] {logging_mixin.py:188} INFO - [2024-02-10T03:00:18.612+0000] {dag.py:3033} INFO - Sync 1 DAGs
[2024-02-10T03:00:18.663+0000] {logging_mixin.py:188} INFO - [2024-02-10T03:00:18.662+0000] {dag.py:3820} INFO - Setting next_dagrun for everyday_dag to 2024-01-30T00:00:00+00:00, run_after=2024-01-31T00:00:00+00:00
[2024-02-10T03:00:18.692+0000] {processor.py:183} INFO - Processing /opt/airflow/dags/everyday_dag.py took 0.148 seconds
[2024-02-10T03:00:49.064+0000] {processor.py:161} INFO - Started process (PID=1143) to work on /opt/airflow/dags/everyday_dag.py
[2024-02-10T03:00:49.065+0000] {processor.py:830} INFO - Processing file /opt/airflow/dags/everyday_dag.py for tasks to queue
[2024-02-10T03:00:49.066+0000] {logging_mixin.py:188} INFO - [2024-02-10T03:00:49.066+0000] {dagbag.py:538} INFO - Filling up the DagBag from /opt/airflow/dags/everyday_dag.py
[2024-02-10T03:00:49.079+0000] {processor.py:840} INFO - DAG(s) 'everyday_dag' retrieved from /opt/airflow/dags/everyday_dag.py
[2024-02-10T03:00:49.106+0000] {logging_mixin.py:188} INFO - [2024-02-10T03:00:49.106+0000] {dag.py:3033} INFO - Sync 1 DAGs
[2024-02-10T03:00:49.137+0000] {logging_mixin.py:188} INFO - [2024-02-10T03:00:49.136+0000] {dag.py:3820} INFO - Setting next_dagrun for everyday_dag to 2024-01-30T00:00:00+00:00, run_after=2024-01-31T00:00:00+00:00
[2024-02-10T03:00:49.159+0000] {processor.py:183} INFO - Processing /opt/airflow/dags/everyday_dag.py took 0.098 seconds
[2024-02-10T03:01:19.401+0000] {processor.py:161} INFO - Started process (PID=1181) to work on /opt/airflow/dags/everyday_dag.py
[2024-02-10T03:01:19.402+0000] {processor.py:830} INFO - Processing file /opt/airflow/dags/everyday_dag.py for tasks to queue
[2024-02-10T03:01:19.403+0000] {logging_mixin.py:188} INFO - [2024-02-10T03:01:19.403+0000] {dagbag.py:538} INFO - Filling up the DagBag from /opt/airflow/dags/everyday_dag.py
[2024-02-10T03:01:19.420+0000] {processor.py:840} INFO - DAG(s) 'everyday_dag' retrieved from /opt/airflow/dags/everyday_dag.py
[2024-02-10T03:01:19.445+0000] {logging_mixin.py:188} INFO - [2024-02-10T03:01:19.445+0000] {dag.py:3033} INFO - Sync 1 DAGs
[2024-02-10T03:01:19.471+0000] {logging_mixin.py:188} INFO - [2024-02-10T03:01:19.471+0000] {dag.py:3820} INFO - Setting next_dagrun for everyday_dag to 2024-01-30T00:00:00+00:00, run_after=2024-01-31T00:00:00+00:00
[2024-02-10T03:01:19.493+0000] {processor.py:183} INFO - Processing /opt/airflow/dags/everyday_dag.py took 0.095 seconds
[2024-02-10T03:01:49.757+0000] {processor.py:161} INFO - Started process (PID=1226) to work on /opt/airflow/dags/everyday_dag.py
[2024-02-10T03:01:49.758+0000] {processor.py:830} INFO - Processing file /opt/airflow/dags/everyday_dag.py for tasks to queue
[2024-02-10T03:01:49.760+0000] {logging_mixin.py:188} INFO - [2024-02-10T03:01:49.759+0000] {dagbag.py:538} INFO - Filling up the DagBag from /opt/airflow/dags/everyday_dag.py
[2024-02-10T03:01:49.773+0000] {processor.py:840} INFO - DAG(s) 'everyday_dag' retrieved from /opt/airflow/dags/everyday_dag.py
[2024-02-10T03:01:49.820+0000] {logging_mixin.py:188} INFO - [2024-02-10T03:01:49.820+0000] {dag.py:3033} INFO - Sync 1 DAGs
[2024-02-10T03:01:49.865+0000] {logging_mixin.py:188} INFO - [2024-02-10T03:01:49.865+0000] {dag.py:3820} INFO - Setting next_dagrun for everyday_dag to 2024-01-30T00:00:00+00:00, run_after=2024-01-31T00:00:00+00:00
[2024-02-10T03:01:49.890+0000] {processor.py:183} INFO - Processing /opt/airflow/dags/everyday_dag.py took 0.139 seconds
[2024-02-10T03:02:20.157+0000] {processor.py:161} INFO - Started process (PID=1263) to work on /opt/airflow/dags/everyday_dag.py
[2024-02-10T03:02:20.158+0000] {processor.py:830} INFO - Processing file /opt/airflow/dags/everyday_dag.py for tasks to queue
[2024-02-10T03:02:20.159+0000] {logging_mixin.py:188} INFO - [2024-02-10T03:02:20.158+0000] {dagbag.py:538} INFO - Filling up the DagBag from /opt/airflow/dags/everyday_dag.py
[2024-02-10T03:02:20.172+0000] {processor.py:840} INFO - DAG(s) 'everyday_dag' retrieved from /opt/airflow/dags/everyday_dag.py
[2024-02-10T03:02:20.198+0000] {logging_mixin.py:188} INFO - [2024-02-10T03:02:20.198+0000] {dag.py:3033} INFO - Sync 1 DAGs
[2024-02-10T03:02:20.223+0000] {logging_mixin.py:188} INFO - [2024-02-10T03:02:20.223+0000] {dag.py:3820} INFO - Setting next_dagrun for everyday_dag to 2024-01-30T00:00:00+00:00, run_after=2024-01-31T00:00:00+00:00
[2024-02-10T03:02:20.250+0000] {processor.py:183} INFO - Processing /opt/airflow/dags/everyday_dag.py took 0.095 seconds
[2024-02-10T03:02:50.553+0000] {processor.py:161} INFO - Started process (PID=1309) to work on /opt/airflow/dags/everyday_dag.py
[2024-02-10T03:02:50.553+0000] {processor.py:830} INFO - Processing file /opt/airflow/dags/everyday_dag.py for tasks to queue
[2024-02-10T03:02:50.554+0000] {logging_mixin.py:188} INFO - [2024-02-10T03:02:50.554+0000] {dagbag.py:538} INFO - Filling up the DagBag from /opt/airflow/dags/everyday_dag.py
[2024-02-10T03:02:50.587+0000] {processor.py:840} INFO - DAG(s) 'everyday_dag' retrieved from /opt/airflow/dags/everyday_dag.py
[2024-02-10T03:02:50.665+0000] {logging_mixin.py:188} INFO - [2024-02-10T03:02:50.665+0000] {dag.py:3033} INFO - Sync 1 DAGs
[2024-02-10T03:02:50.708+0000] {logging_mixin.py:188} INFO - [2024-02-10T03:02:50.708+0000] {dag.py:3820} INFO - Setting next_dagrun for everyday_dag to 2024-01-30T00:00:00+00:00, run_after=2024-01-31T00:00:00+00:00
[2024-02-10T03:02:50.740+0000] {processor.py:183} INFO - Processing /opt/airflow/dags/everyday_dag.py took 0.190 seconds
[2024-02-10T03:03:21.140+0000] {processor.py:161} INFO - Started process (PID=1347) to work on /opt/airflow/dags/everyday_dag.py
[2024-02-10T03:03:21.141+0000] {processor.py:830} INFO - Processing file /opt/airflow/dags/everyday_dag.py for tasks to queue
[2024-02-10T03:03:21.141+0000] {logging_mixin.py:188} INFO - [2024-02-10T03:03:21.141+0000] {dagbag.py:538} INFO - Filling up the DagBag from /opt/airflow/dags/everyday_dag.py
[2024-02-10T03:03:21.170+0000] {processor.py:840} INFO - DAG(s) 'everyday_dag' retrieved from /opt/airflow/dags/everyday_dag.py
[2024-02-10T03:03:21.218+0000] {logging_mixin.py:188} INFO - [2024-02-10T03:03:21.218+0000] {dag.py:3033} INFO - Sync 1 DAGs
[2024-02-10T03:03:21.240+0000] {logging_mixin.py:188} INFO - [2024-02-10T03:03:21.240+0000] {dag.py:3820} INFO - Setting next_dagrun for everyday_dag to 2024-01-30T00:00:00+00:00, run_after=2024-01-31T00:00:00+00:00
[2024-02-10T03:03:21.263+0000] {processor.py:183} INFO - Processing /opt/airflow/dags/everyday_dag.py took 0.126 seconds
[2024-02-10T03:03:51.526+0000] {processor.py:161} INFO - Started process (PID=1383) to work on /opt/airflow/dags/everyday_dag.py
[2024-02-10T03:03:51.527+0000] {processor.py:830} INFO - Processing file /opt/airflow/dags/everyday_dag.py for tasks to queue
[2024-02-10T03:03:51.527+0000] {logging_mixin.py:188} INFO - [2024-02-10T03:03:51.527+0000] {dagbag.py:538} INFO - Filling up the DagBag from /opt/airflow/dags/everyday_dag.py
[2024-02-10T03:03:51.541+0000] {processor.py:840} INFO - DAG(s) 'everyday_dag' retrieved from /opt/airflow/dags/everyday_dag.py
[2024-02-10T03:03:51.568+0000] {logging_mixin.py:188} INFO - [2024-02-10T03:03:51.568+0000] {dag.py:3033} INFO - Sync 1 DAGs
[2024-02-10T03:03:51.595+0000] {logging_mixin.py:188} INFO - [2024-02-10T03:03:51.595+0000] {dag.py:3820} INFO - Setting next_dagrun for everyday_dag to 2024-01-30T00:00:00+00:00, run_after=2024-01-31T00:00:00+00:00
[2024-02-10T03:03:51.618+0000] {processor.py:183} INFO - Processing /opt/airflow/dags/everyday_dag.py took 0.096 seconds
[2024-02-10T03:04:21.851+0000] {processor.py:161} INFO - Started process (PID=1430) to work on /opt/airflow/dags/everyday_dag.py
[2024-02-10T03:04:21.852+0000] {processor.py:830} INFO - Processing file /opt/airflow/dags/everyday_dag.py for tasks to queue
[2024-02-10T03:04:21.853+0000] {logging_mixin.py:188} INFO - [2024-02-10T03:04:21.853+0000] {dagbag.py:538} INFO - Filling up the DagBag from /opt/airflow/dags/everyday_dag.py
[2024-02-10T03:04:21.867+0000] {processor.py:840} INFO - DAG(s) 'everyday_dag' retrieved from /opt/airflow/dags/everyday_dag.py
[2024-02-10T03:04:21.892+0000] {logging_mixin.py:188} INFO - [2024-02-10T03:04:21.892+0000] {dag.py:3033} INFO - Sync 1 DAGs
[2024-02-10T03:04:21.927+0000] {logging_mixin.py:188} INFO - [2024-02-10T03:04:21.927+0000] {dag.py:3820} INFO - Setting next_dagrun for everyday_dag to 2024-01-30T00:00:00+00:00, run_after=2024-01-31T00:00:00+00:00
[2024-02-10T03:04:21.957+0000] {processor.py:183} INFO - Processing /opt/airflow/dags/everyday_dag.py took 0.110 seconds
[2024-02-10T03:04:52.237+0000] {processor.py:161} INFO - Started process (PID=1467) to work on /opt/airflow/dags/everyday_dag.py
[2024-02-10T03:04:52.238+0000] {processor.py:830} INFO - Processing file /opt/airflow/dags/everyday_dag.py for tasks to queue
[2024-02-10T03:04:52.239+0000] {logging_mixin.py:188} INFO - [2024-02-10T03:04:52.239+0000] {dagbag.py:538} INFO - Filling up the DagBag from /opt/airflow/dags/everyday_dag.py
[2024-02-10T03:04:52.252+0000] {processor.py:840} INFO - DAG(s) 'everyday_dag' retrieved from /opt/airflow/dags/everyday_dag.py
[2024-02-10T03:04:52.290+0000] {logging_mixin.py:188} INFO - [2024-02-10T03:04:52.290+0000] {dag.py:3033} INFO - Sync 1 DAGs
[2024-02-10T03:04:52.317+0000] {logging_mixin.py:188} INFO - [2024-02-10T03:04:52.317+0000] {dag.py:3820} INFO - Setting next_dagrun for everyday_dag to 2024-01-30T00:00:00+00:00, run_after=2024-01-31T00:00:00+00:00
[2024-02-10T03:04:52.339+0000] {processor.py:183} INFO - Processing /opt/airflow/dags/everyday_dag.py took 0.105 seconds
[2024-02-10T03:05:22.634+0000] {processor.py:161} INFO - Started process (PID=1514) to work on /opt/airflow/dags/everyday_dag.py
[2024-02-10T03:05:22.636+0000] {processor.py:830} INFO - Processing file /opt/airflow/dags/everyday_dag.py for tasks to queue
[2024-02-10T03:05:22.637+0000] {logging_mixin.py:188} INFO - [2024-02-10T03:05:22.636+0000] {dagbag.py:538} INFO - Filling up the DagBag from /opt/airflow/dags/everyday_dag.py
[2024-02-10T03:05:22.652+0000] {processor.py:840} INFO - DAG(s) 'everyday_dag' retrieved from /opt/airflow/dags/everyday_dag.py
[2024-02-10T03:05:22.771+0000] {logging_mixin.py:188} INFO - [2024-02-10T03:05:22.771+0000] {dag.py:3033} INFO - Sync 1 DAGs
[2024-02-10T03:05:22.836+0000] {logging_mixin.py:188} INFO - [2024-02-10T03:05:22.835+0000] {dag.py:3820} INFO - Setting next_dagrun for everyday_dag to 2024-01-30T00:00:00+00:00, run_after=2024-01-31T00:00:00+00:00
[2024-02-10T03:05:22.866+0000] {processor.py:183} INFO - Processing /opt/airflow/dags/everyday_dag.py took 0.236 seconds
[2024-02-10T03:05:53.158+0000] {processor.py:161} INFO - Started process (PID=1552) to work on /opt/airflow/dags/everyday_dag.py
[2024-02-10T03:05:53.159+0000] {processor.py:830} INFO - Processing file /opt/airflow/dags/everyday_dag.py for tasks to queue
[2024-02-10T03:05:53.160+0000] {logging_mixin.py:188} INFO - [2024-02-10T03:05:53.160+0000] {dagbag.py:538} INFO - Filling up the DagBag from /opt/airflow/dags/everyday_dag.py
[2024-02-10T03:05:53.173+0000] {processor.py:840} INFO - DAG(s) 'everyday_dag' retrieved from /opt/airflow/dags/everyday_dag.py
[2024-02-10T03:05:53.200+0000] {logging_mixin.py:188} INFO - [2024-02-10T03:05:53.199+0000] {dag.py:3033} INFO - Sync 1 DAGs
[2024-02-10T03:05:53.239+0000] {logging_mixin.py:188} INFO - [2024-02-10T03:05:53.239+0000] {dag.py:3820} INFO - Setting next_dagrun for everyday_dag to 2024-01-30T00:00:00+00:00, run_after=2024-01-31T00:00:00+00:00
[2024-02-10T03:05:53.268+0000] {processor.py:183} INFO - Processing /opt/airflow/dags/everyday_dag.py took 0.113 seconds
[2024-02-10T03:06:23.518+0000] {processor.py:161} INFO - Started process (PID=1589) to work on /opt/airflow/dags/everyday_dag.py
[2024-02-10T03:06:23.519+0000] {processor.py:830} INFO - Processing file /opt/airflow/dags/everyday_dag.py for tasks to queue
[2024-02-10T03:06:23.519+0000] {logging_mixin.py:188} INFO - [2024-02-10T03:06:23.519+0000] {dagbag.py:538} INFO - Filling up the DagBag from /opt/airflow/dags/everyday_dag.py
[2024-02-10T03:06:23.532+0000] {processor.py:840} INFO - DAG(s) 'everyday_dag' retrieved from /opt/airflow/dags/everyday_dag.py
[2024-02-10T03:06:23.558+0000] {logging_mixin.py:188} INFO - [2024-02-10T03:06:23.558+0000] {dag.py:3033} INFO - Sync 1 DAGs
[2024-02-10T03:06:23.604+0000] {logging_mixin.py:188} INFO - [2024-02-10T03:06:23.604+0000] {dag.py:3820} INFO - Setting next_dagrun for everyday_dag to 2024-01-30T00:00:00+00:00, run_after=2024-01-31T00:00:00+00:00
[2024-02-10T03:06:23.710+0000] {processor.py:183} INFO - Processing /opt/airflow/dags/everyday_dag.py took 0.195 seconds
[2024-02-10T03:06:53.989+0000] {processor.py:161} INFO - Started process (PID=1633) to work on /opt/airflow/dags/everyday_dag.py
[2024-02-10T03:06:53.990+0000] {processor.py:830} INFO - Processing file /opt/airflow/dags/everyday_dag.py for tasks to queue
[2024-02-10T03:06:53.991+0000] {logging_mixin.py:188} INFO - [2024-02-10T03:06:53.991+0000] {dagbag.py:538} INFO - Filling up the DagBag from /opt/airflow/dags/everyday_dag.py
[2024-02-10T03:06:54.004+0000] {processor.py:840} INFO - DAG(s) 'everyday_dag' retrieved from /opt/airflow/dags/everyday_dag.py
[2024-02-10T03:06:54.032+0000] {logging_mixin.py:188} INFO - [2024-02-10T03:06:54.032+0000] {dag.py:3033} INFO - Sync 1 DAGs
[2024-02-10T03:06:54.059+0000] {logging_mixin.py:188} INFO - [2024-02-10T03:06:54.059+0000] {dag.py:3820} INFO - Setting next_dagrun for everyday_dag to 2024-01-30T00:00:00+00:00, run_after=2024-01-31T00:00:00+00:00
[2024-02-10T03:06:54.133+0000] {processor.py:183} INFO - Processing /opt/airflow/dags/everyday_dag.py took 0.148 seconds
[2024-02-10T03:07:24.395+0000] {processor.py:161} INFO - Started process (PID=1669) to work on /opt/airflow/dags/everyday_dag.py
[2024-02-10T03:07:24.396+0000] {processor.py:830} INFO - Processing file /opt/airflow/dags/everyday_dag.py for tasks to queue
[2024-02-10T03:07:24.397+0000] {logging_mixin.py:188} INFO - [2024-02-10T03:07:24.397+0000] {dagbag.py:538} INFO - Filling up the DagBag from /opt/airflow/dags/everyday_dag.py
[2024-02-10T03:07:24.409+0000] {processor.py:840} INFO - DAG(s) 'everyday_dag' retrieved from /opt/airflow/dags/everyday_dag.py
[2024-02-10T03:07:24.434+0000] {logging_mixin.py:188} INFO - [2024-02-10T03:07:24.434+0000] {dag.py:3033} INFO - Sync 1 DAGs
[2024-02-10T03:07:24.461+0000] {logging_mixin.py:188} INFO - [2024-02-10T03:07:24.461+0000] {dag.py:3820} INFO - Setting next_dagrun for everyday_dag to 2024-01-30T00:00:00+00:00, run_after=2024-01-31T00:00:00+00:00
[2024-02-10T03:07:24.558+0000] {processor.py:183} INFO - Processing /opt/airflow/dags/everyday_dag.py took 0.166 seconds
[2024-02-10T03:07:54.871+0000] {processor.py:161} INFO - Started process (PID=1713) to work on /opt/airflow/dags/everyday_dag.py
[2024-02-10T03:07:54.872+0000] {processor.py:830} INFO - Processing file /opt/airflow/dags/everyday_dag.py for tasks to queue
[2024-02-10T03:07:54.872+0000] {logging_mixin.py:188} INFO - [2024-02-10T03:07:54.872+0000] {dagbag.py:538} INFO - Filling up the DagBag from /opt/airflow/dags/everyday_dag.py
[2024-02-10T03:07:54.885+0000] {processor.py:840} INFO - DAG(s) 'everyday_dag' retrieved from /opt/airflow/dags/everyday_dag.py
[2024-02-10T03:07:54.911+0000] {logging_mixin.py:188} INFO - [2024-02-10T03:07:54.911+0000] {dag.py:3033} INFO - Sync 1 DAGs
[2024-02-10T03:07:54.950+0000] {logging_mixin.py:188} INFO - [2024-02-10T03:07:54.950+0000] {dag.py:3820} INFO - Setting next_dagrun for everyday_dag to 2024-01-30T00:00:00+00:00, run_after=2024-01-31T00:00:00+00:00
[2024-02-10T03:07:55.080+0000] {processor.py:183} INFO - Processing /opt/airflow/dags/everyday_dag.py took 0.213 seconds
[2024-02-10T03:08:25.448+0000] {processor.py:161} INFO - Started process (PID=1748) to work on /opt/airflow/dags/everyday_dag.py
[2024-02-10T03:08:25.449+0000] {processor.py:830} INFO - Processing file /opt/airflow/dags/everyday_dag.py for tasks to queue
[2024-02-10T03:08:25.450+0000] {logging_mixin.py:188} INFO - [2024-02-10T03:08:25.449+0000] {dagbag.py:538} INFO - Filling up the DagBag from /opt/airflow/dags/everyday_dag.py
[2024-02-10T03:08:25.464+0000] {processor.py:840} INFO - DAG(s) 'everyday_dag' retrieved from /opt/airflow/dags/everyday_dag.py
[2024-02-10T03:08:25.497+0000] {logging_mixin.py:188} INFO - [2024-02-10T03:08:25.497+0000] {dag.py:3033} INFO - Sync 1 DAGs
[2024-02-10T03:08:25.523+0000] {logging_mixin.py:188} INFO - [2024-02-10T03:08:25.523+0000] {dag.py:3820} INFO - Setting next_dagrun for everyday_dag to 2024-01-30T00:00:00+00:00, run_after=2024-01-31T00:00:00+00:00
[2024-02-10T03:08:25.560+0000] {processor.py:183} INFO - Processing /opt/airflow/dags/everyday_dag.py took 0.116 seconds
[2024-02-10T03:08:56.005+0000] {processor.py:161} INFO - Started process (PID=1784) to work on /opt/airflow/dags/everyday_dag.py
[2024-02-10T03:08:56.008+0000] {processor.py:830} INFO - Processing file /opt/airflow/dags/everyday_dag.py for tasks to queue
[2024-02-10T03:08:56.011+0000] {logging_mixin.py:188} INFO - [2024-02-10T03:08:56.011+0000] {dagbag.py:538} INFO - Filling up the DagBag from /opt/airflow/dags/everyday_dag.py
[2024-02-10T03:08:56.041+0000] {processor.py:840} INFO - DAG(s) 'everyday_dag' retrieved from /opt/airflow/dags/everyday_dag.py
[2024-02-10T03:08:56.095+0000] {logging_mixin.py:188} INFO - [2024-02-10T03:08:56.095+0000] {dag.py:3033} INFO - Sync 1 DAGs
[2024-02-10T03:08:56.129+0000] {logging_mixin.py:188} INFO - [2024-02-10T03:08:56.129+0000] {dag.py:3820} INFO - Setting next_dagrun for everyday_dag to 2024-01-30T00:00:00+00:00, run_after=2024-01-31T00:00:00+00:00
[2024-02-10T03:08:56.165+0000] {processor.py:183} INFO - Processing /opt/airflow/dags/everyday_dag.py took 0.166 seconds
[2024-02-10T03:09:26.569+0000] {processor.py:161} INFO - Started process (PID=1829) to work on /opt/airflow/dags/everyday_dag.py
[2024-02-10T03:09:26.569+0000] {processor.py:830} INFO - Processing file /opt/airflow/dags/everyday_dag.py for tasks to queue
[2024-02-10T03:09:26.570+0000] {logging_mixin.py:188} INFO - [2024-02-10T03:09:26.570+0000] {dagbag.py:538} INFO - Filling up the DagBag from /opt/airflow/dags/everyday_dag.py
[2024-02-10T03:09:26.622+0000] {processor.py:840} INFO - DAG(s) 'everyday_dag' retrieved from /opt/airflow/dags/everyday_dag.py
[2024-02-10T03:09:26.696+0000] {logging_mixin.py:188} INFO - [2024-02-10T03:09:26.696+0000] {dag.py:3033} INFO - Sync 1 DAGs
[2024-02-10T03:09:26.743+0000] {logging_mixin.py:188} INFO - [2024-02-10T03:09:26.743+0000] {dag.py:3820} INFO - Setting next_dagrun for everyday_dag to 2024-01-30T00:00:00+00:00, run_after=2024-01-31T00:00:00+00:00
[2024-02-10T03:09:26.787+0000] {processor.py:183} INFO - Processing /opt/airflow/dags/everyday_dag.py took 0.234 seconds
[2024-02-10T03:09:57.086+0000] {processor.py:161} INFO - Started process (PID=1867) to work on /opt/airflow/dags/everyday_dag.py
[2024-02-10T03:09:57.087+0000] {processor.py:830} INFO - Processing file /opt/airflow/dags/everyday_dag.py for tasks to queue
[2024-02-10T03:09:57.087+0000] {logging_mixin.py:188} INFO - [2024-02-10T03:09:57.087+0000] {dagbag.py:538} INFO - Filling up the DagBag from /opt/airflow/dags/everyday_dag.py
[2024-02-10T03:09:57.101+0000] {processor.py:840} INFO - DAG(s) 'everyday_dag' retrieved from /opt/airflow/dags/everyday_dag.py
[2024-02-10T03:09:57.132+0000] {logging_mixin.py:188} INFO - [2024-02-10T03:09:57.132+0000] {dag.py:3033} INFO - Sync 1 DAGs
[2024-02-10T03:09:57.173+0000] {logging_mixin.py:188} INFO - [2024-02-10T03:09:57.173+0000] {dag.py:3820} INFO - Setting next_dagrun for everyday_dag to 2024-01-30T00:00:00+00:00, run_after=2024-01-31T00:00:00+00:00
[2024-02-10T03:09:57.195+0000] {processor.py:183} INFO - Processing /opt/airflow/dags/everyday_dag.py took 0.113 seconds
[2024-02-10T03:10:27.451+0000] {processor.py:161} INFO - Started process (PID=1904) to work on /opt/airflow/dags/everyday_dag.py
[2024-02-10T03:10:27.452+0000] {processor.py:830} INFO - Processing file /opt/airflow/dags/everyday_dag.py for tasks to queue
[2024-02-10T03:10:27.453+0000] {logging_mixin.py:188} INFO - [2024-02-10T03:10:27.453+0000] {dagbag.py:538} INFO - Filling up the DagBag from /opt/airflow/dags/everyday_dag.py
[2024-02-10T03:10:27.466+0000] {processor.py:840} INFO - DAG(s) 'everyday_dag' retrieved from /opt/airflow/dags/everyday_dag.py
[2024-02-10T03:10:27.492+0000] {logging_mixin.py:188} INFO - [2024-02-10T03:10:27.492+0000] {dag.py:3033} INFO - Sync 1 DAGs
[2024-02-10T03:10:27.518+0000] {logging_mixin.py:188} INFO - [2024-02-10T03:10:27.518+0000] {dag.py:3820} INFO - Setting next_dagrun for everyday_dag to 2024-01-30T00:00:00+00:00, run_after=2024-01-31T00:00:00+00:00
[2024-02-10T03:10:27.561+0000] {processor.py:183} INFO - Processing /opt/airflow/dags/everyday_dag.py took 0.113 seconds
[2024-02-10T03:10:57.910+0000] {processor.py:161} INFO - Started process (PID=1950) to work on /opt/airflow/dags/everyday_dag.py
[2024-02-10T03:10:57.911+0000] {processor.py:830} INFO - Processing file /opt/airflow/dags/everyday_dag.py for tasks to queue
[2024-02-10T03:10:57.912+0000] {logging_mixin.py:188} INFO - [2024-02-10T03:10:57.912+0000] {dagbag.py:538} INFO - Filling up the DagBag from /opt/airflow/dags/everyday_dag.py
[2024-02-10T03:10:57.925+0000] {processor.py:840} INFO - DAG(s) 'everyday_dag' retrieved from /opt/airflow/dags/everyday_dag.py
[2024-02-10T03:10:57.953+0000] {logging_mixin.py:188} INFO - [2024-02-10T03:10:57.952+0000] {dag.py:3033} INFO - Sync 1 DAGs
[2024-02-10T03:10:57.979+0000] {logging_mixin.py:188} INFO - [2024-02-10T03:10:57.978+0000] {dag.py:3820} INFO - Setting next_dagrun for everyday_dag to 2024-01-30T00:00:00+00:00, run_after=2024-01-31T00:00:00+00:00
[2024-02-10T03:10:58.001+0000] {processor.py:183} INFO - Processing /opt/airflow/dags/everyday_dag.py took 0.094 seconds
[2024-02-10T03:11:28.257+0000] {processor.py:161} INFO - Started process (PID=1987) to work on /opt/airflow/dags/everyday_dag.py
[2024-02-10T03:11:28.258+0000] {processor.py:830} INFO - Processing file /opt/airflow/dags/everyday_dag.py for tasks to queue
[2024-02-10T03:11:28.259+0000] {logging_mixin.py:188} INFO - [2024-02-10T03:11:28.258+0000] {dagbag.py:538} INFO - Filling up the DagBag from /opt/airflow/dags/everyday_dag.py
[2024-02-10T03:11:28.272+0000] {processor.py:840} INFO - DAG(s) 'everyday_dag' retrieved from /opt/airflow/dags/everyday_dag.py
[2024-02-10T03:11:28.298+0000] {logging_mixin.py:188} INFO - [2024-02-10T03:11:28.298+0000] {dag.py:3033} INFO - Sync 1 DAGs
[2024-02-10T03:11:28.322+0000] {logging_mixin.py:188} INFO - [2024-02-10T03:11:28.322+0000] {dag.py:3820} INFO - Setting next_dagrun for everyday_dag to 2024-01-30T00:00:00+00:00, run_after=2024-01-31T00:00:00+00:00
[2024-02-10T03:11:28.348+0000] {processor.py:183} INFO - Processing /opt/airflow/dags/everyday_dag.py took 0.094 seconds
[2024-02-10T03:11:58.674+0000] {processor.py:161} INFO - Started process (PID=2031) to work on /opt/airflow/dags/everyday_dag.py
[2024-02-10T03:11:58.675+0000] {processor.py:830} INFO - Processing file /opt/airflow/dags/everyday_dag.py for tasks to queue
[2024-02-10T03:11:58.676+0000] {logging_mixin.py:188} INFO - [2024-02-10T03:11:58.675+0000] {dagbag.py:538} INFO - Filling up the DagBag from /opt/airflow/dags/everyday_dag.py
[2024-02-10T03:11:58.704+0000] {processor.py:840} INFO - DAG(s) 'everyday_dag' retrieved from /opt/airflow/dags/everyday_dag.py
[2024-02-10T03:11:58.752+0000] {logging_mixin.py:188} INFO - [2024-02-10T03:11:58.752+0000] {dag.py:3033} INFO - Sync 1 DAGs
[2024-02-10T03:11:58.779+0000] {logging_mixin.py:188} INFO - [2024-02-10T03:11:58.778+0000] {dag.py:3820} INFO - Setting next_dagrun for everyday_dag to 2024-01-30T00:00:00+00:00, run_after=2024-01-31T00:00:00+00:00
[2024-02-10T03:11:58.812+0000] {processor.py:183} INFO - Processing /opt/airflow/dags/everyday_dag.py took 0.141 seconds
[2024-02-10T03:12:29.173+0000] {processor.py:161} INFO - Started process (PID=2068) to work on /opt/airflow/dags/everyday_dag.py
[2024-02-10T03:12:29.174+0000] {processor.py:830} INFO - Processing file /opt/airflow/dags/everyday_dag.py for tasks to queue
[2024-02-10T03:12:29.175+0000] {logging_mixin.py:188} INFO - [2024-02-10T03:12:29.174+0000] {dagbag.py:538} INFO - Filling up the DagBag from /opt/airflow/dags/everyday_dag.py
[2024-02-10T03:12:29.187+0000] {processor.py:840} INFO - DAG(s) 'everyday_dag' retrieved from /opt/airflow/dags/everyday_dag.py
[2024-02-10T03:12:29.238+0000] {logging_mixin.py:188} INFO - [2024-02-10T03:12:29.238+0000] {dag.py:3033} INFO - Sync 1 DAGs
[2024-02-10T03:12:29.292+0000] {logging_mixin.py:188} INFO - [2024-02-10T03:12:29.291+0000] {dag.py:3820} INFO - Setting next_dagrun for everyday_dag to 2024-01-30T00:00:00+00:00, run_after=2024-01-31T00:00:00+00:00
[2024-02-10T03:12:29.316+0000] {processor.py:183} INFO - Processing /opt/airflow/dags/everyday_dag.py took 0.147 seconds
[2024-02-10T03:12:59.572+0000] {processor.py:161} INFO - Started process (PID=2106) to work on /opt/airflow/dags/everyday_dag.py
[2024-02-10T03:12:59.577+0000] {processor.py:830} INFO - Processing file /opt/airflow/dags/everyday_dag.py for tasks to queue
[2024-02-10T03:12:59.578+0000] {logging_mixin.py:188} INFO - [2024-02-10T03:12:59.577+0000] {dagbag.py:538} INFO - Filling up the DagBag from /opt/airflow/dags/everyday_dag.py
[2024-02-10T03:12:59.596+0000] {processor.py:840} INFO - DAG(s) 'everyday_dag' retrieved from /opt/airflow/dags/everyday_dag.py
[2024-02-10T03:12:59.622+0000] {logging_mixin.py:188} INFO - [2024-02-10T03:12:59.622+0000] {dag.py:3033} INFO - Sync 1 DAGs
[2024-02-10T03:12:59.650+0000] {logging_mixin.py:188} INFO - [2024-02-10T03:12:59.649+0000] {dag.py:3820} INFO - Setting next_dagrun for everyday_dag to 2024-01-30T00:00:00+00:00, run_after=2024-01-31T00:00:00+00:00
[2024-02-10T03:12:59.673+0000] {processor.py:183} INFO - Processing /opt/airflow/dags/everyday_dag.py took 0.106 seconds
[2024-02-10T03:13:29.938+0000] {processor.py:161} INFO - Started process (PID=2150) to work on /opt/airflow/dags/everyday_dag.py
[2024-02-10T03:13:29.939+0000] {processor.py:830} INFO - Processing file /opt/airflow/dags/everyday_dag.py for tasks to queue
[2024-02-10T03:13:29.940+0000] {logging_mixin.py:188} INFO - [2024-02-10T03:13:29.940+0000] {dagbag.py:538} INFO - Filling up the DagBag from /opt/airflow/dags/everyday_dag.py
[2024-02-10T03:13:29.956+0000] {processor.py:840} INFO - DAG(s) 'everyday_dag' retrieved from /opt/airflow/dags/everyday_dag.py
[2024-02-10T03:13:29.983+0000] {logging_mixin.py:188} INFO - [2024-02-10T03:13:29.983+0000] {dag.py:3033} INFO - Sync 1 DAGs
[2024-02-10T03:13:30.012+0000] {logging_mixin.py:188} INFO - [2024-02-10T03:13:30.012+0000] {dag.py:3820} INFO - Setting next_dagrun for everyday_dag to 2024-01-30T00:00:00+00:00, run_after=2024-01-31T00:00:00+00:00
[2024-02-10T03:13:30.039+0000] {processor.py:183} INFO - Processing /opt/airflow/dags/everyday_dag.py took 0.104 seconds
[2024-02-10T03:14:00.394+0000] {processor.py:161} INFO - Started process (PID=2186) to work on /opt/airflow/dags/everyday_dag.py
[2024-02-10T03:14:00.395+0000] {processor.py:830} INFO - Processing file /opt/airflow/dags/everyday_dag.py for tasks to queue
[2024-02-10T03:14:00.396+0000] {logging_mixin.py:188} INFO - [2024-02-10T03:14:00.396+0000] {dagbag.py:538} INFO - Filling up the DagBag from /opt/airflow/dags/everyday_dag.py
[2024-02-10T03:14:00.410+0000] {processor.py:840} INFO - DAG(s) 'everyday_dag' retrieved from /opt/airflow/dags/everyday_dag.py
[2024-02-10T03:14:00.439+0000] {logging_mixin.py:188} INFO - [2024-02-10T03:14:00.439+0000] {dag.py:3033} INFO - Sync 1 DAGs
[2024-02-10T03:14:00.465+0000] {logging_mixin.py:188} INFO - [2024-02-10T03:14:00.465+0000] {dag.py:3820} INFO - Setting next_dagrun for everyday_dag to 2024-01-30T00:00:00+00:00, run_after=2024-01-31T00:00:00+00:00
[2024-02-10T03:14:00.533+0000] {processor.py:183} INFO - Processing /opt/airflow/dags/everyday_dag.py took 0.143 seconds
[2024-02-10T03:14:30.869+0000] {processor.py:161} INFO - Started process (PID=2232) to work on /opt/airflow/dags/everyday_dag.py
[2024-02-10T03:14:30.869+0000] {processor.py:830} INFO - Processing file /opt/airflow/dags/everyday_dag.py for tasks to queue
[2024-02-10T03:14:30.870+0000] {logging_mixin.py:188} INFO - [2024-02-10T03:14:30.870+0000] {dagbag.py:538} INFO - Filling up the DagBag from /opt/airflow/dags/everyday_dag.py
[2024-02-10T03:14:30.894+0000] {processor.py:840} INFO - DAG(s) 'everyday_dag' retrieved from /opt/airflow/dags/everyday_dag.py
[2024-02-10T03:14:30.923+0000] {logging_mixin.py:188} INFO - [2024-02-10T03:14:30.922+0000] {dag.py:3033} INFO - Sync 1 DAGs
[2024-02-10T03:14:30.954+0000] {logging_mixin.py:188} INFO - [2024-02-10T03:14:30.954+0000] {dag.py:3820} INFO - Setting next_dagrun for everyday_dag to 2024-01-30T00:00:00+00:00, run_after=2024-01-31T00:00:00+00:00
[2024-02-10T03:14:30.992+0000] {processor.py:183} INFO - Processing /opt/airflow/dags/everyday_dag.py took 0.127 seconds
[2024-02-10T03:15:01.306+0000] {processor.py:161} INFO - Started process (PID=2270) to work on /opt/airflow/dags/everyday_dag.py
[2024-02-10T03:15:01.307+0000] {processor.py:830} INFO - Processing file /opt/airflow/dags/everyday_dag.py for tasks to queue
[2024-02-10T03:15:01.308+0000] {logging_mixin.py:188} INFO - [2024-02-10T03:15:01.308+0000] {dagbag.py:538} INFO - Filling up the DagBag from /opt/airflow/dags/everyday_dag.py
[2024-02-10T03:15:01.321+0000] {processor.py:840} INFO - DAG(s) 'everyday_dag' retrieved from /opt/airflow/dags/everyday_dag.py
[2024-02-10T03:15:01.356+0000] {logging_mixin.py:188} INFO - [2024-02-10T03:15:01.356+0000] {dag.py:3033} INFO - Sync 1 DAGs
[2024-02-10T03:15:01.382+0000] {logging_mixin.py:188} INFO - [2024-02-10T03:15:01.382+0000] {dag.py:3820} INFO - Setting next_dagrun for everyday_dag to 2024-01-30T00:00:00+00:00, run_after=2024-01-31T00:00:00+00:00
[2024-02-10T03:15:01.405+0000] {processor.py:183} INFO - Processing /opt/airflow/dags/everyday_dag.py took 0.102 seconds
[2024-02-10T03:15:31.651+0000] {processor.py:161} INFO - Started process (PID=2306) to work on /opt/airflow/dags/everyday_dag.py
[2024-02-10T03:15:31.652+0000] {processor.py:830} INFO - Processing file /opt/airflow/dags/everyday_dag.py for tasks to queue
[2024-02-10T03:15:31.653+0000] {logging_mixin.py:188} INFO - [2024-02-10T03:15:31.652+0000] {dagbag.py:538} INFO - Filling up the DagBag from /opt/airflow/dags/everyday_dag.py
[2024-02-10T03:15:31.668+0000] {processor.py:840} INFO - DAG(s) 'everyday_dag' retrieved from /opt/airflow/dags/everyday_dag.py
[2024-02-10T03:15:31.693+0000] {logging_mixin.py:188} INFO - [2024-02-10T03:15:31.692+0000] {dag.py:3033} INFO - Sync 1 DAGs
[2024-02-10T03:15:31.717+0000] {logging_mixin.py:188} INFO - [2024-02-10T03:15:31.716+0000] {dag.py:3820} INFO - Setting next_dagrun for everyday_dag to 2024-01-30T00:00:00+00:00, run_after=2024-01-31T00:00:00+00:00
[2024-02-10T03:15:31.743+0000] {processor.py:183} INFO - Processing /opt/airflow/dags/everyday_dag.py took 0.096 seconds
[2024-02-10T03:17:22.256+0000] {processor.py:161} INFO - Started process (PID=171) to work on /opt/airflow/dags/everyday_dag.py
[2024-02-10T03:17:22.260+0000] {processor.py:830} INFO - Processing file /opt/airflow/dags/everyday_dag.py for tasks to queue
[2024-02-10T03:17:22.261+0000] {logging_mixin.py:188} INFO - [2024-02-10T03:17:22.261+0000] {dagbag.py:538} INFO - Filling up the DagBag from /opt/airflow/dags/everyday_dag.py
[2024-02-10T03:17:22.283+0000] {processor.py:840} INFO - DAG(s) 'everyday_dag' retrieved from /opt/airflow/dags/everyday_dag.py
[2024-02-10T03:17:22.704+0000] {logging_mixin.py:188} INFO - [2024-02-10T03:17:22.704+0000] {dag.py:3033} INFO - Sync 1 DAGs
[2024-02-10T03:17:22.782+0000] {logging_mixin.py:188} INFO - [2024-02-10T03:17:22.781+0000] {dag.py:3820} INFO - Setting next_dagrun for everyday_dag to 2024-01-30T00:00:00+00:00, run_after=2024-01-31T00:00:00+00:00
[2024-02-10T03:17:22.871+0000] {processor.py:183} INFO - Processing /opt/airflow/dags/everyday_dag.py took 0.618 seconds
[2024-02-10T03:17:53.379+0000] {processor.py:161} INFO - Started process (PID=207) to work on /opt/airflow/dags/everyday_dag.py
[2024-02-10T03:17:53.396+0000] {processor.py:830} INFO - Processing file /opt/airflow/dags/everyday_dag.py for tasks to queue
[2024-02-10T03:17:53.397+0000] {logging_mixin.py:188} INFO - [2024-02-10T03:17:53.397+0000] {dagbag.py:538} INFO - Filling up the DagBag from /opt/airflow/dags/everyday_dag.py
[2024-02-10T03:17:53.434+0000] {processor.py:840} INFO - DAG(s) 'everyday_dag' retrieved from /opt/airflow/dags/everyday_dag.py
[2024-02-10T03:17:53.519+0000] {logging_mixin.py:188} INFO - [2024-02-10T03:17:53.519+0000] {dag.py:3033} INFO - Sync 1 DAGs
[2024-02-10T03:17:53.614+0000] {logging_mixin.py:188} INFO - [2024-02-10T03:17:53.614+0000] {dag.py:3820} INFO - Setting next_dagrun for everyday_dag to 2024-01-30T00:00:00+00:00, run_after=2024-01-31T00:00:00+00:00
[2024-02-10T03:17:53.650+0000] {processor.py:183} INFO - Processing /opt/airflow/dags/everyday_dag.py took 0.275 seconds
[2024-02-10T03:18:23.888+0000] {processor.py:161} INFO - Started process (PID=252) to work on /opt/airflow/dags/everyday_dag.py
[2024-02-10T03:18:23.896+0000] {processor.py:830} INFO - Processing file /opt/airflow/dags/everyday_dag.py for tasks to queue
[2024-02-10T03:18:23.900+0000] {logging_mixin.py:188} INFO - [2024-02-10T03:18:23.900+0000] {dagbag.py:538} INFO - Filling up the DagBag from /opt/airflow/dags/everyday_dag.py
[2024-02-10T03:18:23.925+0000] {processor.py:840} INFO - DAG(s) 'everyday_dag' retrieved from /opt/airflow/dags/everyday_dag.py
[2024-02-10T03:18:23.987+0000] {logging_mixin.py:188} INFO - [2024-02-10T03:18:23.987+0000] {dag.py:3033} INFO - Sync 1 DAGs
[2024-02-10T03:18:24.049+0000] {logging_mixin.py:188} INFO - [2024-02-10T03:18:24.049+0000] {dag.py:3820} INFO - Setting next_dagrun for everyday_dag to 2024-01-30T00:00:00+00:00, run_after=2024-01-31T00:00:00+00:00
[2024-02-10T03:18:24.114+0000] {processor.py:183} INFO - Processing /opt/airflow/dags/everyday_dag.py took 0.229 seconds
[2024-02-10T03:18:54.521+0000] {processor.py:161} INFO - Started process (PID=291) to work on /opt/airflow/dags/everyday_dag.py
[2024-02-10T03:18:54.522+0000] {processor.py:830} INFO - Processing file /opt/airflow/dags/everyday_dag.py for tasks to queue
[2024-02-10T03:18:54.523+0000] {logging_mixin.py:188} INFO - [2024-02-10T03:18:54.523+0000] {dagbag.py:538} INFO - Filling up the DagBag from /opt/airflow/dags/everyday_dag.py
[2024-02-10T03:18:54.536+0000] {processor.py:840} INFO - DAG(s) 'everyday_dag' retrieved from /opt/airflow/dags/everyday_dag.py
[2024-02-10T03:18:54.565+0000] {logging_mixin.py:188} INFO - [2024-02-10T03:18:54.565+0000] {dag.py:3033} INFO - Sync 1 DAGs
[2024-02-10T03:18:54.591+0000] {logging_mixin.py:188} INFO - [2024-02-10T03:18:54.591+0000] {dag.py:3820} INFO - Setting next_dagrun for everyday_dag to 2024-01-30T00:00:00+00:00, run_after=2024-01-31T00:00:00+00:00
[2024-02-10T03:18:54.638+0000] {processor.py:183} INFO - Processing /opt/airflow/dags/everyday_dag.py took 0.120 seconds
[2024-02-10T03:19:24.964+0000] {processor.py:161} INFO - Started process (PID=327) to work on /opt/airflow/dags/everyday_dag.py
[2024-02-10T03:19:24.965+0000] {processor.py:830} INFO - Processing file /opt/airflow/dags/everyday_dag.py for tasks to queue
[2024-02-10T03:19:24.966+0000] {logging_mixin.py:188} INFO - [2024-02-10T03:19:24.966+0000] {dagbag.py:538} INFO - Filling up the DagBag from /opt/airflow/dags/everyday_dag.py
[2024-02-10T03:19:24.979+0000] {processor.py:840} INFO - DAG(s) 'everyday_dag' retrieved from /opt/airflow/dags/everyday_dag.py
[2024-02-10T03:19:25.004+0000] {logging_mixin.py:188} INFO - [2024-02-10T03:19:25.004+0000] {dag.py:3033} INFO - Sync 1 DAGs
[2024-02-10T03:19:25.031+0000] {logging_mixin.py:188} INFO - [2024-02-10T03:19:25.031+0000] {dag.py:3820} INFO - Setting next_dagrun for everyday_dag to 2024-01-30T00:00:00+00:00, run_after=2024-01-31T00:00:00+00:00
[2024-02-10T03:19:25.062+0000] {processor.py:183} INFO - Processing /opt/airflow/dags/everyday_dag.py took 0.101 seconds
[2024-02-10T03:19:55.393+0000] {processor.py:161} INFO - Started process (PID=372) to work on /opt/airflow/dags/everyday_dag.py
[2024-02-10T03:19:55.393+0000] {processor.py:830} INFO - Processing file /opt/airflow/dags/everyday_dag.py for tasks to queue
[2024-02-10T03:19:55.394+0000] {logging_mixin.py:188} INFO - [2024-02-10T03:19:55.394+0000] {dagbag.py:538} INFO - Filling up the DagBag from /opt/airflow/dags/everyday_dag.py
[2024-02-10T03:19:55.407+0000] {processor.py:840} INFO - DAG(s) 'everyday_dag' retrieved from /opt/airflow/dags/everyday_dag.py
[2024-02-10T03:19:55.433+0000] {logging_mixin.py:188} INFO - [2024-02-10T03:19:55.433+0000] {dag.py:3033} INFO - Sync 1 DAGs
[2024-02-10T03:19:55.459+0000] {logging_mixin.py:188} INFO - [2024-02-10T03:19:55.458+0000] {dag.py:3820} INFO - Setting next_dagrun for everyday_dag to 2024-01-30T00:00:00+00:00, run_after=2024-01-31T00:00:00+00:00
[2024-02-10T03:19:55.494+0000] {processor.py:183} INFO - Processing /opt/airflow/dags/everyday_dag.py took 0.105 seconds
[2024-02-10T03:20:25.861+0000] {processor.py:161} INFO - Started process (PID=410) to work on /opt/airflow/dags/everyday_dag.py
[2024-02-10T03:20:25.861+0000] {processor.py:830} INFO - Processing file /opt/airflow/dags/everyday_dag.py for tasks to queue
[2024-02-10T03:20:25.862+0000] {logging_mixin.py:188} INFO - [2024-02-10T03:20:25.862+0000] {dagbag.py:538} INFO - Filling up the DagBag from /opt/airflow/dags/everyday_dag.py
[2024-02-10T03:20:25.876+0000] {processor.py:840} INFO - DAG(s) 'everyday_dag' retrieved from /opt/airflow/dags/everyday_dag.py
[2024-02-10T03:20:25.902+0000] {logging_mixin.py:188} INFO - [2024-02-10T03:20:25.902+0000] {dag.py:3033} INFO - Sync 1 DAGs
[2024-02-10T03:20:25.927+0000] {logging_mixin.py:188} INFO - [2024-02-10T03:20:25.927+0000] {dag.py:3820} INFO - Setting next_dagrun for everyday_dag to 2024-01-30T00:00:00+00:00, run_after=2024-01-31T00:00:00+00:00
[2024-02-10T03:20:25.948+0000] {processor.py:183} INFO - Processing /opt/airflow/dags/everyday_dag.py took 0.090 seconds
[2024-02-10T03:20:56.387+0000] {processor.py:161} INFO - Started process (PID=456) to work on /opt/airflow/dags/everyday_dag.py
[2024-02-10T03:20:56.388+0000] {processor.py:830} INFO - Processing file /opt/airflow/dags/everyday_dag.py for tasks to queue
[2024-02-10T03:20:56.389+0000] {logging_mixin.py:188} INFO - [2024-02-10T03:20:56.388+0000] {dagbag.py:538} INFO - Filling up the DagBag from /opt/airflow/dags/everyday_dag.py
[2024-02-10T03:20:56.403+0000] {processor.py:840} INFO - DAG(s) 'everyday_dag' retrieved from /opt/airflow/dags/everyday_dag.py
[2024-02-10T03:20:56.429+0000] {logging_mixin.py:188} INFO - [2024-02-10T03:20:56.429+0000] {dag.py:3033} INFO - Sync 1 DAGs
[2024-02-10T03:20:56.459+0000] {logging_mixin.py:188} INFO - [2024-02-10T03:20:56.459+0000] {dag.py:3820} INFO - Setting next_dagrun for everyday_dag to 2024-01-30T00:00:00+00:00, run_after=2024-01-31T00:00:00+00:00
[2024-02-10T03:20:56.480+0000] {processor.py:183} INFO - Processing /opt/airflow/dags/everyday_dag.py took 0.097 seconds
