[2024-02-10T02:48:37.841+0000] {processor.py:161} INFO - Started process (PID=169) to work on /opt/airflow/dags/weather_api_dag.py
[2024-02-10T02:48:37.843+0000] {processor.py:830} INFO - Processing file /opt/airflow/dags/weather_api_dag.py for tasks to queue
[2024-02-10T02:48:37.846+0000] {logging_mixin.py:188} INFO - [2024-02-10T02:48:37.845+0000] {dagbag.py:538} INFO - Filling up the DagBag from /opt/airflow/dags/weather_api_dag.py
[2024-02-10T02:48:37.888+0000] {processor.py:840} INFO - DAG(s) 'weather_api_dag' retrieved from /opt/airflow/dags/weather_api_dag.py
[2024-02-10T02:48:38.467+0000] {logging_mixin.py:188} INFO - [2024-02-10T02:48:38.466+0000] {override.py:1769} INFO - Created Permission View: can edit on DAG:weather_api_dag
[2024-02-10T02:48:38.494+0000] {logging_mixin.py:188} INFO - [2024-02-10T02:48:38.493+0000] {override.py:1769} INFO - Created Permission View: can read on DAG:weather_api_dag
[2024-02-10T02:48:38.513+0000] {logging_mixin.py:188} INFO - [2024-02-10T02:48:38.513+0000] {override.py:1769} INFO - Created Permission View: can delete on DAG:weather_api_dag
[2024-02-10T02:48:38.514+0000] {logging_mixin.py:188} INFO - [2024-02-10T02:48:38.514+0000] {dag.py:3033} INFO - Sync 1 DAGs
[2024-02-10T02:48:38.539+0000] {logging_mixin.py:188} INFO - [2024-02-10T02:48:38.539+0000] {dag.py:3055} INFO - Creating ORM DAG for weather_api_dag
[2024-02-10T02:48:38.570+0000] {logging_mixin.py:188} INFO - [2024-02-10T02:48:38.569+0000] {dag.py:3820} INFO - Setting next_dagrun for weather_api_dag to 2024-02-10T01:00:00+00:00, run_after=2024-02-10T02:00:00+00:00
[2024-02-10T02:48:38.608+0000] {processor.py:183} INFO - Processing /opt/airflow/dags/weather_api_dag.py took 0.770 seconds
[2024-02-10T02:49:09.195+0000] {processor.py:161} INFO - Started process (PID=206) to work on /opt/airflow/dags/weather_api_dag.py
[2024-02-10T02:49:09.197+0000] {processor.py:830} INFO - Processing file /opt/airflow/dags/weather_api_dag.py for tasks to queue
[2024-02-10T02:49:09.197+0000] {logging_mixin.py:188} INFO - [2024-02-10T02:49:09.197+0000] {dagbag.py:538} INFO - Filling up the DagBag from /opt/airflow/dags/weather_api_dag.py
[2024-02-10T02:49:09.210+0000] {processor.py:840} INFO - DAG(s) 'weather_api_dag' retrieved from /opt/airflow/dags/weather_api_dag.py
[2024-02-10T02:49:09.241+0000] {logging_mixin.py:188} INFO - [2024-02-10T02:49:09.241+0000] {dag.py:3033} INFO - Sync 1 DAGs
[2024-02-10T02:49:09.268+0000] {logging_mixin.py:188} INFO - [2024-02-10T02:49:09.268+0000] {dag.py:3820} INFO - Setting next_dagrun for weather_api_dag to 2024-02-10T01:00:00+00:00, run_after=2024-02-10T02:00:00+00:00
[2024-02-10T02:49:09.290+0000] {processor.py:183} INFO - Processing /opt/airflow/dags/weather_api_dag.py took 0.098 seconds
[2024-02-10T02:49:39.543+0000] {processor.py:161} INFO - Started process (PID=251) to work on /opt/airflow/dags/weather_api_dag.py
[2024-02-10T02:49:39.544+0000] {processor.py:830} INFO - Processing file /opt/airflow/dags/weather_api_dag.py for tasks to queue
[2024-02-10T02:49:39.545+0000] {logging_mixin.py:188} INFO - [2024-02-10T02:49:39.544+0000] {dagbag.py:538} INFO - Filling up the DagBag from /opt/airflow/dags/weather_api_dag.py
[2024-02-10T02:49:39.557+0000] {processor.py:840} INFO - DAG(s) 'weather_api_dag' retrieved from /opt/airflow/dags/weather_api_dag.py
[2024-02-10T02:49:39.587+0000] {logging_mixin.py:188} INFO - [2024-02-10T02:49:39.587+0000] {dag.py:3033} INFO - Sync 1 DAGs
[2024-02-10T02:49:39.653+0000] {logging_mixin.py:188} INFO - [2024-02-10T02:49:39.653+0000] {dag.py:3820} INFO - Setting next_dagrun for weather_api_dag to 2024-02-10T01:00:00+00:00, run_after=2024-02-10T02:00:00+00:00
[2024-02-10T02:49:39.685+0000] {processor.py:183} INFO - Processing /opt/airflow/dags/weather_api_dag.py took 0.146 seconds
[2024-02-10T02:50:09.964+0000] {processor.py:161} INFO - Started process (PID=287) to work on /opt/airflow/dags/weather_api_dag.py
[2024-02-10T02:50:09.965+0000] {processor.py:830} INFO - Processing file /opt/airflow/dags/weather_api_dag.py for tasks to queue
[2024-02-10T02:50:09.965+0000] {logging_mixin.py:188} INFO - [2024-02-10T02:50:09.965+0000] {dagbag.py:538} INFO - Filling up the DagBag from /opt/airflow/dags/weather_api_dag.py
[2024-02-10T02:50:09.980+0000] {processor.py:840} INFO - DAG(s) 'weather_api_dag' retrieved from /opt/airflow/dags/weather_api_dag.py
[2024-02-10T02:50:10.012+0000] {logging_mixin.py:188} INFO - [2024-02-10T02:50:10.012+0000] {dag.py:3033} INFO - Sync 1 DAGs
[2024-02-10T02:50:10.041+0000] {logging_mixin.py:188} INFO - [2024-02-10T02:50:10.040+0000] {dag.py:3820} INFO - Setting next_dagrun for weather_api_dag to 2024-02-10T01:00:00+00:00, run_after=2024-02-10T02:00:00+00:00
[2024-02-10T02:50:10.065+0000] {processor.py:183} INFO - Processing /opt/airflow/dags/weather_api_dag.py took 0.104 seconds
[2024-02-10T02:50:40.351+0000] {processor.py:161} INFO - Started process (PID=332) to work on /opt/airflow/dags/weather_api_dag.py
[2024-02-10T02:50:40.351+0000] {processor.py:830} INFO - Processing file /opt/airflow/dags/weather_api_dag.py for tasks to queue
[2024-02-10T02:50:40.353+0000] {logging_mixin.py:188} INFO - [2024-02-10T02:50:40.353+0000] {dagbag.py:538} INFO - Filling up the DagBag from /opt/airflow/dags/weather_api_dag.py
[2024-02-10T02:50:40.398+0000] {processor.py:840} INFO - DAG(s) 'weather_api_dag' retrieved from /opt/airflow/dags/weather_api_dag.py
[2024-02-10T02:50:40.486+0000] {logging_mixin.py:188} INFO - [2024-02-10T02:50:40.486+0000] {dag.py:3033} INFO - Sync 1 DAGs
[2024-02-10T02:50:40.540+0000] {logging_mixin.py:188} INFO - [2024-02-10T02:50:40.540+0000] {dag.py:3820} INFO - Setting next_dagrun for weather_api_dag to 2024-02-10T01:00:00+00:00, run_after=2024-02-10T02:00:00+00:00
[2024-02-10T02:50:40.613+0000] {processor.py:183} INFO - Processing /opt/airflow/dags/weather_api_dag.py took 0.265 seconds
[2024-02-10T02:51:10.995+0000] {processor.py:161} INFO - Started process (PID=369) to work on /opt/airflow/dags/weather_api_dag.py
[2024-02-10T02:51:10.995+0000] {processor.py:830} INFO - Processing file /opt/airflow/dags/weather_api_dag.py for tasks to queue
[2024-02-10T02:51:10.996+0000] {logging_mixin.py:188} INFO - [2024-02-10T02:51:10.996+0000] {dagbag.py:538} INFO - Filling up the DagBag from /opt/airflow/dags/weather_api_dag.py
[2024-02-10T02:51:11.010+0000] {processor.py:840} INFO - DAG(s) 'weather_api_dag' retrieved from /opt/airflow/dags/weather_api_dag.py
[2024-02-10T02:51:11.040+0000] {logging_mixin.py:188} INFO - [2024-02-10T02:51:11.040+0000] {dag.py:3033} INFO - Sync 1 DAGs
[2024-02-10T02:51:11.067+0000] {logging_mixin.py:188} INFO - [2024-02-10T02:51:11.066+0000] {dag.py:3820} INFO - Setting next_dagrun for weather_api_dag to 2024-02-10T01:00:00+00:00, run_after=2024-02-10T02:00:00+00:00
[2024-02-10T02:51:11.092+0000] {processor.py:183} INFO - Processing /opt/airflow/dags/weather_api_dag.py took 0.100 seconds
[2024-02-10T02:51:41.421+0000] {processor.py:161} INFO - Started process (PID=406) to work on /opt/airflow/dags/weather_api_dag.py
[2024-02-10T02:51:41.424+0000] {processor.py:830} INFO - Processing file /opt/airflow/dags/weather_api_dag.py for tasks to queue
[2024-02-10T02:51:41.425+0000] {logging_mixin.py:188} INFO - [2024-02-10T02:51:41.425+0000] {dagbag.py:538} INFO - Filling up the DagBag from /opt/airflow/dags/weather_api_dag.py
[2024-02-10T02:51:41.444+0000] {processor.py:840} INFO - DAG(s) 'weather_api_dag' retrieved from /opt/airflow/dags/weather_api_dag.py
[2024-02-10T02:51:41.489+0000] {logging_mixin.py:188} INFO - [2024-02-10T02:51:41.489+0000] {dag.py:3033} INFO - Sync 1 DAGs
[2024-02-10T02:51:41.530+0000] {logging_mixin.py:188} INFO - [2024-02-10T02:51:41.529+0000] {dag.py:3820} INFO - Setting next_dagrun for weather_api_dag to 2024-02-10T01:00:00+00:00, run_after=2024-02-10T02:00:00+00:00
[2024-02-10T02:51:41.580+0000] {processor.py:183} INFO - Processing /opt/airflow/dags/weather_api_dag.py took 0.163 seconds
[2024-02-10T02:52:11.861+0000] {processor.py:161} INFO - Started process (PID=454) to work on /opt/airflow/dags/weather_api_dag.py
[2024-02-10T02:52:11.861+0000] {processor.py:830} INFO - Processing file /opt/airflow/dags/weather_api_dag.py for tasks to queue
[2024-02-10T02:52:11.862+0000] {logging_mixin.py:188} INFO - [2024-02-10T02:52:11.862+0000] {dagbag.py:538} INFO - Filling up the DagBag from /opt/airflow/dags/weather_api_dag.py
[2024-02-10T02:52:11.875+0000] {processor.py:840} INFO - DAG(s) 'weather_api_dag' retrieved from /opt/airflow/dags/weather_api_dag.py
[2024-02-10T02:52:11.905+0000] {logging_mixin.py:188} INFO - [2024-02-10T02:52:11.905+0000] {dag.py:3033} INFO - Sync 1 DAGs
[2024-02-10T02:52:11.931+0000] {logging_mixin.py:188} INFO - [2024-02-10T02:52:11.931+0000] {dag.py:3820} INFO - Setting next_dagrun for weather_api_dag to 2024-02-10T01:00:00+00:00, run_after=2024-02-10T02:00:00+00:00
[2024-02-10T02:52:11.955+0000] {processor.py:183} INFO - Processing /opt/airflow/dags/weather_api_dag.py took 0.098 seconds
[2024-02-10T02:52:42.217+0000] {processor.py:161} INFO - Started process (PID=491) to work on /opt/airflow/dags/weather_api_dag.py
[2024-02-10T02:52:42.218+0000] {processor.py:830} INFO - Processing file /opt/airflow/dags/weather_api_dag.py for tasks to queue
[2024-02-10T02:52:42.218+0000] {logging_mixin.py:188} INFO - [2024-02-10T02:52:42.218+0000] {dagbag.py:538} INFO - Filling up the DagBag from /opt/airflow/dags/weather_api_dag.py
[2024-02-10T02:52:42.231+0000] {processor.py:840} INFO - DAG(s) 'weather_api_dag' retrieved from /opt/airflow/dags/weather_api_dag.py
[2024-02-10T02:52:42.263+0000] {logging_mixin.py:188} INFO - [2024-02-10T02:52:42.263+0000] {dag.py:3033} INFO - Sync 1 DAGs
[2024-02-10T02:52:42.290+0000] {logging_mixin.py:188} INFO - [2024-02-10T02:52:42.290+0000] {dag.py:3820} INFO - Setting next_dagrun for weather_api_dag to 2024-02-10T01:00:00+00:00, run_after=2024-02-10T02:00:00+00:00
[2024-02-10T02:52:42.313+0000] {processor.py:183} INFO - Processing /opt/airflow/dags/weather_api_dag.py took 0.099 seconds
[2024-02-10T02:53:12.573+0000] {processor.py:161} INFO - Started process (PID=537) to work on /opt/airflow/dags/weather_api_dag.py
[2024-02-10T02:53:12.576+0000] {processor.py:830} INFO - Processing file /opt/airflow/dags/weather_api_dag.py for tasks to queue
[2024-02-10T02:53:12.577+0000] {logging_mixin.py:188} INFO - [2024-02-10T02:53:12.577+0000] {dagbag.py:538} INFO - Filling up the DagBag from /opt/airflow/dags/weather_api_dag.py
[2024-02-10T02:53:12.602+0000] {processor.py:840} INFO - DAG(s) 'weather_api_dag' retrieved from /opt/airflow/dags/weather_api_dag.py
[2024-02-10T02:53:12.648+0000] {logging_mixin.py:188} INFO - [2024-02-10T02:53:12.648+0000] {dag.py:3033} INFO - Sync 1 DAGs
[2024-02-10T02:53:12.698+0000] {logging_mixin.py:188} INFO - [2024-02-10T02:53:12.698+0000] {dag.py:3820} INFO - Setting next_dagrun for weather_api_dag to 2024-02-10T01:00:00+00:00, run_after=2024-02-10T02:00:00+00:00
[2024-02-10T02:53:12.741+0000] {processor.py:183} INFO - Processing /opt/airflow/dags/weather_api_dag.py took 0.176 seconds
[2024-02-10T02:53:43.009+0000] {processor.py:161} INFO - Started process (PID=573) to work on /opt/airflow/dags/weather_api_dag.py
[2024-02-10T02:53:43.010+0000] {processor.py:830} INFO - Processing file /opt/airflow/dags/weather_api_dag.py for tasks to queue
[2024-02-10T02:53:43.011+0000] {logging_mixin.py:188} INFO - [2024-02-10T02:53:43.011+0000] {dagbag.py:538} INFO - Filling up the DagBag from /opt/airflow/dags/weather_api_dag.py
[2024-02-10T02:53:43.023+0000] {processor.py:840} INFO - DAG(s) 'weather_api_dag' retrieved from /opt/airflow/dags/weather_api_dag.py
[2024-02-10T02:53:43.053+0000] {logging_mixin.py:188} INFO - [2024-02-10T02:53:43.053+0000] {dag.py:3033} INFO - Sync 1 DAGs
[2024-02-10T02:53:43.083+0000] {logging_mixin.py:188} INFO - [2024-02-10T02:53:43.083+0000] {dag.py:3820} INFO - Setting next_dagrun for weather_api_dag to 2024-02-10T01:00:00+00:00, run_after=2024-02-10T02:00:00+00:00
[2024-02-10T02:53:43.105+0000] {processor.py:183} INFO - Processing /opt/airflow/dags/weather_api_dag.py took 0.099 seconds
[2024-02-10T02:54:13.367+0000] {processor.py:161} INFO - Started process (PID=609) to work on /opt/airflow/dags/weather_api_dag.py
[2024-02-10T02:54:13.377+0000] {processor.py:830} INFO - Processing file /opt/airflow/dags/weather_api_dag.py for tasks to queue
[2024-02-10T02:54:13.378+0000] {logging_mixin.py:188} INFO - [2024-02-10T02:54:13.378+0000] {dagbag.py:538} INFO - Filling up the DagBag from /opt/airflow/dags/weather_api_dag.py
[2024-02-10T02:54:13.394+0000] {processor.py:840} INFO - DAG(s) 'weather_api_dag' retrieved from /opt/airflow/dags/weather_api_dag.py
[2024-02-10T02:54:13.422+0000] {logging_mixin.py:188} INFO - [2024-02-10T02:54:13.422+0000] {dag.py:3033} INFO - Sync 1 DAGs
[2024-02-10T02:54:13.461+0000] {logging_mixin.py:188} INFO - [2024-02-10T02:54:13.461+0000] {dag.py:3820} INFO - Setting next_dagrun for weather_api_dag to 2024-02-10T01:00:00+00:00, run_after=2024-02-10T02:00:00+00:00
[2024-02-10T02:54:13.513+0000] {processor.py:183} INFO - Processing /opt/airflow/dags/weather_api_dag.py took 0.154 seconds
[2024-02-10T02:54:43.919+0000] {processor.py:161} INFO - Started process (PID=654) to work on /opt/airflow/dags/weather_api_dag.py
[2024-02-10T02:54:43.920+0000] {processor.py:830} INFO - Processing file /opt/airflow/dags/weather_api_dag.py for tasks to queue
[2024-02-10T02:54:43.921+0000] {logging_mixin.py:188} INFO - [2024-02-10T02:54:43.921+0000] {dagbag.py:538} INFO - Filling up the DagBag from /opt/airflow/dags/weather_api_dag.py
[2024-02-10T02:54:43.935+0000] {processor.py:840} INFO - DAG(s) 'weather_api_dag' retrieved from /opt/airflow/dags/weather_api_dag.py
[2024-02-10T02:54:43.969+0000] {logging_mixin.py:188} INFO - [2024-02-10T02:54:43.969+0000] {dag.py:3033} INFO - Sync 1 DAGs
[2024-02-10T02:54:44.001+0000] {logging_mixin.py:188} INFO - [2024-02-10T02:54:44.001+0000] {dag.py:3820} INFO - Setting next_dagrun for weather_api_dag to 2024-02-10T01:00:00+00:00, run_after=2024-02-10T02:00:00+00:00
[2024-02-10T02:54:44.031+0000] {processor.py:183} INFO - Processing /opt/airflow/dags/weather_api_dag.py took 0.115 seconds
[2024-02-10T02:55:14.354+0000] {processor.py:161} INFO - Started process (PID=690) to work on /opt/airflow/dags/weather_api_dag.py
[2024-02-10T02:55:14.355+0000] {processor.py:830} INFO - Processing file /opt/airflow/dags/weather_api_dag.py for tasks to queue
[2024-02-10T02:55:14.356+0000] {logging_mixin.py:188} INFO - [2024-02-10T02:55:14.356+0000] {dagbag.py:538} INFO - Filling up the DagBag from /opt/airflow/dags/weather_api_dag.py
[2024-02-10T02:55:14.369+0000] {processor.py:840} INFO - DAG(s) 'weather_api_dag' retrieved from /opt/airflow/dags/weather_api_dag.py
[2024-02-10T02:55:14.400+0000] {logging_mixin.py:188} INFO - [2024-02-10T02:55:14.399+0000] {dag.py:3033} INFO - Sync 1 DAGs
[2024-02-10T02:55:14.442+0000] {logging_mixin.py:188} INFO - [2024-02-10T02:55:14.441+0000] {dag.py:3820} INFO - Setting next_dagrun for weather_api_dag to 2024-02-10T01:00:00+00:00, run_after=2024-02-10T02:00:00+00:00
[2024-02-10T02:55:14.473+0000] {processor.py:183} INFO - Processing /opt/airflow/dags/weather_api_dag.py took 0.122 seconds
[2024-02-10T02:55:44.824+0000] {processor.py:161} INFO - Started process (PID=733) to work on /opt/airflow/dags/weather_api_dag.py
[2024-02-10T02:55:44.825+0000] {processor.py:830} INFO - Processing file /opt/airflow/dags/weather_api_dag.py for tasks to queue
[2024-02-10T02:55:44.826+0000] {logging_mixin.py:188} INFO - [2024-02-10T02:55:44.826+0000] {dagbag.py:538} INFO - Filling up the DagBag from /opt/airflow/dags/weather_api_dag.py
[2024-02-10T02:55:44.839+0000] {processor.py:840} INFO - DAG(s) 'weather_api_dag' retrieved from /opt/airflow/dags/weather_api_dag.py
[2024-02-10T02:55:44.870+0000] {logging_mixin.py:188} INFO - [2024-02-10T02:55:44.869+0000] {dag.py:3033} INFO - Sync 1 DAGs
[2024-02-10T02:55:44.897+0000] {logging_mixin.py:188} INFO - [2024-02-10T02:55:44.896+0000] {dag.py:3820} INFO - Setting next_dagrun for weather_api_dag to 2024-02-10T01:00:00+00:00, run_after=2024-02-10T02:00:00+00:00
[2024-02-10T02:55:44.920+0000] {processor.py:183} INFO - Processing /opt/airflow/dags/weather_api_dag.py took 0.101 seconds
[2024-02-10T02:56:15.275+0000] {processor.py:161} INFO - Started process (PID=771) to work on /opt/airflow/dags/weather_api_dag.py
[2024-02-10T02:56:15.276+0000] {processor.py:830} INFO - Processing file /opt/airflow/dags/weather_api_dag.py for tasks to queue
[2024-02-10T02:56:15.277+0000] {logging_mixin.py:188} INFO - [2024-02-10T02:56:15.276+0000] {dagbag.py:538} INFO - Filling up the DagBag from /opt/airflow/dags/weather_api_dag.py
[2024-02-10T02:56:15.289+0000] {processor.py:840} INFO - DAG(s) 'weather_api_dag' retrieved from /opt/airflow/dags/weather_api_dag.py
[2024-02-10T02:56:15.319+0000] {logging_mixin.py:188} INFO - [2024-02-10T02:56:15.319+0000] {dag.py:3033} INFO - Sync 1 DAGs
[2024-02-10T02:56:15.346+0000] {logging_mixin.py:188} INFO - [2024-02-10T02:56:15.346+0000] {dag.py:3820} INFO - Setting next_dagrun for weather_api_dag to 2024-02-10T01:00:00+00:00, run_after=2024-02-10T02:00:00+00:00
[2024-02-10T02:56:15.381+0000] {processor.py:183} INFO - Processing /opt/airflow/dags/weather_api_dag.py took 0.109 seconds
[2024-02-10T02:56:45.665+0000] {processor.py:161} INFO - Started process (PID=817) to work on /opt/airflow/dags/weather_api_dag.py
[2024-02-10T02:56:45.666+0000] {processor.py:830} INFO - Processing file /opt/airflow/dags/weather_api_dag.py for tasks to queue
[2024-02-10T02:56:45.667+0000] {logging_mixin.py:188} INFO - [2024-02-10T02:56:45.666+0000] {dagbag.py:538} INFO - Filling up the DagBag from /opt/airflow/dags/weather_api_dag.py
[2024-02-10T02:56:45.711+0000] {processor.py:840} INFO - DAG(s) 'weather_api_dag' retrieved from /opt/airflow/dags/weather_api_dag.py
[2024-02-10T02:56:45.765+0000] {logging_mixin.py:188} INFO - [2024-02-10T02:56:45.765+0000] {dag.py:3033} INFO - Sync 1 DAGs
[2024-02-10T02:56:45.806+0000] {logging_mixin.py:188} INFO - [2024-02-10T02:56:45.806+0000] {dag.py:3820} INFO - Setting next_dagrun for weather_api_dag to 2024-02-10T01:00:00+00:00, run_after=2024-02-10T02:00:00+00:00
[2024-02-10T02:56:45.845+0000] {processor.py:183} INFO - Processing /opt/airflow/dags/weather_api_dag.py took 0.183 seconds
[2024-02-10T02:57:16.115+0000] {processor.py:161} INFO - Started process (PID=854) to work on /opt/airflow/dags/weather_api_dag.py
[2024-02-10T02:57:16.116+0000] {processor.py:830} INFO - Processing file /opt/airflow/dags/weather_api_dag.py for tasks to queue
[2024-02-10T02:57:16.116+0000] {logging_mixin.py:188} INFO - [2024-02-10T02:57:16.116+0000] {dagbag.py:538} INFO - Filling up the DagBag from /opt/airflow/dags/weather_api_dag.py
[2024-02-10T02:57:16.129+0000] {processor.py:840} INFO - DAG(s) 'weather_api_dag' retrieved from /opt/airflow/dags/weather_api_dag.py
[2024-02-10T02:57:16.160+0000] {logging_mixin.py:188} INFO - [2024-02-10T02:57:16.160+0000] {dag.py:3033} INFO - Sync 1 DAGs
[2024-02-10T02:57:16.187+0000] {logging_mixin.py:188} INFO - [2024-02-10T02:57:16.187+0000] {dag.py:3820} INFO - Setting next_dagrun for weather_api_dag to 2024-02-10T01:00:00+00:00, run_after=2024-02-10T02:00:00+00:00
[2024-02-10T02:57:16.252+0000] {processor.py:183} INFO - Processing /opt/airflow/dags/weather_api_dag.py took 0.141 seconds
[2024-02-10T02:57:46.527+0000] {processor.py:161} INFO - Started process (PID=891) to work on /opt/airflow/dags/weather_api_dag.py
[2024-02-10T02:57:46.528+0000] {processor.py:830} INFO - Processing file /opt/airflow/dags/weather_api_dag.py for tasks to queue
[2024-02-10T02:57:46.529+0000] {logging_mixin.py:188} INFO - [2024-02-10T02:57:46.528+0000] {dagbag.py:538} INFO - Filling up the DagBag from /opt/airflow/dags/weather_api_dag.py
[2024-02-10T02:57:46.542+0000] {processor.py:840} INFO - DAG(s) 'weather_api_dag' retrieved from /opt/airflow/dags/weather_api_dag.py
[2024-02-10T02:57:46.572+0000] {logging_mixin.py:188} INFO - [2024-02-10T02:57:46.572+0000] {dag.py:3033} INFO - Sync 1 DAGs
[2024-02-10T02:57:46.599+0000] {logging_mixin.py:188} INFO - [2024-02-10T02:57:46.599+0000] {dag.py:3820} INFO - Setting next_dagrun for weather_api_dag to 2024-02-10T01:00:00+00:00, run_after=2024-02-10T02:00:00+00:00
[2024-02-10T02:57:46.621+0000] {processor.py:183} INFO - Processing /opt/airflow/dags/weather_api_dag.py took 0.098 seconds
[2024-02-10T02:58:16.865+0000] {processor.py:161} INFO - Started process (PID=936) to work on /opt/airflow/dags/weather_api_dag.py
[2024-02-10T02:58:16.866+0000] {processor.py:830} INFO - Processing file /opt/airflow/dags/weather_api_dag.py for tasks to queue
[2024-02-10T02:58:16.867+0000] {logging_mixin.py:188} INFO - [2024-02-10T02:58:16.867+0000] {dagbag.py:538} INFO - Filling up the DagBag from /opt/airflow/dags/weather_api_dag.py
[2024-02-10T02:58:16.880+0000] {processor.py:840} INFO - DAG(s) 'weather_api_dag' retrieved from /opt/airflow/dags/weather_api_dag.py
[2024-02-10T02:58:16.910+0000] {logging_mixin.py:188} INFO - [2024-02-10T02:58:16.910+0000] {dag.py:3033} INFO - Sync 1 DAGs
[2024-02-10T02:58:16.936+0000] {logging_mixin.py:188} INFO - [2024-02-10T02:58:16.936+0000] {dag.py:3820} INFO - Setting next_dagrun for weather_api_dag to 2024-02-10T01:00:00+00:00, run_after=2024-02-10T02:00:00+00:00
[2024-02-10T02:58:16.960+0000] {processor.py:183} INFO - Processing /opt/airflow/dags/weather_api_dag.py took 0.099 seconds
[2024-02-10T02:58:47.234+0000] {processor.py:161} INFO - Started process (PID=972) to work on /opt/airflow/dags/weather_api_dag.py
[2024-02-10T02:58:47.235+0000] {processor.py:830} INFO - Processing file /opt/airflow/dags/weather_api_dag.py for tasks to queue
[2024-02-10T02:58:47.236+0000] {logging_mixin.py:188} INFO - [2024-02-10T02:58:47.236+0000] {dagbag.py:538} INFO - Filling up the DagBag from /opt/airflow/dags/weather_api_dag.py
[2024-02-10T02:58:47.249+0000] {processor.py:840} INFO - DAG(s) 'weather_api_dag' retrieved from /opt/airflow/dags/weather_api_dag.py
[2024-02-10T02:58:47.280+0000] {logging_mixin.py:188} INFO - [2024-02-10T02:58:47.279+0000] {dag.py:3033} INFO - Sync 1 DAGs
[2024-02-10T02:58:47.306+0000] {logging_mixin.py:188} INFO - [2024-02-10T02:58:47.306+0000] {dag.py:3820} INFO - Setting next_dagrun for weather_api_dag to 2024-02-10T01:00:00+00:00, run_after=2024-02-10T02:00:00+00:00
[2024-02-10T02:58:47.329+0000] {processor.py:183} INFO - Processing /opt/airflow/dags/weather_api_dag.py took 0.098 seconds
[2024-02-10T02:59:17.624+0000] {processor.py:161} INFO - Started process (PID=1018) to work on /opt/airflow/dags/weather_api_dag.py
[2024-02-10T02:59:17.625+0000] {processor.py:830} INFO - Processing file /opt/airflow/dags/weather_api_dag.py for tasks to queue
[2024-02-10T02:59:17.644+0000] {logging_mixin.py:188} INFO - [2024-02-10T02:59:17.643+0000] {dagbag.py:538} INFO - Filling up the DagBag from /opt/airflow/dags/weather_api_dag.py
[2024-02-10T02:59:17.687+0000] {processor.py:840} INFO - DAG(s) 'weather_api_dag' retrieved from /opt/airflow/dags/weather_api_dag.py
[2024-02-10T02:59:17.787+0000] {logging_mixin.py:188} INFO - [2024-02-10T02:59:17.787+0000] {dag.py:3033} INFO - Sync 1 DAGs
[2024-02-10T02:59:17.853+0000] {logging_mixin.py:188} INFO - [2024-02-10T02:59:17.853+0000] {dag.py:3820} INFO - Setting next_dagrun for weather_api_dag to 2024-02-10T01:00:00+00:00, run_after=2024-02-10T02:00:00+00:00
[2024-02-10T02:59:17.901+0000] {processor.py:183} INFO - Processing /opt/airflow/dags/weather_api_dag.py took 0.280 seconds
[2024-02-10T02:59:48.168+0000] {processor.py:161} INFO - Started process (PID=1055) to work on /opt/airflow/dags/weather_api_dag.py
[2024-02-10T02:59:48.168+0000] {processor.py:830} INFO - Processing file /opt/airflow/dags/weather_api_dag.py for tasks to queue
[2024-02-10T02:59:48.169+0000] {logging_mixin.py:188} INFO - [2024-02-10T02:59:48.169+0000] {dagbag.py:538} INFO - Filling up the DagBag from /opt/airflow/dags/weather_api_dag.py
[2024-02-10T02:59:48.181+0000] {processor.py:840} INFO - DAG(s) 'weather_api_dag' retrieved from /opt/airflow/dags/weather_api_dag.py
[2024-02-10T02:59:48.211+0000] {logging_mixin.py:188} INFO - [2024-02-10T02:59:48.211+0000] {dag.py:3033} INFO - Sync 1 DAGs
[2024-02-10T02:59:48.239+0000] {logging_mixin.py:188} INFO - [2024-02-10T02:59:48.239+0000] {dag.py:3820} INFO - Setting next_dagrun for weather_api_dag to 2024-02-10T01:00:00+00:00, run_after=2024-02-10T02:00:00+00:00
[2024-02-10T02:59:48.261+0000] {processor.py:183} INFO - Processing /opt/airflow/dags/weather_api_dag.py took 0.096 seconds
[2024-02-10T03:00:18.549+0000] {processor.py:161} INFO - Started process (PID=1101) to work on /opt/airflow/dags/weather_api_dag.py
[2024-02-10T03:00:18.549+0000] {processor.py:830} INFO - Processing file /opt/airflow/dags/weather_api_dag.py for tasks to queue
[2024-02-10T03:00:18.550+0000] {logging_mixin.py:188} INFO - [2024-02-10T03:00:18.550+0000] {dagbag.py:538} INFO - Filling up the DagBag from /opt/airflow/dags/weather_api_dag.py
[2024-02-10T03:00:18.577+0000] {processor.py:840} INFO - DAG(s) 'weather_api_dag' retrieved from /opt/airflow/dags/weather_api_dag.py
[2024-02-10T03:00:18.628+0000] {logging_mixin.py:188} INFO - [2024-02-10T03:00:18.628+0000] {dag.py:3033} INFO - Sync 1 DAGs
[2024-02-10T03:00:18.677+0000] {logging_mixin.py:188} INFO - [2024-02-10T03:00:18.677+0000] {dag.py:3820} INFO - Setting next_dagrun for weather_api_dag to 2024-02-10T02:00:00+00:00, run_after=2024-02-10T03:00:00+00:00
[2024-02-10T03:00:18.726+0000] {processor.py:183} INFO - Processing /opt/airflow/dags/weather_api_dag.py took 0.180 seconds
[2024-02-10T03:00:49.050+0000] {processor.py:161} INFO - Started process (PID=1140) to work on /opt/airflow/dags/weather_api_dag.py
[2024-02-10T03:00:49.051+0000] {processor.py:830} INFO - Processing file /opt/airflow/dags/weather_api_dag.py for tasks to queue
[2024-02-10T03:00:49.052+0000] {logging_mixin.py:188} INFO - [2024-02-10T03:00:49.051+0000] {dagbag.py:538} INFO - Filling up the DagBag from /opt/airflow/dags/weather_api_dag.py
[2024-02-10T03:00:49.065+0000] {processor.py:840} INFO - DAG(s) 'weather_api_dag' retrieved from /opt/airflow/dags/weather_api_dag.py
[2024-02-10T03:00:49.100+0000] {logging_mixin.py:188} INFO - [2024-02-10T03:00:49.099+0000] {dag.py:3033} INFO - Sync 1 DAGs
[2024-02-10T03:00:49.129+0000] {logging_mixin.py:188} INFO - [2024-02-10T03:00:49.129+0000] {dag.py:3820} INFO - Setting next_dagrun for weather_api_dag to 2024-02-10T02:00:00+00:00, run_after=2024-02-10T03:00:00+00:00
[2024-02-10T03:00:49.152+0000] {processor.py:183} INFO - Processing /opt/airflow/dags/weather_api_dag.py took 0.105 seconds
[2024-02-10T03:01:19.391+0000] {processor.py:161} INFO - Started process (PID=1178) to work on /opt/airflow/dags/weather_api_dag.py
[2024-02-10T03:01:19.392+0000] {processor.py:830} INFO - Processing file /opt/airflow/dags/weather_api_dag.py for tasks to queue
[2024-02-10T03:01:19.393+0000] {logging_mixin.py:188} INFO - [2024-02-10T03:01:19.393+0000] {dagbag.py:538} INFO - Filling up the DagBag from /opt/airflow/dags/weather_api_dag.py
[2024-02-10T03:01:19.405+0000] {processor.py:840} INFO - DAG(s) 'weather_api_dag' retrieved from /opt/airflow/dags/weather_api_dag.py
[2024-02-10T03:01:19.436+0000] {logging_mixin.py:188} INFO - [2024-02-10T03:01:19.436+0000] {dag.py:3033} INFO - Sync 1 DAGs
[2024-02-10T03:01:19.463+0000] {logging_mixin.py:188} INFO - [2024-02-10T03:01:19.462+0000] {dag.py:3820} INFO - Setting next_dagrun for weather_api_dag to 2024-02-10T02:00:00+00:00, run_after=2024-02-10T03:00:00+00:00
[2024-02-10T03:01:19.486+0000] {processor.py:183} INFO - Processing /opt/airflow/dags/weather_api_dag.py took 0.097 seconds
[2024-02-10T03:01:49.743+0000] {processor.py:161} INFO - Started process (PID=1223) to work on /opt/airflow/dags/weather_api_dag.py
[2024-02-10T03:01:49.744+0000] {processor.py:830} INFO - Processing file /opt/airflow/dags/weather_api_dag.py for tasks to queue
[2024-02-10T03:01:49.745+0000] {logging_mixin.py:188} INFO - [2024-02-10T03:01:49.745+0000] {dagbag.py:538} INFO - Filling up the DagBag from /opt/airflow/dags/weather_api_dag.py
[2024-02-10T03:01:49.757+0000] {processor.py:840} INFO - DAG(s) 'weather_api_dag' retrieved from /opt/airflow/dags/weather_api_dag.py
[2024-02-10T03:01:49.801+0000] {logging_mixin.py:188} INFO - [2024-02-10T03:01:49.801+0000] {dag.py:3033} INFO - Sync 1 DAGs
[2024-02-10T03:01:49.843+0000] {logging_mixin.py:188} INFO - [2024-02-10T03:01:49.842+0000] {dag.py:3820} INFO - Setting next_dagrun for weather_api_dag to 2024-02-10T02:00:00+00:00, run_after=2024-02-10T03:00:00+00:00
[2024-02-10T03:01:49.879+0000] {processor.py:183} INFO - Processing /opt/airflow/dags/weather_api_dag.py took 0.139 seconds
[2024-02-10T03:02:20.141+0000] {processor.py:161} INFO - Started process (PID=1260) to work on /opt/airflow/dags/weather_api_dag.py
[2024-02-10T03:02:20.142+0000] {processor.py:830} INFO - Processing file /opt/airflow/dags/weather_api_dag.py for tasks to queue
[2024-02-10T03:02:20.143+0000] {logging_mixin.py:188} INFO - [2024-02-10T03:02:20.143+0000] {dagbag.py:538} INFO - Filling up the DagBag from /opt/airflow/dags/weather_api_dag.py
[2024-02-10T03:02:20.156+0000] {processor.py:840} INFO - DAG(s) 'weather_api_dag' retrieved from /opt/airflow/dags/weather_api_dag.py
[2024-02-10T03:02:20.186+0000] {logging_mixin.py:188} INFO - [2024-02-10T03:02:20.186+0000] {dag.py:3033} INFO - Sync 1 DAGs
[2024-02-10T03:02:20.212+0000] {logging_mixin.py:188} INFO - [2024-02-10T03:02:20.212+0000] {dag.py:3820} INFO - Setting next_dagrun for weather_api_dag to 2024-02-10T02:00:00+00:00, run_after=2024-02-10T03:00:00+00:00
[2024-02-10T03:02:20.238+0000] {processor.py:183} INFO - Processing /opt/airflow/dags/weather_api_dag.py took 0.099 seconds
[2024-02-10T03:02:50.547+0000] {processor.py:161} INFO - Started process (PID=1308) to work on /opt/airflow/dags/weather_api_dag.py
[2024-02-10T03:02:50.548+0000] {processor.py:830} INFO - Processing file /opt/airflow/dags/weather_api_dag.py for tasks to queue
[2024-02-10T03:02:50.549+0000] {logging_mixin.py:188} INFO - [2024-02-10T03:02:50.548+0000] {dagbag.py:538} INFO - Filling up the DagBag from /opt/airflow/dags/weather_api_dag.py
[2024-02-10T03:02:50.585+0000] {processor.py:840} INFO - DAG(s) 'weather_api_dag' retrieved from /opt/airflow/dags/weather_api_dag.py
[2024-02-10T03:02:50.657+0000] {logging_mixin.py:188} INFO - [2024-02-10T03:02:50.657+0000] {dag.py:3033} INFO - Sync 1 DAGs
[2024-02-10T03:02:50.688+0000] {logging_mixin.py:188} INFO - [2024-02-10T03:02:50.688+0000] {dag.py:3820} INFO - Setting next_dagrun for weather_api_dag to 2024-02-10T02:00:00+00:00, run_after=2024-02-10T03:00:00+00:00
[2024-02-10T03:02:50.715+0000] {processor.py:183} INFO - Processing /opt/airflow/dags/weather_api_dag.py took 0.172 seconds
[2024-02-10T03:03:21.094+0000] {processor.py:161} INFO - Started process (PID=1344) to work on /opt/airflow/dags/weather_api_dag.py
[2024-02-10T03:03:21.094+0000] {processor.py:830} INFO - Processing file /opt/airflow/dags/weather_api_dag.py for tasks to queue
[2024-02-10T03:03:21.095+0000] {logging_mixin.py:188} INFO - [2024-02-10T03:03:21.095+0000] {dagbag.py:538} INFO - Filling up the DagBag from /opt/airflow/dags/weather_api_dag.py
[2024-02-10T03:03:21.108+0000] {processor.py:840} INFO - DAG(s) 'weather_api_dag' retrieved from /opt/airflow/dags/weather_api_dag.py
[2024-02-10T03:03:21.153+0000] {logging_mixin.py:188} INFO - [2024-02-10T03:03:21.153+0000] {dag.py:3033} INFO - Sync 1 DAGs
[2024-02-10T03:03:21.207+0000] {logging_mixin.py:188} INFO - [2024-02-10T03:03:21.207+0000] {dag.py:3820} INFO - Setting next_dagrun for weather_api_dag to 2024-02-10T02:00:00+00:00, run_after=2024-02-10T03:00:00+00:00
[2024-02-10T03:03:21.237+0000] {processor.py:183} INFO - Processing /opt/airflow/dags/weather_api_dag.py took 0.146 seconds
[2024-02-10T03:03:51.511+0000] {processor.py:161} INFO - Started process (PID=1380) to work on /opt/airflow/dags/weather_api_dag.py
[2024-02-10T03:03:51.512+0000] {processor.py:830} INFO - Processing file /opt/airflow/dags/weather_api_dag.py for tasks to queue
[2024-02-10T03:03:51.513+0000] {logging_mixin.py:188} INFO - [2024-02-10T03:03:51.513+0000] {dagbag.py:538} INFO - Filling up the DagBag from /opt/airflow/dags/weather_api_dag.py
[2024-02-10T03:03:51.526+0000] {processor.py:840} INFO - DAG(s) 'weather_api_dag' retrieved from /opt/airflow/dags/weather_api_dag.py
[2024-02-10T03:03:51.557+0000] {logging_mixin.py:188} INFO - [2024-02-10T03:03:51.557+0000] {dag.py:3033} INFO - Sync 1 DAGs
[2024-02-10T03:03:51.584+0000] {logging_mixin.py:188} INFO - [2024-02-10T03:03:51.584+0000] {dag.py:3820} INFO - Setting next_dagrun for weather_api_dag to 2024-02-10T02:00:00+00:00, run_after=2024-02-10T03:00:00+00:00
[2024-02-10T03:03:51.608+0000] {processor.py:183} INFO - Processing /opt/airflow/dags/weather_api_dag.py took 0.100 seconds
[2024-02-10T03:04:21.841+0000] {processor.py:161} INFO - Started process (PID=1427) to work on /opt/airflow/dags/weather_api_dag.py
[2024-02-10T03:04:21.842+0000] {processor.py:830} INFO - Processing file /opt/airflow/dags/weather_api_dag.py for tasks to queue
[2024-02-10T03:04:21.843+0000] {logging_mixin.py:188} INFO - [2024-02-10T03:04:21.843+0000] {dagbag.py:538} INFO - Filling up the DagBag from /opt/airflow/dags/weather_api_dag.py
[2024-02-10T03:04:21.855+0000] {processor.py:840} INFO - DAG(s) 'weather_api_dag' retrieved from /opt/airflow/dags/weather_api_dag.py
[2024-02-10T03:04:21.888+0000] {logging_mixin.py:188} INFO - [2024-02-10T03:04:21.888+0000] {dag.py:3033} INFO - Sync 1 DAGs
[2024-02-10T03:04:21.915+0000] {logging_mixin.py:188} INFO - [2024-02-10T03:04:21.915+0000] {dag.py:3820} INFO - Setting next_dagrun for weather_api_dag to 2024-02-10T02:00:00+00:00, run_after=2024-02-10T03:00:00+00:00
[2024-02-10T03:04:21.946+0000] {processor.py:183} INFO - Processing /opt/airflow/dags/weather_api_dag.py took 0.108 seconds
[2024-02-10T03:04:52.224+0000] {processor.py:161} INFO - Started process (PID=1464) to work on /opt/airflow/dags/weather_api_dag.py
[2024-02-10T03:04:52.225+0000] {processor.py:830} INFO - Processing file /opt/airflow/dags/weather_api_dag.py for tasks to queue
[2024-02-10T03:04:52.226+0000] {logging_mixin.py:188} INFO - [2024-02-10T03:04:52.226+0000] {dagbag.py:538} INFO - Filling up the DagBag from /opt/airflow/dags/weather_api_dag.py
[2024-02-10T03:04:52.239+0000] {processor.py:840} INFO - DAG(s) 'weather_api_dag' retrieved from /opt/airflow/dags/weather_api_dag.py
[2024-02-10T03:04:52.270+0000] {logging_mixin.py:188} INFO - [2024-02-10T03:04:52.270+0000] {dag.py:3033} INFO - Sync 1 DAGs
[2024-02-10T03:04:52.303+0000] {logging_mixin.py:188} INFO - [2024-02-10T03:04:52.303+0000] {dag.py:3820} INFO - Setting next_dagrun for weather_api_dag to 2024-02-10T02:00:00+00:00, run_after=2024-02-10T03:00:00+00:00
[2024-02-10T03:04:52.328+0000] {processor.py:183} INFO - Processing /opt/airflow/dags/weather_api_dag.py took 0.107 seconds
[2024-02-10T03:05:22.636+0000] {processor.py:161} INFO - Started process (PID=1511) to work on /opt/airflow/dags/weather_api_dag.py
[2024-02-10T03:05:22.637+0000] {processor.py:830} INFO - Processing file /opt/airflow/dags/weather_api_dag.py for tasks to queue
[2024-02-10T03:05:22.637+0000] {logging_mixin.py:188} INFO - [2024-02-10T03:05:22.637+0000] {dagbag.py:538} INFO - Filling up the DagBag from /opt/airflow/dags/weather_api_dag.py
[2024-02-10T03:05:22.662+0000] {processor.py:840} INFO - DAG(s) 'weather_api_dag' retrieved from /opt/airflow/dags/weather_api_dag.py
[2024-02-10T03:05:22.732+0000] {logging_mixin.py:188} INFO - [2024-02-10T03:05:22.732+0000] {dag.py:3033} INFO - Sync 1 DAGs
[2024-02-10T03:05:22.819+0000] {logging_mixin.py:188} INFO - [2024-02-10T03:05:22.819+0000] {dag.py:3820} INFO - Setting next_dagrun for weather_api_dag to 2024-02-10T02:00:00+00:00, run_after=2024-02-10T03:00:00+00:00
[2024-02-10T03:05:22.860+0000] {processor.py:183} INFO - Processing /opt/airflow/dags/weather_api_dag.py took 0.228 seconds
[2024-02-10T03:05:53.149+0000] {processor.py:161} INFO - Started process (PID=1549) to work on /opt/airflow/dags/weather_api_dag.py
[2024-02-10T03:05:53.150+0000] {processor.py:830} INFO - Processing file /opt/airflow/dags/weather_api_dag.py for tasks to queue
[2024-02-10T03:05:53.150+0000] {logging_mixin.py:188} INFO - [2024-02-10T03:05:53.150+0000] {dagbag.py:538} INFO - Filling up the DagBag from /opt/airflow/dags/weather_api_dag.py
[2024-02-10T03:05:53.163+0000] {processor.py:840} INFO - DAG(s) 'weather_api_dag' retrieved from /opt/airflow/dags/weather_api_dag.py
[2024-02-10T03:05:53.193+0000] {logging_mixin.py:188} INFO - [2024-02-10T03:05:53.193+0000] {dag.py:3033} INFO - Sync 1 DAGs
[2024-02-10T03:05:53.220+0000] {logging_mixin.py:188} INFO - [2024-02-10T03:05:53.219+0000] {dag.py:3820} INFO - Setting next_dagrun for weather_api_dag to 2024-02-10T02:00:00+00:00, run_after=2024-02-10T03:00:00+00:00
[2024-02-10T03:05:53.248+0000] {processor.py:183} INFO - Processing /opt/airflow/dags/weather_api_dag.py took 0.102 seconds
[2024-02-10T03:06:23.504+0000] {processor.py:161} INFO - Started process (PID=1586) to work on /opt/airflow/dags/weather_api_dag.py
[2024-02-10T03:06:23.505+0000] {processor.py:830} INFO - Processing file /opt/airflow/dags/weather_api_dag.py for tasks to queue
[2024-02-10T03:06:23.506+0000] {logging_mixin.py:188} INFO - [2024-02-10T03:06:23.506+0000] {dagbag.py:538} INFO - Filling up the DagBag from /opt/airflow/dags/weather_api_dag.py
[2024-02-10T03:06:23.518+0000] {processor.py:840} INFO - DAG(s) 'weather_api_dag' retrieved from /opt/airflow/dags/weather_api_dag.py
[2024-02-10T03:06:23.551+0000] {logging_mixin.py:188} INFO - [2024-02-10T03:06:23.550+0000] {dag.py:3033} INFO - Sync 1 DAGs
[2024-02-10T03:06:23.582+0000] {logging_mixin.py:188} INFO - [2024-02-10T03:06:23.582+0000] {dag.py:3820} INFO - Setting next_dagrun for weather_api_dag to 2024-02-10T02:00:00+00:00, run_after=2024-02-10T03:00:00+00:00
[2024-02-10T03:06:23.653+0000] {processor.py:183} INFO - Processing /opt/airflow/dags/weather_api_dag.py took 0.152 seconds
[2024-02-10T03:06:53.980+0000] {processor.py:161} INFO - Started process (PID=1630) to work on /opt/airflow/dags/weather_api_dag.py
[2024-02-10T03:06:53.980+0000] {processor.py:830} INFO - Processing file /opt/airflow/dags/weather_api_dag.py for tasks to queue
[2024-02-10T03:06:53.981+0000] {logging_mixin.py:188} INFO - [2024-02-10T03:06:53.981+0000] {dagbag.py:538} INFO - Filling up the DagBag from /opt/airflow/dags/weather_api_dag.py
[2024-02-10T03:06:53.994+0000] {processor.py:840} INFO - DAG(s) 'weather_api_dag' retrieved from /opt/airflow/dags/weather_api_dag.py
[2024-02-10T03:06:54.027+0000] {logging_mixin.py:188} INFO - [2024-02-10T03:06:54.027+0000] {dag.py:3033} INFO - Sync 1 DAGs
[2024-02-10T03:06:54.059+0000] {logging_mixin.py:188} INFO - [2024-02-10T03:06:54.059+0000] {dag.py:3820} INFO - Setting next_dagrun for weather_api_dag to 2024-02-10T02:00:00+00:00, run_after=2024-02-10T03:00:00+00:00
[2024-02-10T03:06:54.111+0000] {processor.py:183} INFO - Processing /opt/airflow/dags/weather_api_dag.py took 0.134 seconds
[2024-02-10T03:07:24.382+0000] {processor.py:161} INFO - Started process (PID=1666) to work on /opt/airflow/dags/weather_api_dag.py
[2024-02-10T03:07:24.383+0000] {processor.py:830} INFO - Processing file /opt/airflow/dags/weather_api_dag.py for tasks to queue
[2024-02-10T03:07:24.384+0000] {logging_mixin.py:188} INFO - [2024-02-10T03:07:24.384+0000] {dagbag.py:538} INFO - Filling up the DagBag from /opt/airflow/dags/weather_api_dag.py
[2024-02-10T03:07:24.398+0000] {processor.py:840} INFO - DAG(s) 'weather_api_dag' retrieved from /opt/airflow/dags/weather_api_dag.py
[2024-02-10T03:07:24.429+0000] {logging_mixin.py:188} INFO - [2024-02-10T03:07:24.428+0000] {dag.py:3033} INFO - Sync 1 DAGs
[2024-02-10T03:07:24.456+0000] {logging_mixin.py:188} INFO - [2024-02-10T03:07:24.456+0000] {dag.py:3820} INFO - Setting next_dagrun for weather_api_dag to 2024-02-10T02:00:00+00:00, run_after=2024-02-10T03:00:00+00:00
[2024-02-10T03:07:24.516+0000] {processor.py:183} INFO - Processing /opt/airflow/dags/weather_api_dag.py took 0.138 seconds
[2024-02-10T03:07:54.857+0000] {processor.py:161} INFO - Started process (PID=1710) to work on /opt/airflow/dags/weather_api_dag.py
[2024-02-10T03:07:54.858+0000] {processor.py:830} INFO - Processing file /opt/airflow/dags/weather_api_dag.py for tasks to queue
[2024-02-10T03:07:54.859+0000] {logging_mixin.py:188} INFO - [2024-02-10T03:07:54.859+0000] {dagbag.py:538} INFO - Filling up the DagBag from /opt/airflow/dags/weather_api_dag.py
[2024-02-10T03:07:54.871+0000] {processor.py:840} INFO - DAG(s) 'weather_api_dag' retrieved from /opt/airflow/dags/weather_api_dag.py
[2024-02-10T03:07:54.902+0000] {logging_mixin.py:188} INFO - [2024-02-10T03:07:54.902+0000] {dag.py:3033} INFO - Sync 1 DAGs
[2024-02-10T03:07:54.934+0000] {logging_mixin.py:188} INFO - [2024-02-10T03:07:54.934+0000] {dag.py:3820} INFO - Setting next_dagrun for weather_api_dag to 2024-02-10T02:00:00+00:00, run_after=2024-02-10T03:00:00+00:00
[2024-02-10T03:07:54.967+0000] {processor.py:183} INFO - Processing /opt/airflow/dags/weather_api_dag.py took 0.113 seconds
[2024-02-10T03:08:25.430+0000] {processor.py:161} INFO - Started process (PID=1746) to work on /opt/airflow/dags/weather_api_dag.py
[2024-02-10T03:08:25.432+0000] {processor.py:830} INFO - Processing file /opt/airflow/dags/weather_api_dag.py for tasks to queue
[2024-02-10T03:08:25.433+0000] {logging_mixin.py:188} INFO - [2024-02-10T03:08:25.433+0000] {dagbag.py:538} INFO - Filling up the DagBag from /opt/airflow/dags/weather_api_dag.py
[2024-02-10T03:08:25.469+0000] {processor.py:840} INFO - DAG(s) 'weather_api_dag' retrieved from /opt/airflow/dags/weather_api_dag.py
[2024-02-10T03:08:25.583+0000] {logging_mixin.py:188} INFO - [2024-02-10T03:08:25.583+0000] {dag.py:3033} INFO - Sync 1 DAGs
[2024-02-10T03:08:25.652+0000] {logging_mixin.py:188} INFO - [2024-02-10T03:08:25.651+0000] {dag.py:3820} INFO - Setting next_dagrun for weather_api_dag to 2024-02-10T02:00:00+00:00, run_after=2024-02-10T03:00:00+00:00
[2024-02-10T03:08:25.729+0000] {processor.py:183} INFO - Processing /opt/airflow/dags/weather_api_dag.py took 0.304 seconds
[2024-02-10T03:08:55.990+0000] {processor.py:161} INFO - Started process (PID=1783) to work on /opt/airflow/dags/weather_api_dag.py
[2024-02-10T03:08:55.992+0000] {processor.py:830} INFO - Processing file /opt/airflow/dags/weather_api_dag.py for tasks to queue
[2024-02-10T03:08:55.993+0000] {logging_mixin.py:188} INFO - [2024-02-10T03:08:55.993+0000] {dagbag.py:538} INFO - Filling up the DagBag from /opt/airflow/dags/weather_api_dag.py
[2024-02-10T03:08:56.026+0000] {processor.py:840} INFO - DAG(s) 'weather_api_dag' retrieved from /opt/airflow/dags/weather_api_dag.py
[2024-02-10T03:08:56.071+0000] {logging_mixin.py:188} INFO - [2024-02-10T03:08:56.071+0000] {dag.py:3033} INFO - Sync 1 DAGs
[2024-02-10T03:08:56.102+0000] {logging_mixin.py:188} INFO - [2024-02-10T03:08:56.102+0000] {dag.py:3820} INFO - Setting next_dagrun for weather_api_dag to 2024-02-10T02:00:00+00:00, run_after=2024-02-10T03:00:00+00:00
[2024-02-10T03:08:56.138+0000] {processor.py:183} INFO - Processing /opt/airflow/dags/weather_api_dag.py took 0.155 seconds
[2024-02-10T03:09:26.538+0000] {processor.py:161} INFO - Started process (PID=1827) to work on /opt/airflow/dags/weather_api_dag.py
[2024-02-10T03:09:26.539+0000] {processor.py:830} INFO - Processing file /opt/airflow/dags/weather_api_dag.py for tasks to queue
[2024-02-10T03:09:26.540+0000] {logging_mixin.py:188} INFO - [2024-02-10T03:09:26.540+0000] {dagbag.py:538} INFO - Filling up the DagBag from /opt/airflow/dags/weather_api_dag.py
[2024-02-10T03:09:26.573+0000] {processor.py:840} INFO - DAG(s) 'weather_api_dag' retrieved from /opt/airflow/dags/weather_api_dag.py
[2024-02-10T03:09:26.671+0000] {logging_mixin.py:188} INFO - [2024-02-10T03:09:26.661+0000] {dag.py:3033} INFO - Sync 1 DAGs
[2024-02-10T03:09:26.726+0000] {logging_mixin.py:188} INFO - [2024-02-10T03:09:26.722+0000] {dag.py:3820} INFO - Setting next_dagrun for weather_api_dag to 2024-02-10T02:00:00+00:00, run_after=2024-02-10T03:00:00+00:00
[2024-02-10T03:09:26.780+0000] {processor.py:183} INFO - Processing /opt/airflow/dags/weather_api_dag.py took 0.245 seconds
[2024-02-10T03:09:57.076+0000] {processor.py:161} INFO - Started process (PID=1864) to work on /opt/airflow/dags/weather_api_dag.py
[2024-02-10T03:09:57.077+0000] {processor.py:830} INFO - Processing file /opt/airflow/dags/weather_api_dag.py for tasks to queue
[2024-02-10T03:09:57.078+0000] {logging_mixin.py:188} INFO - [2024-02-10T03:09:57.078+0000] {dagbag.py:538} INFO - Filling up the DagBag from /opt/airflow/dags/weather_api_dag.py
[2024-02-10T03:09:57.090+0000] {processor.py:840} INFO - DAG(s) 'weather_api_dag' retrieved from /opt/airflow/dags/weather_api_dag.py
[2024-02-10T03:09:57.121+0000] {logging_mixin.py:188} INFO - [2024-02-10T03:09:57.120+0000] {dag.py:3033} INFO - Sync 1 DAGs
[2024-02-10T03:09:57.149+0000] {logging_mixin.py:188} INFO - [2024-02-10T03:09:57.149+0000] {dag.py:3820} INFO - Setting next_dagrun for weather_api_dag to 2024-02-10T02:00:00+00:00, run_after=2024-02-10T03:00:00+00:00
[2024-02-10T03:09:57.183+0000] {processor.py:183} INFO - Processing /opt/airflow/dags/weather_api_dag.py took 0.110 seconds
[2024-02-10T03:10:27.438+0000] {processor.py:161} INFO - Started process (PID=1901) to work on /opt/airflow/dags/weather_api_dag.py
[2024-02-10T03:10:27.439+0000] {processor.py:830} INFO - Processing file /opt/airflow/dags/weather_api_dag.py for tasks to queue
[2024-02-10T03:10:27.440+0000] {logging_mixin.py:188} INFO - [2024-02-10T03:10:27.440+0000] {dagbag.py:538} INFO - Filling up the DagBag from /opt/airflow/dags/weather_api_dag.py
[2024-02-10T03:10:27.453+0000] {processor.py:840} INFO - DAG(s) 'weather_api_dag' retrieved from /opt/airflow/dags/weather_api_dag.py
[2024-02-10T03:10:27.483+0000] {logging_mixin.py:188} INFO - [2024-02-10T03:10:27.483+0000] {dag.py:3033} INFO - Sync 1 DAGs
[2024-02-10T03:10:27.510+0000] {logging_mixin.py:188} INFO - [2024-02-10T03:10:27.510+0000] {dag.py:3820} INFO - Setting next_dagrun for weather_api_dag to 2024-02-10T02:00:00+00:00, run_after=2024-02-10T03:00:00+00:00
[2024-02-10T03:10:27.535+0000] {processor.py:183} INFO - Processing /opt/airflow/dags/weather_api_dag.py took 0.100 seconds
[2024-02-10T03:10:57.901+0000] {processor.py:161} INFO - Started process (PID=1947) to work on /opt/airflow/dags/weather_api_dag.py
[2024-02-10T03:10:57.901+0000] {processor.py:830} INFO - Processing file /opt/airflow/dags/weather_api_dag.py for tasks to queue
[2024-02-10T03:10:57.902+0000] {logging_mixin.py:188} INFO - [2024-02-10T03:10:57.902+0000] {dagbag.py:538} INFO - Filling up the DagBag from /opt/airflow/dags/weather_api_dag.py
[2024-02-10T03:10:57.915+0000] {processor.py:840} INFO - DAG(s) 'weather_api_dag' retrieved from /opt/airflow/dags/weather_api_dag.py
[2024-02-10T03:10:57.948+0000] {logging_mixin.py:188} INFO - [2024-02-10T03:10:57.948+0000] {dag.py:3033} INFO - Sync 1 DAGs
[2024-02-10T03:10:57.980+0000] {logging_mixin.py:188} INFO - [2024-02-10T03:10:57.980+0000] {dag.py:3820} INFO - Setting next_dagrun for weather_api_dag to 2024-02-10T02:00:00+00:00, run_after=2024-02-10T03:00:00+00:00
[2024-02-10T03:10:58.007+0000] {processor.py:183} INFO - Processing /opt/airflow/dags/weather_api_dag.py took 0.110 seconds
[2024-02-10T03:11:28.248+0000] {processor.py:161} INFO - Started process (PID=1984) to work on /opt/airflow/dags/weather_api_dag.py
[2024-02-10T03:11:28.249+0000] {processor.py:830} INFO - Processing file /opt/airflow/dags/weather_api_dag.py for tasks to queue
[2024-02-10T03:11:28.250+0000] {logging_mixin.py:188} INFO - [2024-02-10T03:11:28.250+0000] {dagbag.py:538} INFO - Filling up the DagBag from /opt/airflow/dags/weather_api_dag.py
[2024-02-10T03:11:28.263+0000] {processor.py:840} INFO - DAG(s) 'weather_api_dag' retrieved from /opt/airflow/dags/weather_api_dag.py
[2024-02-10T03:11:28.297+0000] {logging_mixin.py:188} INFO - [2024-02-10T03:11:28.297+0000] {dag.py:3033} INFO - Sync 1 DAGs
[2024-02-10T03:11:28.323+0000] {logging_mixin.py:188} INFO - [2024-02-10T03:11:28.323+0000] {dag.py:3820} INFO - Setting next_dagrun for weather_api_dag to 2024-02-10T02:00:00+00:00, run_after=2024-02-10T03:00:00+00:00
[2024-02-10T03:11:28.355+0000] {processor.py:183} INFO - Processing /opt/airflow/dags/weather_api_dag.py took 0.110 seconds
[2024-02-10T03:11:58.667+0000] {processor.py:161} INFO - Started process (PID=2030) to work on /opt/airflow/dags/weather_api_dag.py
[2024-02-10T03:11:58.668+0000] {processor.py:830} INFO - Processing file /opt/airflow/dags/weather_api_dag.py for tasks to queue
[2024-02-10T03:11:58.669+0000] {logging_mixin.py:188} INFO - [2024-02-10T03:11:58.669+0000] {dagbag.py:538} INFO - Filling up the DagBag from /opt/airflow/dags/weather_api_dag.py
[2024-02-10T03:11:58.681+0000] {processor.py:840} INFO - DAG(s) 'weather_api_dag' retrieved from /opt/airflow/dags/weather_api_dag.py
[2024-02-10T03:11:58.712+0000] {logging_mixin.py:188} INFO - [2024-02-10T03:11:58.712+0000] {dag.py:3033} INFO - Sync 1 DAGs
[2024-02-10T03:11:58.740+0000] {logging_mixin.py:188} INFO - [2024-02-10T03:11:58.740+0000] {dag.py:3820} INFO - Setting next_dagrun for weather_api_dag to 2024-02-10T02:00:00+00:00, run_after=2024-02-10T03:00:00+00:00
[2024-02-10T03:11:58.768+0000] {processor.py:183} INFO - Processing /opt/airflow/dags/weather_api_dag.py took 0.104 seconds
[2024-02-10T03:12:29.151+0000] {processor.py:161} INFO - Started process (PID=2067) to work on /opt/airflow/dags/weather_api_dag.py
[2024-02-10T03:12:29.153+0000] {processor.py:830} INFO - Processing file /opt/airflow/dags/weather_api_dag.py for tasks to queue
[2024-02-10T03:12:29.154+0000] {logging_mixin.py:188} INFO - [2024-02-10T03:12:29.154+0000] {dagbag.py:538} INFO - Filling up the DagBag from /opt/airflow/dags/weather_api_dag.py
[2024-02-10T03:12:29.188+0000] {processor.py:840} INFO - DAG(s) 'weather_api_dag' retrieved from /opt/airflow/dags/weather_api_dag.py
[2024-02-10T03:12:29.258+0000] {logging_mixin.py:188} INFO - [2024-02-10T03:12:29.258+0000] {dag.py:3033} INFO - Sync 1 DAGs
[2024-02-10T03:12:29.300+0000] {logging_mixin.py:188} INFO - [2024-02-10T03:12:29.300+0000] {dag.py:3820} INFO - Setting next_dagrun for weather_api_dag to 2024-02-10T02:00:00+00:00, run_after=2024-02-10T03:00:00+00:00
[2024-02-10T03:12:29.323+0000] {processor.py:183} INFO - Processing /opt/airflow/dags/weather_api_dag.py took 0.178 seconds
[2024-02-10T03:12:59.557+0000] {processor.py:161} INFO - Started process (PID=2103) to work on /opt/airflow/dags/weather_api_dag.py
[2024-02-10T03:12:59.558+0000] {processor.py:830} INFO - Processing file /opt/airflow/dags/weather_api_dag.py for tasks to queue
[2024-02-10T03:12:59.559+0000] {logging_mixin.py:188} INFO - [2024-02-10T03:12:59.559+0000] {dagbag.py:538} INFO - Filling up the DagBag from /opt/airflow/dags/weather_api_dag.py
[2024-02-10T03:12:59.575+0000] {processor.py:840} INFO - DAG(s) 'weather_api_dag' retrieved from /opt/airflow/dags/weather_api_dag.py
[2024-02-10T03:12:59.614+0000] {logging_mixin.py:188} INFO - [2024-02-10T03:12:59.614+0000] {dag.py:3033} INFO - Sync 1 DAGs
[2024-02-10T03:12:59.642+0000] {logging_mixin.py:188} INFO - [2024-02-10T03:12:59.641+0000] {dag.py:3820} INFO - Setting next_dagrun for weather_api_dag to 2024-02-10T02:00:00+00:00, run_after=2024-02-10T03:00:00+00:00
[2024-02-10T03:12:59.663+0000] {processor.py:183} INFO - Processing /opt/airflow/dags/weather_api_dag.py took 0.109 seconds
[2024-02-10T03:13:29.924+0000] {processor.py:161} INFO - Started process (PID=2147) to work on /opt/airflow/dags/weather_api_dag.py
[2024-02-10T03:13:29.925+0000] {processor.py:830} INFO - Processing file /opt/airflow/dags/weather_api_dag.py for tasks to queue
[2024-02-10T03:13:29.926+0000] {logging_mixin.py:188} INFO - [2024-02-10T03:13:29.926+0000] {dagbag.py:538} INFO - Filling up the DagBag from /opt/airflow/dags/weather_api_dag.py
[2024-02-10T03:13:29.947+0000] {processor.py:840} INFO - DAG(s) 'weather_api_dag' retrieved from /opt/airflow/dags/weather_api_dag.py
[2024-02-10T03:13:29.980+0000] {logging_mixin.py:188} INFO - [2024-02-10T03:13:29.980+0000] {dag.py:3033} INFO - Sync 1 DAGs
[2024-02-10T03:13:30.009+0000] {logging_mixin.py:188} INFO - [2024-02-10T03:13:30.008+0000] {dag.py:3820} INFO - Setting next_dagrun for weather_api_dag to 2024-02-10T02:00:00+00:00, run_after=2024-02-10T03:00:00+00:00
[2024-02-10T03:13:30.048+0000] {processor.py:183} INFO - Processing /opt/airflow/dags/weather_api_dag.py took 0.128 seconds
[2024-02-10T03:14:00.386+0000] {processor.py:161} INFO - Started process (PID=2183) to work on /opt/airflow/dags/weather_api_dag.py
[2024-02-10T03:14:00.386+0000] {processor.py:830} INFO - Processing file /opt/airflow/dags/weather_api_dag.py for tasks to queue
[2024-02-10T03:14:00.387+0000] {logging_mixin.py:188} INFO - [2024-02-10T03:14:00.387+0000] {dagbag.py:538} INFO - Filling up the DagBag from /opt/airflow/dags/weather_api_dag.py
[2024-02-10T03:14:00.400+0000] {processor.py:840} INFO - DAG(s) 'weather_api_dag' retrieved from /opt/airflow/dags/weather_api_dag.py
[2024-02-10T03:14:00.431+0000] {logging_mixin.py:188} INFO - [2024-02-10T03:14:00.430+0000] {dag.py:3033} INFO - Sync 1 DAGs
[2024-02-10T03:14:00.457+0000] {logging_mixin.py:188} INFO - [2024-02-10T03:14:00.457+0000] {dag.py:3820} INFO - Setting next_dagrun for weather_api_dag to 2024-02-10T02:00:00+00:00, run_after=2024-02-10T03:00:00+00:00
[2024-02-10T03:14:00.482+0000] {processor.py:183} INFO - Processing /opt/airflow/dags/weather_api_dag.py took 0.100 seconds
[2024-02-10T03:14:30.857+0000] {processor.py:161} INFO - Started process (PID=2230) to work on /opt/airflow/dags/weather_api_dag.py
[2024-02-10T03:14:30.858+0000] {processor.py:830} INFO - Processing file /opt/airflow/dags/weather_api_dag.py for tasks to queue
[2024-02-10T03:14:30.859+0000] {logging_mixin.py:188} INFO - [2024-02-10T03:14:30.858+0000] {dagbag.py:538} INFO - Filling up the DagBag from /opt/airflow/dags/weather_api_dag.py
[2024-02-10T03:14:30.872+0000] {processor.py:840} INFO - DAG(s) 'weather_api_dag' retrieved from /opt/airflow/dags/weather_api_dag.py
[2024-02-10T03:14:30.932+0000] {logging_mixin.py:188} INFO - [2024-02-10T03:14:30.932+0000] {dag.py:3033} INFO - Sync 1 DAGs
[2024-02-10T03:14:30.977+0000] {logging_mixin.py:188} INFO - [2024-02-10T03:14:30.977+0000] {dag.py:3820} INFO - Setting next_dagrun for weather_api_dag to 2024-02-10T02:00:00+00:00, run_after=2024-02-10T03:00:00+00:00
[2024-02-10T03:14:31.010+0000] {processor.py:183} INFO - Processing /opt/airflow/dags/weather_api_dag.py took 0.157 seconds
[2024-02-10T03:15:01.296+0000] {processor.py:161} INFO - Started process (PID=2267) to work on /opt/airflow/dags/weather_api_dag.py
[2024-02-10T03:15:01.297+0000] {processor.py:830} INFO - Processing file /opt/airflow/dags/weather_api_dag.py for tasks to queue
[2024-02-10T03:15:01.298+0000] {logging_mixin.py:188} INFO - [2024-02-10T03:15:01.298+0000] {dagbag.py:538} INFO - Filling up the DagBag from /opt/airflow/dags/weather_api_dag.py
[2024-02-10T03:15:01.311+0000] {processor.py:840} INFO - DAG(s) 'weather_api_dag' retrieved from /opt/airflow/dags/weather_api_dag.py
[2024-02-10T03:15:01.347+0000] {logging_mixin.py:188} INFO - [2024-02-10T03:15:01.344+0000] {dag.py:3033} INFO - Sync 1 DAGs
[2024-02-10T03:15:01.381+0000] {logging_mixin.py:188} INFO - [2024-02-10T03:15:01.381+0000] {dag.py:3820} INFO - Setting next_dagrun for weather_api_dag to 2024-02-10T02:00:00+00:00, run_after=2024-02-10T03:00:00+00:00
[2024-02-10T03:15:01.413+0000] {processor.py:183} INFO - Processing /opt/airflow/dags/weather_api_dag.py took 0.120 seconds
[2024-02-10T03:15:31.641+0000] {processor.py:161} INFO - Started process (PID=2303) to work on /opt/airflow/dags/weather_api_dag.py
[2024-02-10T03:15:31.642+0000] {processor.py:830} INFO - Processing file /opt/airflow/dags/weather_api_dag.py for tasks to queue
[2024-02-10T03:15:31.643+0000] {logging_mixin.py:188} INFO - [2024-02-10T03:15:31.643+0000] {dagbag.py:538} INFO - Filling up the DagBag from /opt/airflow/dags/weather_api_dag.py
[2024-02-10T03:15:31.656+0000] {processor.py:840} INFO - DAG(s) 'weather_api_dag' retrieved from /opt/airflow/dags/weather_api_dag.py
[2024-02-10T03:15:31.692+0000] {logging_mixin.py:188} INFO - [2024-02-10T03:15:31.692+0000] {dag.py:3033} INFO - Sync 1 DAGs
[2024-02-10T03:15:31.720+0000] {logging_mixin.py:188} INFO - [2024-02-10T03:15:31.719+0000] {dag.py:3820} INFO - Setting next_dagrun for weather_api_dag to 2024-02-10T02:00:00+00:00, run_after=2024-02-10T03:00:00+00:00
[2024-02-10T03:15:31.755+0000] {processor.py:183} INFO - Processing /opt/airflow/dags/weather_api_dag.py took 0.117 seconds
[2024-02-10T03:17:22.197+0000] {processor.py:161} INFO - Started process (PID=168) to work on /opt/airflow/dags/weather_api_dag.py
[2024-02-10T03:17:22.200+0000] {processor.py:830} INFO - Processing file /opt/airflow/dags/weather_api_dag.py for tasks to queue
[2024-02-10T03:17:22.203+0000] {logging_mixin.py:188} INFO - [2024-02-10T03:17:22.203+0000] {dagbag.py:538} INFO - Filling up the DagBag from /opt/airflow/dags/weather_api_dag.py
[2024-02-10T03:17:22.284+0000] {processor.py:840} INFO - DAG(s) 'weather_api_dag' retrieved from /opt/airflow/dags/weather_api_dag.py
[2024-02-10T03:17:22.737+0000] {logging_mixin.py:188} INFO - [2024-02-10T03:17:22.737+0000] {dag.py:3033} INFO - Sync 1 DAGs
[2024-02-10T03:17:22.762+0000] {logging_mixin.py:188} INFO - [2024-02-10T03:17:22.762+0000] {dag.py:3820} INFO - Setting next_dagrun for weather_api_dag to 2024-02-10T02:00:00+00:00, run_after=2024-02-10T03:00:00+00:00
[2024-02-10T03:17:22.850+0000] {processor.py:183} INFO - Processing /opt/airflow/dags/weather_api_dag.py took 0.665 seconds
[2024-02-10T03:17:53.379+0000] {processor.py:161} INFO - Started process (PID=206) to work on /opt/airflow/dags/weather_api_dag.py
[2024-02-10T03:17:53.383+0000] {processor.py:830} INFO - Processing file /opt/airflow/dags/weather_api_dag.py for tasks to queue
[2024-02-10T03:17:53.388+0000] {logging_mixin.py:188} INFO - [2024-02-10T03:17:53.388+0000] {dagbag.py:538} INFO - Filling up the DagBag from /opt/airflow/dags/weather_api_dag.py
[2024-02-10T03:17:53.406+0000] {processor.py:840} INFO - DAG(s) 'weather_api_dag' retrieved from /opt/airflow/dags/weather_api_dag.py
[2024-02-10T03:17:53.437+0000] {logging_mixin.py:188} INFO - [2024-02-10T03:17:53.437+0000] {dag.py:3033} INFO - Sync 1 DAGs
[2024-02-10T03:17:53.470+0000] {logging_mixin.py:188} INFO - [2024-02-10T03:17:53.469+0000] {dag.py:3820} INFO - Setting next_dagrun for weather_api_dag to 2024-02-10T02:00:00+00:00, run_after=2024-02-10T03:00:00+00:00
[2024-02-10T03:17:53.512+0000] {processor.py:183} INFO - Processing /opt/airflow/dags/weather_api_dag.py took 0.136 seconds
[2024-02-10T03:18:23.880+0000] {processor.py:161} INFO - Started process (PID=251) to work on /opt/airflow/dags/weather_api_dag.py
[2024-02-10T03:18:23.882+0000] {processor.py:830} INFO - Processing file /opt/airflow/dags/weather_api_dag.py for tasks to queue
[2024-02-10T03:18:23.895+0000] {logging_mixin.py:188} INFO - [2024-02-10T03:18:23.894+0000] {dagbag.py:538} INFO - Filling up the DagBag from /opt/airflow/dags/weather_api_dag.py
[2024-02-10T03:18:23.922+0000] {processor.py:840} INFO - DAG(s) 'weather_api_dag' retrieved from /opt/airflow/dags/weather_api_dag.py
[2024-02-10T03:18:24.000+0000] {logging_mixin.py:188} INFO - [2024-02-10T03:18:24.000+0000] {dag.py:3033} INFO - Sync 1 DAGs
[2024-02-10T03:18:24.070+0000] {logging_mixin.py:188} INFO - [2024-02-10T03:18:24.069+0000] {dag.py:3820} INFO - Setting next_dagrun for weather_api_dag to 2024-02-10T02:00:00+00:00, run_after=2024-02-10T03:00:00+00:00
[2024-02-10T03:18:24.128+0000] {processor.py:183} INFO - Processing /opt/airflow/dags/weather_api_dag.py took 0.251 seconds
[2024-02-10T03:18:54.511+0000] {processor.py:161} INFO - Started process (PID=288) to work on /opt/airflow/dags/weather_api_dag.py
[2024-02-10T03:18:54.512+0000] {processor.py:830} INFO - Processing file /opt/airflow/dags/weather_api_dag.py for tasks to queue
[2024-02-10T03:18:54.513+0000] {logging_mixin.py:188} INFO - [2024-02-10T03:18:54.513+0000] {dagbag.py:538} INFO - Filling up the DagBag from /opt/airflow/dags/weather_api_dag.py
[2024-02-10T03:18:54.525+0000] {processor.py:840} INFO - DAG(s) 'weather_api_dag' retrieved from /opt/airflow/dags/weather_api_dag.py
[2024-02-10T03:18:54.556+0000] {logging_mixin.py:188} INFO - [2024-02-10T03:18:54.556+0000] {dag.py:3033} INFO - Sync 1 DAGs
[2024-02-10T03:18:54.583+0000] {logging_mixin.py:188} INFO - [2024-02-10T03:18:54.583+0000] {dag.py:3820} INFO - Setting next_dagrun for weather_api_dag to 2024-02-10T02:00:00+00:00, run_after=2024-02-10T03:00:00+00:00
[2024-02-10T03:18:54.609+0000] {processor.py:183} INFO - Processing /opt/airflow/dags/weather_api_dag.py took 0.101 seconds
[2024-02-10T03:19:24.951+0000] {processor.py:161} INFO - Started process (PID=324) to work on /opt/airflow/dags/weather_api_dag.py
[2024-02-10T03:19:24.951+0000] {processor.py:830} INFO - Processing file /opt/airflow/dags/weather_api_dag.py for tasks to queue
[2024-02-10T03:19:24.952+0000] {logging_mixin.py:188} INFO - [2024-02-10T03:19:24.952+0000] {dagbag.py:538} INFO - Filling up the DagBag from /opt/airflow/dags/weather_api_dag.py
[2024-02-10T03:19:24.964+0000] {processor.py:840} INFO - DAG(s) 'weather_api_dag' retrieved from /opt/airflow/dags/weather_api_dag.py
[2024-02-10T03:19:24.994+0000] {logging_mixin.py:188} INFO - [2024-02-10T03:19:24.994+0000] {dag.py:3033} INFO - Sync 1 DAGs
[2024-02-10T03:19:25.021+0000] {logging_mixin.py:188} INFO - [2024-02-10T03:19:25.021+0000] {dag.py:3820} INFO - Setting next_dagrun for weather_api_dag to 2024-02-10T02:00:00+00:00, run_after=2024-02-10T03:00:00+00:00
[2024-02-10T03:19:25.045+0000] {processor.py:183} INFO - Processing /opt/airflow/dags/weather_api_dag.py took 0.099 seconds
[2024-02-10T03:19:55.383+0000] {processor.py:161} INFO - Started process (PID=369) to work on /opt/airflow/dags/weather_api_dag.py
[2024-02-10T03:19:55.384+0000] {processor.py:830} INFO - Processing file /opt/airflow/dags/weather_api_dag.py for tasks to queue
[2024-02-10T03:19:55.385+0000] {logging_mixin.py:188} INFO - [2024-02-10T03:19:55.385+0000] {dagbag.py:538} INFO - Filling up the DagBag from /opt/airflow/dags/weather_api_dag.py
[2024-02-10T03:19:55.398+0000] {processor.py:840} INFO - DAG(s) 'weather_api_dag' retrieved from /opt/airflow/dags/weather_api_dag.py
[2024-02-10T03:19:55.428+0000] {logging_mixin.py:188} INFO - [2024-02-10T03:19:55.428+0000] {dag.py:3033} INFO - Sync 1 DAGs
[2024-02-10T03:19:55.458+0000] {logging_mixin.py:188} INFO - [2024-02-10T03:19:55.458+0000] {dag.py:3820} INFO - Setting next_dagrun for weather_api_dag to 2024-02-10T02:00:00+00:00, run_after=2024-02-10T03:00:00+00:00
[2024-02-10T03:19:55.503+0000] {processor.py:183} INFO - Processing /opt/airflow/dags/weather_api_dag.py took 0.123 seconds
[2024-02-10T03:20:25.847+0000] {processor.py:161} INFO - Started process (PID=407) to work on /opt/airflow/dags/weather_api_dag.py
[2024-02-10T03:20:25.848+0000] {processor.py:830} INFO - Processing file /opt/airflow/dags/weather_api_dag.py for tasks to queue
[2024-02-10T03:20:25.848+0000] {logging_mixin.py:188} INFO - [2024-02-10T03:20:25.848+0000] {dagbag.py:538} INFO - Filling up the DagBag from /opt/airflow/dags/weather_api_dag.py
[2024-02-10T03:20:25.861+0000] {processor.py:840} INFO - DAG(s) 'weather_api_dag' retrieved from /opt/airflow/dags/weather_api_dag.py
[2024-02-10T03:20:25.891+0000] {logging_mixin.py:188} INFO - [2024-02-10T03:20:25.890+0000] {dag.py:3033} INFO - Sync 1 DAGs
[2024-02-10T03:20:25.917+0000] {logging_mixin.py:188} INFO - [2024-02-10T03:20:25.917+0000] {dag.py:3820} INFO - Setting next_dagrun for weather_api_dag to 2024-02-10T02:00:00+00:00, run_after=2024-02-10T03:00:00+00:00
[2024-02-10T03:20:25.940+0000] {processor.py:183} INFO - Processing /opt/airflow/dags/weather_api_dag.py took 0.096 seconds
[2024-02-10T03:20:56.377+0000] {processor.py:161} INFO - Started process (PID=453) to work on /opt/airflow/dags/weather_api_dag.py
[2024-02-10T03:20:56.378+0000] {processor.py:830} INFO - Processing file /opt/airflow/dags/weather_api_dag.py for tasks to queue
[2024-02-10T03:20:56.379+0000] {logging_mixin.py:188} INFO - [2024-02-10T03:20:56.378+0000] {dagbag.py:538} INFO - Filling up the DagBag from /opt/airflow/dags/weather_api_dag.py
[2024-02-10T03:20:56.391+0000] {processor.py:840} INFO - DAG(s) 'weather_api_dag' retrieved from /opt/airflow/dags/weather_api_dag.py
[2024-02-10T03:20:56.423+0000] {logging_mixin.py:188} INFO - [2024-02-10T03:20:56.423+0000] {dag.py:3033} INFO - Sync 1 DAGs
[2024-02-10T03:20:56.450+0000] {logging_mixin.py:188} INFO - [2024-02-10T03:20:56.449+0000] {dag.py:3820} INFO - Setting next_dagrun for weather_api_dag to 2024-02-10T02:00:00+00:00, run_after=2024-02-10T03:00:00+00:00
[2024-02-10T03:20:56.473+0000] {processor.py:183} INFO - Processing /opt/airflow/dags/weather_api_dag.py took 0.099 seconds
