[2024-01-20T05:11:09.394+0000] {processor.py:161} INFO - Started process (PID=719) to work on /opt/airflow/dags/dog_api_pipeline.py
[2024-01-20T05:11:09.396+0000] {processor.py:830} INFO - Processing file /opt/airflow/dags/dog_api_pipeline.py for tasks to queue
[2024-01-20T05:11:09.399+0000] {logging_mixin.py:188} INFO - [2024-01-20T05:11:09.398+0000] {dagbag.py:538} INFO - Filling up the DagBag from /opt/airflow/dags/dog_api_pipeline.py
[2024-01-20T05:11:09.424+0000] {logging_mixin.py:188} INFO - [2024-01-20T05:11:09.420+0000] {dagbag.py:348} ERROR - Failed to import: /opt/airflow/dags/dog_api_pipeline.py
Traceback (most recent call last):
  File "/home/airflow/.local/lib/python3.8/site-packages/airflow/models/dagbag.py", line 344, in parse
    loader.exec_module(new_module)
  File "<frozen importlib._bootstrap_external>", line 843, in exec_module
  File "<frozen importlib._bootstrap>", line 219, in _call_with_frames_removed
  File "/opt/airflow/dags/dog_api_pipeline.py", line 49, in <module>
    python_callable=_get_dog_images,
NameError: name '_get_dog_images' is not defined
[2024-01-20T05:11:09.426+0000] {processor.py:842} WARNING - No viable dags retrieved from /opt/airflow/dags/dog_api_pipeline.py
[2024-01-20T05:11:09.463+0000] {processor.py:183} INFO - Processing /opt/airflow/dags/dog_api_pipeline.py took 0.077 seconds
[2024-01-20T05:11:15.482+0000] {processor.py:161} INFO - Started process (PID=735) to work on /opt/airflow/dags/dog_api_pipeline.py
[2024-01-20T05:11:15.486+0000] {processor.py:830} INFO - Processing file /opt/airflow/dags/dog_api_pipeline.py for tasks to queue
[2024-01-20T05:11:15.489+0000] {logging_mixin.py:188} INFO - [2024-01-20T05:11:15.488+0000] {dagbag.py:538} INFO - Filling up the DagBag from /opt/airflow/dags/dog_api_pipeline.py
[2024-01-20T05:11:15.564+0000] {processor.py:840} INFO - DAG(s) 'dog_api_pipeline' retrieved from /opt/airflow/dags/dog_api_pipeline.py
[2024-01-20T05:11:16.647+0000] {logging_mixin.py:188} INFO - [2024-01-20T05:11:16.644+0000] {override.py:1769} INFO - Created Permission View: can read on DAG:dog_api_pipeline
[2024-01-20T05:11:16.683+0000] {logging_mixin.py:188} INFO - [2024-01-20T05:11:16.682+0000] {override.py:1769} INFO - Created Permission View: can edit on DAG:dog_api_pipeline
[2024-01-20T05:11:16.705+0000] {logging_mixin.py:188} INFO - [2024-01-20T05:11:16.703+0000] {override.py:1769} INFO - Created Permission View: can delete on DAG:dog_api_pipeline
[2024-01-20T05:11:16.707+0000] {logging_mixin.py:188} INFO - [2024-01-20T05:11:16.706+0000] {dag.py:3033} INFO - Sync 1 DAGs
[2024-01-20T05:11:16.765+0000] {logging_mixin.py:188} INFO - [2024-01-20T05:11:16.764+0000] {dag.py:3055} INFO - Creating ORM DAG for dog_api_pipeline
[2024-01-20T05:11:16.769+0000] {logging_mixin.py:188} INFO - [2024-01-20T05:11:16.769+0000] {dag.py:3820} INFO - Setting next_dagrun for dog_api_pipeline to None, run_after=None
[2024-01-20T05:11:16.847+0000] {processor.py:183} INFO - Processing /opt/airflow/dags/dog_api_pipeline.py took 1.372 seconds
[2024-01-20T05:11:55.249+0000] {processor.py:161} INFO - Started process (PID=767) to work on /opt/airflow/dags/dog_api_pipeline.py
[2024-01-20T05:11:55.251+0000] {processor.py:830} INFO - Processing file /opt/airflow/dags/dog_api_pipeline.py for tasks to queue
[2024-01-20T05:11:55.255+0000] {logging_mixin.py:188} INFO - [2024-01-20T05:11:55.254+0000] {dagbag.py:538} INFO - Filling up the DagBag from /opt/airflow/dags/dog_api_pipeline.py
[2024-01-20T05:11:55.297+0000] {processor.py:840} INFO - DAG(s) 'dog_api_pipeline' retrieved from /opt/airflow/dags/dog_api_pipeline.py
[2024-01-20T05:11:55.794+0000] {logging_mixin.py:188} INFO - [2024-01-20T05:11:55.793+0000] {dag.py:3033} INFO - Sync 1 DAGs
[2024-01-20T05:11:55.842+0000] {logging_mixin.py:188} INFO - [2024-01-20T05:11:55.841+0000] {dag.py:3820} INFO - Setting next_dagrun for dog_api_pipeline to None, run_after=None
[2024-01-20T05:11:55.909+0000] {processor.py:183} INFO - Processing /opt/airflow/dags/dog_api_pipeline.py took 0.667 seconds
[2024-01-20T05:12:26.383+0000] {processor.py:161} INFO - Started process (PID=789) to work on /opt/airflow/dags/dog_api_pipeline.py
[2024-01-20T05:12:26.387+0000] {processor.py:830} INFO - Processing file /opt/airflow/dags/dog_api_pipeline.py for tasks to queue
[2024-01-20T05:12:26.390+0000] {logging_mixin.py:188} INFO - [2024-01-20T05:12:26.389+0000] {dagbag.py:538} INFO - Filling up the DagBag from /opt/airflow/dags/dog_api_pipeline.py
[2024-01-20T05:12:26.426+0000] {processor.py:840} INFO - DAG(s) 'dog_api_pipeline' retrieved from /opt/airflow/dags/dog_api_pipeline.py
[2024-01-20T05:12:26.520+0000] {logging_mixin.py:188} INFO - [2024-01-20T05:12:26.519+0000] {dag.py:3033} INFO - Sync 1 DAGs
[2024-01-20T05:12:26.573+0000] {logging_mixin.py:188} INFO - [2024-01-20T05:12:26.572+0000] {dag.py:3820} INFO - Setting next_dagrun for dog_api_pipeline to None, run_after=None
[2024-01-20T05:12:26.639+0000] {processor.py:183} INFO - Processing /opt/airflow/dags/dog_api_pipeline.py took 0.264 seconds
[2024-01-20T05:15:28.434+0000] {processor.py:161} INFO - Started process (PID=912) to work on /opt/airflow/dags/dog_api_pipeline.py
[2024-01-20T05:15:28.436+0000] {processor.py:830} INFO - Processing file /opt/airflow/dags/dog_api_pipeline.py for tasks to queue
[2024-01-20T05:15:28.440+0000] {logging_mixin.py:188} INFO - [2024-01-20T05:15:28.439+0000] {dagbag.py:538} INFO - Filling up the DagBag from /opt/airflow/dags/dog_api_pipeline.py
[2024-01-20T05:15:28.490+0000] {processor.py:840} INFO - DAG(s) 'dog_api_pipeline' retrieved from /opt/airflow/dags/dog_api_pipeline.py
[2024-01-20T05:15:28.974+0000] {logging_mixin.py:188} INFO - [2024-01-20T05:15:28.973+0000] {dag.py:3033} INFO - Sync 1 DAGs
[2024-01-20T05:15:29.021+0000] {logging_mixin.py:188} INFO - [2024-01-20T05:15:29.020+0000] {dag.py:3820} INFO - Setting next_dagrun for dog_api_pipeline to None, run_after=None
[2024-01-20T05:15:29.082+0000] {processor.py:183} INFO - Processing /opt/airflow/dags/dog_api_pipeline.py took 0.657 seconds
[2024-01-20T05:15:59.683+0000] {processor.py:161} INFO - Started process (PID=944) to work on /opt/airflow/dags/dog_api_pipeline.py
[2024-01-20T05:15:59.685+0000] {processor.py:830} INFO - Processing file /opt/airflow/dags/dog_api_pipeline.py for tasks to queue
[2024-01-20T05:15:59.688+0000] {logging_mixin.py:188} INFO - [2024-01-20T05:15:59.687+0000] {dagbag.py:538} INFO - Filling up the DagBag from /opt/airflow/dags/dog_api_pipeline.py
[2024-01-20T05:15:59.722+0000] {processor.py:840} INFO - DAG(s) 'dog_api_pipeline' retrieved from /opt/airflow/dags/dog_api_pipeline.py
[2024-01-20T05:15:59.806+0000] {logging_mixin.py:188} INFO - [2024-01-20T05:15:59.805+0000] {dag.py:3033} INFO - Sync 1 DAGs
[2024-01-20T05:15:59.856+0000] {logging_mixin.py:188} INFO - [2024-01-20T05:15:59.855+0000] {dag.py:3820} INFO - Setting next_dagrun for dog_api_pipeline to None, run_after=None
[2024-01-20T05:15:59.908+0000] {processor.py:183} INFO - Processing /opt/airflow/dags/dog_api_pipeline.py took 0.233 seconds
[2024-01-20T05:16:30.214+0000] {processor.py:161} INFO - Started process (PID=963) to work on /opt/airflow/dags/dog_api_pipeline.py
[2024-01-20T05:16:30.216+0000] {processor.py:830} INFO - Processing file /opt/airflow/dags/dog_api_pipeline.py for tasks to queue
[2024-01-20T05:16:30.219+0000] {logging_mixin.py:188} INFO - [2024-01-20T05:16:30.218+0000] {dagbag.py:538} INFO - Filling up the DagBag from /opt/airflow/dags/dog_api_pipeline.py
[2024-01-20T05:16:30.251+0000] {processor.py:840} INFO - DAG(s) 'dog_api_pipeline' retrieved from /opt/airflow/dags/dog_api_pipeline.py
[2024-01-20T05:16:30.328+0000] {logging_mixin.py:188} INFO - [2024-01-20T05:16:30.328+0000] {dag.py:3033} INFO - Sync 1 DAGs
[2024-01-20T05:16:30.374+0000] {logging_mixin.py:188} INFO - [2024-01-20T05:16:30.373+0000] {dag.py:3820} INFO - Setting next_dagrun for dog_api_pipeline to None, run_after=None
[2024-01-20T05:16:30.426+0000] {processor.py:183} INFO - Processing /opt/airflow/dags/dog_api_pipeline.py took 0.222 seconds
[2024-01-20T05:17:00.756+0000] {processor.py:161} INFO - Started process (PID=995) to work on /opt/airflow/dags/dog_api_pipeline.py
[2024-01-20T05:17:00.759+0000] {processor.py:830} INFO - Processing file /opt/airflow/dags/dog_api_pipeline.py for tasks to queue
[2024-01-20T05:17:00.763+0000] {logging_mixin.py:188} INFO - [2024-01-20T05:17:00.762+0000] {dagbag.py:538} INFO - Filling up the DagBag from /opt/airflow/dags/dog_api_pipeline.py
[2024-01-20T05:17:00.797+0000] {processor.py:840} INFO - DAG(s) 'dog_api_pipeline' retrieved from /opt/airflow/dags/dog_api_pipeline.py
[2024-01-20T05:17:00.882+0000] {logging_mixin.py:188} INFO - [2024-01-20T05:17:00.881+0000] {dag.py:3033} INFO - Sync 1 DAGs
[2024-01-20T05:17:00.934+0000] {logging_mixin.py:188} INFO - [2024-01-20T05:17:00.933+0000] {dag.py:3820} INFO - Setting next_dagrun for dog_api_pipeline to None, run_after=None
[2024-01-20T05:17:01.011+0000] {processor.py:183} INFO - Processing /opt/airflow/dags/dog_api_pipeline.py took 0.263 seconds
[2024-01-20T05:17:31.544+0000] {processor.py:161} INFO - Started process (PID=1014) to work on /opt/airflow/dags/dog_api_pipeline.py
[2024-01-20T05:17:31.546+0000] {processor.py:830} INFO - Processing file /opt/airflow/dags/dog_api_pipeline.py for tasks to queue
[2024-01-20T05:17:31.549+0000] {logging_mixin.py:188} INFO - [2024-01-20T05:17:31.548+0000] {dagbag.py:538} INFO - Filling up the DagBag from /opt/airflow/dags/dog_api_pipeline.py
[2024-01-20T05:17:31.580+0000] {processor.py:840} INFO - DAG(s) 'dog_api_pipeline' retrieved from /opt/airflow/dags/dog_api_pipeline.py
[2024-01-20T05:17:31.656+0000] {logging_mixin.py:188} INFO - [2024-01-20T05:17:31.655+0000] {dag.py:3033} INFO - Sync 1 DAGs
[2024-01-20T05:17:31.702+0000] {logging_mixin.py:188} INFO - [2024-01-20T05:17:31.701+0000] {dag.py:3820} INFO - Setting next_dagrun for dog_api_pipeline to None, run_after=None
[2024-01-20T05:17:31.756+0000] {processor.py:183} INFO - Processing /opt/airflow/dags/dog_api_pipeline.py took 0.219 seconds
[2024-01-20T05:18:02.021+0000] {processor.py:161} INFO - Started process (PID=1046) to work on /opt/airflow/dags/dog_api_pipeline.py
[2024-01-20T05:18:02.024+0000] {processor.py:830} INFO - Processing file /opt/airflow/dags/dog_api_pipeline.py for tasks to queue
[2024-01-20T05:18:02.028+0000] {logging_mixin.py:188} INFO - [2024-01-20T05:18:02.026+0000] {dagbag.py:538} INFO - Filling up the DagBag from /opt/airflow/dags/dog_api_pipeline.py
[2024-01-20T05:18:02.065+0000] {processor.py:840} INFO - DAG(s) 'dog_api_pipeline' retrieved from /opt/airflow/dags/dog_api_pipeline.py
[2024-01-20T05:18:02.150+0000] {logging_mixin.py:188} INFO - [2024-01-20T05:18:02.149+0000] {dag.py:3033} INFO - Sync 1 DAGs
[2024-01-20T05:18:02.199+0000] {logging_mixin.py:188} INFO - [2024-01-20T05:18:02.199+0000] {dag.py:3820} INFO - Setting next_dagrun for dog_api_pipeline to None, run_after=None
[2024-01-20T05:18:02.253+0000] {processor.py:183} INFO - Processing /opt/airflow/dags/dog_api_pipeline.py took 0.240 seconds
[2024-01-20T05:18:32.724+0000] {processor.py:161} INFO - Started process (PID=1065) to work on /opt/airflow/dags/dog_api_pipeline.py
[2024-01-20T05:18:32.728+0000] {processor.py:830} INFO - Processing file /opt/airflow/dags/dog_api_pipeline.py for tasks to queue
[2024-01-20T05:18:32.732+0000] {logging_mixin.py:188} INFO - [2024-01-20T05:18:32.731+0000] {dagbag.py:538} INFO - Filling up the DagBag from /opt/airflow/dags/dog_api_pipeline.py
[2024-01-20T05:18:32.766+0000] {processor.py:840} INFO - DAG(s) 'dog_api_pipeline' retrieved from /opt/airflow/dags/dog_api_pipeline.py
[2024-01-20T05:18:32.847+0000] {logging_mixin.py:188} INFO - [2024-01-20T05:18:32.846+0000] {dag.py:3033} INFO - Sync 1 DAGs
[2024-01-20T05:18:32.896+0000] {logging_mixin.py:188} INFO - [2024-01-20T05:18:32.896+0000] {dag.py:3820} INFO - Setting next_dagrun for dog_api_pipeline to None, run_after=None
[2024-01-20T05:18:32.952+0000] {processor.py:183} INFO - Processing /opt/airflow/dags/dog_api_pipeline.py took 0.239 seconds
[2024-01-20T05:19:03.213+0000] {processor.py:161} INFO - Started process (PID=1097) to work on /opt/airflow/dags/dog_api_pipeline.py
[2024-01-20T05:19:03.217+0000] {processor.py:830} INFO - Processing file /opt/airflow/dags/dog_api_pipeline.py for tasks to queue
[2024-01-20T05:19:03.220+0000] {logging_mixin.py:188} INFO - [2024-01-20T05:19:03.219+0000] {dagbag.py:538} INFO - Filling up the DagBag from /opt/airflow/dags/dog_api_pipeline.py
[2024-01-20T05:19:03.251+0000] {processor.py:840} INFO - DAG(s) 'dog_api_pipeline' retrieved from /opt/airflow/dags/dog_api_pipeline.py
[2024-01-20T05:19:03.329+0000] {logging_mixin.py:188} INFO - [2024-01-20T05:19:03.328+0000] {dag.py:3033} INFO - Sync 1 DAGs
[2024-01-20T05:19:03.381+0000] {logging_mixin.py:188} INFO - [2024-01-20T05:19:03.380+0000] {dag.py:3820} INFO - Setting next_dagrun for dog_api_pipeline to None, run_after=None
[2024-01-20T05:19:03.443+0000] {processor.py:183} INFO - Processing /opt/airflow/dags/dog_api_pipeline.py took 0.237 seconds
[2024-01-20T05:19:33.945+0000] {processor.py:161} INFO - Started process (PID=1116) to work on /opt/airflow/dags/dog_api_pipeline.py
[2024-01-20T05:19:33.948+0000] {processor.py:830} INFO - Processing file /opt/airflow/dags/dog_api_pipeline.py for tasks to queue
[2024-01-20T05:19:33.951+0000] {logging_mixin.py:188} INFO - [2024-01-20T05:19:33.950+0000] {dagbag.py:538} INFO - Filling up the DagBag from /opt/airflow/dags/dog_api_pipeline.py
[2024-01-20T05:19:33.985+0000] {processor.py:840} INFO - DAG(s) 'dog_api_pipeline' retrieved from /opt/airflow/dags/dog_api_pipeline.py
[2024-01-20T05:19:34.073+0000] {logging_mixin.py:188} INFO - [2024-01-20T05:19:34.072+0000] {dag.py:3033} INFO - Sync 1 DAGs
[2024-01-20T05:19:34.124+0000] {logging_mixin.py:188} INFO - [2024-01-20T05:19:34.124+0000] {dag.py:3820} INFO - Setting next_dagrun for dog_api_pipeline to None, run_after=None
[2024-01-20T05:19:34.182+0000] {processor.py:183} INFO - Processing /opt/airflow/dags/dog_api_pipeline.py took 0.244 seconds
[2024-01-20T05:20:04.448+0000] {processor.py:161} INFO - Started process (PID=1148) to work on /opt/airflow/dags/dog_api_pipeline.py
[2024-01-20T05:20:04.452+0000] {processor.py:830} INFO - Processing file /opt/airflow/dags/dog_api_pipeline.py for tasks to queue
[2024-01-20T05:20:04.456+0000] {logging_mixin.py:188} INFO - [2024-01-20T05:20:04.455+0000] {dagbag.py:538} INFO - Filling up the DagBag from /opt/airflow/dags/dog_api_pipeline.py
[2024-01-20T05:20:04.494+0000] {processor.py:840} INFO - DAG(s) 'dog_api_pipeline' retrieved from /opt/airflow/dags/dog_api_pipeline.py
[2024-01-20T05:20:04.581+0000] {logging_mixin.py:188} INFO - [2024-01-20T05:20:04.580+0000] {dag.py:3033} INFO - Sync 1 DAGs
[2024-01-20T05:20:04.633+0000] {logging_mixin.py:188} INFO - [2024-01-20T05:20:04.633+0000] {dag.py:3820} INFO - Setting next_dagrun for dog_api_pipeline to None, run_after=None
[2024-01-20T05:20:04.689+0000] {processor.py:183} INFO - Processing /opt/airflow/dags/dog_api_pipeline.py took 0.250 seconds
[2024-01-20T05:20:35.221+0000] {processor.py:161} INFO - Started process (PID=1167) to work on /opt/airflow/dags/dog_api_pipeline.py
[2024-01-20T05:20:35.223+0000] {processor.py:830} INFO - Processing file /opt/airflow/dags/dog_api_pipeline.py for tasks to queue
[2024-01-20T05:20:35.227+0000] {logging_mixin.py:188} INFO - [2024-01-20T05:20:35.226+0000] {dagbag.py:538} INFO - Filling up the DagBag from /opt/airflow/dags/dog_api_pipeline.py
[2024-01-20T05:20:35.261+0000] {processor.py:840} INFO - DAG(s) 'dog_api_pipeline' retrieved from /opt/airflow/dags/dog_api_pipeline.py
[2024-01-20T05:20:35.349+0000] {logging_mixin.py:188} INFO - [2024-01-20T05:20:35.349+0000] {dag.py:3033} INFO - Sync 1 DAGs
[2024-01-20T05:20:35.397+0000] {logging_mixin.py:188} INFO - [2024-01-20T05:20:35.396+0000] {dag.py:3820} INFO - Setting next_dagrun for dog_api_pipeline to None, run_after=None
[2024-01-20T05:20:35.450+0000] {processor.py:183} INFO - Processing /opt/airflow/dags/dog_api_pipeline.py took 0.237 seconds
[2024-01-20T05:21:05.686+0000] {processor.py:161} INFO - Started process (PID=1199) to work on /opt/airflow/dags/dog_api_pipeline.py
[2024-01-20T05:21:05.689+0000] {processor.py:830} INFO - Processing file /opt/airflow/dags/dog_api_pipeline.py for tasks to queue
[2024-01-20T05:21:05.692+0000] {logging_mixin.py:188} INFO - [2024-01-20T05:21:05.691+0000] {dagbag.py:538} INFO - Filling up the DagBag from /opt/airflow/dags/dog_api_pipeline.py
[2024-01-20T05:21:05.727+0000] {processor.py:840} INFO - DAG(s) 'dog_api_pipeline' retrieved from /opt/airflow/dags/dog_api_pipeline.py
[2024-01-20T05:21:05.808+0000] {logging_mixin.py:188} INFO - [2024-01-20T05:21:05.807+0000] {dag.py:3033} INFO - Sync 1 DAGs
[2024-01-20T05:21:05.858+0000] {logging_mixin.py:188} INFO - [2024-01-20T05:21:05.857+0000] {dag.py:3820} INFO - Setting next_dagrun for dog_api_pipeline to None, run_after=None
[2024-01-20T05:21:05.911+0000] {processor.py:183} INFO - Processing /opt/airflow/dags/dog_api_pipeline.py took 0.232 seconds
[2024-01-20T05:21:36.396+0000] {processor.py:161} INFO - Started process (PID=1218) to work on /opt/airflow/dags/dog_api_pipeline.py
[2024-01-20T05:21:36.399+0000] {processor.py:830} INFO - Processing file /opt/airflow/dags/dog_api_pipeline.py for tasks to queue
[2024-01-20T05:21:36.403+0000] {logging_mixin.py:188} INFO - [2024-01-20T05:21:36.402+0000] {dagbag.py:538} INFO - Filling up the DagBag from /opt/airflow/dags/dog_api_pipeline.py
[2024-01-20T05:21:36.439+0000] {processor.py:840} INFO - DAG(s) 'dog_api_pipeline' retrieved from /opt/airflow/dags/dog_api_pipeline.py
[2024-01-20T05:21:36.537+0000] {logging_mixin.py:188} INFO - [2024-01-20T05:21:36.536+0000] {dag.py:3033} INFO - Sync 1 DAGs
[2024-01-20T05:21:36.593+0000] {logging_mixin.py:188} INFO - [2024-01-20T05:21:36.593+0000] {dag.py:3820} INFO - Setting next_dagrun for dog_api_pipeline to None, run_after=None
[2024-01-20T05:21:36.653+0000] {processor.py:183} INFO - Processing /opt/airflow/dags/dog_api_pipeline.py took 0.268 seconds
[2024-01-20T05:22:06.856+0000] {processor.py:161} INFO - Started process (PID=1250) to work on /opt/airflow/dags/dog_api_pipeline.py
[2024-01-20T05:22:06.859+0000] {processor.py:830} INFO - Processing file /opt/airflow/dags/dog_api_pipeline.py for tasks to queue
[2024-01-20T05:22:06.862+0000] {logging_mixin.py:188} INFO - [2024-01-20T05:22:06.861+0000] {dagbag.py:538} INFO - Filling up the DagBag from /opt/airflow/dags/dog_api_pipeline.py
[2024-01-20T05:22:06.894+0000] {processor.py:840} INFO - DAG(s) 'dog_api_pipeline' retrieved from /opt/airflow/dags/dog_api_pipeline.py
[2024-01-20T05:22:06.976+0000] {logging_mixin.py:188} INFO - [2024-01-20T05:22:06.975+0000] {dag.py:3033} INFO - Sync 1 DAGs
[2024-01-20T05:22:07.024+0000] {logging_mixin.py:188} INFO - [2024-01-20T05:22:07.023+0000] {dag.py:3820} INFO - Setting next_dagrun for dog_api_pipeline to None, run_after=None
[2024-01-20T05:22:07.077+0000] {processor.py:183} INFO - Processing /opt/airflow/dags/dog_api_pipeline.py took 0.229 seconds
[2024-01-20T05:22:37.667+0000] {processor.py:161} INFO - Started process (PID=1279) to work on /opt/airflow/dags/dog_api_pipeline.py
[2024-01-20T05:22:37.670+0000] {processor.py:830} INFO - Processing file /opt/airflow/dags/dog_api_pipeline.py for tasks to queue
[2024-01-20T05:22:37.673+0000] {logging_mixin.py:188} INFO - [2024-01-20T05:22:37.672+0000] {dagbag.py:538} INFO - Filling up the DagBag from /opt/airflow/dags/dog_api_pipeline.py
[2024-01-20T05:22:37.711+0000] {processor.py:840} INFO - DAG(s) 'dog_api_pipeline' retrieved from /opt/airflow/dags/dog_api_pipeline.py
[2024-01-20T05:22:37.795+0000] {logging_mixin.py:188} INFO - [2024-01-20T05:22:37.794+0000] {dag.py:3033} INFO - Sync 1 DAGs
[2024-01-20T05:22:37.843+0000] {logging_mixin.py:188} INFO - [2024-01-20T05:22:37.842+0000] {dag.py:3820} INFO - Setting next_dagrun for dog_api_pipeline to None, run_after=None
[2024-01-20T05:22:37.894+0000] {processor.py:183} INFO - Processing /opt/airflow/dags/dog_api_pipeline.py took 0.235 seconds
[2024-01-20T05:23:08.233+0000] {processor.py:161} INFO - Started process (PID=1305) to work on /opt/airflow/dags/dog_api_pipeline.py
[2024-01-20T05:23:08.236+0000] {processor.py:830} INFO - Processing file /opt/airflow/dags/dog_api_pipeline.py for tasks to queue
[2024-01-20T05:23:08.243+0000] {logging_mixin.py:188} INFO - [2024-01-20T05:23:08.241+0000] {dagbag.py:538} INFO - Filling up the DagBag from /opt/airflow/dags/dog_api_pipeline.py
[2024-01-20T05:23:08.290+0000] {processor.py:840} INFO - DAG(s) 'dog_api_pipeline' retrieved from /opt/airflow/dags/dog_api_pipeline.py
[2024-01-20T05:23:08.386+0000] {logging_mixin.py:188} INFO - [2024-01-20T05:23:08.385+0000] {dag.py:3033} INFO - Sync 1 DAGs
[2024-01-20T05:23:08.438+0000] {logging_mixin.py:188} INFO - [2024-01-20T05:23:08.437+0000] {dag.py:3820} INFO - Setting next_dagrun for dog_api_pipeline to None, run_after=None
[2024-01-20T05:23:08.495+0000] {processor.py:183} INFO - Processing /opt/airflow/dags/dog_api_pipeline.py took 0.273 seconds
[2024-01-20T05:23:39.300+0000] {processor.py:161} INFO - Started process (PID=1335) to work on /opt/airflow/dags/dog_api_pipeline.py
[2024-01-20T05:23:39.311+0000] {processor.py:830} INFO - Processing file /opt/airflow/dags/dog_api_pipeline.py for tasks to queue
[2024-01-20T05:23:39.322+0000] {logging_mixin.py:188} INFO - [2024-01-20T05:23:39.320+0000] {dagbag.py:538} INFO - Filling up the DagBag from /opt/airflow/dags/dog_api_pipeline.py
[2024-01-20T05:23:39.367+0000] {processor.py:840} INFO - DAG(s) 'dog_api_pipeline' retrieved from /opt/airflow/dags/dog_api_pipeline.py
[2024-01-20T05:23:39.485+0000] {logging_mixin.py:188} INFO - [2024-01-20T05:23:39.484+0000] {dag.py:3033} INFO - Sync 1 DAGs
[2024-01-20T05:23:39.550+0000] {logging_mixin.py:188} INFO - [2024-01-20T05:23:39.548+0000] {dag.py:3820} INFO - Setting next_dagrun for dog_api_pipeline to None, run_after=None
[2024-01-20T05:23:39.650+0000] {processor.py:183} INFO - Processing /opt/airflow/dags/dog_api_pipeline.py took 0.361 seconds
[2024-01-20T05:58:01.877+0000] {processor.py:161} INFO - Started process (PID=1348) to work on /opt/airflow/dags/dog_api_pipeline.py
[2024-01-20T05:58:01.879+0000] {processor.py:830} INFO - Processing file /opt/airflow/dags/dog_api_pipeline.py for tasks to queue
[2024-01-20T05:58:01.882+0000] {logging_mixin.py:188} INFO - [2024-01-20T05:58:01.881+0000] {dagbag.py:538} INFO - Filling up the DagBag from /opt/airflow/dags/dog_api_pipeline.py
[2024-01-20T05:58:01.913+0000] {processor.py:840} INFO - DAG(s) 'dog_api_pipeline' retrieved from /opt/airflow/dags/dog_api_pipeline.py
[2024-01-20T05:58:01.992+0000] {logging_mixin.py:188} INFO - [2024-01-20T05:58:01.991+0000] {dag.py:3033} INFO - Sync 1 DAGs
[2024-01-20T05:58:02.038+0000] {logging_mixin.py:188} INFO - [2024-01-20T05:58:02.038+0000] {dag.py:3820} INFO - Setting next_dagrun for dog_api_pipeline to None, run_after=None
[2024-01-20T05:58:02.088+0000] {processor.py:183} INFO - Processing /opt/airflow/dags/dog_api_pipeline.py took 0.219 seconds
[2024-01-20T06:09:48.577+0000] {processor.py:161} INFO - Started process (PID=1380) to work on /opt/airflow/dags/dog_api_pipeline.py
[2024-01-20T06:09:48.585+0000] {processor.py:830} INFO - Processing file /opt/airflow/dags/dog_api_pipeline.py for tasks to queue
[2024-01-20T06:09:48.593+0000] {logging_mixin.py:188} INFO - [2024-01-20T06:09:48.591+0000] {dagbag.py:538} INFO - Filling up the DagBag from /opt/airflow/dags/dog_api_pipeline.py
[2024-01-20T06:09:48.673+0000] {processor.py:840} INFO - DAG(s) 'dog_api_pipeline' retrieved from /opt/airflow/dags/dog_api_pipeline.py
[2024-01-20T06:09:48.790+0000] {logging_mixin.py:188} INFO - [2024-01-20T06:09:48.789+0000] {dag.py:3033} INFO - Sync 1 DAGs
[2024-01-20T06:09:48.851+0000] {logging_mixin.py:188} INFO - [2024-01-20T06:09:48.850+0000] {dag.py:3820} INFO - Setting next_dagrun for dog_api_pipeline to None, run_after=None
[2024-01-20T06:09:48.908+0000] {processor.py:183} INFO - Processing /opt/airflow/dags/dog_api_pipeline.py took 0.914 seconds
[2024-01-20T06:24:56.470+0000] {processor.py:161} INFO - Started process (PID=1399) to work on /opt/airflow/dags/dog_api_pipeline.py
[2024-01-20T06:24:56.478+0000] {processor.py:830} INFO - Processing file /opt/airflow/dags/dog_api_pipeline.py for tasks to queue
[2024-01-20T06:24:56.482+0000] {logging_mixin.py:188} INFO - [2024-01-20T06:24:56.481+0000] {dagbag.py:538} INFO - Filling up the DagBag from /opt/airflow/dags/dog_api_pipeline.py
[2024-01-20T06:24:56.551+0000] {processor.py:840} INFO - DAG(s) 'dog_api_pipeline' retrieved from /opt/airflow/dags/dog_api_pipeline.py
[2024-01-20T06:24:56.669+0000] {logging_mixin.py:188} INFO - [2024-01-20T06:24:56.667+0000] {dag.py:3033} INFO - Sync 1 DAGs
[2024-01-20T06:24:56.729+0000] {logging_mixin.py:188} INFO - [2024-01-20T06:24:56.728+0000] {dag.py:3820} INFO - Setting next_dagrun for dog_api_pipeline to None, run_after=None
[2024-01-20T06:24:56.816+0000] {processor.py:183} INFO - Processing /opt/airflow/dags/dog_api_pipeline.py took 0.359 seconds
[2024-01-20T06:26:26.463+0000] {processor.py:161} INFO - Started process (PID=1430) to work on /opt/airflow/dags/dog_api_pipeline.py
[2024-01-20T06:26:26.466+0000] {processor.py:830} INFO - Processing file /opt/airflow/dags/dog_api_pipeline.py for tasks to queue
[2024-01-20T06:26:26.471+0000] {logging_mixin.py:188} INFO - [2024-01-20T06:26:26.469+0000] {dagbag.py:538} INFO - Filling up the DagBag from /opt/airflow/dags/dog_api_pipeline.py
[2024-01-20T06:26:26.517+0000] {processor.py:840} INFO - DAG(s) 'dog_api_pipeline' retrieved from /opt/airflow/dags/dog_api_pipeline.py
[2024-01-20T06:26:26.616+0000] {logging_mixin.py:188} INFO - [2024-01-20T06:26:26.615+0000] {dag.py:3033} INFO - Sync 1 DAGs
[2024-01-20T06:26:26.671+0000] {logging_mixin.py:188} INFO - [2024-01-20T06:26:26.670+0000] {dag.py:3820} INFO - Setting next_dagrun for dog_api_pipeline to None, run_after=None
[2024-01-20T06:26:26.731+0000] {processor.py:183} INFO - Processing /opt/airflow/dags/dog_api_pipeline.py took 0.279 seconds
[2024-01-20T06:26:57.275+0000] {processor.py:161} INFO - Started process (PID=1452) to work on /opt/airflow/dags/dog_api_pipeline.py
[2024-01-20T06:26:57.279+0000] {processor.py:830} INFO - Processing file /opt/airflow/dags/dog_api_pipeline.py for tasks to queue
[2024-01-20T06:26:57.283+0000] {logging_mixin.py:188} INFO - [2024-01-20T06:26:57.282+0000] {dagbag.py:538} INFO - Filling up the DagBag from /opt/airflow/dags/dog_api_pipeline.py
[2024-01-20T06:26:57.321+0000] {processor.py:840} INFO - DAG(s) 'dog_api_pipeline' retrieved from /opt/airflow/dags/dog_api_pipeline.py
[2024-01-20T06:26:57.410+0000] {logging_mixin.py:188} INFO - [2024-01-20T06:26:57.409+0000] {dag.py:3033} INFO - Sync 1 DAGs
[2024-01-20T06:26:57.461+0000] {logging_mixin.py:188} INFO - [2024-01-20T06:26:57.460+0000] {dag.py:3820} INFO - Setting next_dagrun for dog_api_pipeline to None, run_after=None
[2024-01-20T06:26:57.519+0000] {processor.py:183} INFO - Processing /opt/airflow/dags/dog_api_pipeline.py took 0.252 seconds
[2024-01-20T06:27:28.256+0000] {processor.py:161} INFO - Started process (PID=1483) to work on /opt/airflow/dags/dog_api_pipeline.py
[2024-01-20T06:27:28.259+0000] {processor.py:830} INFO - Processing file /opt/airflow/dags/dog_api_pipeline.py for tasks to queue
[2024-01-20T06:27:28.262+0000] {logging_mixin.py:188} INFO - [2024-01-20T06:27:28.261+0000] {dagbag.py:538} INFO - Filling up the DagBag from /opt/airflow/dags/dog_api_pipeline.py
[2024-01-20T06:27:28.308+0000] {processor.py:840} INFO - DAG(s) 'dog_api_pipeline' retrieved from /opt/airflow/dags/dog_api_pipeline.py
[2024-01-20T06:27:28.405+0000] {logging_mixin.py:188} INFO - [2024-01-20T06:27:28.404+0000] {dag.py:3033} INFO - Sync 1 DAGs
[2024-01-20T06:27:28.458+0000] {logging_mixin.py:188} INFO - [2024-01-20T06:27:28.457+0000] {dag.py:3820} INFO - Setting next_dagrun for dog_api_pipeline to None, run_after=None
[2024-01-20T06:27:28.516+0000] {processor.py:183} INFO - Processing /opt/airflow/dags/dog_api_pipeline.py took 0.269 seconds
[2024-01-20T06:27:58.870+0000] {processor.py:161} INFO - Started process (PID=1502) to work on /opt/airflow/dags/dog_api_pipeline.py
[2024-01-20T06:27:58.881+0000] {processor.py:830} INFO - Processing file /opt/airflow/dags/dog_api_pipeline.py for tasks to queue
[2024-01-20T06:27:58.899+0000] {logging_mixin.py:188} INFO - [2024-01-20T06:27:58.898+0000] {dagbag.py:538} INFO - Filling up the DagBag from /opt/airflow/dags/dog_api_pipeline.py
[2024-01-20T06:27:58.981+0000] {processor.py:840} INFO - DAG(s) 'dog_api_pipeline' retrieved from /opt/airflow/dags/dog_api_pipeline.py
[2024-01-20T06:27:59.128+0000] {logging_mixin.py:188} INFO - [2024-01-20T06:27:59.127+0000] {dag.py:3033} INFO - Sync 1 DAGs
[2024-01-20T06:27:59.200+0000] {logging_mixin.py:188} INFO - [2024-01-20T06:27:59.198+0000] {dag.py:3820} INFO - Setting next_dagrun for dog_api_pipeline to None, run_after=None
[2024-01-20T06:27:59.281+0000] {processor.py:183} INFO - Processing /opt/airflow/dags/dog_api_pipeline.py took 0.422 seconds
[2024-01-20T06:28:29.719+0000] {processor.py:161} INFO - Started process (PID=1535) to work on /opt/airflow/dags/dog_api_pipeline.py
[2024-01-20T06:28:29.724+0000] {processor.py:830} INFO - Processing file /opt/airflow/dags/dog_api_pipeline.py for tasks to queue
[2024-01-20T06:28:29.730+0000] {logging_mixin.py:188} INFO - [2024-01-20T06:28:29.728+0000] {dagbag.py:538} INFO - Filling up the DagBag from /opt/airflow/dags/dog_api_pipeline.py
[2024-01-20T06:28:29.858+0000] {processor.py:840} INFO - DAG(s) 'dog_api_pipeline' retrieved from /opt/airflow/dags/dog_api_pipeline.py
[2024-01-20T06:28:30.113+0000] {logging_mixin.py:188} INFO - [2024-01-20T06:28:30.111+0000] {dag.py:3033} INFO - Sync 1 DAGs
[2024-01-20T06:28:30.180+0000] {logging_mixin.py:188} INFO - [2024-01-20T06:28:30.178+0000] {dag.py:3820} INFO - Setting next_dagrun for dog_api_pipeline to None, run_after=None
[2024-01-20T06:28:30.259+0000] {processor.py:183} INFO - Processing /opt/airflow/dags/dog_api_pipeline.py took 0.557 seconds
[2024-01-20T06:29:00.857+0000] {processor.py:161} INFO - Started process (PID=1554) to work on /opt/airflow/dags/dog_api_pipeline.py
[2024-01-20T06:29:00.860+0000] {processor.py:830} INFO - Processing file /opt/airflow/dags/dog_api_pipeline.py for tasks to queue
[2024-01-20T06:29:00.864+0000] {logging_mixin.py:188} INFO - [2024-01-20T06:29:00.862+0000] {dagbag.py:538} INFO - Filling up the DagBag from /opt/airflow/dags/dog_api_pipeline.py
[2024-01-20T06:29:00.911+0000] {processor.py:840} INFO - DAG(s) 'dog_api_pipeline' retrieved from /opt/airflow/dags/dog_api_pipeline.py
[2024-01-20T06:29:01.035+0000] {logging_mixin.py:188} INFO - [2024-01-20T06:29:01.034+0000] {dag.py:3033} INFO - Sync 1 DAGs
[2024-01-20T06:29:01.093+0000] {logging_mixin.py:188} INFO - [2024-01-20T06:29:01.092+0000] {dag.py:3820} INFO - Setting next_dagrun for dog_api_pipeline to None, run_after=None
[2024-01-20T06:29:01.158+0000] {processor.py:183} INFO - Processing /opt/airflow/dags/dog_api_pipeline.py took 0.313 seconds
[2024-01-20T06:29:31.434+0000] {processor.py:161} INFO - Started process (PID=1586) to work on /opt/airflow/dags/dog_api_pipeline.py
[2024-01-20T06:29:31.439+0000] {processor.py:830} INFO - Processing file /opt/airflow/dags/dog_api_pipeline.py for tasks to queue
[2024-01-20T06:29:31.449+0000] {logging_mixin.py:188} INFO - [2024-01-20T06:29:31.443+0000] {dagbag.py:538} INFO - Filling up the DagBag from /opt/airflow/dags/dog_api_pipeline.py
[2024-01-20T06:29:31.532+0000] {processor.py:840} INFO - DAG(s) 'dog_api_pipeline' retrieved from /opt/airflow/dags/dog_api_pipeline.py
[2024-01-20T06:29:31.653+0000] {logging_mixin.py:188} INFO - [2024-01-20T06:29:31.652+0000] {dag.py:3033} INFO - Sync 1 DAGs
[2024-01-20T06:29:31.720+0000] {logging_mixin.py:188} INFO - [2024-01-20T06:29:31.718+0000] {dag.py:3820} INFO - Setting next_dagrun for dog_api_pipeline to None, run_after=None
[2024-01-20T06:29:31.789+0000] {processor.py:183} INFO - Processing /opt/airflow/dags/dog_api_pipeline.py took 0.367 seconds
[2024-01-20T06:30:02.275+0000] {processor.py:161} INFO - Started process (PID=1606) to work on /opt/airflow/dags/dog_api_pipeline.py
[2024-01-20T06:30:02.278+0000] {processor.py:830} INFO - Processing file /opt/airflow/dags/dog_api_pipeline.py for tasks to queue
[2024-01-20T06:30:02.281+0000] {logging_mixin.py:188} INFO - [2024-01-20T06:30:02.280+0000] {dagbag.py:538} INFO - Filling up the DagBag from /opt/airflow/dags/dog_api_pipeline.py
[2024-01-20T06:30:02.319+0000] {processor.py:840} INFO - DAG(s) 'dog_api_pipeline' retrieved from /opt/airflow/dags/dog_api_pipeline.py
[2024-01-20T06:30:02.413+0000] {logging_mixin.py:188} INFO - [2024-01-20T06:30:02.412+0000] {dag.py:3033} INFO - Sync 1 DAGs
[2024-01-20T06:30:02.465+0000] {logging_mixin.py:188} INFO - [2024-01-20T06:30:02.464+0000] {dag.py:3820} INFO - Setting next_dagrun for dog_api_pipeline to None, run_after=None
[2024-01-20T06:30:02.526+0000] {processor.py:183} INFO - Processing /opt/airflow/dags/dog_api_pipeline.py took 0.260 seconds
[2024-01-20T06:30:32.817+0000] {processor.py:161} INFO - Started process (PID=1638) to work on /opt/airflow/dags/dog_api_pipeline.py
[2024-01-20T06:30:32.822+0000] {processor.py:830} INFO - Processing file /opt/airflow/dags/dog_api_pipeline.py for tasks to queue
[2024-01-20T06:30:32.827+0000] {logging_mixin.py:188} INFO - [2024-01-20T06:30:32.825+0000] {dagbag.py:538} INFO - Filling up the DagBag from /opt/airflow/dags/dog_api_pipeline.py
[2024-01-20T06:30:32.869+0000] {processor.py:840} INFO - DAG(s) 'dog_api_pipeline' retrieved from /opt/airflow/dags/dog_api_pipeline.py
[2024-01-20T06:30:32.960+0000] {logging_mixin.py:188} INFO - [2024-01-20T06:30:32.959+0000] {dag.py:3033} INFO - Sync 1 DAGs
[2024-01-20T06:30:33.016+0000] {logging_mixin.py:188} INFO - [2024-01-20T06:30:33.015+0000] {dag.py:3820} INFO - Setting next_dagrun for dog_api_pipeline to None, run_after=None
[2024-01-20T06:30:33.099+0000] {processor.py:183} INFO - Processing /opt/airflow/dags/dog_api_pipeline.py took 0.294 seconds
[2024-01-20T06:31:03.594+0000] {processor.py:161} INFO - Started process (PID=1667) to work on /opt/airflow/dags/dog_api_pipeline.py
[2024-01-20T06:31:03.597+0000] {processor.py:830} INFO - Processing file /opt/airflow/dags/dog_api_pipeline.py for tasks to queue
[2024-01-20T06:31:03.602+0000] {logging_mixin.py:188} INFO - [2024-01-20T06:31:03.600+0000] {dagbag.py:538} INFO - Filling up the DagBag from /opt/airflow/dags/dog_api_pipeline.py
[2024-01-20T06:31:03.665+0000] {processor.py:840} INFO - DAG(s) 'dog_api_pipeline' retrieved from /opt/airflow/dags/dog_api_pipeline.py
[2024-01-20T06:31:03.767+0000] {logging_mixin.py:188} INFO - [2024-01-20T06:31:03.766+0000] {dag.py:3033} INFO - Sync 1 DAGs
[2024-01-20T06:31:03.834+0000] {logging_mixin.py:188} INFO - [2024-01-20T06:31:03.832+0000] {dag.py:3820} INFO - Setting next_dagrun for dog_api_pipeline to None, run_after=None
[2024-01-20T06:31:03.920+0000] {processor.py:183} INFO - Processing /opt/airflow/dags/dog_api_pipeline.py took 0.337 seconds
[2024-01-20T06:31:34.155+0000] {processor.py:161} INFO - Started process (PID=1689) to work on /opt/airflow/dags/dog_api_pipeline.py
[2024-01-20T06:31:34.160+0000] {processor.py:830} INFO - Processing file /opt/airflow/dags/dog_api_pipeline.py for tasks to queue
[2024-01-20T06:31:34.166+0000] {logging_mixin.py:188} INFO - [2024-01-20T06:31:34.164+0000] {dagbag.py:538} INFO - Filling up the DagBag from /opt/airflow/dags/dog_api_pipeline.py
[2024-01-20T06:31:34.220+0000] {processor.py:840} INFO - DAG(s) 'dog_api_pipeline' retrieved from /opt/airflow/dags/dog_api_pipeline.py
[2024-01-20T06:31:34.365+0000] {logging_mixin.py:188} INFO - [2024-01-20T06:31:34.364+0000] {dag.py:3033} INFO - Sync 1 DAGs
[2024-01-20T06:31:34.425+0000] {logging_mixin.py:188} INFO - [2024-01-20T06:31:34.424+0000] {dag.py:3820} INFO - Setting next_dagrun for dog_api_pipeline to None, run_after=None
[2024-01-20T06:31:34.498+0000] {processor.py:183} INFO - Processing /opt/airflow/dags/dog_api_pipeline.py took 0.359 seconds
[2024-01-20T06:32:04.895+0000] {processor.py:161} INFO - Started process (PID=1718) to work on /opt/airflow/dags/dog_api_pipeline.py
[2024-01-20T06:32:04.898+0000] {processor.py:830} INFO - Processing file /opt/airflow/dags/dog_api_pipeline.py for tasks to queue
[2024-01-20T06:32:04.901+0000] {logging_mixin.py:188} INFO - [2024-01-20T06:32:04.900+0000] {dagbag.py:538} INFO - Filling up the DagBag from /opt/airflow/dags/dog_api_pipeline.py
[2024-01-20T06:32:04.938+0000] {processor.py:840} INFO - DAG(s) 'dog_api_pipeline' retrieved from /opt/airflow/dags/dog_api_pipeline.py
[2024-01-20T06:32:05.025+0000] {logging_mixin.py:188} INFO - [2024-01-20T06:32:05.024+0000] {dag.py:3033} INFO - Sync 1 DAGs
[2024-01-20T06:32:05.076+0000] {logging_mixin.py:188} INFO - [2024-01-20T06:32:05.075+0000] {dag.py:3820} INFO - Setting next_dagrun for dog_api_pipeline to None, run_after=None
[2024-01-20T06:32:05.135+0000] {processor.py:183} INFO - Processing /opt/airflow/dags/dog_api_pipeline.py took 0.249 seconds
[2024-01-20T06:32:35.495+0000] {processor.py:161} INFO - Started process (PID=1740) to work on /opt/airflow/dags/dog_api_pipeline.py
[2024-01-20T06:32:35.498+0000] {processor.py:830} INFO - Processing file /opt/airflow/dags/dog_api_pipeline.py for tasks to queue
[2024-01-20T06:32:35.502+0000] {logging_mixin.py:188} INFO - [2024-01-20T06:32:35.500+0000] {dagbag.py:538} INFO - Filling up the DagBag from /opt/airflow/dags/dog_api_pipeline.py
[2024-01-20T06:32:35.546+0000] {processor.py:840} INFO - DAG(s) 'dog_api_pipeline' retrieved from /opt/airflow/dags/dog_api_pipeline.py
[2024-01-20T06:32:35.659+0000] {logging_mixin.py:188} INFO - [2024-01-20T06:32:35.658+0000] {dag.py:3033} INFO - Sync 1 DAGs
[2024-01-20T06:32:35.721+0000] {logging_mixin.py:188} INFO - [2024-01-20T06:32:35.720+0000] {dag.py:3820} INFO - Setting next_dagrun for dog_api_pipeline to None, run_after=None
[2024-01-20T06:32:35.791+0000] {processor.py:183} INFO - Processing /opt/airflow/dags/dog_api_pipeline.py took 0.306 seconds
[2024-01-20T06:33:06.074+0000] {processor.py:161} INFO - Started process (PID=1772) to work on /opt/airflow/dags/dog_api_pipeline.py
[2024-01-20T06:33:06.077+0000] {processor.py:830} INFO - Processing file /opt/airflow/dags/dog_api_pipeline.py for tasks to queue
[2024-01-20T06:33:06.080+0000] {logging_mixin.py:188} INFO - [2024-01-20T06:33:06.079+0000] {dagbag.py:538} INFO - Filling up the DagBag from /opt/airflow/dags/dog_api_pipeline.py
[2024-01-20T06:33:06.113+0000] {processor.py:840} INFO - DAG(s) 'dog_api_pipeline' retrieved from /opt/airflow/dags/dog_api_pipeline.py
[2024-01-20T06:33:06.189+0000] {logging_mixin.py:188} INFO - [2024-01-20T06:33:06.188+0000] {dag.py:3033} INFO - Sync 1 DAGs
[2024-01-20T06:33:06.236+0000] {logging_mixin.py:188} INFO - [2024-01-20T06:33:06.235+0000] {dag.py:3820} INFO - Setting next_dagrun for dog_api_pipeline to None, run_after=None
[2024-01-20T06:33:06.288+0000] {processor.py:183} INFO - Processing /opt/airflow/dags/dog_api_pipeline.py took 0.221 seconds
[2024-01-20T06:33:36.747+0000] {processor.py:161} INFO - Started process (PID=1791) to work on /opt/airflow/dags/dog_api_pipeline.py
[2024-01-20T06:33:36.749+0000] {processor.py:830} INFO - Processing file /opt/airflow/dags/dog_api_pipeline.py for tasks to queue
[2024-01-20T06:33:36.753+0000] {logging_mixin.py:188} INFO - [2024-01-20T06:33:36.752+0000] {dagbag.py:538} INFO - Filling up the DagBag from /opt/airflow/dags/dog_api_pipeline.py
[2024-01-20T06:33:36.786+0000] {processor.py:840} INFO - DAG(s) 'dog_api_pipeline' retrieved from /opt/airflow/dags/dog_api_pipeline.py
[2024-01-20T06:33:36.871+0000] {logging_mixin.py:188} INFO - [2024-01-20T06:33:36.870+0000] {dag.py:3033} INFO - Sync 1 DAGs
[2024-01-20T06:33:36.920+0000] {logging_mixin.py:188} INFO - [2024-01-20T06:33:36.919+0000] {dag.py:3820} INFO - Setting next_dagrun for dog_api_pipeline to None, run_after=None
[2024-01-20T06:33:36.979+0000] {processor.py:183} INFO - Processing /opt/airflow/dags/dog_api_pipeline.py took 0.239 seconds
[2024-01-20T06:34:07.274+0000] {processor.py:161} INFO - Started process (PID=1823) to work on /opt/airflow/dags/dog_api_pipeline.py
[2024-01-20T06:34:07.276+0000] {processor.py:830} INFO - Processing file /opt/airflow/dags/dog_api_pipeline.py for tasks to queue
[2024-01-20T06:34:07.280+0000] {logging_mixin.py:188} INFO - [2024-01-20T06:34:07.278+0000] {dagbag.py:538} INFO - Filling up the DagBag from /opt/airflow/dags/dog_api_pipeline.py
[2024-01-20T06:34:07.315+0000] {processor.py:840} INFO - DAG(s) 'dog_api_pipeline' retrieved from /opt/airflow/dags/dog_api_pipeline.py
[2024-01-20T06:34:07.391+0000] {logging_mixin.py:188} INFO - [2024-01-20T06:34:07.390+0000] {dag.py:3033} INFO - Sync 1 DAGs
[2024-01-20T06:34:07.443+0000] {logging_mixin.py:188} INFO - [2024-01-20T06:34:07.442+0000] {dag.py:3820} INFO - Setting next_dagrun for dog_api_pipeline to None, run_after=None
[2024-01-20T06:34:07.501+0000] {processor.py:183} INFO - Processing /opt/airflow/dags/dog_api_pipeline.py took 0.235 seconds
[2024-01-20T06:34:38.047+0000] {processor.py:161} INFO - Started process (PID=1842) to work on /opt/airflow/dags/dog_api_pipeline.py
[2024-01-20T06:34:38.049+0000] {processor.py:830} INFO - Processing file /opt/airflow/dags/dog_api_pipeline.py for tasks to queue
[2024-01-20T06:34:38.052+0000] {logging_mixin.py:188} INFO - [2024-01-20T06:34:38.051+0000] {dagbag.py:538} INFO - Filling up the DagBag from /opt/airflow/dags/dog_api_pipeline.py
[2024-01-20T06:34:38.083+0000] {processor.py:840} INFO - DAG(s) 'dog_api_pipeline' retrieved from /opt/airflow/dags/dog_api_pipeline.py
[2024-01-20T06:34:38.163+0000] {logging_mixin.py:188} INFO - [2024-01-20T06:34:38.162+0000] {dag.py:3033} INFO - Sync 1 DAGs
[2024-01-20T06:34:38.209+0000] {logging_mixin.py:188} INFO - [2024-01-20T06:34:38.208+0000] {dag.py:3820} INFO - Setting next_dagrun for dog_api_pipeline to None, run_after=None
[2024-01-20T06:34:38.263+0000] {processor.py:183} INFO - Processing /opt/airflow/dags/dog_api_pipeline.py took 0.223 seconds
